LR schedule: [12, 18, 22]
Number of pool layers = 3
CNF coder: 512
CNF coder: 1024
CNF coder: 2048
train/test loader length 280 117
train/test loader batches 8 4
Train meta epoch: 0
Epoch: 0.0 	 train loss: 0.3913, lr=0.000030
Epoch: 0.1 	 train loss: 0.2494, lr=0.000041
Epoch: 0.2 	 train loss: 0.2310, lr=0.000052
Epoch: 0.3 	 train loss: 0.2404, lr=0.000063
Epoch: 0.4 	 train loss: 0.2046, lr=0.000074
Epoch: 0.5 	 train loss: 0.2037, lr=0.000085
Epoch: 0.6 	 train loss: 0.1908, lr=0.000096
Epoch: 0.7 	 train loss: 0.1857, lr=0.000107

Compute loss and scores on test set:
Epoch: 0 	 test_loss: 1029.9906 and 6.75 fps
Heights/Widths [64, 32, 16] [64, 32, 16]
DET_AUROC: 	 last: 98.03 	 max: 98.03 	 epoch_max: 0
SEG_AUROC: 	 last: 98.97 	 max: 98.97 	 epoch_max: 0
Saving weights to mvtec_wide_resnet50_2_freia-cflow_pl3_cb8_inp512_run0_carpet_2022-08-04-09:38:34.pt
Train meta epoch: 1
Epoch: 1.0 	 train loss: 0.1870, lr=0.000118
Epoch: 1.1 	 train loss: 0.1759, lr=0.000129
Epoch: 1.2 	 train loss: 0.1708, lr=0.000140
Epoch: 1.3 	 train loss: 0.1682, lr=0.000151
Epoch: 1.4 	 train loss: 0.1721, lr=0.000162
Epoch: 1.5 	 train loss: 0.1601, lr=0.000173
Epoch: 1.6 	 train loss: 0.1544, lr=0.000184
Epoch: 1.7 	 train loss: 0.1546, lr=0.000195

Compute loss and scores on test set:
Epoch: 1 	 test_loss: 39.2722 and 6.79 fps
Heights/Widths [64, 32, 16] [64, 32, 16]
DET_AUROC: 	 last: 97.59 	 max: 98.03 	 epoch_max: 0
SEG_AUROC: 	 last: 97.79 	 max: 98.97 	 epoch_max: 0
Train meta epoch: 2
Epoch: 2.0 	 train loss: 0.1530, lr=0.000197
Epoch: 2.1 	 train loss: 0.1442, lr=0.000197
Epoch: 2.2 	 train loss: 0.1944, lr=0.000197
Epoch: 2.3 	 train loss: 0.1364, lr=0.000197
Epoch: 2.4 	 train loss: 0.1319, lr=0.000197
Epoch: 2.5 	 train loss: 0.1302, lr=0.000197
Epoch: 2.6 	 train loss: 0.1264, lr=0.000197
Epoch: 2.7 	 train loss: 0.1202, lr=0.000197

Compute loss and scores on test set:
Epoch: 2 	 test_loss: 334.5776 and 6.77 fps
Heights/Widths [64, 32, 16] [64, 32, 16]
DET_AUROC: 	 last: 97.99 	 max: 98.03 	 epoch_max: 0
SEG_AUROC: 	 last: 98.78 	 max: 98.97 	 epoch_max: 0
Train meta epoch: 3
Epoch: 3.0 	 train loss: 0.1184, lr=0.000193
Epoch: 3.1 	 train loss: 0.1161, lr=0.000193
Epoch: 3.2 	 train loss: 0.1119, lr=0.000193
Epoch: 3.3 	 train loss: 0.1104, lr=0.000193
Epoch: 3.4 	 train loss: 0.1102, lr=0.000193
Epoch: 3.5 	 train loss: 0.1075, lr=0.000193
Epoch: 3.6 	 train loss: 0.1056, lr=0.000193
Epoch: 3.7 	 train loss: 0.1042, lr=0.000193

Compute loss and scores on test set:
Epoch: 3 	 test_loss: 985.4550 and 6.66 fps
Heights/Widths [64, 32, 16] [64, 32, 16]
DET_AUROC: 	 last: 98.39 	 max: 98.39 	 epoch_max: 3
SEG_AUROC: 	 last: 98.43 	 max: 98.97 	 epoch_max: 0
Train meta epoch: 4
Epoch: 4.0 	 train loss: 0.1023, lr=0.000188
Epoch: 4.1 	 train loss: 0.0989, lr=0.000188
Epoch: 4.2 	 train loss: 0.0985, lr=0.000188
Epoch: 4.3 	 train loss: 0.0963, lr=0.000188
Epoch: 4.4 	 train loss: 0.0961, lr=0.000188
Epoch: 4.5 	 train loss: 0.0950, lr=0.000188
Epoch: 4.6 	 train loss: 0.0944, lr=0.000188
Epoch: 4.7 	 train loss: 0.0923, lr=0.000188

Compute loss and scores on test set:
Epoch: 4 	 test_loss: 1745.4461 and 6.62 fps
Heights/Widths [64, 32, 16] [64, 32, 16]
DET_AUROC: 	 last: 97.67 	 max: 98.39 	 epoch_max: 3
SEG_AUROC: 	 last: 98.97 	 max: 98.97 	 epoch_max: 0
Train meta epoch: 5
Epoch: 5.0 	 train loss: 0.0916, lr=0.000181
Epoch: 5.1 	 train loss: 0.0895, lr=0.000181
Epoch: 5.2 	 train loss: 0.0899, lr=0.000181
Epoch: 5.3 	 train loss: 0.0886, lr=0.000181
Epoch: 5.4 	 train loss: 0.0875, lr=0.000181
Epoch: 5.5 	 train loss: 0.0865, lr=0.000181
Epoch: 5.6 	 train loss: 0.0865, lr=0.000181
Epoch: 5.7 	 train loss: 0.0857, lr=0.000181

Compute loss and scores on test set:
Epoch: 5 	 test_loss: 1462.9696 and 6.60 fps
Heights/Widths [64, 32, 16] [64, 32, 16]
DET_AUROC: 	 last: 97.27 	 max: 98.39 	 epoch_max: 3
SEG_AUROC: 	 last: 98.78 	 max: 98.97 	 epoch_max: 0
Train meta epoch: 6
Epoch: 6.0 	 train loss: 0.0850, lr=0.000173
Epoch: 6.1 	 train loss: 0.0825, lr=0.000173
Epoch: 6.2 	 train loss: 0.0824, lr=0.000173
Epoch: 6.3 	 train loss: 0.0809, lr=0.000173
Epoch: 6.4 	 train loss: 0.0814, lr=0.000173
Epoch: 6.5 	 train loss: 0.0812, lr=0.000173
Epoch: 6.6 	 train loss: 0.0808, lr=0.000173
Epoch: 6.7 	 train loss: 0.0808, lr=0.000173

Compute loss and scores on test set:
Epoch: 6 	 test_loss: 1608.2793 and 6.54 fps
Heights/Widths [64, 32, 16] [64, 32, 16]
DET_AUROC: 	 last: 97.67 	 max: 98.39 	 epoch_max: 3
SEG_AUROC: 	 last: 98.85 	 max: 98.97 	 epoch_max: 0
Train meta epoch: 7
Epoch: 7.0 	 train loss: 0.0781, lr=0.000164
Epoch: 7.1 	 train loss: 0.0790, lr=0.000164
Epoch: 7.2 	 train loss: 0.0786, lr=0.000164
Epoch: 7.3 	 train loss: 0.0764, lr=0.000164
Epoch: 7.4 	 train loss: 0.0774, lr=0.000164
Epoch: 7.5 	 train loss: 0.0776, lr=0.000164
Epoch: 7.6 	 train loss: 0.0758, lr=0.000164
Epoch: 7.7 	 train loss: 0.0756, lr=0.000164

Compute loss and scores on test set:
Epoch: 7 	 test_loss: 3006.0413 and 6.73 fps
Heights/Widths [64, 32, 16] [64, 32, 16]
DET_AUROC: 	 last: 97.59 	 max: 98.39 	 epoch_max: 3
SEG_AUROC: 	 last: 99.08 	 max: 99.08 	 epoch_max: 7
Saving weights to mvtec_wide_resnet50_2_freia-cflow_pl3_cb8_inp512_run0_carpet_2022-08-04-09:38:34.pt
Train meta epoch: 8
Epoch: 8.0 	 train loss: 0.0751, lr=0.000154
Epoch: 8.1 	 train loss: 0.0735, lr=0.000154
Epoch: 8.2 	 train loss: 0.0729, lr=0.000154
Epoch: 8.3 	 train loss: 0.0736, lr=0.000154
Epoch: 8.4 	 train loss: 0.0737, lr=0.000154
Epoch: 8.5 	 train loss: 0.0730, lr=0.000154
Epoch: 8.6 	 train loss: 0.0723, lr=0.000154
Epoch: 8.7 	 train loss: 0.0728, lr=0.000154

Compute loss and scores on test set:
Epoch: 8 	 test_loss: 4615.0193 and 6.46 fps
Heights/Widths [64, 32, 16] [64, 32, 16]
DET_AUROC: 	 last: 97.99 	 max: 98.39 	 epoch_max: 3
SEG_AUROC: 	 last: 99.13 	 max: 99.13 	 epoch_max: 8
Saving weights to mvtec_wide_resnet50_2_freia-cflow_pl3_cb8_inp512_run0_carpet_2022-08-04-09:38:34.pt
Train meta epoch: 9
Epoch: 9.0 	 train loss: 0.0709, lr=0.000143
Epoch: 9.1 	 train loss: 0.0708, lr=0.000143
Epoch: 9.2 	 train loss: 0.0708, lr=0.000143
Epoch: 9.3 	 train loss: 0.0706, lr=0.000143
Epoch: 9.4 	 train loss: 0.0697, lr=0.000143
Epoch: 9.5 	 train loss: 0.0700, lr=0.000143
Epoch: 9.6 	 train loss: 0.0698, lr=0.000143
Epoch: 9.7 	 train loss: 0.0685, lr=0.000143

Compute loss and scores on test set:
Epoch: 9 	 test_loss: 7293.2783 and 6.63 fps
Heights/Widths [64, 32, 16] [64, 32, 16]
DET_AUROC: 	 last: 97.35 	 max: 98.39 	 epoch_max: 3
SEG_AUROC: 	 last: 99.03 	 max: 99.13 	 epoch_max: 8
Train meta epoch: 10
Epoch: 10.0 	 train loss: 0.0679, lr=0.000131
Epoch: 10.1 	 train loss: 0.0675, lr=0.000131
Epoch: 10.2 	 train loss: 0.0680, lr=0.000131
Epoch: 10.3 	 train loss: 0.0677, lr=0.000131
Epoch: 10.4 	 train loss: 0.0672, lr=0.000131
Epoch: 10.5 	 train loss: 0.0667, lr=0.000131
Epoch: 10.6 	 train loss: 0.0683, lr=0.000131
Epoch: 10.7 	 train loss: 0.0687, lr=0.000131

Compute loss and scores on test set:
Epoch: 10 	 test_loss: 35613.5674 and 6.61 fps
Heights/Widths [64, 32, 16] [64, 32, 16]
DET_AUROC: 	 last: 97.63 	 max: 98.39 	 epoch_max: 3
SEG_AUROC: 	 last: 99.07 	 max: 99.13 	 epoch_max: 8
Train meta epoch: 11
Epoch: 11.0 	 train loss: 0.0661, lr=0.000119
Epoch: 11.1 	 train loss: 0.0640, lr=0.000119
Epoch: 11.2 	 train loss: 0.0653, lr=0.000119
Epoch: 11.3 	 train loss: 0.0655, lr=0.000119
Epoch: 11.4 	 train loss: 0.0650, lr=0.000119
Epoch: 11.5 	 train loss: 0.0652, lr=0.000119
Epoch: 11.6 	 train loss: 0.0638, lr=0.000119
Epoch: 11.7 	 train loss: 0.0652, lr=0.000119

Compute loss and scores on test set:
Epoch: 11 	 test_loss: 110691.2937 and 6.55 fps
Heights/Widths [64, 32, 16] [64, 32, 16]
DET_AUROC: 	 last: 97.71 	 max: 98.39 	 epoch_max: 3
SEG_AUROC: 	 last: 99.15 	 max: 99.15 	 epoch_max: 11
Saving weights to mvtec_wide_resnet50_2_freia-cflow_pl3_cb8_inp512_run0_carpet_2022-08-04-09:38:34.pt
Train meta epoch: 12
Epoch: 12.0 	 train loss: 0.0630, lr=0.000106
Epoch: 12.1 	 train loss: 0.0625, lr=0.000106
Epoch: 12.2 	 train loss: 0.0635, lr=0.000106
Epoch: 12.3 	 train loss: 0.0621, lr=0.000106
Epoch: 12.4 	 train loss: 0.0622, lr=0.000106
Epoch: 12.5 	 train loss: 0.0624, lr=0.000106
Epoch: 12.6 	 train loss: 0.0623, lr=0.000106
Epoch: 12.7 	 train loss: 0.0620, lr=0.000106

Compute loss and scores on test set:
Epoch: 12 	 test_loss: 242310.0306 and 6.62 fps
Heights/Widths [64, 32, 16] [64, 32, 16]
DET_AUROC: 	 last: 98.03 	 max: 98.39 	 epoch_max: 3
SEG_AUROC: 	 last: 99.09 	 max: 99.15 	 epoch_max: 11
Train meta epoch: 13
Epoch: 13.0 	 train loss: 0.0607, lr=0.000094
Epoch: 13.1 	 train loss: 0.0605, lr=0.000094
Epoch: 13.2 	 train loss: 0.0614, lr=0.000094
Epoch: 13.3 	 train loss: 0.0605, lr=0.000094
Epoch: 13.4 	 train loss: 0.0608, lr=0.000094
Epoch: 13.5 	 train loss: 0.0609, lr=0.000094
Epoch: 13.6 	 train loss: 0.0604, lr=0.000094
Epoch: 13.7 	 train loss: 0.0601, lr=0.000094

Compute loss and scores on test set:
Epoch: 13 	 test_loss: 424596.5094 and 6.73 fps
Heights/Widths [64, 32, 16] [64, 32, 16]
DET_AUROC: 	 last: 97.99 	 max: 98.39 	 epoch_max: 3
SEG_AUROC: 	 last: 99.13 	 max: 99.15 	 epoch_max: 11
Train meta epoch: 14
Epoch: 14.0 	 train loss: 0.0586, lr=0.000081
Epoch: 14.1 	 train loss: 0.0590, lr=0.000081
Epoch: 14.2 	 train loss: 0.0588, lr=0.000081
Epoch: 14.3 	 train loss: 0.0589, lr=0.000081
Epoch: 14.4 	 train loss: 0.0587, lr=0.000081
Epoch: 14.5 	 train loss: 0.0583, lr=0.000081
Epoch: 14.6 	 train loss: 0.0586, lr=0.000081
Epoch: 14.7 	 train loss: 0.0584, lr=0.000081

Compute loss and scores on test set:
Epoch: 14 	 test_loss: 446665.2769 and 6.58 fps
Heights/Widths [64, 32, 16] [64, 32, 16]
DET_AUROC: 	 last: 97.83 	 max: 98.39 	 epoch_max: 3
SEG_AUROC: 	 last: 99.01 	 max: 99.15 	 epoch_max: 11
Train meta epoch: 15
Epoch: 15.0 	 train loss: 0.0566, lr=0.000069
Epoch: 15.1 	 train loss: 0.0568, lr=0.000069
Epoch: 15.2 	 train loss: 0.0568, lr=0.000069
Epoch: 15.3 	 train loss: 0.0561, lr=0.000069
Epoch: 15.4 	 train loss: 0.0567, lr=0.000069
Epoch: 15.5 	 train loss: 0.0565, lr=0.000069
Epoch: 15.6 	 train loss: 0.0564, lr=0.000069
Epoch: 15.7 	 train loss: 0.0568, lr=0.000069

Compute loss and scores on test set:
Epoch: 15 	 test_loss: 1106846.3218 and 6.60 fps
Heights/Widths [64, 32, 16] [64, 32, 16]
DET_AUROC: 	 last: 97.91 	 max: 98.39 	 epoch_max: 3
SEG_AUROC: 	 last: 99.17 	 max: 99.17 	 epoch_max: 15
Saving weights to mvtec_wide_resnet50_2_freia-cflow_pl3_cb8_inp512_run0_carpet_2022-08-04-09:38:34.pt
Train meta epoch: 16
Epoch: 16.0 	 train loss: 0.0545, lr=0.000058
Epoch: 16.1 	 train loss: 0.0547, lr=0.000058
Epoch: 16.2 	 train loss: 0.0548, lr=0.000058
Epoch: 16.3 	 train loss: 0.0548, lr=0.000058
Epoch: 16.4 	 train loss: 0.0547, lr=0.000058
Epoch: 16.5 	 train loss: 0.0550, lr=0.000058
Epoch: 16.6 	 train loss: 0.0542, lr=0.000058
Epoch: 16.7 	 train loss: 0.0544, lr=0.000058

Compute loss and scores on test set:
Epoch: 16 	 test_loss: 1635500.0883 and 6.55 fps
Heights/Widths [64, 32, 16] [64, 32, 16]
DET_AUROC: 	 last: 97.83 	 max: 98.39 	 epoch_max: 3
SEG_AUROC: 	 last: 99.22 	 max: 99.22 	 epoch_max: 16
Saving weights to mvtec_wide_resnet50_2_freia-cflow_pl3_cb8_inp512_run0_carpet_2022-08-04-09:38:34.pt
Train meta epoch: 17
Epoch: 17.0 	 train loss: 0.0525, lr=0.000047
Epoch: 17.1 	 train loss: 0.0530, lr=0.000047
Epoch: 17.2 	 train loss: 0.0528, lr=0.000047
Epoch: 17.3 	 train loss: 0.0534, lr=0.000047
Epoch: 17.4 	 train loss: 0.0526, lr=0.000047
Epoch: 17.5 	 train loss: 0.0528, lr=0.000047
Epoch: 17.6 	 train loss: 0.0528, lr=0.000047
Epoch: 17.7 	 train loss: 0.0529, lr=0.000047

Compute loss and scores on test set:
Epoch: 17 	 test_loss: 2113692.6187 and 6.59 fps
Heights/Widths [64, 32, 16] [64, 32, 16]
DET_AUROC: 	 last: 97.91 	 max: 98.39 	 epoch_max: 3
SEG_AUROC: 	 last: 99.21 	 max: 99.22 	 epoch_max: 16
Train meta epoch: 18
Epoch: 18.0 	 train loss: 0.0509, lr=0.000036
Epoch: 18.1 	 train loss: 0.0509, lr=0.000036
Epoch: 18.2 	 train loss: 0.0511, lr=0.000036
Epoch: 18.3 	 train loss: 0.0510, lr=0.000036
Epoch: 18.4 	 train loss: 0.0511, lr=0.000036
Epoch: 18.5 	 train loss: 0.0510, lr=0.000036
Epoch: 18.6 	 train loss: 0.0513, lr=0.000036
Epoch: 18.7 	 train loss: 0.0507, lr=0.000036

Compute loss and scores on test set:
Epoch: 18 	 test_loss: 2946458.1795 and 6.59 fps
Heights/Widths [64, 32, 16] [64, 32, 16]
DET_AUROC: 	 last: 97.67 	 max: 98.39 	 epoch_max: 3
SEG_AUROC: 	 last: 99.23 	 max: 99.23 	 epoch_max: 18
Saving weights to mvtec_wide_resnet50_2_freia-cflow_pl3_cb8_inp512_run0_carpet_2022-08-04-09:38:34.pt
Train meta epoch: 19
Epoch: 19.0 	 train loss: 0.0494, lr=0.000027
Epoch: 19.1 	 train loss: 0.0497, lr=0.000027
Epoch: 19.2 	 train loss: 0.0498, lr=0.000027
Epoch: 19.3 	 train loss: 0.0497, lr=0.000027
Epoch: 19.4 	 train loss: 0.0493, lr=0.000027
Epoch: 19.5 	 train loss: 0.0493, lr=0.000027
Epoch: 19.6 	 train loss: 0.0495, lr=0.000027
Epoch: 19.7 	 train loss: 0.0492, lr=0.000027

Compute loss and scores on test set:
Epoch: 19 	 test_loss: 4610443.6707 and 6.63 fps
Heights/Widths [64, 32, 16] [64, 32, 16]
DET_AUROC: 	 last: 97.43 	 max: 98.39 	 epoch_max: 3
SEG_AUROC: 	 last: 99.23 	 max: 99.23 	 epoch_max: 19
Saving weights to mvtec_wide_resnet50_2_freia-cflow_pl3_cb8_inp512_run0_carpet_2022-08-04-09:38:34.pt
Train meta epoch: 20
Epoch: 20.0 	 train loss: 0.0485, lr=0.000019
Epoch: 20.1 	 train loss: 0.0483, lr=0.000019
Epoch: 20.2 	 train loss: 0.0485, lr=0.000019
Epoch: 20.3 	 train loss: 0.0485, lr=0.000019
Epoch: 20.4 	 train loss: 0.0484, lr=0.000019
Epoch: 20.5 	 train loss: 0.0482, lr=0.000019
Epoch: 20.6 	 train loss: 0.0484, lr=0.000019
Epoch: 20.7 	 train loss: 0.0485, lr=0.000019

Compute loss and scores on test set:
Epoch: 20 	 test_loss: 5151198.9775 and 6.60 fps
Heights/Widths [64, 32, 16] [64, 32, 16]
DET_AUROC: 	 last: 97.91 	 max: 98.39 	 epoch_max: 3
SEG_AUROC: 	 last: 99.25 	 max: 99.25 	 epoch_max: 20
Saving weights to mvtec_wide_resnet50_2_freia-cflow_pl3_cb8_inp512_run0_carpet_2022-08-04-09:38:34.pt
Train meta epoch: 21
Epoch: 21.0 	 train loss: 0.0478, lr=0.000013
Epoch: 21.1 	 train loss: 0.0480, lr=0.000013
Epoch: 21.2 	 train loss: 0.0479, lr=0.000013
Epoch: 21.3 	 train loss: 0.0478, lr=0.000013
Epoch: 21.4 	 train loss: 0.0478, lr=0.000013
Epoch: 21.5 	 train loss: 0.0478, lr=0.000013
Epoch: 21.6 	 train loss: 0.0478, lr=0.000013
Epoch: 21.7 	 train loss: 0.0476, lr=0.000013

Compute loss and scores on test set:
Epoch: 21 	 test_loss: 5991595.8219 and 6.49 fps
Heights/Widths [64, 32, 16] [64, 32, 16]
DET_AUROC: 	 last: 97.75 	 max: 98.39 	 epoch_max: 3
SEG_AUROC: 	 last: 99.25 	 max: 99.25 	 epoch_max: 21
Saving weights to mvtec_wide_resnet50_2_freia-cflow_pl3_cb8_inp512_run0_carpet_2022-08-04-09:38:34.pt
Train meta epoch: 22
Epoch: 22.0 	 train loss: 0.0472, lr=0.000007
Epoch: 22.1 	 train loss: 0.0472, lr=0.000007
Epoch: 22.2 	 train loss: 0.0470, lr=0.000007
Epoch: 22.3 	 train loss: 0.0473, lr=0.000007
Epoch: 22.4 	 train loss: 0.0471, lr=0.000007
Epoch: 22.5 	 train loss: 0.0470, lr=0.000007
Epoch: 22.6 	 train loss: 0.0472, lr=0.000007
Epoch: 22.7 	 train loss: 0.0511, lr=0.000007

Compute loss and scores on test set:
Epoch: 22 	 test_loss: 6251263.1783 and 6.70 fps
Heights/Widths [64, 32, 16] [64, 32, 16]
DET_AUROC: 	 last: 97.83 	 max: 98.39 	 epoch_max: 3
SEG_AUROC: 	 last: 99.25 	 max: 99.25 	 epoch_max: 21
Train meta epoch: 23
Epoch: 23.0 	 train loss: 0.0472, lr=0.000003
Epoch: 23.1 	 train loss: 0.0470, lr=0.000003
Epoch: 23.2 	 train loss: 0.0471, lr=0.000003
Epoch: 23.3 	 train loss: 0.0470, lr=0.000003
Epoch: 23.4 	 train loss: 0.0467, lr=0.000003
Epoch: 23.5 	 train loss: 0.0470, lr=0.000003
Epoch: 23.6 	 train loss: 0.0469, lr=0.000003
Epoch: 23.7 	 train loss: 0.0470, lr=0.000003

Compute loss and scores on test set:
Epoch: 23 	 test_loss: 6962311.4574 and 6.55 fps
Heights/Widths [64, 32, 16] [64, 32, 16]
DET_AUROC: 	 last: 97.83 	 max: 98.39 	 epoch_max: 3
SEG_AUROC: 	 last: 99.26 	 max: 99.26 	 epoch_max: 23
Saving weights to mvtec_wide_resnet50_2_freia-cflow_pl3_cb8_inp512_run0_carpet_2022-08-04-09:38:34.pt
Train meta epoch: 24
Epoch: 24.0 	 train loss: 0.0469, lr=0.000001
Epoch: 24.1 	 train loss: 0.0465, lr=0.000001
Epoch: 24.2 	 train loss: 0.0468, lr=0.000001
Epoch: 24.3 	 train loss: 0.0464, lr=0.000001
Epoch: 24.4 	 train loss: 0.0468, lr=0.000001
Epoch: 24.5 	 train loss: 0.0466, lr=0.000001
Epoch: 24.6 	 train loss: 0.0465, lr=0.000001
Epoch: 24.7 	 train loss: 0.0468, lr=0.000001

Compute loss and scores on test set:
Epoch: 24 	 test_loss: 6992632.5130 and 6.60 fps
Heights/Widths [64, 32, 16] [64, 32, 16]
DET_AUROC: 	 last: 97.87 	 max: 98.39 	 epoch_max: 3
SEG_AUROC: 	 last: 99.26 	 max: 99.26 	 epoch_max: 24
Saving weights to mvtec_wide_resnet50_2_freia-cflow_pl3_cb8_inp512_run0_carpet_2022-08-04-09:38:34.pt
