LR schedule: [12, 18, 22]
Number of pool layers = 3
CNF coder: 512
CNF coder: 1024
CNF coder: 2048
train/test loader length 247 79
train/test loader batches 7 3
Train meta epoch: 0
Epoch: 0.0 	 train loss: 0.3932, lr=0.000029
Epoch: 0.1 	 train loss: 0.2448, lr=0.000041
Epoch: 0.2 	 train loss: 0.2195, lr=0.000052
Epoch: 0.3 	 train loss: 0.2125, lr=0.000063
Epoch: 0.4 	 train loss: 0.2009, lr=0.000074
Epoch: 0.5 	 train loss: 0.1895, lr=0.000085
Epoch: 0.6 	 train loss: 0.1920, lr=0.000096
Epoch: 0.7 	 train loss: 0.1753, lr=0.000107

Compute loss and scores on test set:
Epoch: 0 	 test_loss: 21.7583 and 6.84 fps
Heights/Widths [64, 32, 16] [64, 32, 16]
DET_AUROC: 	 last: 99.04 	 max: 99.04 	 epoch_max: 0
SEG_AUROC: 	 last: 96.08 	 max: 96.08 	 epoch_max: 0
Saving weights to mvtec_wide_resnet50_2_freia-cflow_pl3_cb8_inp512_run0_wood_2022-08-04-15:49:54.pt
Train meta epoch: 1
Epoch: 1.0 	 train loss: 0.1694, lr=0.000118
Epoch: 1.1 	 train loss: 0.1643, lr=0.000129
Epoch: 1.2 	 train loss: 0.1543, lr=0.000140
Epoch: 1.3 	 train loss: 0.1579, lr=0.000151
Epoch: 1.4 	 train loss: 0.1500, lr=0.000162
Epoch: 1.5 	 train loss: 0.1483, lr=0.000173
Epoch: 1.6 	 train loss: 0.1393, lr=0.000184
Epoch: 1.7 	 train loss: 0.1397, lr=0.000195

Compute loss and scores on test set:
Epoch: 1 	 test_loss: 791.4578 and 6.70 fps
Heights/Widths [64, 32, 16] [64, 32, 16]
DET_AUROC: 	 last: 98.68 	 max: 99.04 	 epoch_max: 0
SEG_AUROC: 	 last: 94.11 	 max: 96.08 	 epoch_max: 0
Train meta epoch: 2
Epoch: 2.0 	 train loss: 0.1377, lr=0.000197
Epoch: 2.1 	 train loss: 0.1297, lr=0.000197
Epoch: 2.2 	 train loss: 0.1289, lr=0.000197
Epoch: 2.3 	 train loss: 0.1265, lr=0.000197
Epoch: 2.4 	 train loss: 0.1201, lr=0.000197
Epoch: 2.5 	 train loss: 0.1190, lr=0.000197
Epoch: 2.6 	 train loss: 0.1133, lr=0.000197
Epoch: 2.7 	 train loss: 0.1140, lr=0.000197

Compute loss and scores on test set:
Epoch: 2 	 test_loss: 2439.8403 and 6.89 fps
Heights/Widths [64, 32, 16] [64, 32, 16]
DET_AUROC: 	 last: 98.68 	 max: 99.04 	 epoch_max: 0
SEG_AUROC: 	 last: 95.68 	 max: 96.08 	 epoch_max: 0
Train meta epoch: 3
Epoch: 3.0 	 train loss: 0.1130, lr=0.000193
Epoch: 3.1 	 train loss: 0.1087, lr=0.000193
Epoch: 3.2 	 train loss: 0.1057, lr=0.000193
Epoch: 3.3 	 train loss: 0.1048, lr=0.000193
Epoch: 3.4 	 train loss: 0.1064, lr=0.000193
Epoch: 3.5 	 train loss: 0.1001, lr=0.000193
Epoch: 3.6 	 train loss: 0.0998, lr=0.000193
Epoch: 3.7 	 train loss: 0.0969, lr=0.000193

Compute loss and scores on test set:
Epoch: 3 	 test_loss: 2896.2182 and 6.92 fps
Heights/Widths [64, 32, 16] [64, 32, 16]
DET_AUROC: 	 last: 98.86 	 max: 99.04 	 epoch_max: 0
SEG_AUROC: 	 last: 95.11 	 max: 96.08 	 epoch_max: 0
Train meta epoch: 4
Epoch: 4.0 	 train loss: 0.0959, lr=0.000188
Epoch: 4.1 	 train loss: 0.0960, lr=0.000188
Epoch: 4.2 	 train loss: 0.0929, lr=0.000188
Epoch: 4.3 	 train loss: 0.0920, lr=0.000188
Epoch: 4.4 	 train loss: 0.0910, lr=0.000188
Epoch: 4.5 	 train loss: 0.0892, lr=0.000188
Epoch: 4.6 	 train loss: 0.0902, lr=0.000188
Epoch: 4.7 	 train loss: 0.0874, lr=0.000188

Compute loss and scores on test set:
Epoch: 4 	 test_loss: 3945.8189 and 6.72 fps
Heights/Widths [64, 32, 16] [64, 32, 16]
DET_AUROC: 	 last: 98.77 	 max: 99.04 	 epoch_max: 0
SEG_AUROC: 	 last: 96.33 	 max: 96.33 	 epoch_max: 4
Saving weights to mvtec_wide_resnet50_2_freia-cflow_pl3_cb8_inp512_run0_wood_2022-08-04-15:49:54.pt
Train meta epoch: 5
Epoch: 5.0 	 train loss: 0.0859, lr=0.000181
Epoch: 5.1 	 train loss: 0.0862, lr=0.000181
Epoch: 5.2 	 train loss: 0.0852, lr=0.000181
Epoch: 5.3 	 train loss: 0.0851, lr=0.000181
Epoch: 5.4 	 train loss: 0.0830, lr=0.000181
Epoch: 5.5 	 train loss: 0.0823, lr=0.000181
Epoch: 5.6 	 train loss: 0.0815, lr=0.000181
Epoch: 5.7 	 train loss: 0.0805, lr=0.000181

Compute loss and scores on test set:
Epoch: 5 	 test_loss: 4920.8421 and 6.53 fps
Heights/Widths [64, 32, 16] [64, 32, 16]
DET_AUROC: 	 last: 98.51 	 max: 99.04 	 epoch_max: 0
SEG_AUROC: 	 last: 96.38 	 max: 96.38 	 epoch_max: 5
Saving weights to mvtec_wide_resnet50_2_freia-cflow_pl3_cb8_inp512_run0_wood_2022-08-04-15:49:54.pt
Train meta epoch: 6
Epoch: 6.0 	 train loss: 0.0796, lr=0.000173
Epoch: 6.1 	 train loss: 0.0788, lr=0.000173
Epoch: 6.2 	 train loss: 0.0788, lr=0.000173
Epoch: 6.3 	 train loss: 0.0776, lr=0.000173
Epoch: 6.4 	 train loss: 0.0777, lr=0.000173
Epoch: 6.5 	 train loss: 0.0769, lr=0.000173
Epoch: 6.6 	 train loss: 0.0761, lr=0.000173
Epoch: 6.7 	 train loss: 0.0762, lr=0.000173

Compute loss and scores on test set:
Epoch: 6 	 test_loss: 11929.9744 and 7.06 fps
Heights/Widths [64, 32, 16] [64, 32, 16]
DET_AUROC: 	 last: 98.51 	 max: 99.04 	 epoch_max: 0
SEG_AUROC: 	 last: 96.06 	 max: 96.38 	 epoch_max: 5
Train meta epoch: 7
Epoch: 7.0 	 train loss: 0.0743, lr=0.000164
Epoch: 7.1 	 train loss: 0.0741, lr=0.000164
Epoch: 7.2 	 train loss: 0.0746, lr=0.000164
Epoch: 7.3 	 train loss: 0.0723, lr=0.000164
Epoch: 7.4 	 train loss: 0.0735, lr=0.000164
Epoch: 7.5 	 train loss: 0.0729, lr=0.000164
Epoch: 7.6 	 train loss: 0.0722, lr=0.000164
Epoch: 7.7 	 train loss: 0.0718, lr=0.000164

Compute loss and scores on test set:
Epoch: 7 	 test_loss: 55225.8692 and 6.81 fps
Heights/Widths [64, 32, 16] [64, 32, 16]
DET_AUROC: 	 last: 98.42 	 max: 99.04 	 epoch_max: 0
SEG_AUROC: 	 last: 95.85 	 max: 96.38 	 epoch_max: 5
Train meta epoch: 8
Epoch: 8.0 	 train loss: 0.0706, lr=0.000154
Epoch: 8.1 	 train loss: 0.0701, lr=0.000154
Epoch: 8.2 	 train loss: 0.0699, lr=0.000154
Epoch: 8.3 	 train loss: 0.0699, lr=0.000154
Epoch: 8.4 	 train loss: 0.0696, lr=0.000154
Epoch: 8.5 	 train loss: 0.0687, lr=0.000154
Epoch: 8.6 	 train loss: 0.0685, lr=0.000154
Epoch: 8.7 	 train loss: 0.0681, lr=0.000154

Compute loss and scores on test set:
Epoch: 8 	 test_loss: 187585.8213 and 6.75 fps
Heights/Widths [64, 32, 16] [64, 32, 16]
DET_AUROC: 	 last: 98.77 	 max: 99.04 	 epoch_max: 0
SEG_AUROC: 	 last: 95.37 	 max: 96.38 	 epoch_max: 5
Train meta epoch: 9
Epoch: 9.0 	 train loss: 0.0673, lr=0.000143
Epoch: 9.1 	 train loss: 0.0675, lr=0.000143
Epoch: 9.2 	 train loss: 0.0669, lr=0.000143
Epoch: 9.3 	 train loss: 0.0662, lr=0.000143
Epoch: 9.4 	 train loss: 0.0665, lr=0.000143
Epoch: 9.5 	 train loss: 0.0658, lr=0.000143
Epoch: 9.6 	 train loss: 0.0656, lr=0.000143
Epoch: 9.7 	 train loss: 0.0652, lr=0.000143

Compute loss and scores on test set:
Epoch: 9 	 test_loss: 203846.2365 and 6.73 fps
Heights/Widths [64, 32, 16] [64, 32, 16]
DET_AUROC: 	 last: 98.42 	 max: 99.04 	 epoch_max: 0
SEG_AUROC: 	 last: 95.09 	 max: 96.38 	 epoch_max: 5
Train meta epoch: 10
Epoch: 10.0 	 train loss: 0.0648, lr=0.000131
Epoch: 10.1 	 train loss: 0.0653, lr=0.000131
Epoch: 10.2 	 train loss: 0.0636, lr=0.000131
Epoch: 10.3 	 train loss: 0.0641, lr=0.000131
Epoch: 10.4 	 train loss: 0.0683, lr=0.000131
Epoch: 10.5 	 train loss: 0.0634, lr=0.000131
Epoch: 10.6 	 train loss: 0.0669, lr=0.000131
Epoch: 10.7 	 train loss: 0.0629, lr=0.000131

Compute loss and scores on test set:
Epoch: 10 	 test_loss: 615165.0842 and 6.68 fps
Heights/Widths [64, 32, 16] [64, 32, 16]
DET_AUROC: 	 last: 98.33 	 max: 99.04 	 epoch_max: 0
SEG_AUROC: 	 last: 96.24 	 max: 96.38 	 epoch_max: 5
Train meta epoch: 11
Epoch: 11.0 	 train loss: 0.0617, lr=0.000119
Epoch: 11.1 	 train loss: 0.1700, lr=0.000119
Epoch: 11.2 	 train loss: 0.0626, lr=0.000119
Epoch: 11.3 	 train loss: 0.0614, lr=0.000119
Epoch: 11.4 	 train loss: 0.0615, lr=0.000119
Epoch: 11.5 	 train loss: 0.0612, lr=0.000119
Epoch: 11.6 	 train loss: 0.0611, lr=0.000119
Epoch: 11.7 	 train loss: 0.0613, lr=0.000119

Compute loss and scores on test set:
Epoch: 11 	 test_loss: 636512.9006 and 6.76 fps
Heights/Widths [64, 32, 16] [64, 32, 16]
DET_AUROC: 	 last: 98.33 	 max: 99.04 	 epoch_max: 0
SEG_AUROC: 	 last: 96.02 	 max: 96.38 	 epoch_max: 5
Train meta epoch: 12
Epoch: 12.0 	 train loss: 0.0593, lr=0.000106
Epoch: 12.1 	 train loss: 0.0591, lr=0.000106
Epoch: 12.2 	 train loss: 0.0604, lr=0.000106
Epoch: 12.3 	 train loss: 0.0597, lr=0.000106
Epoch: 12.4 	 train loss: 0.0596, lr=0.000106
Epoch: 12.5 	 train loss: 0.0594, lr=0.000106
Epoch: 12.6 	 train loss: 0.0596, lr=0.000106
Epoch: 12.7 	 train loss: 0.0597, lr=0.000106

Compute loss and scores on test set:
Epoch: 12 	 test_loss: 807971.2084 and 6.99 fps
Heights/Widths [64, 32, 16] [64, 32, 16]
DET_AUROC: 	 last: 98.51 	 max: 99.04 	 epoch_max: 0
SEG_AUROC: 	 last: 96.39 	 max: 96.39 	 epoch_max: 12
Saving weights to mvtec_wide_resnet50_2_freia-cflow_pl3_cb8_inp512_run0_wood_2022-08-04-15:49:54.pt
Train meta epoch: 13
Epoch: 13.0 	 train loss: 0.0578, lr=0.000094
Epoch: 13.1 	 train loss: 0.0576, lr=0.000094
Epoch: 13.2 	 train loss: 0.0573, lr=0.000094
Epoch: 13.3 	 train loss: 0.0578, lr=0.000094
Epoch: 13.4 	 train loss: 0.0573, lr=0.000094
Epoch: 13.5 	 train loss: 0.0577, lr=0.000094
Epoch: 13.6 	 train loss: 0.0571, lr=0.000094
Epoch: 13.7 	 train loss: 0.0572, lr=0.000094

Compute loss and scores on test set:
Epoch: 13 	 test_loss: 1253491.5918 and 6.68 fps
Heights/Widths [64, 32, 16] [64, 32, 16]
DET_AUROC: 	 last: 98.07 	 max: 99.04 	 epoch_max: 0
SEG_AUROC: 	 last: 95.46 	 max: 96.39 	 epoch_max: 12
Train meta epoch: 14
Epoch: 14.0 	 train loss: 0.0561, lr=0.000081
Epoch: 14.1 	 train loss: 0.0558, lr=0.000081
Epoch: 14.2 	 train loss: 0.0560, lr=0.000081
Epoch: 14.3 	 train loss: 0.0553, lr=0.000081
Epoch: 14.4 	 train loss: 0.0560, lr=0.000081
Epoch: 14.5 	 train loss: 0.0554, lr=0.000081
Epoch: 14.6 	 train loss: 0.0556, lr=0.000081
Epoch: 14.7 	 train loss: 0.0554, lr=0.000081

Compute loss and scores on test set:
Epoch: 14 	 test_loss: 1082792.9822 and 6.78 fps
Heights/Widths [64, 32, 16] [64, 32, 16]
DET_AUROC: 	 last: 98.16 	 max: 99.04 	 epoch_max: 0
SEG_AUROC: 	 last: 96.26 	 max: 96.39 	 epoch_max: 12
Train meta epoch: 15
Epoch: 15.0 	 train loss: 0.0541, lr=0.000069
Epoch: 15.1 	 train loss: 0.0539, lr=0.000069
Epoch: 15.2 	 train loss: 0.0541, lr=0.000069
Epoch: 15.3 	 train loss: 0.0544, lr=0.000069
Epoch: 15.4 	 train loss: 22.1290, lr=0.000069
Epoch: 15.5 	 train loss: 0.0538, lr=0.000069
Epoch: 15.6 	 train loss: 0.0537, lr=0.000069
Epoch: 15.7 	 train loss: 0.0534, lr=0.000069

Compute loss and scores on test set:
Epoch: 15 	 test_loss: 868046.5880 and 6.76 fps
Heights/Widths [64, 32, 16] [64, 32, 16]
DET_AUROC: 	 last: 98.33 	 max: 99.04 	 epoch_max: 0
SEG_AUROC: 	 last: 96.37 	 max: 96.39 	 epoch_max: 12
Train meta epoch: 16
Epoch: 16.0 	 train loss: 0.0518, lr=0.000058
Epoch: 16.1 	 train loss: 0.0525, lr=0.000058
Epoch: 16.2 	 train loss: 0.0523, lr=0.000058
Epoch: 16.3 	 train loss: 3.0504, lr=0.000058
Epoch: 16.4 	 train loss: 0.0524, lr=0.000058
Epoch: 16.5 	 train loss: 0.0519, lr=0.000058
Epoch: 16.6 	 train loss: 0.0522, lr=0.000058
Epoch: 16.7 	 train loss: 16.5636, lr=0.000058

Compute loss and scores on test set:
Epoch: 16 	 test_loss: 1198864.9095 and 6.75 fps
Heights/Widths [64, 32, 16] [64, 32, 16]
DET_AUROC: 	 last: 98.25 	 max: 99.04 	 epoch_max: 0
SEG_AUROC: 	 last: 96.14 	 max: 96.39 	 epoch_max: 12
Train meta epoch: 17
Epoch: 17.0 	 train loss: 0.0511, lr=0.000047
Epoch: 17.1 	 train loss: 19.8512, lr=0.000047
Epoch: 17.2 	 train loss: 0.0506, lr=0.000047
Epoch: 17.3 	 train loss: 35.6107, lr=0.000047
Epoch: 17.4 	 train loss: 0.0509, lr=0.000047
Epoch: 17.5 	 train loss: 0.0508, lr=0.000047
Epoch: 17.6 	 train loss: 0.0505, lr=0.000047
Epoch: 17.7 	 train loss: 0.0504, lr=0.000047

Compute loss and scores on test set:
Epoch: 17 	 test_loss: 1315891.1899 and 6.82 fps
Heights/Widths [64, 32, 16] [64, 32, 16]
DET_AUROC: 	 last: 98.16 	 max: 99.04 	 epoch_max: 0
SEG_AUROC: 	 last: 95.92 	 max: 96.39 	 epoch_max: 12
Train meta epoch: 18
Epoch: 18.0 	 train loss: 0.0498, lr=0.000036
Epoch: 18.1 	 train loss: 0.0495, lr=0.000036
Epoch: 18.2 	 train loss: 0.0496, lr=0.000036
Epoch: 18.3 	 train loss: 0.0500, lr=0.000036
Epoch: 18.4 	 train loss: 0.0495, lr=0.000036
Epoch: 18.5 	 train loss: 0.0494, lr=0.000036
Epoch: 18.6 	 train loss: 0.0492, lr=0.000036
Epoch: 18.7 	 train loss: 5.5036, lr=0.000036

Compute loss and scores on test set:
Epoch: 18 	 test_loss: 2325006.7108 and 6.91 fps
Heights/Widths [64, 32, 16] [64, 32, 16]
DET_AUROC: 	 last: 98.25 	 max: 99.04 	 epoch_max: 0
SEG_AUROC: 	 last: 96.43 	 max: 96.43 	 epoch_max: 18
Saving weights to mvtec_wide_resnet50_2_freia-cflow_pl3_cb8_inp512_run0_wood_2022-08-04-15:49:54.pt
Train meta epoch: 19
Epoch: 19.0 	 train loss: 0.0485, lr=0.000027
Epoch: 19.1 	 train loss: 0.0485, lr=0.000027
Epoch: 19.2 	 train loss: 0.0484, lr=0.000027
Epoch: 19.3 	 train loss: 0.1115, lr=0.000027
Epoch: 19.4 	 train loss: 0.0481, lr=0.000027
Epoch: 19.5 	 train loss: 0.0485, lr=0.000027
Epoch: 19.6 	 train loss: 0.0482, lr=0.000027
Epoch: 19.7 	 train loss: 0.0483, lr=0.000027

Compute loss and scores on test set:
Epoch: 19 	 test_loss: 2860561.6698 and 6.74 fps
Heights/Widths [64, 32, 16] [64, 32, 16]
DET_AUROC: 	 last: 97.98 	 max: 99.04 	 epoch_max: 0
SEG_AUROC: 	 last: 96.50 	 max: 96.50 	 epoch_max: 19
Saving weights to mvtec_wide_resnet50_2_freia-cflow_pl3_cb8_inp512_run0_wood_2022-08-04-15:49:54.pt
Train meta epoch: 20
Epoch: 20.0 	 train loss: 0.0478, lr=0.000019
Epoch: 20.1 	 train loss: 0.0480, lr=0.000019
Epoch: 20.2 	 train loss: 11.6654, lr=0.000019
Epoch: 20.3 	 train loss: 0.0475, lr=0.000019
Epoch: 20.4 	 train loss: 0.0473, lr=0.000019
Epoch: 20.5 	 train loss: 0.0474, lr=0.000019
Epoch: 20.6 	 train loss: 0.0474, lr=0.000019
Epoch: 20.7 	 train loss: 0.0473, lr=0.000019

Compute loss and scores on test set:
Epoch: 20 	 test_loss: 3106555.7982 and 6.89 fps
Heights/Widths [64, 32, 16] [64, 32, 16]
DET_AUROC: 	 last: 98.16 	 max: 99.04 	 epoch_max: 0
SEG_AUROC: 	 last: 96.55 	 max: 96.55 	 epoch_max: 20
Saving weights to mvtec_wide_resnet50_2_freia-cflow_pl3_cb8_inp512_run0_wood_2022-08-04-15:49:54.pt
Train meta epoch: 21
Epoch: 21.0 	 train loss: 0.0471, lr=0.000013
Epoch: 21.1 	 train loss: 0.0472, lr=0.000013
Epoch: 21.2 	 train loss: 0.0472, lr=0.000013
Epoch: 21.3 	 train loss: 0.0470, lr=0.000013
Epoch: 21.4 	 train loss: 0.0469, lr=0.000013
Epoch: 21.5 	 train loss: 0.0469, lr=0.000013
Epoch: 21.6 	 train loss: 0.0469, lr=0.000013
Epoch: 21.7 	 train loss: 0.0469, lr=0.000013

Compute loss and scores on test set:
Epoch: 21 	 test_loss: 3645894.5692 and 7.00 fps
Heights/Widths [64, 32, 16] [64, 32, 16]
DET_AUROC: 	 last: 98.07 	 max: 99.04 	 epoch_max: 0
SEG_AUROC: 	 last: 96.55 	 max: 96.55 	 epoch_max: 21
Saving weights to mvtec_wide_resnet50_2_freia-cflow_pl3_cb8_inp512_run0_wood_2022-08-04-15:49:54.pt
Train meta epoch: 22
Epoch: 22.0 	 train loss: 0.0467, lr=0.000007
Epoch: 22.1 	 train loss: 0.0465, lr=0.000007
Epoch: 22.2 	 train loss: 0.0466, lr=0.000007
Epoch: 22.3 	 train loss: 0.0466, lr=0.000007
Epoch: 22.4 	 train loss: 3214.9624, lr=0.000007
Epoch: 22.5 	 train loss: 0.0465, lr=0.000007
Epoch: 22.6 	 train loss: 2.6865, lr=0.000007
Epoch: 22.7 	 train loss: 0.0465, lr=0.000007

Compute loss and scores on test set:
Epoch: 22 	 test_loss: 3629071.6570 and 6.76 fps
Heights/Widths [64, 32, 16] [64, 32, 16]
DET_AUROC: 	 last: 98.16 	 max: 99.04 	 epoch_max: 0
SEG_AUROC: 	 last: 96.63 	 max: 96.63 	 epoch_max: 22
Saving weights to mvtec_wide_resnet50_2_freia-cflow_pl3_cb8_inp512_run0_wood_2022-08-04-15:49:54.pt
Train meta epoch: 23
Epoch: 23.0 	 train loss: 0.0463, lr=0.000003
Epoch: 23.1 	 train loss: 0.0464, lr=0.000003
Epoch: 23.2 	 train loss: 0.0463, lr=0.000003
Epoch: 23.3 	 train loss: 0.0463, lr=0.000003
Epoch: 23.4 	 train loss: 0.0464, lr=0.000003
Epoch: 23.5 	 train loss: 0.0462, lr=0.000003
Epoch: 23.6 	 train loss: 0.0462, lr=0.000003
Epoch: 23.7 	 train loss: 229.6072, lr=0.000003

Compute loss and scores on test set:
Epoch: 23 	 test_loss: 3456172.7175 and 6.75 fps
Heights/Widths [64, 32, 16] [64, 32, 16]
DET_AUROC: 	 last: 98.07 	 max: 99.04 	 epoch_max: 0
SEG_AUROC: 	 last: 96.62 	 max: 96.63 	 epoch_max: 22
Train meta epoch: 24
Epoch: 24.0 	 train loss: 0.0462, lr=0.000001
Epoch: 24.1 	 train loss: 0.0463, lr=0.000001
Epoch: 24.2 	 train loss: 0.0463, lr=0.000001
Epoch: 24.3 	 train loss: 0.0461, lr=0.000001
Epoch: 24.4 	 train loss: 0.0464, lr=0.000001
Epoch: 24.5 	 train loss: 6.3063, lr=0.000001
Epoch: 24.6 	 train loss: 0.0462, lr=0.000001
Epoch: 24.7 	 train loss: 0.0462, lr=0.000001

Compute loss and scores on test set:
Epoch: 24 	 test_loss: 3580395.2461 and 6.82 fps
Heights/Widths [64, 32, 16] [64, 32, 16]
DET_AUROC: 	 last: 98.07 	 max: 99.04 	 epoch_max: 0
SEG_AUROC: 	 last: 96.62 	 max: 96.63 	 epoch_max: 22
