LR schedule: [12, 18, 22]
Number of pool layers = 3
CNF coder: 512
CNF coder: 1024
CNF coder: 2048
train/test loader length 280 117
train/test loader batches 8 4
Train meta epoch: 0
Epoch: 0.0 	 train loss: 0.3908, lr=0.000030
Epoch: 0.1 	 train loss: 0.2498, lr=0.000041
Epoch: 0.2 	 train loss: 0.2279, lr=0.000052
Epoch: 0.3 	 train loss: 0.2266, lr=0.000063
Epoch: 0.4 	 train loss: 0.2190, lr=0.000074
Epoch: 0.5 	 train loss: 0.2040, lr=0.000085
Epoch: 0.6 	 train loss: 0.2008, lr=0.000096
Epoch: 0.7 	 train loss: 0.1836, lr=0.000107

Compute loss and scores on test set:
Epoch: 0 	 test_loss: 20.4437 and 6.81 fps
Heights/Widths [64, 32, 16] [64, 32, 16]
DET_AUROC: 	 last: 98.11 	 max: 98.11 	 epoch_max: 0
SEG_AUROC: 	 last: 98.63 	 max: 98.63 	 epoch_max: 0
Saving weights to mvtec_wide_resnet50_2_freia-cflow_pl3_cb8_inp512_run0_carpet_2022-08-04-07:34:07.pt
Train meta epoch: 1
Epoch: 1.0 	 train loss: 0.1813, lr=0.000118
Epoch: 1.1 	 train loss: 0.1755, lr=0.000129
Epoch: 1.2 	 train loss: 0.1762, lr=0.000140
Epoch: 1.3 	 train loss: 0.1682, lr=0.000151
Epoch: 1.4 	 train loss: 0.1659, lr=0.000162
Epoch: 1.5 	 train loss: 0.1570, lr=0.000173
Epoch: 1.6 	 train loss: 0.1692, lr=0.000184
Epoch: 1.7 	 train loss: 0.1589, lr=0.000195

Compute loss and scores on test set:
Epoch: 1 	 test_loss: 56.0420 and 6.84 fps
Heights/Widths [64, 32, 16] [64, 32, 16]
DET_AUROC: 	 last: 97.67 	 max: 98.11 	 epoch_max: 0
SEG_AUROC: 	 last: 98.64 	 max: 98.64 	 epoch_max: 1
Saving weights to mvtec_wide_resnet50_2_freia-cflow_pl3_cb8_inp512_run0_carpet_2022-08-04-07:34:07.pt
Train meta epoch: 2
Epoch: 2.0 	 train loss: 0.1530, lr=0.000197
Epoch: 2.1 	 train loss: 0.1488, lr=0.000197
Epoch: 2.2 	 train loss: 0.1466, lr=0.000197
Epoch: 2.3 	 train loss: 0.1413, lr=0.000197
Epoch: 2.4 	 train loss: 0.1325, lr=0.000197
Epoch: 2.5 	 train loss: 0.1326, lr=0.000197
Epoch: 2.6 	 train loss: 0.1272, lr=0.000197
Epoch: 2.7 	 train loss: 0.1270, lr=0.000197

Compute loss and scores on test set:
Epoch: 2 	 test_loss: 169.5372 and 6.74 fps
Heights/Widths [64, 32, 16] [64, 32, 16]
DET_AUROC: 	 last: 98.19 	 max: 98.19 	 epoch_max: 2
SEG_AUROC: 	 last: 98.79 	 max: 98.79 	 epoch_max: 2
Saving weights to mvtec_wide_resnet50_2_freia-cflow_pl3_cb8_inp512_run0_carpet_2022-08-04-07:34:07.pt
Train meta epoch: 3
Epoch: 3.0 	 train loss: 0.1238, lr=0.000193
Epoch: 3.1 	 train loss: 0.1165, lr=0.000193
Epoch: 3.2 	 train loss: 0.1170, lr=0.000193
Epoch: 3.3 	 train loss: 0.1144, lr=0.000193
Epoch: 3.4 	 train loss: 0.1110, lr=0.000193
Epoch: 3.5 	 train loss: 0.1083, lr=0.000193
Epoch: 3.6 	 train loss: 0.1104, lr=0.000193
Epoch: 3.7 	 train loss: 0.1057, lr=0.000193

Compute loss and scores on test set:
Epoch: 3 	 test_loss: 321.0586 and 6.80 fps
Heights/Widths [64, 32, 16] [64, 32, 16]
DET_AUROC: 	 last: 98.03 	 max: 98.19 	 epoch_max: 2
SEG_AUROC: 	 last: 98.98 	 max: 98.98 	 epoch_max: 3
Saving weights to mvtec_wide_resnet50_2_freia-cflow_pl3_cb8_inp512_run0_carpet_2022-08-04-07:34:07.pt
Train meta epoch: 4
Epoch: 4.0 	 train loss: 0.1035, lr=0.000188
Epoch: 4.1 	 train loss: 0.1031, lr=0.000188
Epoch: 4.2 	 train loss: 0.0991, lr=0.000188
Epoch: 4.3 	 train loss: 0.0988, lr=0.000188
Epoch: 4.4 	 train loss: 0.0972, lr=0.000188
Epoch: 4.5 	 train loss: 0.0964, lr=0.000188
Epoch: 4.6 	 train loss: 0.0965, lr=0.000188
Epoch: 4.7 	 train loss: 0.0946, lr=0.000188

Compute loss and scores on test set:
Epoch: 4 	 test_loss: 1733.6575 and 6.72 fps
Heights/Widths [64, 32, 16] [64, 32, 16]
DET_AUROC: 	 last: 98.31 	 max: 98.31 	 epoch_max: 4
SEG_AUROC: 	 last: 98.60 	 max: 98.98 	 epoch_max: 3
Train meta epoch: 5
Epoch: 5.0 	 train loss: 0.0940, lr=0.000181
Epoch: 5.1 	 train loss: 0.0914, lr=0.000181
Epoch: 5.2 	 train loss: 0.0906, lr=0.000181
Epoch: 5.3 	 train loss: 0.0894, lr=0.000181
Epoch: 5.4 	 train loss: 0.0890, lr=0.000181
Epoch: 5.5 	 train loss: 0.0872, lr=0.000181
Epoch: 5.6 	 train loss: 0.0903, lr=0.000181
Epoch: 5.7 	 train loss: 0.0885, lr=0.000181

Compute loss and scores on test set:
Epoch: 5 	 test_loss: 864.8156 and 6.71 fps
Heights/Widths [64, 32, 16] [64, 32, 16]
DET_AUROC: 	 last: 97.87 	 max: 98.31 	 epoch_max: 4
SEG_AUROC: 	 last: 99.02 	 max: 99.02 	 epoch_max: 5
Saving weights to mvtec_wide_resnet50_2_freia-cflow_pl3_cb8_inp512_run0_carpet_2022-08-04-07:34:07.pt
Train meta epoch: 6
Epoch: 6.0 	 train loss: 0.0847, lr=0.000173
Epoch: 6.1 	 train loss: 0.0844, lr=0.000173
Epoch: 6.2 	 train loss: 0.0830, lr=0.000173
Epoch: 6.3 	 train loss: 0.0834, lr=0.000173
Epoch: 6.4 	 train loss: 0.0829, lr=0.000173
Epoch: 6.5 	 train loss: 0.0823, lr=0.000173
Epoch: 6.6 	 train loss: 0.0837, lr=0.000173
Epoch: 6.7 	 train loss: 0.0810, lr=0.000173

Compute loss and scores on test set:
Epoch: 6 	 test_loss: 4518.7419 and 6.33 fps
Heights/Widths [64, 32, 16] [64, 32, 16]
DET_AUROC: 	 last: 97.75 	 max: 98.31 	 epoch_max: 4
SEG_AUROC: 	 last: 98.97 	 max: 99.02 	 epoch_max: 5
Train meta epoch: 7
Epoch: 7.0 	 train loss: 0.0796, lr=0.000164
Epoch: 7.1 	 train loss: 0.0817, lr=0.000164
Epoch: 7.2 	 train loss: 0.0776, lr=0.000164
Epoch: 7.3 	 train loss: 0.0783, lr=0.000164
Epoch: 7.4 	 train loss: 0.0789, lr=0.000164
Epoch: 7.5 	 train loss: 0.0768, lr=0.000164
Epoch: 7.6 	 train loss: 0.0764, lr=0.000164
Epoch: 7.7 	 train loss: 0.0770, lr=0.000164

Compute loss and scores on test set:
Epoch: 7 	 test_loss: 74932.9849 and 6.48 fps
Heights/Widths [64, 32, 16] [64, 32, 16]
DET_AUROC: 	 last: 97.63 	 max: 98.31 	 epoch_max: 4
SEG_AUROC: 	 last: 98.97 	 max: 99.02 	 epoch_max: 5
Train meta epoch: 8
Epoch: 8.0 	 train loss: 0.0752, lr=0.000154
Epoch: 8.1 	 train loss: 0.0751, lr=0.000154
Epoch: 8.2 	 train loss: 0.0752, lr=0.000154
Epoch: 8.3 	 train loss: 0.0750, lr=0.000154
Epoch: 8.4 	 train loss: 0.0741, lr=0.000154
Epoch: 8.5 	 train loss: 0.0730, lr=0.000154
Epoch: 8.6 	 train loss: 0.0745, lr=0.000154
Epoch: 8.7 	 train loss: 0.0737, lr=0.000154

Compute loss and scores on test set:
Epoch: 8 	 test_loss: 364783.5461 and 6.56 fps
Heights/Widths [64, 32, 16] [64, 32, 16]
DET_AUROC: 	 last: 97.63 	 max: 98.31 	 epoch_max: 4
SEG_AUROC: 	 last: 99.12 	 max: 99.12 	 epoch_max: 8
Saving weights to mvtec_wide_resnet50_2_freia-cflow_pl3_cb8_inp512_run0_carpet_2022-08-04-07:34:07.pt
Train meta epoch: 9
Epoch: 9.0 	 train loss: 0.0716, lr=0.000143
Epoch: 9.1 	 train loss: 0.0718, lr=0.000143
Epoch: 9.2 	 train loss: 0.0708, lr=0.000143
Epoch: 9.3 	 train loss: 0.0715, lr=0.000143
Epoch: 9.4 	 train loss: 0.0707, lr=0.000143
Epoch: 9.5 	 train loss: 0.0716, lr=0.000143
Epoch: 9.6 	 train loss: 0.0701, lr=0.000143
Epoch: 9.7 	 train loss: 0.0705, lr=0.000143

Compute loss and scores on test set:
Epoch: 9 	 test_loss: 291374.3296 and 6.79 fps
Heights/Widths [64, 32, 16] [64, 32, 16]
DET_AUROC: 	 last: 97.55 	 max: 98.31 	 epoch_max: 4
SEG_AUROC: 	 last: 99.08 	 max: 99.12 	 epoch_max: 8
Train meta epoch: 10
Epoch: 10.0 	 train loss: 0.0691, lr=0.000131
Epoch: 10.1 	 train loss: 0.0688, lr=0.000131
Epoch: 10.2 	 train loss: 0.0720, lr=0.000131
Epoch: 10.3 	 train loss: 0.0683, lr=0.000131
Epoch: 10.4 	 train loss: 0.0681, lr=0.000131
Epoch: 10.5 	 train loss: 0.0679, lr=0.000131
Epoch: 10.6 	 train loss: 0.0686, lr=0.000131
Epoch: 10.7 	 train loss: 0.0670, lr=0.000131

Compute loss and scores on test set:
Epoch: 10 	 test_loss: 445456.8922 and 6.53 fps
Heights/Widths [64, 32, 16] [64, 32, 16]
DET_AUROC: 	 last: 97.27 	 max: 98.31 	 epoch_max: 4
SEG_AUROC: 	 last: 99.10 	 max: 99.12 	 epoch_max: 8
Train meta epoch: 11
Epoch: 11.0 	 train loss: 0.0660, lr=0.000119
Epoch: 11.1 	 train loss: 0.0659, lr=0.000119
Epoch: 11.2 	 train loss: 0.0672, lr=0.000119
Epoch: 11.3 	 train loss: 0.0659, lr=0.000119
Epoch: 11.4 	 train loss: 0.0724, lr=0.000119
Epoch: 11.5 	 train loss: 0.0651, lr=0.000119
Epoch: 11.6 	 train loss: 0.0660, lr=0.000119
Epoch: 11.7 	 train loss: 0.0648, lr=0.000119

Compute loss and scores on test set:
Epoch: 11 	 test_loss: 1161146.3046 and 6.68 fps
Heights/Widths [64, 32, 16] [64, 32, 16]
DET_AUROC: 	 last: 97.15 	 max: 98.31 	 epoch_max: 4
SEG_AUROC: 	 last: 99.09 	 max: 99.12 	 epoch_max: 8
Train meta epoch: 12
Epoch: 12.0 	 train loss: 0.0633, lr=0.000106
Epoch: 12.1 	 train loss: 0.0657, lr=0.000106
Epoch: 12.2 	 train loss: 0.0637, lr=0.000106
Epoch: 12.3 	 train loss: 0.0639, lr=0.000106
Epoch: 12.4 	 train loss: 0.0632, lr=0.000106
Epoch: 12.5 	 train loss: 0.0642, lr=0.000106
Epoch: 12.6 	 train loss: 0.0637, lr=0.000106
Epoch: 12.7 	 train loss: 0.0631, lr=0.000106

Compute loss and scores on test set:
Epoch: 12 	 test_loss: 1717363.7776 and 6.59 fps
Heights/Widths [64, 32, 16] [64, 32, 16]
DET_AUROC: 	 last: 97.31 	 max: 98.31 	 epoch_max: 4
SEG_AUROC: 	 last: 99.07 	 max: 99.12 	 epoch_max: 8
Train meta epoch: 13
Epoch: 13.0 	 train loss: 0.0637, lr=0.000094
Epoch: 13.1 	 train loss: 0.0613, lr=0.000094
Epoch: 13.2 	 train loss: 0.0612, lr=0.000094
Epoch: 13.3 	 train loss: 0.0607, lr=0.000094
Epoch: 13.4 	 train loss: 0.0615, lr=0.000094
Epoch: 13.5 	 train loss: 0.0619, lr=0.000094
Epoch: 13.6 	 train loss: 0.0607, lr=0.000094
Epoch: 13.7 	 train loss: 0.0621, lr=0.000094

Compute loss and scores on test set:
Epoch: 13 	 test_loss: 1947358.9377 and 6.49 fps
Heights/Widths [64, 32, 16] [64, 32, 16]
DET_AUROC: 	 last: 97.79 	 max: 98.31 	 epoch_max: 4
SEG_AUROC: 	 last: 99.13 	 max: 99.13 	 epoch_max: 13
Saving weights to mvtec_wide_resnet50_2_freia-cflow_pl3_cb8_inp512_run0_carpet_2022-08-04-07:34:07.pt
Train meta epoch: 14
Epoch: 14.0 	 train loss: 0.0597, lr=0.000081
Epoch: 14.1 	 train loss: 0.0599, lr=0.000081
Epoch: 14.2 	 train loss: 0.0592, lr=0.000081
Epoch: 14.3 	 train loss: 0.0588, lr=0.000081
Epoch: 14.4 	 train loss: 0.0597, lr=0.000081
Epoch: 14.5 	 train loss: 0.0593, lr=0.000081
Epoch: 14.6 	 train loss: 0.0593, lr=0.000081
Epoch: 14.7 	 train loss: 0.0596, lr=0.000081

Compute loss and scores on test set:
Epoch: 14 	 test_loss: 2274044.2127 and 6.67 fps
Heights/Widths [64, 32, 16] [64, 32, 16]
DET_AUROC: 	 last: 97.75 	 max: 98.31 	 epoch_max: 4
SEG_AUROC: 	 last: 99.16 	 max: 99.16 	 epoch_max: 14
Saving weights to mvtec_wide_resnet50_2_freia-cflow_pl3_cb8_inp512_run0_carpet_2022-08-04-07:34:07.pt
Train meta epoch: 15
Epoch: 15.0 	 train loss: 0.0567, lr=0.000069
Epoch: 15.1 	 train loss: 0.0572, lr=0.000069
Epoch: 15.2 	 train loss: 0.0577, lr=0.000069
Epoch: 15.3 	 train loss: 0.0571, lr=0.000069
Epoch: 15.4 	 train loss: 0.0569, lr=0.000069
Epoch: 15.5 	 train loss: 0.0575, lr=0.000069
Epoch: 15.6 	 train loss: 0.0571, lr=0.000069
Epoch: 15.7 	 train loss: 0.0568, lr=0.000069

Compute loss and scores on test set:
Epoch: 15 	 test_loss: 3069359.7962 and 6.58 fps
Heights/Widths [64, 32, 16] [64, 32, 16]
DET_AUROC: 	 last: 97.23 	 max: 98.31 	 epoch_max: 4
SEG_AUROC: 	 last: 99.15 	 max: 99.16 	 epoch_max: 14
Train meta epoch: 16
Epoch: 16.0 	 train loss: 0.0554, lr=0.000058
Epoch: 16.1 	 train loss: 0.0554, lr=0.000058
Epoch: 16.2 	 train loss: 0.0558, lr=0.000058
Epoch: 16.3 	 train loss: 0.0554, lr=0.000058
Epoch: 16.4 	 train loss: 0.0558, lr=0.000058
Epoch: 16.5 	 train loss: 0.0559, lr=0.000058
Epoch: 16.6 	 train loss: 0.0557, lr=0.000058
Epoch: 16.7 	 train loss: 0.0554, lr=0.000058

Compute loss and scores on test set:
Epoch: 16 	 test_loss: 4074490.0919 and 6.55 fps
Heights/Widths [64, 32, 16] [64, 32, 16]
DET_AUROC: 	 last: 97.07 	 max: 98.31 	 epoch_max: 4
SEG_AUROC: 	 last: 99.15 	 max: 99.16 	 epoch_max: 14
Train meta epoch: 17
Epoch: 17.0 	 train loss: 0.0532, lr=0.000047
Epoch: 17.1 	 train loss: 0.0539, lr=0.000047
Epoch: 17.2 	 train loss: 0.0540, lr=0.000047
Epoch: 17.3 	 train loss: 0.0533, lr=0.000047
Epoch: 17.4 	 train loss: 0.0534, lr=0.000047
Epoch: 17.5 	 train loss: 0.0537, lr=0.000047
Epoch: 17.6 	 train loss: 0.0535, lr=0.000047
Epoch: 17.7 	 train loss: 0.0535, lr=0.000047

Compute loss and scores on test set:
Epoch: 17 	 test_loss: 6422573.5981 and 6.54 fps
Heights/Widths [64, 32, 16] [64, 32, 16]
DET_AUROC: 	 last: 97.59 	 max: 98.31 	 epoch_max: 4
SEG_AUROC: 	 last: 99.18 	 max: 99.18 	 epoch_max: 17
Saving weights to mvtec_wide_resnet50_2_freia-cflow_pl3_cb8_inp512_run0_carpet_2022-08-04-07:34:07.pt
Train meta epoch: 18
Epoch: 18.0 	 train loss: 0.0521, lr=0.000036
Epoch: 18.1 	 train loss: 0.0517, lr=0.000036
Epoch: 18.2 	 train loss: 0.0523, lr=0.000036
Epoch: 18.3 	 train loss: 0.0520, lr=0.000036
Epoch: 18.4 	 train loss: 0.0520, lr=0.000036
Epoch: 18.5 	 train loss: 0.0519, lr=0.000036
Epoch: 18.6 	 train loss: 0.0519, lr=0.000036
Epoch: 18.7 	 train loss: 0.0542, lr=0.000036

Compute loss and scores on test set:
Epoch: 18 	 test_loss: 7925932.7551 and 6.64 fps
Heights/Widths [64, 32, 16] [64, 32, 16]
DET_AUROC: 	 last: 97.27 	 max: 98.31 	 epoch_max: 4
SEG_AUROC: 	 last: 99.18 	 max: 99.18 	 epoch_max: 18
Saving weights to mvtec_wide_resnet50_2_freia-cflow_pl3_cb8_inp512_run0_carpet_2022-08-04-07:34:07.pt
Train meta epoch: 19
Epoch: 19.0 	 train loss: 0.0507, lr=0.000027
Epoch: 19.1 	 train loss: 0.0505, lr=0.000027
Epoch: 19.2 	 train loss: 0.0504, lr=0.000027
Epoch: 19.3 	 train loss: 0.0503, lr=0.000027
Epoch: 19.4 	 train loss: 0.0502, lr=0.000027
Epoch: 19.5 	 train loss: 0.0507, lr=0.000027
Epoch: 19.6 	 train loss: 0.0503, lr=0.000027
Epoch: 19.7 	 train loss: 0.0504, lr=0.000027

Compute loss and scores on test set:
Epoch: 19 	 test_loss: 8014389.4157 and 6.57 fps
Heights/Widths [64, 32, 16] [64, 32, 16]
DET_AUROC: 	 last: 97.39 	 max: 98.31 	 epoch_max: 4
SEG_AUROC: 	 last: 99.21 	 max: 99.21 	 epoch_max: 19
Saving weights to mvtec_wide_resnet50_2_freia-cflow_pl3_cb8_inp512_run0_carpet_2022-08-04-07:34:07.pt
Train meta epoch: 20
Epoch: 20.0 	 train loss: 0.0497, lr=0.000019
Epoch: 20.1 	 train loss: 0.0497, lr=0.000019
Epoch: 20.2 	 train loss: 0.0495, lr=0.000019
Epoch: 20.3 	 train loss: 0.0497, lr=0.000019
Epoch: 20.4 	 train loss: 0.0493, lr=0.000019
Epoch: 20.5 	 train loss: 0.0493, lr=0.000019
Epoch: 20.6 	 train loss: 0.0494, lr=0.000019
Epoch: 20.7 	 train loss: 0.0494, lr=0.000019

Compute loss and scores on test set:
Epoch: 20 	 test_loss: 8540388.8734 and 6.55 fps
Heights/Widths [64, 32, 16] [64, 32, 16]
DET_AUROC: 	 last: 97.47 	 max: 98.31 	 epoch_max: 4
SEG_AUROC: 	 last: 99.22 	 max: 99.22 	 epoch_max: 20
Saving weights to mvtec_wide_resnet50_2_freia-cflow_pl3_cb8_inp512_run0_carpet_2022-08-04-07:34:07.pt
Train meta epoch: 21
Epoch: 21.0 	 train loss: 0.0487, lr=0.000013
Epoch: 21.1 	 train loss: 0.0488, lr=0.000013
Epoch: 21.2 	 train loss: 0.0488, lr=0.000013
Epoch: 21.3 	 train loss: 0.0487, lr=0.000013
Epoch: 21.4 	 train loss: 0.0487, lr=0.000013
Epoch: 21.5 	 train loss: 0.0487, lr=0.000013
Epoch: 21.6 	 train loss: 0.0488, lr=0.000013
Epoch: 21.7 	 train loss: 0.0484, lr=0.000013

Compute loss and scores on test set:
Epoch: 21 	 test_loss: 9360071.2374 and 6.68 fps
Heights/Widths [64, 32, 16] [64, 32, 16]
DET_AUROC: 	 last: 97.55 	 max: 98.31 	 epoch_max: 4
SEG_AUROC: 	 last: 99.24 	 max: 99.24 	 epoch_max: 21
Saving weights to mvtec_wide_resnet50_2_freia-cflow_pl3_cb8_inp512_run0_carpet_2022-08-04-07:34:07.pt
Train meta epoch: 22
Epoch: 22.0 	 train loss: 0.0485, lr=0.000007
Epoch: 22.1 	 train loss: 0.0484, lr=0.000007
Epoch: 22.2 	 train loss: 0.0482, lr=0.000007
Epoch: 22.3 	 train loss: 0.0481, lr=0.000007
Epoch: 22.4 	 train loss: 0.0484, lr=0.000007
Epoch: 22.5 	 train loss: 0.0481, lr=0.000007
Epoch: 22.6 	 train loss: 0.0481, lr=0.000007
Epoch: 22.7 	 train loss: 0.0482, lr=0.000007

Compute loss and scores on test set:
Epoch: 22 	 test_loss: 9453636.5304 and 6.52 fps
Heights/Widths [64, 32, 16] [64, 32, 16]
DET_AUROC: 	 last: 97.63 	 max: 98.31 	 epoch_max: 4
SEG_AUROC: 	 last: 99.24 	 max: 99.24 	 epoch_max: 22
Saving weights to mvtec_wide_resnet50_2_freia-cflow_pl3_cb8_inp512_run0_carpet_2022-08-04-07:34:07.pt
Train meta epoch: 23
Epoch: 23.0 	 train loss: 0.0480, lr=0.000003
Epoch: 23.1 	 train loss: 0.0481, lr=0.000003
Epoch: 23.2 	 train loss: 0.0479, lr=0.000003
Epoch: 23.3 	 train loss: 0.0481, lr=0.000003
Epoch: 23.4 	 train loss: 0.0481, lr=0.000003
Epoch: 23.5 	 train loss: 0.0480, lr=0.000003
Epoch: 23.6 	 train loss: 0.0479, lr=0.000003
Epoch: 23.7 	 train loss: 0.0477, lr=0.000003

Compute loss and scores on test set:
Epoch: 23 	 test_loss: 9558103.5800 and 6.57 fps
Heights/Widths [64, 32, 16] [64, 32, 16]
DET_AUROC: 	 last: 97.79 	 max: 98.31 	 epoch_max: 4
SEG_AUROC: 	 last: 99.25 	 max: 99.25 	 epoch_max: 23
Saving weights to mvtec_wide_resnet50_2_freia-cflow_pl3_cb8_inp512_run0_carpet_2022-08-04-07:34:07.pt
Train meta epoch: 24
Epoch: 24.0 	 train loss: 0.0481, lr=0.000001
Epoch: 24.1 	 train loss: 0.0476, lr=0.000001
Epoch: 24.2 	 train loss: 0.0477, lr=0.000001
Epoch: 24.3 	 train loss: 0.0478, lr=0.000001
Epoch: 24.4 	 train loss: 0.0480, lr=0.000001
Epoch: 24.5 	 train loss: 0.0476, lr=0.000001
Epoch: 24.6 	 train loss: 0.0477, lr=0.000001
Epoch: 24.7 	 train loss: 0.0478, lr=0.000001

Compute loss and scores on test set:
Epoch: 24 	 test_loss: 9710098.5718 and 6.53 fps
Heights/Widths [64, 32, 16] [64, 32, 16]
DET_AUROC: 	 last: 97.83 	 max: 98.31 	 epoch_max: 4
SEG_AUROC: 	 last: 99.25 	 max: 99.25 	 epoch_max: 24
Saving weights to mvtec_wide_resnet50_2_freia-cflow_pl3_cb8_inp512_run0_carpet_2022-08-04-07:34:07.pt
