LR schedule: [15, 22, 27]
Number of pool layers = 3
CNF coder: 512
CNF coder: 1024
CNF coder: 2048
train/test loader length 244 150
train/test loader batches 7 5
Len train loader =  7
Epoch: 0 	 sub-epoch: 0.0000 
step  % :  0.0  i/I =  0 / 7
Path :  /gpfsscratch/rech/ohv/ueu39kt/CFLOW/weights/TumorSeg_HES_individual_training_TNE0017/Tumor/0/TumorNormal_wide_resnet50_2_freia-cflow_pl3_cb8_inp384_run0_Tumor_0_0.pt
Saving weights to TumorNormal_wide_resnet50_2_freia-cflow_pl3_cb8_inp384_run0_Tumor_0_0.pt
Epoch: 0.0 	 train loss: 0.5505, lr=0.000030
Epoch: 0 	 sub-epoch: 1.0000 
step  % :  0.0  i/I =  0 / 7
Path :  /gpfsscratch/rech/ohv/ueu39kt/CFLOW/weights/TumorSeg_HES_individual_training_TNE0017/Tumor/0/TumorNormal_wide_resnet50_2_freia-cflow_pl3_cb8_inp384_run0_Tumor_0_1.pt
Saving weights to TumorNormal_wide_resnet50_2_freia-cflow_pl3_cb8_inp384_run0_Tumor_0_1.pt
Epoch: 0.1 	 train loss: 0.3778, lr=0.000041
Epoch: 0 	 sub-epoch: 2.0000 
step  % :  0.0  i/I =  0 / 7
Path :  /gpfsscratch/rech/ohv/ueu39kt/CFLOW/weights/TumorSeg_HES_individual_training_TNE0017/Tumor/0/TumorNormal_wide_resnet50_2_freia-cflow_pl3_cb8_inp384_run0_Tumor_0_2.pt
Saving weights to TumorNormal_wide_resnet50_2_freia-cflow_pl3_cb8_inp384_run0_Tumor_0_2.pt
Epoch: 0.2 	 train loss: 0.3317, lr=0.000052
Epoch: 0 	 sub-epoch: 3.0000 
step  % :  0.0  i/I =  0 / 7
Path :  /gpfsscratch/rech/ohv/ueu39kt/CFLOW/weights/TumorSeg_HES_individual_training_TNE0017/Tumor/0/TumorNormal_wide_resnet50_2_freia-cflow_pl3_cb8_inp384_run0_Tumor_0_3.pt
Saving weights to TumorNormal_wide_resnet50_2_freia-cflow_pl3_cb8_inp384_run0_Tumor_0_3.pt
Epoch: 0.3 	 train loss: 0.3096, lr=0.000063
Epoch: 0 	 sub-epoch: 4.0000 
step  % :  0.0  i/I =  0 / 7
Path :  /gpfsscratch/rech/ohv/ueu39kt/CFLOW/weights/TumorSeg_HES_individual_training_TNE0017/Tumor/0/TumorNormal_wide_resnet50_2_freia-cflow_pl3_cb8_inp384_run0_Tumor_0_4.pt
Saving weights to TumorNormal_wide_resnet50_2_freia-cflow_pl3_cb8_inp384_run0_Tumor_0_4.pt
Epoch: 0.4 	 train loss: 0.2976, lr=0.000074
Epoch: 0 	 sub-epoch: 5.0000 
step  % :  0.0  i/I =  0 / 7
Path :  /gpfsscratch/rech/ohv/ueu39kt/CFLOW/weights/TumorSeg_HES_individual_training_TNE0017/Tumor/0/TumorNormal_wide_resnet50_2_freia-cflow_pl3_cb8_inp384_run0_Tumor_0_5.pt
Saving weights to TumorNormal_wide_resnet50_2_freia-cflow_pl3_cb8_inp384_run0_Tumor_0_5.pt
Epoch: 0.5 	 train loss: 0.2895, lr=0.000085
Epoch: 0 	 sub-epoch: 6.0000 
step  % :  0.0  i/I =  0 / 7
Path :  /gpfsscratch/rech/ohv/ueu39kt/CFLOW/weights/TumorSeg_HES_individual_training_TNE0017/Tumor/0/TumorNormal_wide_resnet50_2_freia-cflow_pl3_cb8_inp384_run0_Tumor_0_6.pt
Saving weights to TumorNormal_wide_resnet50_2_freia-cflow_pl3_cb8_inp384_run0_Tumor_0_6.pt
Epoch: 0.6 	 train loss: 0.2754, lr=0.000096
Epoch: 0 	 sub-epoch: 7.0000 
step  % :  0.0  i/I =  0 / 7
Path :  /gpfsscratch/rech/ohv/ueu39kt/CFLOW/weights/TumorSeg_HES_individual_training_TNE0017/Tumor/0/TumorNormal_wide_resnet50_2_freia-cflow_pl3_cb8_inp384_run0_Tumor_0_7.pt
Saving weights to TumorNormal_wide_resnet50_2_freia-cflow_pl3_cb8_inp384_run0_Tumor_0_7.pt
Epoch: 0.7 	 train loss: 0.2830, lr=0.000107

Compute loss and scores on test set:
step  % :  0.0  i/I =  0 / 5
Epoch: 0 	 step: 0.0000 
Epoch: 0 	 test_loss: 0.2991 and 12.14 fps
Len train loader =  7
Epoch: 1 	 sub-epoch: 0.0000 
step  % :  0.0  i/I =  0 / 7
Path :  /gpfsscratch/rech/ohv/ueu39kt/CFLOW/weights/TumorSeg_HES_individual_training_TNE0017/Tumor/1/TumorNormal_wide_resnet50_2_freia-cflow_pl3_cb8_inp384_run0_Tumor_1_0.pt
Saving weights to TumorNormal_wide_resnet50_2_freia-cflow_pl3_cb8_inp384_run0_Tumor_1_0.pt
Epoch: 1.0 	 train loss: 0.2567, lr=0.000118
Epoch: 1 	 sub-epoch: 1.0000 
step  % :  0.0  i/I =  0 / 7
Path :  /gpfsscratch/rech/ohv/ueu39kt/CFLOW/weights/TumorSeg_HES_individual_training_TNE0017/Tumor/1/TumorNormal_wide_resnet50_2_freia-cflow_pl3_cb8_inp384_run0_Tumor_1_1.pt
Saving weights to TumorNormal_wide_resnet50_2_freia-cflow_pl3_cb8_inp384_run0_Tumor_1_1.pt
Epoch: 1.1 	 train loss: 0.2551, lr=0.000130
Epoch: 1 	 sub-epoch: 2.0000 
step  % :  0.0  i/I =  0 / 7
Path :  /gpfsscratch/rech/ohv/ueu39kt/CFLOW/weights/TumorSeg_HES_individual_training_TNE0017/Tumor/1/TumorNormal_wide_resnet50_2_freia-cflow_pl3_cb8_inp384_run0_Tumor_1_2.pt
Saving weights to TumorNormal_wide_resnet50_2_freia-cflow_pl3_cb8_inp384_run0_Tumor_1_2.pt
Epoch: 1.2 	 train loss: 0.2459, lr=0.000141
Epoch: 1 	 sub-epoch: 3.0000 
step  % :  0.0  i/I =  0 / 7
Path :  /gpfsscratch/rech/ohv/ueu39kt/CFLOW/weights/TumorSeg_HES_individual_training_TNE0017/Tumor/1/TumorNormal_wide_resnet50_2_freia-cflow_pl3_cb8_inp384_run0_Tumor_1_3.pt
Saving weights to TumorNormal_wide_resnet50_2_freia-cflow_pl3_cb8_inp384_run0_Tumor_1_3.pt
Epoch: 1.3 	 train loss: 0.2474, lr=0.000152
Epoch: 1 	 sub-epoch: 4.0000 
step  % :  0.0  i/I =  0 / 7
Path :  /gpfsscratch/rech/ohv/ueu39kt/CFLOW/weights/TumorSeg_HES_individual_training_TNE0017/Tumor/1/TumorNormal_wide_resnet50_2_freia-cflow_pl3_cb8_inp384_run0_Tumor_1_4.pt
Saving weights to TumorNormal_wide_resnet50_2_freia-cflow_pl3_cb8_inp384_run0_Tumor_1_4.pt
Epoch: 1.4 	 train loss: 0.2455, lr=0.000163
Epoch: 1 	 sub-epoch: 5.0000 
step  % :  0.0  i/I =  0 / 7
Path :  /gpfsscratch/rech/ohv/ueu39kt/CFLOW/weights/TumorSeg_HES_individual_training_TNE0017/Tumor/1/TumorNormal_wide_resnet50_2_freia-cflow_pl3_cb8_inp384_run0_Tumor_1_5.pt
Saving weights to TumorNormal_wide_resnet50_2_freia-cflow_pl3_cb8_inp384_run0_Tumor_1_5.pt
Epoch: 1.5 	 train loss: 0.2312, lr=0.000174
Epoch: 1 	 sub-epoch: 6.0000 
step  % :  0.0  i/I =  0 / 7
Path :  /gpfsscratch/rech/ohv/ueu39kt/CFLOW/weights/TumorSeg_HES_individual_training_TNE0017/Tumor/1/TumorNormal_wide_resnet50_2_freia-cflow_pl3_cb8_inp384_run0_Tumor_1_6.pt
Saving weights to TumorNormal_wide_resnet50_2_freia-cflow_pl3_cb8_inp384_run0_Tumor_1_6.pt
Epoch: 1.6 	 train loss: 0.2308, lr=0.000185
Epoch: 1 	 sub-epoch: 7.0000 
step  % :  0.0  i/I =  0 / 7
Path :  /gpfsscratch/rech/ohv/ueu39kt/CFLOW/weights/TumorSeg_HES_individual_training_TNE0017/Tumor/1/TumorNormal_wide_resnet50_2_freia-cflow_pl3_cb8_inp384_run0_Tumor_1_7.pt
Saving weights to TumorNormal_wide_resnet50_2_freia-cflow_pl3_cb8_inp384_run0_Tumor_1_7.pt
Epoch: 1.7 	 train loss: 0.2275, lr=0.000196

Compute loss and scores on test set:
step  % :  0.0  i/I =  0 / 5
Epoch: 1 	 step: 0.0000 
Epoch: 1 	 test_loss: 0.3075 and 15.07 fps
Len train loader =  7
Epoch: 2 	 sub-epoch: 0.0000 
step  % :  0.0  i/I =  0 / 7
Path :  /gpfsscratch/rech/ohv/ueu39kt/CFLOW/weights/TumorSeg_HES_individual_training_TNE0017/Tumor/2/TumorNormal_wide_resnet50_2_freia-cflow_pl3_cb8_inp384_run0_Tumor_2_0.pt
Saving weights to TumorNormal_wide_resnet50_2_freia-cflow_pl3_cb8_inp384_run0_Tumor_2_0.pt
Epoch: 2.0 	 train loss: 0.2193, lr=0.000198
Epoch: 2 	 sub-epoch: 1.0000 
step  % :  0.0  i/I =  0 / 7
Path :  /gpfsscratch/rech/ohv/ueu39kt/CFLOW/weights/TumorSeg_HES_individual_training_TNE0017/Tumor/2/TumorNormal_wide_resnet50_2_freia-cflow_pl3_cb8_inp384_run0_Tumor_2_1.pt
Saving weights to TumorNormal_wide_resnet50_2_freia-cflow_pl3_cb8_inp384_run0_Tumor_2_1.pt
Epoch: 2.1 	 train loss: 0.2179, lr=0.000198
Epoch: 2 	 sub-epoch: 2.0000 
step  % :  0.0  i/I =  0 / 7
Path :  /gpfsscratch/rech/ohv/ueu39kt/CFLOW/weights/TumorSeg_HES_individual_training_TNE0017/Tumor/2/TumorNormal_wide_resnet50_2_freia-cflow_pl3_cb8_inp384_run0_Tumor_2_2.pt
Saving weights to TumorNormal_wide_resnet50_2_freia-cflow_pl3_cb8_inp384_run0_Tumor_2_2.pt
Epoch: 2.2 	 train loss: 0.2113, lr=0.000198
Epoch: 2 	 sub-epoch: 3.0000 
step  % :  0.0  i/I =  0 / 7
Path :  /gpfsscratch/rech/ohv/ueu39kt/CFLOW/weights/TumorSeg_HES_individual_training_TNE0017/Tumor/2/TumorNormal_wide_resnet50_2_freia-cflow_pl3_cb8_inp384_run0_Tumor_2_3.pt
Saving weights to TumorNormal_wide_resnet50_2_freia-cflow_pl3_cb8_inp384_run0_Tumor_2_3.pt
Epoch: 2.3 	 train loss: 0.2102, lr=0.000198
Epoch: 2 	 sub-epoch: 4.0000 
step  % :  0.0  i/I =  0 / 7
Path :  /gpfsscratch/rech/ohv/ueu39kt/CFLOW/weights/TumorSeg_HES_individual_training_TNE0017/Tumor/2/TumorNormal_wide_resnet50_2_freia-cflow_pl3_cb8_inp384_run0_Tumor_2_4.pt
Saving weights to TumorNormal_wide_resnet50_2_freia-cflow_pl3_cb8_inp384_run0_Tumor_2_4.pt
Epoch: 2.4 	 train loss: 0.2045, lr=0.000198
Epoch: 2 	 sub-epoch: 5.0000 
step  % :  0.0  i/I =  0 / 7
Path :  /gpfsscratch/rech/ohv/ueu39kt/CFLOW/weights/TumorSeg_HES_individual_training_TNE0017/Tumor/2/TumorNormal_wide_resnet50_2_freia-cflow_pl3_cb8_inp384_run0_Tumor_2_5.pt
Saving weights to TumorNormal_wide_resnet50_2_freia-cflow_pl3_cb8_inp384_run0_Tumor_2_5.pt
Epoch: 2.5 	 train loss: 0.2030, lr=0.000198
Epoch: 2 	 sub-epoch: 6.0000 
step  % :  0.0  i/I =  0 / 7
Path :  /gpfsscratch/rech/ohv/ueu39kt/CFLOW/weights/TumorSeg_HES_individual_training_TNE0017/Tumor/2/TumorNormal_wide_resnet50_2_freia-cflow_pl3_cb8_inp384_run0_Tumor_2_6.pt
Saving weights to TumorNormal_wide_resnet50_2_freia-cflow_pl3_cb8_inp384_run0_Tumor_2_6.pt
Epoch: 2.6 	 train loss: 0.1993, lr=0.000198
Epoch: 2 	 sub-epoch: 7.0000 
step  % :  0.0  i/I =  0 / 7
Path :  /gpfsscratch/rech/ohv/ueu39kt/CFLOW/weights/TumorSeg_HES_individual_training_TNE0017/Tumor/2/TumorNormal_wide_resnet50_2_freia-cflow_pl3_cb8_inp384_run0_Tumor_2_7.pt
Saving weights to TumorNormal_wide_resnet50_2_freia-cflow_pl3_cb8_inp384_run0_Tumor_2_7.pt
Epoch: 2.7 	 train loss: 0.1973, lr=0.000198

Compute loss and scores on test set:
step  % :  0.0  i/I =  0 / 5
Epoch: 2 	 step: 0.0000 
Epoch: 2 	 test_loss: 0.2140 and 12.37 fps
Len train loader =  7
Epoch: 3 	 sub-epoch: 0.0000 
step  % :  0.0  i/I =  0 / 7
Path :  /gpfsscratch/rech/ohv/ueu39kt/CFLOW/weights/TumorSeg_HES_individual_training_TNE0017/Tumor/3/TumorNormal_wide_resnet50_2_freia-cflow_pl3_cb8_inp384_run0_Tumor_3_0.pt
Saving weights to TumorNormal_wide_resnet50_2_freia-cflow_pl3_cb8_inp384_run0_Tumor_3_0.pt
Epoch: 3.0 	 train loss: 0.1913, lr=0.000195
Epoch: 3 	 sub-epoch: 1.0000 
step  % :  0.0  i/I =  0 / 7
Path :  /gpfsscratch/rech/ohv/ueu39kt/CFLOW/weights/TumorSeg_HES_individual_training_TNE0017/Tumor/3/TumorNormal_wide_resnet50_2_freia-cflow_pl3_cb8_inp384_run0_Tumor_3_1.pt
Saving weights to TumorNormal_wide_resnet50_2_freia-cflow_pl3_cb8_inp384_run0_Tumor_3_1.pt
Epoch: 3.1 	 train loss: 0.1882, lr=0.000195
Epoch: 3 	 sub-epoch: 2.0000 
step  % :  0.0  i/I =  0 / 7
Path :  /gpfsscratch/rech/ohv/ueu39kt/CFLOW/weights/TumorSeg_HES_individual_training_TNE0017/Tumor/3/TumorNormal_wide_resnet50_2_freia-cflow_pl3_cb8_inp384_run0_Tumor_3_2.pt
Saving weights to TumorNormal_wide_resnet50_2_freia-cflow_pl3_cb8_inp384_run0_Tumor_3_2.pt
Epoch: 3.2 	 train loss: 0.1883, lr=0.000195
Epoch: 3 	 sub-epoch: 3.0000 
step  % :  0.0  i/I =  0 / 7
Path :  /gpfsscratch/rech/ohv/ueu39kt/CFLOW/weights/TumorSeg_HES_individual_training_TNE0017/Tumor/3/TumorNormal_wide_resnet50_2_freia-cflow_pl3_cb8_inp384_run0_Tumor_3_3.pt
Saving weights to TumorNormal_wide_resnet50_2_freia-cflow_pl3_cb8_inp384_run0_Tumor_3_3.pt
Epoch: 3.3 	 train loss: 0.1828, lr=0.000195
Epoch: 3 	 sub-epoch: 4.0000 
step  % :  0.0  i/I =  0 / 7
Path :  /gpfsscratch/rech/ohv/ueu39kt/CFLOW/weights/TumorSeg_HES_individual_training_TNE0017/Tumor/3/TumorNormal_wide_resnet50_2_freia-cflow_pl3_cb8_inp384_run0_Tumor_3_4.pt
Saving weights to TumorNormal_wide_resnet50_2_freia-cflow_pl3_cb8_inp384_run0_Tumor_3_4.pt
Epoch: 3.4 	 train loss: 0.1854, lr=0.000195
Epoch: 3 	 sub-epoch: 5.0000 
step  % :  0.0  i/I =  0 / 7
Path :  /gpfsscratch/rech/ohv/ueu39kt/CFLOW/weights/TumorSeg_HES_individual_training_TNE0017/Tumor/3/TumorNormal_wide_resnet50_2_freia-cflow_pl3_cb8_inp384_run0_Tumor_3_5.pt
Saving weights to TumorNormal_wide_resnet50_2_freia-cflow_pl3_cb8_inp384_run0_Tumor_3_5.pt
Epoch: 3.5 	 train loss: 0.1801, lr=0.000195
Epoch: 3 	 sub-epoch: 6.0000 
step  % :  0.0  i/I =  0 / 7
Path :  /gpfsscratch/rech/ohv/ueu39kt/CFLOW/weights/TumorSeg_HES_individual_training_TNE0017/Tumor/3/TumorNormal_wide_resnet50_2_freia-cflow_pl3_cb8_inp384_run0_Tumor_3_6.pt
Saving weights to TumorNormal_wide_resnet50_2_freia-cflow_pl3_cb8_inp384_run0_Tumor_3_6.pt
Epoch: 3.6 	 train loss: 0.1784, lr=0.000195
Epoch: 3 	 sub-epoch: 7.0000 
step  % :  0.0  i/I =  0 / 7
Path :  /gpfsscratch/rech/ohv/ueu39kt/CFLOW/weights/TumorSeg_HES_individual_training_TNE0017/Tumor/3/TumorNormal_wide_resnet50_2_freia-cflow_pl3_cb8_inp384_run0_Tumor_3_7.pt
Saving weights to TumorNormal_wide_resnet50_2_freia-cflow_pl3_cb8_inp384_run0_Tumor_3_7.pt
Epoch: 3.7 	 train loss: 0.1736, lr=0.000195

Compute loss and scores on test set:
step  % :  0.0  i/I =  0 / 5
Epoch: 3 	 step: 0.0000 
Epoch: 3 	 test_loss: 0.3053 and 12.42 fps
Len train loader =  7
Epoch: 4 	 sub-epoch: 0.0000 
step  % :  0.0  i/I =  0 / 7
Path :  /gpfsscratch/rech/ohv/ueu39kt/CFLOW/weights/TumorSeg_HES_individual_training_TNE0017/Tumor/4/TumorNormal_wide_resnet50_2_freia-cflow_pl3_cb8_inp384_run0_Tumor_4_0.pt
Saving weights to TumorNormal_wide_resnet50_2_freia-cflow_pl3_cb8_inp384_run0_Tumor_4_0.pt
Epoch: 4.0 	 train loss: 0.1728, lr=0.000191
Epoch: 4 	 sub-epoch: 1.0000 
step  % :  0.0  i/I =  0 / 7
Path :  /gpfsscratch/rech/ohv/ueu39kt/CFLOW/weights/TumorSeg_HES_individual_training_TNE0017/Tumor/4/TumorNormal_wide_resnet50_2_freia-cflow_pl3_cb8_inp384_run0_Tumor_4_1.pt
Saving weights to TumorNormal_wide_resnet50_2_freia-cflow_pl3_cb8_inp384_run0_Tumor_4_1.pt
Epoch: 4.1 	 train loss: 0.1713, lr=0.000191
Epoch: 4 	 sub-epoch: 2.0000 
step  % :  0.0  i/I =  0 / 7
Path :  /gpfsscratch/rech/ohv/ueu39kt/CFLOW/weights/TumorSeg_HES_individual_training_TNE0017/Tumor/4/TumorNormal_wide_resnet50_2_freia-cflow_pl3_cb8_inp384_run0_Tumor_4_2.pt
Saving weights to TumorNormal_wide_resnet50_2_freia-cflow_pl3_cb8_inp384_run0_Tumor_4_2.pt
Epoch: 4.2 	 train loss: 0.1681, lr=0.000191
Epoch: 4 	 sub-epoch: 3.0000 
step  % :  0.0  i/I =  0 / 7
Path :  /gpfsscratch/rech/ohv/ueu39kt/CFLOW/weights/TumorSeg_HES_individual_training_TNE0017/Tumor/4/TumorNormal_wide_resnet50_2_freia-cflow_pl3_cb8_inp384_run0_Tumor_4_3.pt
Saving weights to TumorNormal_wide_resnet50_2_freia-cflow_pl3_cb8_inp384_run0_Tumor_4_3.pt
Epoch: 4.3 	 train loss: 0.1659, lr=0.000191
Epoch: 4 	 sub-epoch: 4.0000 
step  % :  0.0  i/I =  0 / 7
Path :  /gpfsscratch/rech/ohv/ueu39kt/CFLOW/weights/TumorSeg_HES_individual_training_TNE0017/Tumor/4/TumorNormal_wide_resnet50_2_freia-cflow_pl3_cb8_inp384_run0_Tumor_4_4.pt
Saving weights to TumorNormal_wide_resnet50_2_freia-cflow_pl3_cb8_inp384_run0_Tumor_4_4.pt
Epoch: 4.4 	 train loss: 0.1643, lr=0.000191
Epoch: 4 	 sub-epoch: 5.0000 
step  % :  0.0  i/I =  0 / 7
Path :  /gpfsscratch/rech/ohv/ueu39kt/CFLOW/weights/TumorSeg_HES_individual_training_TNE0017/Tumor/4/TumorNormal_wide_resnet50_2_freia-cflow_pl3_cb8_inp384_run0_Tumor_4_5.pt
Saving weights to TumorNormal_wide_resnet50_2_freia-cflow_pl3_cb8_inp384_run0_Tumor_4_5.pt
Epoch: 4.5 	 train loss: 0.1626, lr=0.000191
Epoch: 4 	 sub-epoch: 6.0000 
step  % :  0.0  i/I =  0 / 7
Path :  /gpfsscratch/rech/ohv/ueu39kt/CFLOW/weights/TumorSeg_HES_individual_training_TNE0017/Tumor/4/TumorNormal_wide_resnet50_2_freia-cflow_pl3_cb8_inp384_run0_Tumor_4_6.pt
Saving weights to TumorNormal_wide_resnet50_2_freia-cflow_pl3_cb8_inp384_run0_Tumor_4_6.pt
Epoch: 4.6 	 train loss: 0.1604, lr=0.000191
Epoch: 4 	 sub-epoch: 7.0000 
step  % :  0.0  i/I =  0 / 7
Path :  /gpfsscratch/rech/ohv/ueu39kt/CFLOW/weights/TumorSeg_HES_individual_training_TNE0017/Tumor/4/TumorNormal_wide_resnet50_2_freia-cflow_pl3_cb8_inp384_run0_Tumor_4_7.pt
Saving weights to TumorNormal_wide_resnet50_2_freia-cflow_pl3_cb8_inp384_run0_Tumor_4_7.pt
Epoch: 4.7 	 train loss: 0.1584, lr=0.000191

Compute loss and scores on test set:
step  % :  0.0  i/I =  0 / 5
Epoch: 4 	 step: 0.0000 
Epoch: 4 	 test_loss: 0.2302 and 15.08 fps
Len train loader =  7
Epoch: 5 	 sub-epoch: 0.0000 
step  % :  0.0  i/I =  0 / 7
Path :  /gpfsscratch/rech/ohv/ueu39kt/CFLOW/weights/TumorSeg_HES_individual_training_TNE0017/Tumor/5/TumorNormal_wide_resnet50_2_freia-cflow_pl3_cb8_inp384_run0_Tumor_5_0.pt
Saving weights to TumorNormal_wide_resnet50_2_freia-cflow_pl3_cb8_inp384_run0_Tumor_5_0.pt
Epoch: 5.0 	 train loss: 0.1553, lr=0.000187
Epoch: 5 	 sub-epoch: 1.0000 
step  % :  0.0  i/I =  0 / 7
Path :  /gpfsscratch/rech/ohv/ueu39kt/CFLOW/weights/TumorSeg_HES_individual_training_TNE0017/Tumor/5/TumorNormal_wide_resnet50_2_freia-cflow_pl3_cb8_inp384_run0_Tumor_5_1.pt
Saving weights to TumorNormal_wide_resnet50_2_freia-cflow_pl3_cb8_inp384_run0_Tumor_5_1.pt
Epoch: 5.1 	 train loss: 0.1547, lr=0.000187
Epoch: 5 	 sub-epoch: 2.0000 
step  % :  0.0  i/I =  0 / 7
Path :  /gpfsscratch/rech/ohv/ueu39kt/CFLOW/weights/TumorSeg_HES_individual_training_TNE0017/Tumor/5/TumorNormal_wide_resnet50_2_freia-cflow_pl3_cb8_inp384_run0_Tumor_5_2.pt
Saving weights to TumorNormal_wide_resnet50_2_freia-cflow_pl3_cb8_inp384_run0_Tumor_5_2.pt
Epoch: 5.2 	 train loss: 0.1544, lr=0.000187
Epoch: 5 	 sub-epoch: 3.0000 
step  % :  0.0  i/I =  0 / 7
Path :  /gpfsscratch/rech/ohv/ueu39kt/CFLOW/weights/TumorSeg_HES_individual_training_TNE0017/Tumor/5/TumorNormal_wide_resnet50_2_freia-cflow_pl3_cb8_inp384_run0_Tumor_5_3.pt
Saving weights to TumorNormal_wide_resnet50_2_freia-cflow_pl3_cb8_inp384_run0_Tumor_5_3.pt
Epoch: 5.3 	 train loss: 0.1512, lr=0.000187
Epoch: 5 	 sub-epoch: 4.0000 
step  % :  0.0  i/I =  0 / 7
Path :  /gpfsscratch/rech/ohv/ueu39kt/CFLOW/weights/TumorSeg_HES_individual_training_TNE0017/Tumor/5/TumorNormal_wide_resnet50_2_freia-cflow_pl3_cb8_inp384_run0_Tumor_5_4.pt
Saving weights to TumorNormal_wide_resnet50_2_freia-cflow_pl3_cb8_inp384_run0_Tumor_5_4.pt
Epoch: 5.4 	 train loss: 0.1500, lr=0.000187
Epoch: 5 	 sub-epoch: 5.0000 
step  % :  0.0  i/I =  0 / 7
Path :  /gpfsscratch/rech/ohv/ueu39kt/CFLOW/weights/TumorSeg_HES_individual_training_TNE0017/Tumor/5/TumorNormal_wide_resnet50_2_freia-cflow_pl3_cb8_inp384_run0_Tumor_5_5.pt
Saving weights to TumorNormal_wide_resnet50_2_freia-cflow_pl3_cb8_inp384_run0_Tumor_5_5.pt
Epoch: 5.5 	 train loss: 0.1496, lr=0.000187
Epoch: 5 	 sub-epoch: 6.0000 
step  % :  0.0  i/I =  0 / 7
Path :  /gpfsscratch/rech/ohv/ueu39kt/CFLOW/weights/TumorSeg_HES_individual_training_TNE0017/Tumor/5/TumorNormal_wide_resnet50_2_freia-cflow_pl3_cb8_inp384_run0_Tumor_5_6.pt
Saving weights to TumorNormal_wide_resnet50_2_freia-cflow_pl3_cb8_inp384_run0_Tumor_5_6.pt
Epoch: 5.6 	 train loss: 0.1475, lr=0.000187
Epoch: 5 	 sub-epoch: 7.0000 
step  % :  0.0  i/I =  0 / 7
Path :  /gpfsscratch/rech/ohv/ueu39kt/CFLOW/weights/TumorSeg_HES_individual_training_TNE0017/Tumor/5/TumorNormal_wide_resnet50_2_freia-cflow_pl3_cb8_inp384_run0_Tumor_5_7.pt
Saving weights to TumorNormal_wide_resnet50_2_freia-cflow_pl3_cb8_inp384_run0_Tumor_5_7.pt
Epoch: 5.7 	 train loss: 0.1473, lr=0.000187

Compute loss and scores on test set:
step  % :  0.0  i/I =  0 / 5
Epoch: 5 	 step: 0.0000 
Epoch: 5 	 test_loss: 0.2093 and 12.43 fps
Len train loader =  7
Epoch: 6 	 sub-epoch: 0.0000 
step  % :  0.0  i/I =  0 / 7
Path :  /gpfsscratch/rech/ohv/ueu39kt/CFLOW/weights/TumorSeg_HES_individual_training_TNE0017/Tumor/6/TumorNormal_wide_resnet50_2_freia-cflow_pl3_cb8_inp384_run0_Tumor_6_0.pt
Saving weights to TumorNormal_wide_resnet50_2_freia-cflow_pl3_cb8_inp384_run0_Tumor_6_0.pt
Epoch: 6.0 	 train loss: 0.1440, lr=0.000181
Epoch: 6 	 sub-epoch: 1.0000 
step  % :  0.0  i/I =  0 / 7
Path :  /gpfsscratch/rech/ohv/ueu39kt/CFLOW/weights/TumorSeg_HES_individual_training_TNE0017/Tumor/6/TumorNormal_wide_resnet50_2_freia-cflow_pl3_cb8_inp384_run0_Tumor_6_1.pt
Saving weights to TumorNormal_wide_resnet50_2_freia-cflow_pl3_cb8_inp384_run0_Tumor_6_1.pt
Epoch: 6.1 	 train loss: 0.1448, lr=0.000181
Epoch: 6 	 sub-epoch: 2.0000 
step  % :  0.0  i/I =  0 / 7
Path :  /gpfsscratch/rech/ohv/ueu39kt/CFLOW/weights/TumorSeg_HES_individual_training_TNE0017/Tumor/6/TumorNormal_wide_resnet50_2_freia-cflow_pl3_cb8_inp384_run0_Tumor_6_2.pt
Saving weights to TumorNormal_wide_resnet50_2_freia-cflow_pl3_cb8_inp384_run0_Tumor_6_2.pt
Epoch: 6.2 	 train loss: 0.1431, lr=0.000181
Epoch: 6 	 sub-epoch: 3.0000 
step  % :  0.0  i/I =  0 / 7
Path :  /gpfsscratch/rech/ohv/ueu39kt/CFLOW/weights/TumorSeg_HES_individual_training_TNE0017/Tumor/6/TumorNormal_wide_resnet50_2_freia-cflow_pl3_cb8_inp384_run0_Tumor_6_3.pt
Saving weights to TumorNormal_wide_resnet50_2_freia-cflow_pl3_cb8_inp384_run0_Tumor_6_3.pt
Epoch: 6.3 	 train loss: 0.1422, lr=0.000181
Epoch: 6 	 sub-epoch: 4.0000 
step  % :  0.0  i/I =  0 / 7
Path :  /gpfsscratch/rech/ohv/ueu39kt/CFLOW/weights/TumorSeg_HES_individual_training_TNE0017/Tumor/6/TumorNormal_wide_resnet50_2_freia-cflow_pl3_cb8_inp384_run0_Tumor_6_4.pt
Saving weights to TumorNormal_wide_resnet50_2_freia-cflow_pl3_cb8_inp384_run0_Tumor_6_4.pt
Epoch: 6.4 	 train loss: 0.1408, lr=0.000181
Epoch: 6 	 sub-epoch: 5.0000 
step  % :  0.0  i/I =  0 / 7
Path :  /gpfsscratch/rech/ohv/ueu39kt/CFLOW/weights/TumorSeg_HES_individual_training_TNE0017/Tumor/6/TumorNormal_wide_resnet50_2_freia-cflow_pl3_cb8_inp384_run0_Tumor_6_5.pt
Saving weights to TumorNormal_wide_resnet50_2_freia-cflow_pl3_cb8_inp384_run0_Tumor_6_5.pt
Epoch: 6.5 	 train loss: 0.1398, lr=0.000181
Epoch: 6 	 sub-epoch: 6.0000 
step  % :  0.0  i/I =  0 / 7
Path :  /gpfsscratch/rech/ohv/ueu39kt/CFLOW/weights/TumorSeg_HES_individual_training_TNE0017/Tumor/6/TumorNormal_wide_resnet50_2_freia-cflow_pl3_cb8_inp384_run0_Tumor_6_6.pt
Saving weights to TumorNormal_wide_resnet50_2_freia-cflow_pl3_cb8_inp384_run0_Tumor_6_6.pt
Epoch: 6.6 	 train loss: 0.1403, lr=0.000181
Epoch: 6 	 sub-epoch: 7.0000 
step  % :  0.0  i/I =  0 / 7
Path :  /gpfsscratch/rech/ohv/ueu39kt/CFLOW/weights/TumorSeg_HES_individual_training_TNE0017/Tumor/6/TumorNormal_wide_resnet50_2_freia-cflow_pl3_cb8_inp384_run0_Tumor_6_7.pt
Saving weights to TumorNormal_wide_resnet50_2_freia-cflow_pl3_cb8_inp384_run0_Tumor_6_7.pt
Epoch: 6.7 	 train loss: 0.1365, lr=0.000181

Compute loss and scores on test set:
step  % :  0.0  i/I =  0 / 5
Epoch: 6 	 step: 0.0000 
Epoch: 6 	 test_loss: 0.2694 and 12.46 fps
Len train loader =  7
Epoch: 7 	 sub-epoch: 0.0000 
step  % :  0.0  i/I =  0 / 7
Path :  /gpfsscratch/rech/ohv/ueu39kt/CFLOW/weights/TumorSeg_HES_individual_training_TNE0017/Tumor/7/TumorNormal_wide_resnet50_2_freia-cflow_pl3_cb8_inp384_run0_Tumor_7_0.pt
Saving weights to TumorNormal_wide_resnet50_2_freia-cflow_pl3_cb8_inp384_run0_Tumor_7_0.pt
Epoch: 7.0 	 train loss: 0.1373, lr=0.000174
Epoch: 7 	 sub-epoch: 1.0000 
step  % :  0.0  i/I =  0 / 7
Path :  /gpfsscratch/rech/ohv/ueu39kt/CFLOW/weights/TumorSeg_HES_individual_training_TNE0017/Tumor/7/TumorNormal_wide_resnet50_2_freia-cflow_pl3_cb8_inp384_run0_Tumor_7_1.pt
Saving weights to TumorNormal_wide_resnet50_2_freia-cflow_pl3_cb8_inp384_run0_Tumor_7_1.pt
Epoch: 7.1 	 train loss: 0.1356, lr=0.000174
Epoch: 7 	 sub-epoch: 2.0000 
step  % :  0.0  i/I =  0 / 7
Path :  /gpfsscratch/rech/ohv/ueu39kt/CFLOW/weights/TumorSeg_HES_individual_training_TNE0017/Tumor/7/TumorNormal_wide_resnet50_2_freia-cflow_pl3_cb8_inp384_run0_Tumor_7_2.pt
Saving weights to TumorNormal_wide_resnet50_2_freia-cflow_pl3_cb8_inp384_run0_Tumor_7_2.pt
Epoch: 7.2 	 train loss: 0.1357, lr=0.000174
Epoch: 7 	 sub-epoch: 3.0000 
step  % :  0.0  i/I =  0 / 7
Path :  /gpfsscratch/rech/ohv/ueu39kt/CFLOW/weights/TumorSeg_HES_individual_training_TNE0017/Tumor/7/TumorNormal_wide_resnet50_2_freia-cflow_pl3_cb8_inp384_run0_Tumor_7_3.pt
Saving weights to TumorNormal_wide_resnet50_2_freia-cflow_pl3_cb8_inp384_run0_Tumor_7_3.pt
Epoch: 7.3 	 train loss: 0.1338, lr=0.000174
Epoch: 7 	 sub-epoch: 4.0000 
step  % :  0.0  i/I =  0 / 7
Path :  /gpfsscratch/rech/ohv/ueu39kt/CFLOW/weights/TumorSeg_HES_individual_training_TNE0017/Tumor/7/TumorNormal_wide_resnet50_2_freia-cflow_pl3_cb8_inp384_run0_Tumor_7_4.pt
Saving weights to TumorNormal_wide_resnet50_2_freia-cflow_pl3_cb8_inp384_run0_Tumor_7_4.pt
Epoch: 7.4 	 train loss: 0.1338, lr=0.000174
Epoch: 7 	 sub-epoch: 5.0000 
step  % :  0.0  i/I =  0 / 7
Path :  /gpfsscratch/rech/ohv/ueu39kt/CFLOW/weights/TumorSeg_HES_individual_training_TNE0017/Tumor/7/TumorNormal_wide_resnet50_2_freia-cflow_pl3_cb8_inp384_run0_Tumor_7_5.pt
Saving weights to TumorNormal_wide_resnet50_2_freia-cflow_pl3_cb8_inp384_run0_Tumor_7_5.pt
Epoch: 7.5 	 train loss: 0.1332, lr=0.000174
Epoch: 7 	 sub-epoch: 6.0000 
step  % :  0.0  i/I =  0 / 7
Path :  /gpfsscratch/rech/ohv/ueu39kt/CFLOW/weights/TumorSeg_HES_individual_training_TNE0017/Tumor/7/TumorNormal_wide_resnet50_2_freia-cflow_pl3_cb8_inp384_run0_Tumor_7_6.pt
Saving weights to TumorNormal_wide_resnet50_2_freia-cflow_pl3_cb8_inp384_run0_Tumor_7_6.pt
Epoch: 7.6 	 train loss: 0.1318, lr=0.000174
Epoch: 7 	 sub-epoch: 7.0000 
step  % :  0.0  i/I =  0 / 7
Path :  /gpfsscratch/rech/ohv/ueu39kt/CFLOW/weights/TumorSeg_HES_individual_training_TNE0017/Tumor/7/TumorNormal_wide_resnet50_2_freia-cflow_pl3_cb8_inp384_run0_Tumor_7_7.pt
Saving weights to TumorNormal_wide_resnet50_2_freia-cflow_pl3_cb8_inp384_run0_Tumor_7_7.pt
Epoch: 7.7 	 train loss: 0.1319, lr=0.000174

Compute loss and scores on test set:
step  % :  0.0  i/I =  0 / 5
Epoch: 7 	 step: 0.0000 
Epoch: 7 	 test_loss: 0.2138 and 15.04 fps
Len train loader =  7
Epoch: 8 	 sub-epoch: 0.0000 
step  % :  0.0  i/I =  0 / 7
Path :  /gpfsscratch/rech/ohv/ueu39kt/CFLOW/weights/TumorSeg_HES_individual_training_TNE0017/Tumor/8/TumorNormal_wide_resnet50_2_freia-cflow_pl3_cb8_inp384_run0_Tumor_8_0.pt
Saving weights to TumorNormal_wide_resnet50_2_freia-cflow_pl3_cb8_inp384_run0_Tumor_8_0.pt
Epoch: 8.0 	 train loss: 0.1301, lr=0.000167
Epoch: 8 	 sub-epoch: 1.0000 
step  % :  0.0  i/I =  0 / 7
Path :  /gpfsscratch/rech/ohv/ueu39kt/CFLOW/weights/TumorSeg_HES_individual_training_TNE0017/Tumor/8/TumorNormal_wide_resnet50_2_freia-cflow_pl3_cb8_inp384_run0_Tumor_8_1.pt
Saving weights to TumorNormal_wide_resnet50_2_freia-cflow_pl3_cb8_inp384_run0_Tumor_8_1.pt
Epoch: 8.1 	 train loss: 0.1293, lr=0.000167
Epoch: 8 	 sub-epoch: 2.0000 
step  % :  0.0  i/I =  0 / 7
Path :  /gpfsscratch/rech/ohv/ueu39kt/CFLOW/weights/TumorSeg_HES_individual_training_TNE0017/Tumor/8/TumorNormal_wide_resnet50_2_freia-cflow_pl3_cb8_inp384_run0_Tumor_8_2.pt
Saving weights to TumorNormal_wide_resnet50_2_freia-cflow_pl3_cb8_inp384_run0_Tumor_8_2.pt
Epoch: 8.2 	 train loss: 0.1308, lr=0.000167
Epoch: 8 	 sub-epoch: 3.0000 
step  % :  0.0  i/I =  0 / 7
Path :  /gpfsscratch/rech/ohv/ueu39kt/CFLOW/weights/TumorSeg_HES_individual_training_TNE0017/Tumor/8/TumorNormal_wide_resnet50_2_freia-cflow_pl3_cb8_inp384_run0_Tumor_8_3.pt
Saving weights to TumorNormal_wide_resnet50_2_freia-cflow_pl3_cb8_inp384_run0_Tumor_8_3.pt
Epoch: 8.3 	 train loss: 0.1281, lr=0.000167
Epoch: 8 	 sub-epoch: 4.0000 
step  % :  0.0  i/I =  0 / 7
Path :  /gpfsscratch/rech/ohv/ueu39kt/CFLOW/weights/TumorSeg_HES_individual_training_TNE0017/Tumor/8/TumorNormal_wide_resnet50_2_freia-cflow_pl3_cb8_inp384_run0_Tumor_8_4.pt
Saving weights to TumorNormal_wide_resnet50_2_freia-cflow_pl3_cb8_inp384_run0_Tumor_8_4.pt
Epoch: 8.4 	 train loss: 0.1278, lr=0.000167
Epoch: 8 	 sub-epoch: 5.0000 
step  % :  0.0  i/I =  0 / 7
Path :  /gpfsscratch/rech/ohv/ueu39kt/CFLOW/weights/TumorSeg_HES_individual_training_TNE0017/Tumor/8/TumorNormal_wide_resnet50_2_freia-cflow_pl3_cb8_inp384_run0_Tumor_8_5.pt
Saving weights to TumorNormal_wide_resnet50_2_freia-cflow_pl3_cb8_inp384_run0_Tumor_8_5.pt
Epoch: 8.5 	 train loss: 0.1273, lr=0.000167
Epoch: 8 	 sub-epoch: 6.0000 
step  % :  0.0  i/I =  0 / 7
Path :  /gpfsscratch/rech/ohv/ueu39kt/CFLOW/weights/TumorSeg_HES_individual_training_TNE0017/Tumor/8/TumorNormal_wide_resnet50_2_freia-cflow_pl3_cb8_inp384_run0_Tumor_8_6.pt
Saving weights to TumorNormal_wide_resnet50_2_freia-cflow_pl3_cb8_inp384_run0_Tumor_8_6.pt
Epoch: 8.6 	 train loss: 0.1272, lr=0.000167
Epoch: 8 	 sub-epoch: 7.0000 
step  % :  0.0  i/I =  0 / 7
Path :  /gpfsscratch/rech/ohv/ueu39kt/CFLOW/weights/TumorSeg_HES_individual_training_TNE0017/Tumor/8/TumorNormal_wide_resnet50_2_freia-cflow_pl3_cb8_inp384_run0_Tumor_8_7.pt
Saving weights to TumorNormal_wide_resnet50_2_freia-cflow_pl3_cb8_inp384_run0_Tumor_8_7.pt
Epoch: 8.7 	 train loss: 0.1257, lr=0.000167

Compute loss and scores on test set:
step  % :  0.0  i/I =  0 / 5
Epoch: 8 	 step: 0.0000 
Epoch: 8 	 test_loss: 0.2029 and 15.10 fps
Len train loader =  7
Epoch: 9 	 sub-epoch: 0.0000 
step  % :  0.0  i/I =  0 / 7
Path :  /gpfsscratch/rech/ohv/ueu39kt/CFLOW/weights/TumorSeg_HES_individual_training_TNE0017/Tumor/9/TumorNormal_wide_resnet50_2_freia-cflow_pl3_cb8_inp384_run0_Tumor_9_0.pt
Saving weights to TumorNormal_wide_resnet50_2_freia-cflow_pl3_cb8_inp384_run0_Tumor_9_0.pt
Epoch: 9.0 	 train loss: 0.1250, lr=0.000159
Epoch: 9 	 sub-epoch: 1.0000 
step  % :  0.0  i/I =  0 / 7
Path :  /gpfsscratch/rech/ohv/ueu39kt/CFLOW/weights/TumorSeg_HES_individual_training_TNE0017/Tumor/9/TumorNormal_wide_resnet50_2_freia-cflow_pl3_cb8_inp384_run0_Tumor_9_1.pt
Saving weights to TumorNormal_wide_resnet50_2_freia-cflow_pl3_cb8_inp384_run0_Tumor_9_1.pt
Epoch: 9.1 	 train loss: 0.1248, lr=0.000159
Epoch: 9 	 sub-epoch: 2.0000 
step  % :  0.0  i/I =  0 / 7
Path :  /gpfsscratch/rech/ohv/ueu39kt/CFLOW/weights/TumorSeg_HES_individual_training_TNE0017/Tumor/9/TumorNormal_wide_resnet50_2_freia-cflow_pl3_cb8_inp384_run0_Tumor_9_2.pt
Saving weights to TumorNormal_wide_resnet50_2_freia-cflow_pl3_cb8_inp384_run0_Tumor_9_2.pt
Epoch: 9.2 	 train loss: 0.1225, lr=0.000159
Epoch: 9 	 sub-epoch: 3.0000 
step  % :  0.0  i/I =  0 / 7
Path :  /gpfsscratch/rech/ohv/ueu39kt/CFLOW/weights/TumorSeg_HES_individual_training_TNE0017/Tumor/9/TumorNormal_wide_resnet50_2_freia-cflow_pl3_cb8_inp384_run0_Tumor_9_3.pt
Saving weights to TumorNormal_wide_resnet50_2_freia-cflow_pl3_cb8_inp384_run0_Tumor_9_3.pt
Epoch: 9.3 	 train loss: 0.1234, lr=0.000159
Epoch: 9 	 sub-epoch: 4.0000 
step  % :  0.0  i/I =  0 / 7
Path :  /gpfsscratch/rech/ohv/ueu39kt/CFLOW/weights/TumorSeg_HES_individual_training_TNE0017/Tumor/9/TumorNormal_wide_resnet50_2_freia-cflow_pl3_cb8_inp384_run0_Tumor_9_4.pt
Saving weights to TumorNormal_wide_resnet50_2_freia-cflow_pl3_cb8_inp384_run0_Tumor_9_4.pt
Epoch: 9.4 	 train loss: 0.1231, lr=0.000159
Epoch: 9 	 sub-epoch: 5.0000 
step  % :  0.0  i/I =  0 / 7
Path :  /gpfsscratch/rech/ohv/ueu39kt/CFLOW/weights/TumorSeg_HES_individual_training_TNE0017/Tumor/9/TumorNormal_wide_resnet50_2_freia-cflow_pl3_cb8_inp384_run0_Tumor_9_5.pt
Saving weights to TumorNormal_wide_resnet50_2_freia-cflow_pl3_cb8_inp384_run0_Tumor_9_5.pt
Epoch: 9.5 	 train loss: 0.1226, lr=0.000159
Epoch: 9 	 sub-epoch: 6.0000 
step  % :  0.0  i/I =  0 / 7
Path :  /gpfsscratch/rech/ohv/ueu39kt/CFLOW/weights/TumorSeg_HES_individual_training_TNE0017/Tumor/9/TumorNormal_wide_resnet50_2_freia-cflow_pl3_cb8_inp384_run0_Tumor_9_6.pt
Saving weights to TumorNormal_wide_resnet50_2_freia-cflow_pl3_cb8_inp384_run0_Tumor_9_6.pt
Epoch: 9.6 	 train loss: 0.1226, lr=0.000159
Epoch: 9 	 sub-epoch: 7.0000 
step  % :  0.0  i/I =  0 / 7
Path :  /gpfsscratch/rech/ohv/ueu39kt/CFLOW/weights/TumorSeg_HES_individual_training_TNE0017/Tumor/9/TumorNormal_wide_resnet50_2_freia-cflow_pl3_cb8_inp384_run0_Tumor_9_7.pt
Saving weights to TumorNormal_wide_resnet50_2_freia-cflow_pl3_cb8_inp384_run0_Tumor_9_7.pt
Epoch: 9.7 	 train loss: 0.1211, lr=0.000159

Compute loss and scores on test set:
step  % :  0.0  i/I =  0 / 5
Epoch: 9 	 step: 0.0000 
Epoch: 9 	 test_loss: 0.2560 and 15.07 fps
Len train loader =  7
Epoch: 10 	 sub-epoch: 0.0000 
step  % :  0.0  i/I =  0 / 7
Path :  /gpfsscratch/rech/ohv/ueu39kt/CFLOW/weights/TumorSeg_HES_individual_training_TNE0017/Tumor/10/TumorNormal_wide_resnet50_2_freia-cflow_pl3_cb8_inp384_run0_Tumor_10_0.pt
Saving weights to TumorNormal_wide_resnet50_2_freia-cflow_pl3_cb8_inp384_run0_Tumor_10_0.pt
Epoch: 10.0 	 train loss: 0.1212, lr=0.000150
Epoch: 10 	 sub-epoch: 1.0000 
step  % :  0.0  i/I =  0 / 7
Path :  /gpfsscratch/rech/ohv/ueu39kt/CFLOW/weights/TumorSeg_HES_individual_training_TNE0017/Tumor/10/TumorNormal_wide_resnet50_2_freia-cflow_pl3_cb8_inp384_run0_Tumor_10_1.pt
Saving weights to TumorNormal_wide_resnet50_2_freia-cflow_pl3_cb8_inp384_run0_Tumor_10_1.pt
Epoch: 10.1 	 train loss: 0.1199, lr=0.000150
Epoch: 10 	 sub-epoch: 2.0000 
step  % :  0.0  i/I =  0 / 7
Path :  /gpfsscratch/rech/ohv/ueu39kt/CFLOW/weights/TumorSeg_HES_individual_training_TNE0017/Tumor/10/TumorNormal_wide_resnet50_2_freia-cflow_pl3_cb8_inp384_run0_Tumor_10_2.pt
Saving weights to TumorNormal_wide_resnet50_2_freia-cflow_pl3_cb8_inp384_run0_Tumor_10_2.pt
Epoch: 10.2 	 train loss: 0.1195, lr=0.000150
Epoch: 10 	 sub-epoch: 3.0000 
step  % :  0.0  i/I =  0 / 7
Path :  /gpfsscratch/rech/ohv/ueu39kt/CFLOW/weights/TumorSeg_HES_individual_training_TNE0017/Tumor/10/TumorNormal_wide_resnet50_2_freia-cflow_pl3_cb8_inp384_run0_Tumor_10_3.pt
Saving weights to TumorNormal_wide_resnet50_2_freia-cflow_pl3_cb8_inp384_run0_Tumor_10_3.pt
Epoch: 10.3 	 train loss: 0.1194, lr=0.000150
Epoch: 10 	 sub-epoch: 4.0000 
step  % :  0.0  i/I =  0 / 7
Path :  /gpfsscratch/rech/ohv/ueu39kt/CFLOW/weights/TumorSeg_HES_individual_training_TNE0017/Tumor/10/TumorNormal_wide_resnet50_2_freia-cflow_pl3_cb8_inp384_run0_Tumor_10_4.pt
Saving weights to TumorNormal_wide_resnet50_2_freia-cflow_pl3_cb8_inp384_run0_Tumor_10_4.pt
Epoch: 10.4 	 train loss: 0.1193, lr=0.000150
Epoch: 10 	 sub-epoch: 5.0000 
step  % :  0.0  i/I =  0 / 7
Path :  /gpfsscratch/rech/ohv/ueu39kt/CFLOW/weights/TumorSeg_HES_individual_training_TNE0017/Tumor/10/TumorNormal_wide_resnet50_2_freia-cflow_pl3_cb8_inp384_run0_Tumor_10_5.pt
Saving weights to TumorNormal_wide_resnet50_2_freia-cflow_pl3_cb8_inp384_run0_Tumor_10_5.pt
Epoch: 10.5 	 train loss: 0.1187, lr=0.000150
Epoch: 10 	 sub-epoch: 6.0000 
step  % :  0.0  i/I =  0 / 7
Path :  /gpfsscratch/rech/ohv/ueu39kt/CFLOW/weights/TumorSeg_HES_individual_training_TNE0017/Tumor/10/TumorNormal_wide_resnet50_2_freia-cflow_pl3_cb8_inp384_run0_Tumor_10_6.pt
Saving weights to TumorNormal_wide_resnet50_2_freia-cflow_pl3_cb8_inp384_run0_Tumor_10_6.pt
Epoch: 10.6 	 train loss: 0.1183, lr=0.000150
Epoch: 10 	 sub-epoch: 7.0000 
step  % :  0.0  i/I =  0 / 7
Path :  /gpfsscratch/rech/ohv/ueu39kt/CFLOW/weights/TumorSeg_HES_individual_training_TNE0017/Tumor/10/TumorNormal_wide_resnet50_2_freia-cflow_pl3_cb8_inp384_run0_Tumor_10_7.pt
Saving weights to TumorNormal_wide_resnet50_2_freia-cflow_pl3_cb8_inp384_run0_Tumor_10_7.pt
Epoch: 10.7 	 train loss: 0.1177, lr=0.000150

Compute loss and scores on test set:
step  % :  0.0  i/I =  0 / 5
Epoch: 10 	 step: 0.0000 
Epoch: 10 	 test_loss: 0.4276 and 12.38 fps
Len train loader =  7
Epoch: 11 	 sub-epoch: 0.0000 
step  % :  0.0  i/I =  0 / 7
Path :  /gpfsscratch/rech/ohv/ueu39kt/CFLOW/weights/TumorSeg_HES_individual_training_TNE0017/Tumor/11/TumorNormal_wide_resnet50_2_freia-cflow_pl3_cb8_inp384_run0_Tumor_11_0.pt
Saving weights to TumorNormal_wide_resnet50_2_freia-cflow_pl3_cb8_inp384_run0_Tumor_11_0.pt
Epoch: 11.0 	 train loss: 0.1188, lr=0.000141
Epoch: 11 	 sub-epoch: 1.0000 
step  % :  0.0  i/I =  0 / 7
Path :  /gpfsscratch/rech/ohv/ueu39kt/CFLOW/weights/TumorSeg_HES_individual_training_TNE0017/Tumor/11/TumorNormal_wide_resnet50_2_freia-cflow_pl3_cb8_inp384_run0_Tumor_11_1.pt
Saving weights to TumorNormal_wide_resnet50_2_freia-cflow_pl3_cb8_inp384_run0_Tumor_11_1.pt
Epoch: 11.1 	 train loss: 0.1165, lr=0.000141
Epoch: 11 	 sub-epoch: 2.0000 
step  % :  0.0  i/I =  0 / 7
Path :  /gpfsscratch/rech/ohv/ueu39kt/CFLOW/weights/TumorSeg_HES_individual_training_TNE0017/Tumor/11/TumorNormal_wide_resnet50_2_freia-cflow_pl3_cb8_inp384_run0_Tumor_11_2.pt
Saving weights to TumorNormal_wide_resnet50_2_freia-cflow_pl3_cb8_inp384_run0_Tumor_11_2.pt
Epoch: 11.2 	 train loss: 0.1173, lr=0.000141
Epoch: 11 	 sub-epoch: 3.0000 
step  % :  0.0  i/I =  0 / 7
Path :  /gpfsscratch/rech/ohv/ueu39kt/CFLOW/weights/TumorSeg_HES_individual_training_TNE0017/Tumor/11/TumorNormal_wide_resnet50_2_freia-cflow_pl3_cb8_inp384_run0_Tumor_11_3.pt
Saving weights to TumorNormal_wide_resnet50_2_freia-cflow_pl3_cb8_inp384_run0_Tumor_11_3.pt
Epoch: 11.3 	 train loss: 0.1164, lr=0.000141
Epoch: 11 	 sub-epoch: 4.0000 
step  % :  0.0  i/I =  0 / 7
Path :  /gpfsscratch/rech/ohv/ueu39kt/CFLOW/weights/TumorSeg_HES_individual_training_TNE0017/Tumor/11/TumorNormal_wide_resnet50_2_freia-cflow_pl3_cb8_inp384_run0_Tumor_11_4.pt
Saving weights to TumorNormal_wide_resnet50_2_freia-cflow_pl3_cb8_inp384_run0_Tumor_11_4.pt
Epoch: 11.4 	 train loss: 0.1147, lr=0.000141
Epoch: 11 	 sub-epoch: 5.0000 
step  % :  0.0  i/I =  0 / 7
Path :  /gpfsscratch/rech/ohv/ueu39kt/CFLOW/weights/TumorSeg_HES_individual_training_TNE0017/Tumor/11/TumorNormal_wide_resnet50_2_freia-cflow_pl3_cb8_inp384_run0_Tumor_11_5.pt
Saving weights to TumorNormal_wide_resnet50_2_freia-cflow_pl3_cb8_inp384_run0_Tumor_11_5.pt
Epoch: 11.5 	 train loss: 0.1148, lr=0.000141
Epoch: 11 	 sub-epoch: 6.0000 
step  % :  0.0  i/I =  0 / 7
Path :  /gpfsscratch/rech/ohv/ueu39kt/CFLOW/weights/TumorSeg_HES_individual_training_TNE0017/Tumor/11/TumorNormal_wide_resnet50_2_freia-cflow_pl3_cb8_inp384_run0_Tumor_11_6.pt
Saving weights to TumorNormal_wide_resnet50_2_freia-cflow_pl3_cb8_inp384_run0_Tumor_11_6.pt
Epoch: 11.6 	 train loss: 0.1147, lr=0.000141
Epoch: 11 	 sub-epoch: 7.0000 
step  % :  0.0  i/I =  0 / 7
Path :  /gpfsscratch/rech/ohv/ueu39kt/CFLOW/weights/TumorSeg_HES_individual_training_TNE0017/Tumor/11/TumorNormal_wide_resnet50_2_freia-cflow_pl3_cb8_inp384_run0_Tumor_11_7.pt
Saving weights to TumorNormal_wide_resnet50_2_freia-cflow_pl3_cb8_inp384_run0_Tumor_11_7.pt
Epoch: 11.7 	 train loss: 0.1161, lr=0.000141

Compute loss and scores on test set:
step  % :  0.0  i/I =  0 / 5
Epoch: 11 	 step: 0.0000 
Epoch: 11 	 test_loss: 0.5566 and 15.03 fps
Len train loader =  7
Epoch: 12 	 sub-epoch: 0.0000 
step  % :  0.0  i/I =  0 / 7
Path :  /gpfsscratch/rech/ohv/ueu39kt/CFLOW/weights/TumorSeg_HES_individual_training_TNE0017/Tumor/12/TumorNormal_wide_resnet50_2_freia-cflow_pl3_cb8_inp384_run0_Tumor_12_0.pt
Saving weights to TumorNormal_wide_resnet50_2_freia-cflow_pl3_cb8_inp384_run0_Tumor_12_0.pt
Epoch: 12.0 	 train loss: 0.1131, lr=0.000131
Epoch: 12 	 sub-epoch: 1.0000 
step  % :  0.0  i/I =  0 / 7
Path :  /gpfsscratch/rech/ohv/ueu39kt/CFLOW/weights/TumorSeg_HES_individual_training_TNE0017/Tumor/12/TumorNormal_wide_resnet50_2_freia-cflow_pl3_cb8_inp384_run0_Tumor_12_1.pt
Saving weights to TumorNormal_wide_resnet50_2_freia-cflow_pl3_cb8_inp384_run0_Tumor_12_1.pt
Epoch: 12.1 	 train loss: 0.1131, lr=0.000131
Epoch: 12 	 sub-epoch: 2.0000 
step  % :  0.0  i/I =  0 / 7
Path :  /gpfsscratch/rech/ohv/ueu39kt/CFLOW/weights/TumorSeg_HES_individual_training_TNE0017/Tumor/12/TumorNormal_wide_resnet50_2_freia-cflow_pl3_cb8_inp384_run0_Tumor_12_2.pt
Saving weights to TumorNormal_wide_resnet50_2_freia-cflow_pl3_cb8_inp384_run0_Tumor_12_2.pt
Epoch: 12.2 	 train loss: 0.1131, lr=0.000131
Epoch: 12 	 sub-epoch: 3.0000 
step  % :  0.0  i/I =  0 / 7
Path :  /gpfsscratch/rech/ohv/ueu39kt/CFLOW/weights/TumorSeg_HES_individual_training_TNE0017/Tumor/12/TumorNormal_wide_resnet50_2_freia-cflow_pl3_cb8_inp384_run0_Tumor_12_3.pt
Saving weights to TumorNormal_wide_resnet50_2_freia-cflow_pl3_cb8_inp384_run0_Tumor_12_3.pt
Epoch: 12.3 	 train loss: 0.1123, lr=0.000131
Epoch: 12 	 sub-epoch: 4.0000 
step  % :  0.0  i/I =  0 / 7
Path :  /gpfsscratch/rech/ohv/ueu39kt/CFLOW/weights/TumorSeg_HES_individual_training_TNE0017/Tumor/12/TumorNormal_wide_resnet50_2_freia-cflow_pl3_cb8_inp384_run0_Tumor_12_4.pt
Saving weights to TumorNormal_wide_resnet50_2_freia-cflow_pl3_cb8_inp384_run0_Tumor_12_4.pt
Epoch: 12.4 	 train loss: 0.1139, lr=0.000131
Epoch: 12 	 sub-epoch: 5.0000 
step  % :  0.0  i/I =  0 / 7
Path :  /gpfsscratch/rech/ohv/ueu39kt/CFLOW/weights/TumorSeg_HES_individual_training_TNE0017/Tumor/12/TumorNormal_wide_resnet50_2_freia-cflow_pl3_cb8_inp384_run0_Tumor_12_5.pt
Saving weights to TumorNormal_wide_resnet50_2_freia-cflow_pl3_cb8_inp384_run0_Tumor_12_5.pt
Epoch: 12.5 	 train loss: 0.1122, lr=0.000131
Epoch: 12 	 sub-epoch: 6.0000 
step  % :  0.0  i/I =  0 / 7
Path :  /gpfsscratch/rech/ohv/ueu39kt/CFLOW/weights/TumorSeg_HES_individual_training_TNE0017/Tumor/12/TumorNormal_wide_resnet50_2_freia-cflow_pl3_cb8_inp384_run0_Tumor_12_6.pt
Saving weights to TumorNormal_wide_resnet50_2_freia-cflow_pl3_cb8_inp384_run0_Tumor_12_6.pt
Epoch: 12.6 	 train loss: 0.1113, lr=0.000131
Epoch: 12 	 sub-epoch: 7.0000 
step  % :  0.0  i/I =  0 / 7
Path :  /gpfsscratch/rech/ohv/ueu39kt/CFLOW/weights/TumorSeg_HES_individual_training_TNE0017/Tumor/12/TumorNormal_wide_resnet50_2_freia-cflow_pl3_cb8_inp384_run0_Tumor_12_7.pt
Saving weights to TumorNormal_wide_resnet50_2_freia-cflow_pl3_cb8_inp384_run0_Tumor_12_7.pt
Epoch: 12.7 	 train loss: 0.1111, lr=0.000131

Compute loss and scores on test set:
step  % :  0.0  i/I =  0 / 5
Epoch: 12 	 step: 0.0000 
Epoch: 12 	 test_loss: 2.9934 and 15.12 fps
Len train loader =  7
Epoch: 13 	 sub-epoch: 0.0000 
step  % :  0.0  i/I =  0 / 7
Path :  /gpfsscratch/rech/ohv/ueu39kt/CFLOW/weights/TumorSeg_HES_individual_training_TNE0017/Tumor/13/TumorNormal_wide_resnet50_2_freia-cflow_pl3_cb8_inp384_run0_Tumor_13_0.pt
Saving weights to TumorNormal_wide_resnet50_2_freia-cflow_pl3_cb8_inp384_run0_Tumor_13_0.pt
Epoch: 13.0 	 train loss: 0.1109, lr=0.000121
Epoch: 13 	 sub-epoch: 1.0000 
step  % :  0.0  i/I =  0 / 7
Path :  /gpfsscratch/rech/ohv/ueu39kt/CFLOW/weights/TumorSeg_HES_individual_training_TNE0017/Tumor/13/TumorNormal_wide_resnet50_2_freia-cflow_pl3_cb8_inp384_run0_Tumor_13_1.pt
Saving weights to TumorNormal_wide_resnet50_2_freia-cflow_pl3_cb8_inp384_run0_Tumor_13_1.pt
Epoch: 13.1 	 train loss: 0.1101, lr=0.000121
Epoch: 13 	 sub-epoch: 2.0000 
step  % :  0.0  i/I =  0 / 7
Path :  /gpfsscratch/rech/ohv/ueu39kt/CFLOW/weights/TumorSeg_HES_individual_training_TNE0017/Tumor/13/TumorNormal_wide_resnet50_2_freia-cflow_pl3_cb8_inp384_run0_Tumor_13_2.pt
Saving weights to TumorNormal_wide_resnet50_2_freia-cflow_pl3_cb8_inp384_run0_Tumor_13_2.pt
Epoch: 13.2 	 train loss: 0.1105, lr=0.000121
Epoch: 13 	 sub-epoch: 3.0000 
step  % :  0.0  i/I =  0 / 7
Path :  /gpfsscratch/rech/ohv/ueu39kt/CFLOW/weights/TumorSeg_HES_individual_training_TNE0017/Tumor/13/TumorNormal_wide_resnet50_2_freia-cflow_pl3_cb8_inp384_run0_Tumor_13_3.pt
Saving weights to TumorNormal_wide_resnet50_2_freia-cflow_pl3_cb8_inp384_run0_Tumor_13_3.pt
Epoch: 13.3 	 train loss: 0.1097, lr=0.000121
Epoch: 13 	 sub-epoch: 4.0000 
step  % :  0.0  i/I =  0 / 7
Path :  /gpfsscratch/rech/ohv/ueu39kt/CFLOW/weights/TumorSeg_HES_individual_training_TNE0017/Tumor/13/TumorNormal_wide_resnet50_2_freia-cflow_pl3_cb8_inp384_run0_Tumor_13_4.pt
Saving weights to TumorNormal_wide_resnet50_2_freia-cflow_pl3_cb8_inp384_run0_Tumor_13_4.pt
Epoch: 13.4 	 train loss: 0.1098, lr=0.000121
Epoch: 13 	 sub-epoch: 5.0000 
step  % :  0.0  i/I =  0 / 7
Path :  /gpfsscratch/rech/ohv/ueu39kt/CFLOW/weights/TumorSeg_HES_individual_training_TNE0017/Tumor/13/TumorNormal_wide_resnet50_2_freia-cflow_pl3_cb8_inp384_run0_Tumor_13_5.pt
Saving weights to TumorNormal_wide_resnet50_2_freia-cflow_pl3_cb8_inp384_run0_Tumor_13_5.pt
Epoch: 13.5 	 train loss: 0.1097, lr=0.000121
Epoch: 13 	 sub-epoch: 6.0000 
step  % :  0.0  i/I =  0 / 7
Path :  /gpfsscratch/rech/ohv/ueu39kt/CFLOW/weights/TumorSeg_HES_individual_training_TNE0017/Tumor/13/TumorNormal_wide_resnet50_2_freia-cflow_pl3_cb8_inp384_run0_Tumor_13_6.pt
Saving weights to TumorNormal_wide_resnet50_2_freia-cflow_pl3_cb8_inp384_run0_Tumor_13_6.pt
Epoch: 13.6 	 train loss: 0.1093, lr=0.000121
Epoch: 13 	 sub-epoch: 7.0000 
step  % :  0.0  i/I =  0 / 7
Path :  /gpfsscratch/rech/ohv/ueu39kt/CFLOW/weights/TumorSeg_HES_individual_training_TNE0017/Tumor/13/TumorNormal_wide_resnet50_2_freia-cflow_pl3_cb8_inp384_run0_Tumor_13_7.pt
Saving weights to TumorNormal_wide_resnet50_2_freia-cflow_pl3_cb8_inp384_run0_Tumor_13_7.pt
Epoch: 13.7 	 train loss: 0.1095, lr=0.000121

Compute loss and scores on test set:
step  % :  0.0  i/I =  0 / 5
Epoch: 13 	 step: 0.0000 
Epoch: 13 	 test_loss: 25.2894 and 12.44 fps
Len train loader =  7
Epoch: 14 	 sub-epoch: 0.0000 
step  % :  0.0  i/I =  0 / 7
Path :  /gpfsscratch/rech/ohv/ueu39kt/CFLOW/weights/TumorSeg_HES_individual_training_TNE0017/Tumor/14/TumorNormal_wide_resnet50_2_freia-cflow_pl3_cb8_inp384_run0_Tumor_14_0.pt
Saving weights to TumorNormal_wide_resnet50_2_freia-cflow_pl3_cb8_inp384_run0_Tumor_14_0.pt
Epoch: 14.0 	 train loss: 0.1081, lr=0.000111
Epoch: 14 	 sub-epoch: 1.0000 
step  % :  0.0  i/I =  0 / 7
Path :  /gpfsscratch/rech/ohv/ueu39kt/CFLOW/weights/TumorSeg_HES_individual_training_TNE0017/Tumor/14/TumorNormal_wide_resnet50_2_freia-cflow_pl3_cb8_inp384_run0_Tumor_14_1.pt
Saving weights to TumorNormal_wide_resnet50_2_freia-cflow_pl3_cb8_inp384_run0_Tumor_14_1.pt
Epoch: 14.1 	 train loss: 0.1075, lr=0.000111
Epoch: 14 	 sub-epoch: 2.0000 
step  % :  0.0  i/I =  0 / 7
Path :  /gpfsscratch/rech/ohv/ueu39kt/CFLOW/weights/TumorSeg_HES_individual_training_TNE0017/Tumor/14/TumorNormal_wide_resnet50_2_freia-cflow_pl3_cb8_inp384_run0_Tumor_14_2.pt
Saving weights to TumorNormal_wide_resnet50_2_freia-cflow_pl3_cb8_inp384_run0_Tumor_14_2.pt
Epoch: 14.2 	 train loss: 0.1078, lr=0.000111
Epoch: 14 	 sub-epoch: 3.0000 
step  % :  0.0  i/I =  0 / 7
Path :  /gpfsscratch/rech/ohv/ueu39kt/CFLOW/weights/TumorSeg_HES_individual_training_TNE0017/Tumor/14/TumorNormal_wide_resnet50_2_freia-cflow_pl3_cb8_inp384_run0_Tumor_14_3.pt
Saving weights to TumorNormal_wide_resnet50_2_freia-cflow_pl3_cb8_inp384_run0_Tumor_14_3.pt
Epoch: 14.3 	 train loss: 0.1073, lr=0.000111
Epoch: 14 	 sub-epoch: 4.0000 
step  % :  0.0  i/I =  0 / 7
Path :  /gpfsscratch/rech/ohv/ueu39kt/CFLOW/weights/TumorSeg_HES_individual_training_TNE0017/Tumor/14/TumorNormal_wide_resnet50_2_freia-cflow_pl3_cb8_inp384_run0_Tumor_14_4.pt
Saving weights to TumorNormal_wide_resnet50_2_freia-cflow_pl3_cb8_inp384_run0_Tumor_14_4.pt
Epoch: 14.4 	 train loss: 0.1074, lr=0.000111
Epoch: 14 	 sub-epoch: 5.0000 
step  % :  0.0  i/I =  0 / 7
Path :  /gpfsscratch/rech/ohv/ueu39kt/CFLOW/weights/TumorSeg_HES_individual_training_TNE0017/Tumor/14/TumorNormal_wide_resnet50_2_freia-cflow_pl3_cb8_inp384_run0_Tumor_14_5.pt
Saving weights to TumorNormal_wide_resnet50_2_freia-cflow_pl3_cb8_inp384_run0_Tumor_14_5.pt
Epoch: 14.5 	 train loss: 0.1075, lr=0.000111
Epoch: 14 	 sub-epoch: 6.0000 
step  % :  0.0  i/I =  0 / 7
Path :  /gpfsscratch/rech/ohv/ueu39kt/CFLOW/weights/TumorSeg_HES_individual_training_TNE0017/Tumor/14/TumorNormal_wide_resnet50_2_freia-cflow_pl3_cb8_inp384_run0_Tumor_14_6.pt
Saving weights to TumorNormal_wide_resnet50_2_freia-cflow_pl3_cb8_inp384_run0_Tumor_14_6.pt
Epoch: 14.6 	 train loss: 0.1067, lr=0.000111
Epoch: 14 	 sub-epoch: 7.0000 
step  % :  0.0  i/I =  0 / 7
Path :  /gpfsscratch/rech/ohv/ueu39kt/CFLOW/weights/TumorSeg_HES_individual_training_TNE0017/Tumor/14/TumorNormal_wide_resnet50_2_freia-cflow_pl3_cb8_inp384_run0_Tumor_14_7.pt
Saving weights to TumorNormal_wide_resnet50_2_freia-cflow_pl3_cb8_inp384_run0_Tumor_14_7.pt
Epoch: 14.7 	 train loss: 0.1075, lr=0.000111

Compute loss and scores on test set:
step  % :  0.0  i/I =  0 / 5
Epoch: 14 	 step: 0.0000 
Epoch: 14 	 test_loss: 51.1550 and 15.08 fps
Len train loader =  7
Epoch: 15 	 sub-epoch: 0.0000 
step  % :  0.0  i/I =  0 / 7
Path :  /gpfsscratch/rech/ohv/ueu39kt/CFLOW/weights/TumorSeg_HES_individual_training_TNE0017/Tumor/15/TumorNormal_wide_resnet50_2_freia-cflow_pl3_cb8_inp384_run0_Tumor_15_0.pt
Saving weights to TumorNormal_wide_resnet50_2_freia-cflow_pl3_cb8_inp384_run0_Tumor_15_0.pt
Epoch: 15.0 	 train loss: 0.1052, lr=0.000100
Epoch: 15 	 sub-epoch: 1.0000 
step  % :  0.0  i/I =  0 / 7
Path :  /gpfsscratch/rech/ohv/ueu39kt/CFLOW/weights/TumorSeg_HES_individual_training_TNE0017/Tumor/15/TumorNormal_wide_resnet50_2_freia-cflow_pl3_cb8_inp384_run0_Tumor_15_1.pt
Saving weights to TumorNormal_wide_resnet50_2_freia-cflow_pl3_cb8_inp384_run0_Tumor_15_1.pt
Epoch: 15.1 	 train loss: 0.1057, lr=0.000100
Epoch: 15 	 sub-epoch: 2.0000 
step  % :  0.0  i/I =  0 / 7
Path :  /gpfsscratch/rech/ohv/ueu39kt/CFLOW/weights/TumorSeg_HES_individual_training_TNE0017/Tumor/15/TumorNormal_wide_resnet50_2_freia-cflow_pl3_cb8_inp384_run0_Tumor_15_2.pt
Saving weights to TumorNormal_wide_resnet50_2_freia-cflow_pl3_cb8_inp384_run0_Tumor_15_2.pt
Epoch: 15.2 	 train loss: 0.1046, lr=0.000100
Epoch: 15 	 sub-epoch: 3.0000 
step  % :  0.0  i/I =  0 / 7
Path :  /gpfsscratch/rech/ohv/ueu39kt/CFLOW/weights/TumorSeg_HES_individual_training_TNE0017/Tumor/15/TumorNormal_wide_resnet50_2_freia-cflow_pl3_cb8_inp384_run0_Tumor_15_3.pt
Saving weights to TumorNormal_wide_resnet50_2_freia-cflow_pl3_cb8_inp384_run0_Tumor_15_3.pt
Epoch: 15.3 	 train loss: 0.1053, lr=0.000100
Epoch: 15 	 sub-epoch: 4.0000 
step  % :  0.0  i/I =  0 / 7
Path :  /gpfsscratch/rech/ohv/ueu39kt/CFLOW/weights/TumorSeg_HES_individual_training_TNE0017/Tumor/15/TumorNormal_wide_resnet50_2_freia-cflow_pl3_cb8_inp384_run0_Tumor_15_4.pt
Saving weights to TumorNormal_wide_resnet50_2_freia-cflow_pl3_cb8_inp384_run0_Tumor_15_4.pt
Epoch: 15.4 	 train loss: 0.1052, lr=0.000100
Epoch: 15 	 sub-epoch: 5.0000 
step  % :  0.0  i/I =  0 / 7
Path :  /gpfsscratch/rech/ohv/ueu39kt/CFLOW/weights/TumorSeg_HES_individual_training_TNE0017/Tumor/15/TumorNormal_wide_resnet50_2_freia-cflow_pl3_cb8_inp384_run0_Tumor_15_5.pt
Saving weights to TumorNormal_wide_resnet50_2_freia-cflow_pl3_cb8_inp384_run0_Tumor_15_5.pt
Epoch: 15.5 	 train loss: 0.1045, lr=0.000100
Epoch: 15 	 sub-epoch: 6.0000 
step  % :  0.0  i/I =  0 / 7
Path :  /gpfsscratch/rech/ohv/ueu39kt/CFLOW/weights/TumorSeg_HES_individual_training_TNE0017/Tumor/15/TumorNormal_wide_resnet50_2_freia-cflow_pl3_cb8_inp384_run0_Tumor_15_6.pt
Saving weights to TumorNormal_wide_resnet50_2_freia-cflow_pl3_cb8_inp384_run0_Tumor_15_6.pt
Epoch: 15.6 	 train loss: 0.1051, lr=0.000100
Epoch: 15 	 sub-epoch: 7.0000 
step  % :  0.0  i/I =  0 / 7
Path :  /gpfsscratch/rech/ohv/ueu39kt/CFLOW/weights/TumorSeg_HES_individual_training_TNE0017/Tumor/15/TumorNormal_wide_resnet50_2_freia-cflow_pl3_cb8_inp384_run0_Tumor_15_7.pt
Saving weights to TumorNormal_wide_resnet50_2_freia-cflow_pl3_cb8_inp384_run0_Tumor_15_7.pt
Epoch: 15.7 	 train loss: 0.1043, lr=0.000100

Compute loss and scores on test set:
step  % :  0.0  i/I =  0 / 5
Epoch: 15 	 step: 0.0000 
Epoch: 15 	 test_loss: 33.3679 and 15.02 fps
Len train loader =  7
Epoch: 16 	 sub-epoch: 0.0000 
step  % :  0.0  i/I =  0 / 7
Path :  /gpfsscratch/rech/ohv/ueu39kt/CFLOW/weights/TumorSeg_HES_individual_training_TNE0017/Tumor/16/TumorNormal_wide_resnet50_2_freia-cflow_pl3_cb8_inp384_run0_Tumor_16_0.pt
Saving weights to TumorNormal_wide_resnet50_2_freia-cflow_pl3_cb8_inp384_run0_Tumor_16_0.pt
Epoch: 16.0 	 train loss: 0.1038, lr=0.000090
Epoch: 16 	 sub-epoch: 1.0000 
step  % :  0.0  i/I =  0 / 7
Path :  /gpfsscratch/rech/ohv/ueu39kt/CFLOW/weights/TumorSeg_HES_individual_training_TNE0017/Tumor/16/TumorNormal_wide_resnet50_2_freia-cflow_pl3_cb8_inp384_run0_Tumor_16_1.pt
Saving weights to TumorNormal_wide_resnet50_2_freia-cflow_pl3_cb8_inp384_run0_Tumor_16_1.pt
Epoch: 16.1 	 train loss: 0.1026, lr=0.000090
Epoch: 16 	 sub-epoch: 2.0000 
step  % :  0.0  i/I =  0 / 7
Path :  /gpfsscratch/rech/ohv/ueu39kt/CFLOW/weights/TumorSeg_HES_individual_training_TNE0017/Tumor/16/TumorNormal_wide_resnet50_2_freia-cflow_pl3_cb8_inp384_run0_Tumor_16_2.pt
Saving weights to TumorNormal_wide_resnet50_2_freia-cflow_pl3_cb8_inp384_run0_Tumor_16_2.pt
Epoch: 16.2 	 train loss: 0.1040, lr=0.000090
Epoch: 16 	 sub-epoch: 3.0000 
step  % :  0.0  i/I =  0 / 7
Path :  /gpfsscratch/rech/ohv/ueu39kt/CFLOW/weights/TumorSeg_HES_individual_training_TNE0017/Tumor/16/TumorNormal_wide_resnet50_2_freia-cflow_pl3_cb8_inp384_run0_Tumor_16_3.pt
Saving weights to TumorNormal_wide_resnet50_2_freia-cflow_pl3_cb8_inp384_run0_Tumor_16_3.pt
Epoch: 16.3 	 train loss: 0.1029, lr=0.000090
Epoch: 16 	 sub-epoch: 4.0000 
step  % :  0.0  i/I =  0 / 7
Path :  /gpfsscratch/rech/ohv/ueu39kt/CFLOW/weights/TumorSeg_HES_individual_training_TNE0017/Tumor/16/TumorNormal_wide_resnet50_2_freia-cflow_pl3_cb8_inp384_run0_Tumor_16_4.pt
Saving weights to TumorNormal_wide_resnet50_2_freia-cflow_pl3_cb8_inp384_run0_Tumor_16_4.pt
Epoch: 16.4 	 train loss: 0.1029, lr=0.000090
Epoch: 16 	 sub-epoch: 5.0000 
step  % :  0.0  i/I =  0 / 7
Path :  /gpfsscratch/rech/ohv/ueu39kt/CFLOW/weights/TumorSeg_HES_individual_training_TNE0017/Tumor/16/TumorNormal_wide_resnet50_2_freia-cflow_pl3_cb8_inp384_run0_Tumor_16_5.pt
Saving weights to TumorNormal_wide_resnet50_2_freia-cflow_pl3_cb8_inp384_run0_Tumor_16_5.pt
Epoch: 16.5 	 train loss: 0.1033, lr=0.000090
Epoch: 16 	 sub-epoch: 6.0000 
step  % :  0.0  i/I =  0 / 7
Path :  /gpfsscratch/rech/ohv/ueu39kt/CFLOW/weights/TumorSeg_HES_individual_training_TNE0017/Tumor/16/TumorNormal_wide_resnet50_2_freia-cflow_pl3_cb8_inp384_run0_Tumor_16_6.pt
Saving weights to TumorNormal_wide_resnet50_2_freia-cflow_pl3_cb8_inp384_run0_Tumor_16_6.pt
Epoch: 16.6 	 train loss: 0.1024, lr=0.000090
Epoch: 16 	 sub-epoch: 7.0000 
step  % :  0.0  i/I =  0 / 7
Path :  /gpfsscratch/rech/ohv/ueu39kt/CFLOW/weights/TumorSeg_HES_individual_training_TNE0017/Tumor/16/TumorNormal_wide_resnet50_2_freia-cflow_pl3_cb8_inp384_run0_Tumor_16_7.pt
Saving weights to TumorNormal_wide_resnet50_2_freia-cflow_pl3_cb8_inp384_run0_Tumor_16_7.pt
Epoch: 16.7 	 train loss: 0.1037, lr=0.000090

Compute loss and scores on test set:
step  % :  0.0  i/I =  0 / 5
Epoch: 16 	 step: 0.0000 
Epoch: 16 	 test_loss: 213.8820 and 12.50 fps
Len train loader =  7
Epoch: 17 	 sub-epoch: 0.0000 
step  % :  0.0  i/I =  0 / 7
Path :  /gpfsscratch/rech/ohv/ueu39kt/CFLOW/weights/TumorSeg_HES_individual_training_TNE0017/Tumor/17/TumorNormal_wide_resnet50_2_freia-cflow_pl3_cb8_inp384_run0_Tumor_17_0.pt
Saving weights to TumorNormal_wide_resnet50_2_freia-cflow_pl3_cb8_inp384_run0_Tumor_17_0.pt
Epoch: 17.0 	 train loss: 0.1013, lr=0.000079
Epoch: 17 	 sub-epoch: 1.0000 
step  % :  0.0  i/I =  0 / 7
Path :  /gpfsscratch/rech/ohv/ueu39kt/CFLOW/weights/TumorSeg_HES_individual_training_TNE0017/Tumor/17/TumorNormal_wide_resnet50_2_freia-cflow_pl3_cb8_inp384_run0_Tumor_17_1.pt
Saving weights to TumorNormal_wide_resnet50_2_freia-cflow_pl3_cb8_inp384_run0_Tumor_17_1.pt
Epoch: 17.1 	 train loss: 0.1013, lr=0.000079
Epoch: 17 	 sub-epoch: 2.0000 
step  % :  0.0  i/I =  0 / 7
Path :  /gpfsscratch/rech/ohv/ueu39kt/CFLOW/weights/TumorSeg_HES_individual_training_TNE0017/Tumor/17/TumorNormal_wide_resnet50_2_freia-cflow_pl3_cb8_inp384_run0_Tumor_17_2.pt
Saving weights to TumorNormal_wide_resnet50_2_freia-cflow_pl3_cb8_inp384_run0_Tumor_17_2.pt
Epoch: 17.2 	 train loss: 0.1011, lr=0.000079
Epoch: 17 	 sub-epoch: 3.0000 
step  % :  0.0  i/I =  0 / 7
Path :  /gpfsscratch/rech/ohv/ueu39kt/CFLOW/weights/TumorSeg_HES_individual_training_TNE0017/Tumor/17/TumorNormal_wide_resnet50_2_freia-cflow_pl3_cb8_inp384_run0_Tumor_17_3.pt
Saving weights to TumorNormal_wide_resnet50_2_freia-cflow_pl3_cb8_inp384_run0_Tumor_17_3.pt
Epoch: 17.3 	 train loss: 0.1012, lr=0.000079
Epoch: 17 	 sub-epoch: 4.0000 
step  % :  0.0  i/I =  0 / 7
Path :  /gpfsscratch/rech/ohv/ueu39kt/CFLOW/weights/TumorSeg_HES_individual_training_TNE0017/Tumor/17/TumorNormal_wide_resnet50_2_freia-cflow_pl3_cb8_inp384_run0_Tumor_17_4.pt
Saving weights to TumorNormal_wide_resnet50_2_freia-cflow_pl3_cb8_inp384_run0_Tumor_17_4.pt
Epoch: 17.4 	 train loss: 0.1009, lr=0.000079
Epoch: 17 	 sub-epoch: 5.0000 
step  % :  0.0  i/I =  0 / 7
Path :  /gpfsscratch/rech/ohv/ueu39kt/CFLOW/weights/TumorSeg_HES_individual_training_TNE0017/Tumor/17/TumorNormal_wide_resnet50_2_freia-cflow_pl3_cb8_inp384_run0_Tumor_17_5.pt
Saving weights to TumorNormal_wide_resnet50_2_freia-cflow_pl3_cb8_inp384_run0_Tumor_17_5.pt
Epoch: 17.5 	 train loss: 0.1010, lr=0.000079
Epoch: 17 	 sub-epoch: 6.0000 
step  % :  0.0  i/I =  0 / 7
Path :  /gpfsscratch/rech/ohv/ueu39kt/CFLOW/weights/TumorSeg_HES_individual_training_TNE0017/Tumor/17/TumorNormal_wide_resnet50_2_freia-cflow_pl3_cb8_inp384_run0_Tumor_17_6.pt
Saving weights to TumorNormal_wide_resnet50_2_freia-cflow_pl3_cb8_inp384_run0_Tumor_17_6.pt
Epoch: 17.6 	 train loss: 0.1009, lr=0.000079
Epoch: 17 	 sub-epoch: 7.0000 
step  % :  0.0  i/I =  0 / 7
Path :  /gpfsscratch/rech/ohv/ueu39kt/CFLOW/weights/TumorSeg_HES_individual_training_TNE0017/Tumor/17/TumorNormal_wide_resnet50_2_freia-cflow_pl3_cb8_inp384_run0_Tumor_17_7.pt
Saving weights to TumorNormal_wide_resnet50_2_freia-cflow_pl3_cb8_inp384_run0_Tumor_17_7.pt
Epoch: 17.7 	 train loss: 0.1005, lr=0.000079

Compute loss and scores on test set:
step  % :  0.0  i/I =  0 / 5
Epoch: 17 	 step: 0.0000 
Epoch: 17 	 test_loss: 369.6132 and 12.52 fps
Len train loader =  7
Epoch: 18 	 sub-epoch: 0.0000 
step  % :  0.0  i/I =  0 / 7
Path :  /gpfsscratch/rech/ohv/ueu39kt/CFLOW/weights/TumorSeg_HES_individual_training_TNE0017/Tumor/18/TumorNormal_wide_resnet50_2_freia-cflow_pl3_cb8_inp384_run0_Tumor_18_0.pt
Saving weights to TumorNormal_wide_resnet50_2_freia-cflow_pl3_cb8_inp384_run0_Tumor_18_0.pt
Epoch: 18.0 	 train loss: 0.1000, lr=0.000069
Epoch: 18 	 sub-epoch: 1.0000 
step  % :  0.0  i/I =  0 / 7
Path :  /gpfsscratch/rech/ohv/ueu39kt/CFLOW/weights/TumorSeg_HES_individual_training_TNE0017/Tumor/18/TumorNormal_wide_resnet50_2_freia-cflow_pl3_cb8_inp384_run0_Tumor_18_1.pt
Saving weights to TumorNormal_wide_resnet50_2_freia-cflow_pl3_cb8_inp384_run0_Tumor_18_1.pt
Epoch: 18.1 	 train loss: 0.0995, lr=0.000069
Epoch: 18 	 sub-epoch: 2.0000 
step  % :  0.0  i/I =  0 / 7
Path :  /gpfsscratch/rech/ohv/ueu39kt/CFLOW/weights/TumorSeg_HES_individual_training_TNE0017/Tumor/18/TumorNormal_wide_resnet50_2_freia-cflow_pl3_cb8_inp384_run0_Tumor_18_2.pt
Saving weights to TumorNormal_wide_resnet50_2_freia-cflow_pl3_cb8_inp384_run0_Tumor_18_2.pt
Epoch: 18.2 	 train loss: 0.0994, lr=0.000069
Epoch: 18 	 sub-epoch: 3.0000 
step  % :  0.0  i/I =  0 / 7
Path :  /gpfsscratch/rech/ohv/ueu39kt/CFLOW/weights/TumorSeg_HES_individual_training_TNE0017/Tumor/18/TumorNormal_wide_resnet50_2_freia-cflow_pl3_cb8_inp384_run0_Tumor_18_3.pt
Saving weights to TumorNormal_wide_resnet50_2_freia-cflow_pl3_cb8_inp384_run0_Tumor_18_3.pt
Epoch: 18.3 	 train loss: 0.0997, lr=0.000069
Epoch: 18 	 sub-epoch: 4.0000 
step  % :  0.0  i/I =  0 / 7
Path :  /gpfsscratch/rech/ohv/ueu39kt/CFLOW/weights/TumorSeg_HES_individual_training_TNE0017/Tumor/18/TumorNormal_wide_resnet50_2_freia-cflow_pl3_cb8_inp384_run0_Tumor_18_4.pt
Saving weights to TumorNormal_wide_resnet50_2_freia-cflow_pl3_cb8_inp384_run0_Tumor_18_4.pt
Epoch: 18.4 	 train loss: 0.0996, lr=0.000069
Epoch: 18 	 sub-epoch: 5.0000 
step  % :  0.0  i/I =  0 / 7
Path :  /gpfsscratch/rech/ohv/ueu39kt/CFLOW/weights/TumorSeg_HES_individual_training_TNE0017/Tumor/18/TumorNormal_wide_resnet50_2_freia-cflow_pl3_cb8_inp384_run0_Tumor_18_5.pt
Saving weights to TumorNormal_wide_resnet50_2_freia-cflow_pl3_cb8_inp384_run0_Tumor_18_5.pt
Epoch: 18.5 	 train loss: 0.0995, lr=0.000069
Epoch: 18 	 sub-epoch: 6.0000 
step  % :  0.0  i/I =  0 / 7
Path :  /gpfsscratch/rech/ohv/ueu39kt/CFLOW/weights/TumorSeg_HES_individual_training_TNE0017/Tumor/18/TumorNormal_wide_resnet50_2_freia-cflow_pl3_cb8_inp384_run0_Tumor_18_6.pt
Saving weights to TumorNormal_wide_resnet50_2_freia-cflow_pl3_cb8_inp384_run0_Tumor_18_6.pt
Epoch: 18.6 	 train loss: 0.0991, lr=0.000069
Epoch: 18 	 sub-epoch: 7.0000 
step  % :  0.0  i/I =  0 / 7
Path :  /gpfsscratch/rech/ohv/ueu39kt/CFLOW/weights/TumorSeg_HES_individual_training_TNE0017/Tumor/18/TumorNormal_wide_resnet50_2_freia-cflow_pl3_cb8_inp384_run0_Tumor_18_7.pt
Saving weights to TumorNormal_wide_resnet50_2_freia-cflow_pl3_cb8_inp384_run0_Tumor_18_7.pt
Epoch: 18.7 	 train loss: 0.0990, lr=0.000069

Compute loss and scores on test set:
step  % :  0.0  i/I =  0 / 5
Epoch: 18 	 step: 0.0000 
Epoch: 18 	 test_loss: 441.5747 and 12.49 fps
Len train loader =  7
Epoch: 19 	 sub-epoch: 0.0000 
step  % :  0.0  i/I =  0 / 7
Path :  /gpfsscratch/rech/ohv/ueu39kt/CFLOW/weights/TumorSeg_HES_individual_training_TNE0017/Tumor/19/TumorNormal_wide_resnet50_2_freia-cflow_pl3_cb8_inp384_run0_Tumor_19_0.pt
Saving weights to TumorNormal_wide_resnet50_2_freia-cflow_pl3_cb8_inp384_run0_Tumor_19_0.pt
Epoch: 19.0 	 train loss: 0.0984, lr=0.000059
Epoch: 19 	 sub-epoch: 1.0000 
step  % :  0.0  i/I =  0 / 7
Path :  /gpfsscratch/rech/ohv/ueu39kt/CFLOW/weights/TumorSeg_HES_individual_training_TNE0017/Tumor/19/TumorNormal_wide_resnet50_2_freia-cflow_pl3_cb8_inp384_run0_Tumor_19_1.pt
Saving weights to TumorNormal_wide_resnet50_2_freia-cflow_pl3_cb8_inp384_run0_Tumor_19_1.pt
Epoch: 19.1 	 train loss: 0.0975, lr=0.000059
Epoch: 19 	 sub-epoch: 2.0000 
step  % :  0.0  i/I =  0 / 7
Path :  /gpfsscratch/rech/ohv/ueu39kt/CFLOW/weights/TumorSeg_HES_individual_training_TNE0017/Tumor/19/TumorNormal_wide_resnet50_2_freia-cflow_pl3_cb8_inp384_run0_Tumor_19_2.pt
Saving weights to TumorNormal_wide_resnet50_2_freia-cflow_pl3_cb8_inp384_run0_Tumor_19_2.pt
Epoch: 19.2 	 train loss: 0.0978, lr=0.000059
Epoch: 19 	 sub-epoch: 3.0000 
step  % :  0.0  i/I =  0 / 7
Path :  /gpfsscratch/rech/ohv/ueu39kt/CFLOW/weights/TumorSeg_HES_individual_training_TNE0017/Tumor/19/TumorNormal_wide_resnet50_2_freia-cflow_pl3_cb8_inp384_run0_Tumor_19_3.pt
Saving weights to TumorNormal_wide_resnet50_2_freia-cflow_pl3_cb8_inp384_run0_Tumor_19_3.pt
Epoch: 19.3 	 train loss: 0.0974, lr=0.000059
Epoch: 19 	 sub-epoch: 4.0000 
step  % :  0.0  i/I =  0 / 7
Path :  /gpfsscratch/rech/ohv/ueu39kt/CFLOW/weights/TumorSeg_HES_individual_training_TNE0017/Tumor/19/TumorNormal_wide_resnet50_2_freia-cflow_pl3_cb8_inp384_run0_Tumor_19_4.pt
Saving weights to TumorNormal_wide_resnet50_2_freia-cflow_pl3_cb8_inp384_run0_Tumor_19_4.pt
Epoch: 19.4 	 train loss: 0.0978, lr=0.000059
Epoch: 19 	 sub-epoch: 5.0000 
step  % :  0.0  i/I =  0 / 7
Path :  /gpfsscratch/rech/ohv/ueu39kt/CFLOW/weights/TumorSeg_HES_individual_training_TNE0017/Tumor/19/TumorNormal_wide_resnet50_2_freia-cflow_pl3_cb8_inp384_run0_Tumor_19_5.pt
Saving weights to TumorNormal_wide_resnet50_2_freia-cflow_pl3_cb8_inp384_run0_Tumor_19_5.pt
Epoch: 19.5 	 train loss: 0.0976, lr=0.000059
Epoch: 19 	 sub-epoch: 6.0000 
step  % :  0.0  i/I =  0 / 7
Path :  /gpfsscratch/rech/ohv/ueu39kt/CFLOW/weights/TumorSeg_HES_individual_training_TNE0017/Tumor/19/TumorNormal_wide_resnet50_2_freia-cflow_pl3_cb8_inp384_run0_Tumor_19_6.pt
Saving weights to TumorNormal_wide_resnet50_2_freia-cflow_pl3_cb8_inp384_run0_Tumor_19_6.pt
Epoch: 19.6 	 train loss: 0.0975, lr=0.000059
Epoch: 19 	 sub-epoch: 7.0000 
step  % :  0.0  i/I =  0 / 7
Path :  /gpfsscratch/rech/ohv/ueu39kt/CFLOW/weights/TumorSeg_HES_individual_training_TNE0017/Tumor/19/TumorNormal_wide_resnet50_2_freia-cflow_pl3_cb8_inp384_run0_Tumor_19_7.pt
Saving weights to TumorNormal_wide_resnet50_2_freia-cflow_pl3_cb8_inp384_run0_Tumor_19_7.pt
Epoch: 19.7 	 train loss: 0.0975, lr=0.000059

Compute loss and scores on test set:
step  % :  0.0  i/I =  0 / 5
Epoch: 19 	 step: 0.0000 
Epoch: 19 	 test_loss: 648.7733 and 12.48 fps
Len train loader =  7
Epoch: 20 	 sub-epoch: 0.0000 
step  % :  0.0  i/I =  0 / 7
Path :  /gpfsscratch/rech/ohv/ueu39kt/CFLOW/weights/TumorSeg_HES_individual_training_TNE0017/Tumor/20/TumorNormal_wide_resnet50_2_freia-cflow_pl3_cb8_inp384_run0_Tumor_20_0.pt
Saving weights to TumorNormal_wide_resnet50_2_freia-cflow_pl3_cb8_inp384_run0_Tumor_20_0.pt
Epoch: 20.0 	 train loss: 0.0960, lr=0.000050
Epoch: 20 	 sub-epoch: 1.0000 
step  % :  0.0  i/I =  0 / 7
Path :  /gpfsscratch/rech/ohv/ueu39kt/CFLOW/weights/TumorSeg_HES_individual_training_TNE0017/Tumor/20/TumorNormal_wide_resnet50_2_freia-cflow_pl3_cb8_inp384_run0_Tumor_20_1.pt
Saving weights to TumorNormal_wide_resnet50_2_freia-cflow_pl3_cb8_inp384_run0_Tumor_20_1.pt
Epoch: 20.1 	 train loss: 0.0964, lr=0.000050
Epoch: 20 	 sub-epoch: 2.0000 
step  % :  0.0  i/I =  0 / 7
Path :  /gpfsscratch/rech/ohv/ueu39kt/CFLOW/weights/TumorSeg_HES_individual_training_TNE0017/Tumor/20/TumorNormal_wide_resnet50_2_freia-cflow_pl3_cb8_inp384_run0_Tumor_20_2.pt
Saving weights to TumorNormal_wide_resnet50_2_freia-cflow_pl3_cb8_inp384_run0_Tumor_20_2.pt
Epoch: 20.2 	 train loss: 0.0964, lr=0.000050
Epoch: 20 	 sub-epoch: 3.0000 
step  % :  0.0  i/I =  0 / 7
Path :  /gpfsscratch/rech/ohv/ueu39kt/CFLOW/weights/TumorSeg_HES_individual_training_TNE0017/Tumor/20/TumorNormal_wide_resnet50_2_freia-cflow_pl3_cb8_inp384_run0_Tumor_20_3.pt
Saving weights to TumorNormal_wide_resnet50_2_freia-cflow_pl3_cb8_inp384_run0_Tumor_20_3.pt
Epoch: 20.3 	 train loss: 0.0962, lr=0.000050
Epoch: 20 	 sub-epoch: 4.0000 
step  % :  0.0  i/I =  0 / 7
Path :  /gpfsscratch/rech/ohv/ueu39kt/CFLOW/weights/TumorSeg_HES_individual_training_TNE0017/Tumor/20/TumorNormal_wide_resnet50_2_freia-cflow_pl3_cb8_inp384_run0_Tumor_20_4.pt
Saving weights to TumorNormal_wide_resnet50_2_freia-cflow_pl3_cb8_inp384_run0_Tumor_20_4.pt
Epoch: 20.4 	 train loss: 0.0961, lr=0.000050
Epoch: 20 	 sub-epoch: 5.0000 
step  % :  0.0  i/I =  0 / 7
Path :  /gpfsscratch/rech/ohv/ueu39kt/CFLOW/weights/TumorSeg_HES_individual_training_TNE0017/Tumor/20/TumorNormal_wide_resnet50_2_freia-cflow_pl3_cb8_inp384_run0_Tumor_20_5.pt
Saving weights to TumorNormal_wide_resnet50_2_freia-cflow_pl3_cb8_inp384_run0_Tumor_20_5.pt
Epoch: 20.5 	 train loss: 0.0959, lr=0.000050
Epoch: 20 	 sub-epoch: 6.0000 
step  % :  0.0  i/I =  0 / 7
Path :  /gpfsscratch/rech/ohv/ueu39kt/CFLOW/weights/TumorSeg_HES_individual_training_TNE0017/Tumor/20/TumorNormal_wide_resnet50_2_freia-cflow_pl3_cb8_inp384_run0_Tumor_20_6.pt
Saving weights to TumorNormal_wide_resnet50_2_freia-cflow_pl3_cb8_inp384_run0_Tumor_20_6.pt
Epoch: 20.6 	 train loss: 0.0961, lr=0.000050
Epoch: 20 	 sub-epoch: 7.0000 
step  % :  0.0  i/I =  0 / 7
Path :  /gpfsscratch/rech/ohv/ueu39kt/CFLOW/weights/TumorSeg_HES_individual_training_TNE0017/Tumor/20/TumorNormal_wide_resnet50_2_freia-cflow_pl3_cb8_inp384_run0_Tumor_20_7.pt
Saving weights to TumorNormal_wide_resnet50_2_freia-cflow_pl3_cb8_inp384_run0_Tumor_20_7.pt
Epoch: 20.7 	 train loss: 0.0962, lr=0.000050

Compute loss and scores on test set:
step  % :  0.0  i/I =  0 / 5
Epoch: 20 	 step: 0.0000 
Epoch: 20 	 test_loss: 693.3822 and 12.42 fps
Len train loader =  7
Epoch: 21 	 sub-epoch: 0.0000 
step  % :  0.0  i/I =  0 / 7
Path :  /gpfsscratch/rech/ohv/ueu39kt/CFLOW/weights/TumorSeg_HES_individual_training_TNE0017/Tumor/21/TumorNormal_wide_resnet50_2_freia-cflow_pl3_cb8_inp384_run0_Tumor_21_0.pt
Saving weights to TumorNormal_wide_resnet50_2_freia-cflow_pl3_cb8_inp384_run0_Tumor_21_0.pt
Epoch: 21.0 	 train loss: 0.0953, lr=0.000041
Epoch: 21 	 sub-epoch: 1.0000 
step  % :  0.0  i/I =  0 / 7
Path :  /gpfsscratch/rech/ohv/ueu39kt/CFLOW/weights/TumorSeg_HES_individual_training_TNE0017/Tumor/21/TumorNormal_wide_resnet50_2_freia-cflow_pl3_cb8_inp384_run0_Tumor_21_1.pt
Saving weights to TumorNormal_wide_resnet50_2_freia-cflow_pl3_cb8_inp384_run0_Tumor_21_1.pt
Epoch: 21.1 	 train loss: 0.0948, lr=0.000041
Epoch: 21 	 sub-epoch: 2.0000 
step  % :  0.0  i/I =  0 / 7
Path :  /gpfsscratch/rech/ohv/ueu39kt/CFLOW/weights/TumorSeg_HES_individual_training_TNE0017/Tumor/21/TumorNormal_wide_resnet50_2_freia-cflow_pl3_cb8_inp384_run0_Tumor_21_2.pt
Saving weights to TumorNormal_wide_resnet50_2_freia-cflow_pl3_cb8_inp384_run0_Tumor_21_2.pt
Epoch: 21.2 	 train loss: 0.0946, lr=0.000041
Epoch: 21 	 sub-epoch: 3.0000 
step  % :  0.0  i/I =  0 / 7
Path :  /gpfsscratch/rech/ohv/ueu39kt/CFLOW/weights/TumorSeg_HES_individual_training_TNE0017/Tumor/21/TumorNormal_wide_resnet50_2_freia-cflow_pl3_cb8_inp384_run0_Tumor_21_3.pt
Saving weights to TumorNormal_wide_resnet50_2_freia-cflow_pl3_cb8_inp384_run0_Tumor_21_3.pt
Epoch: 21.3 	 train loss: 0.0949, lr=0.000041
Epoch: 21 	 sub-epoch: 4.0000 
step  % :  0.0  i/I =  0 / 7
Path :  /gpfsscratch/rech/ohv/ueu39kt/CFLOW/weights/TumorSeg_HES_individual_training_TNE0017/Tumor/21/TumorNormal_wide_resnet50_2_freia-cflow_pl3_cb8_inp384_run0_Tumor_21_4.pt
Saving weights to TumorNormal_wide_resnet50_2_freia-cflow_pl3_cb8_inp384_run0_Tumor_21_4.pt
Epoch: 21.4 	 train loss: 0.0949, lr=0.000041
Epoch: 21 	 sub-epoch: 5.0000 
step  % :  0.0  i/I =  0 / 7
Path :  /gpfsscratch/rech/ohv/ueu39kt/CFLOW/weights/TumorSeg_HES_individual_training_TNE0017/Tumor/21/TumorNormal_wide_resnet50_2_freia-cflow_pl3_cb8_inp384_run0_Tumor_21_5.pt
Saving weights to TumorNormal_wide_resnet50_2_freia-cflow_pl3_cb8_inp384_run0_Tumor_21_5.pt
Epoch: 21.5 	 train loss: 0.0947, lr=0.000041
Epoch: 21 	 sub-epoch: 6.0000 
step  % :  0.0  i/I =  0 / 7
Path :  /gpfsscratch/rech/ohv/ueu39kt/CFLOW/weights/TumorSeg_HES_individual_training_TNE0017/Tumor/21/TumorNormal_wide_resnet50_2_freia-cflow_pl3_cb8_inp384_run0_Tumor_21_6.pt
Saving weights to TumorNormal_wide_resnet50_2_freia-cflow_pl3_cb8_inp384_run0_Tumor_21_6.pt
Epoch: 21.6 	 train loss: 0.1068, lr=0.000041
Epoch: 21 	 sub-epoch: 7.0000 
step  % :  0.0  i/I =  0 / 7
Path :  /gpfsscratch/rech/ohv/ueu39kt/CFLOW/weights/TumorSeg_HES_individual_training_TNE0017/Tumor/21/TumorNormal_wide_resnet50_2_freia-cflow_pl3_cb8_inp384_run0_Tumor_21_7.pt
Saving weights to TumorNormal_wide_resnet50_2_freia-cflow_pl3_cb8_inp384_run0_Tumor_21_7.pt
Epoch: 21.7 	 train loss: 0.0943, lr=0.000041

Compute loss and scores on test set:
step  % :  0.0  i/I =  0 / 5
Epoch: 21 	 step: 0.0000 
Epoch: 21 	 test_loss: 972.6093 and 12.46 fps
Len train loader =  7
Epoch: 22 	 sub-epoch: 0.0000 
step  % :  0.0  i/I =  0 / 7
Path :  /gpfsscratch/rech/ohv/ueu39kt/CFLOW/weights/TumorSeg_HES_individual_training_TNE0017/Tumor/22/TumorNormal_wide_resnet50_2_freia-cflow_pl3_cb8_inp384_run0_Tumor_22_0.pt
Saving weights to TumorNormal_wide_resnet50_2_freia-cflow_pl3_cb8_inp384_run0_Tumor_22_0.pt
Epoch: 22.0 	 train loss: 0.0940, lr=0.000033
Epoch: 22 	 sub-epoch: 1.0000 
step  % :  0.0  i/I =  0 / 7
Path :  /gpfsscratch/rech/ohv/ueu39kt/CFLOW/weights/TumorSeg_HES_individual_training_TNE0017/Tumor/22/TumorNormal_wide_resnet50_2_freia-cflow_pl3_cb8_inp384_run0_Tumor_22_1.pt
Saving weights to TumorNormal_wide_resnet50_2_freia-cflow_pl3_cb8_inp384_run0_Tumor_22_1.pt
Epoch: 22.1 	 train loss: 0.0938, lr=0.000033
Epoch: 22 	 sub-epoch: 2.0000 
step  % :  0.0  i/I =  0 / 7
Path :  /gpfsscratch/rech/ohv/ueu39kt/CFLOW/weights/TumorSeg_HES_individual_training_TNE0017/Tumor/22/TumorNormal_wide_resnet50_2_freia-cflow_pl3_cb8_inp384_run0_Tumor_22_2.pt
Saving weights to TumorNormal_wide_resnet50_2_freia-cflow_pl3_cb8_inp384_run0_Tumor_22_2.pt
Epoch: 22.2 	 train loss: 0.0934, lr=0.000033
Epoch: 22 	 sub-epoch: 3.0000 
step  % :  0.0  i/I =  0 / 7
Path :  /gpfsscratch/rech/ohv/ueu39kt/CFLOW/weights/TumorSeg_HES_individual_training_TNE0017/Tumor/22/TumorNormal_wide_resnet50_2_freia-cflow_pl3_cb8_inp384_run0_Tumor_22_3.pt
Saving weights to TumorNormal_wide_resnet50_2_freia-cflow_pl3_cb8_inp384_run0_Tumor_22_3.pt
Epoch: 22.3 	 train loss: 0.0934, lr=0.000033
Epoch: 22 	 sub-epoch: 4.0000 
step  % :  0.0  i/I =  0 / 7
Path :  /gpfsscratch/rech/ohv/ueu39kt/CFLOW/weights/TumorSeg_HES_individual_training_TNE0017/Tumor/22/TumorNormal_wide_resnet50_2_freia-cflow_pl3_cb8_inp384_run0_Tumor_22_4.pt
Saving weights to TumorNormal_wide_resnet50_2_freia-cflow_pl3_cb8_inp384_run0_Tumor_22_4.pt
Epoch: 22.4 	 train loss: 0.0936, lr=0.000033
Epoch: 22 	 sub-epoch: 5.0000 
step  % :  0.0  i/I =  0 / 7
Path :  /gpfsscratch/rech/ohv/ueu39kt/CFLOW/weights/TumorSeg_HES_individual_training_TNE0017/Tumor/22/TumorNormal_wide_resnet50_2_freia-cflow_pl3_cb8_inp384_run0_Tumor_22_5.pt
Saving weights to TumorNormal_wide_resnet50_2_freia-cflow_pl3_cb8_inp384_run0_Tumor_22_5.pt
Epoch: 22.5 	 train loss: 0.0932, lr=0.000033
Epoch: 22 	 sub-epoch: 6.0000 
step  % :  0.0  i/I =  0 / 7
Path :  /gpfsscratch/rech/ohv/ueu39kt/CFLOW/weights/TumorSeg_HES_individual_training_TNE0017/Tumor/22/TumorNormal_wide_resnet50_2_freia-cflow_pl3_cb8_inp384_run0_Tumor_22_6.pt
Saving weights to TumorNormal_wide_resnet50_2_freia-cflow_pl3_cb8_inp384_run0_Tumor_22_6.pt
Epoch: 22.6 	 train loss: 0.0933, lr=0.000033
Epoch: 22 	 sub-epoch: 7.0000 
step  % :  0.0  i/I =  0 / 7
Path :  /gpfsscratch/rech/ohv/ueu39kt/CFLOW/weights/TumorSeg_HES_individual_training_TNE0017/Tumor/22/TumorNormal_wide_resnet50_2_freia-cflow_pl3_cb8_inp384_run0_Tumor_22_7.pt
Saving weights to TumorNormal_wide_resnet50_2_freia-cflow_pl3_cb8_inp384_run0_Tumor_22_7.pt
Epoch: 22.7 	 train loss: 0.0934, lr=0.000033

Compute loss and scores on test set:
step  % :  0.0  i/I =  0 / 5
Epoch: 22 	 step: 0.0000 
Epoch: 22 	 test_loss: 839.9706 and 12.43 fps
Len train loader =  7
Epoch: 23 	 sub-epoch: 0.0000 
step  % :  0.0  i/I =  0 / 7
Path :  /gpfsscratch/rech/ohv/ueu39kt/CFLOW/weights/TumorSeg_HES_individual_training_TNE0017/Tumor/23/TumorNormal_wide_resnet50_2_freia-cflow_pl3_cb8_inp384_run0_Tumor_23_0.pt
Saving weights to TumorNormal_wide_resnet50_2_freia-cflow_pl3_cb8_inp384_run0_Tumor_23_0.pt
Epoch: 23.0 	 train loss: 0.0929, lr=0.000026
Epoch: 23 	 sub-epoch: 1.0000 
step  % :  0.0  i/I =  0 / 7
Path :  /gpfsscratch/rech/ohv/ueu39kt/CFLOW/weights/TumorSeg_HES_individual_training_TNE0017/Tumor/23/TumorNormal_wide_resnet50_2_freia-cflow_pl3_cb8_inp384_run0_Tumor_23_1.pt
Saving weights to TumorNormal_wide_resnet50_2_freia-cflow_pl3_cb8_inp384_run0_Tumor_23_1.pt
Epoch: 23.1 	 train loss: 0.0926, lr=0.000026
Epoch: 23 	 sub-epoch: 2.0000 
step  % :  0.0  i/I =  0 / 7
Path :  /gpfsscratch/rech/ohv/ueu39kt/CFLOW/weights/TumorSeg_HES_individual_training_TNE0017/Tumor/23/TumorNormal_wide_resnet50_2_freia-cflow_pl3_cb8_inp384_run0_Tumor_23_2.pt
Saving weights to TumorNormal_wide_resnet50_2_freia-cflow_pl3_cb8_inp384_run0_Tumor_23_2.pt
Epoch: 23.2 	 train loss: 0.0923, lr=0.000026
Epoch: 23 	 sub-epoch: 3.0000 
step  % :  0.0  i/I =  0 / 7
Path :  /gpfsscratch/rech/ohv/ueu39kt/CFLOW/weights/TumorSeg_HES_individual_training_TNE0017/Tumor/23/TumorNormal_wide_resnet50_2_freia-cflow_pl3_cb8_inp384_run0_Tumor_23_3.pt
Saving weights to TumorNormal_wide_resnet50_2_freia-cflow_pl3_cb8_inp384_run0_Tumor_23_3.pt
Epoch: 23.3 	 train loss: 0.0925, lr=0.000026
Epoch: 23 	 sub-epoch: 4.0000 
step  % :  0.0  i/I =  0 / 7
Path :  /gpfsscratch/rech/ohv/ueu39kt/CFLOW/weights/TumorSeg_HES_individual_training_TNE0017/Tumor/23/TumorNormal_wide_resnet50_2_freia-cflow_pl3_cb8_inp384_run0_Tumor_23_4.pt
Saving weights to TumorNormal_wide_resnet50_2_freia-cflow_pl3_cb8_inp384_run0_Tumor_23_4.pt
Epoch: 23.4 	 train loss: 0.0924, lr=0.000026
Epoch: 23 	 sub-epoch: 5.0000 
step  % :  0.0  i/I =  0 / 7
Path :  /gpfsscratch/rech/ohv/ueu39kt/CFLOW/weights/TumorSeg_HES_individual_training_TNE0017/Tumor/23/TumorNormal_wide_resnet50_2_freia-cflow_pl3_cb8_inp384_run0_Tumor_23_5.pt
Saving weights to TumorNormal_wide_resnet50_2_freia-cflow_pl3_cb8_inp384_run0_Tumor_23_5.pt
Epoch: 23.5 	 train loss: 0.0926, lr=0.000026
Epoch: 23 	 sub-epoch: 6.0000 
step  % :  0.0  i/I =  0 / 7
Path :  /gpfsscratch/rech/ohv/ueu39kt/CFLOW/weights/TumorSeg_HES_individual_training_TNE0017/Tumor/23/TumorNormal_wide_resnet50_2_freia-cflow_pl3_cb8_inp384_run0_Tumor_23_6.pt
Saving weights to TumorNormal_wide_resnet50_2_freia-cflow_pl3_cb8_inp384_run0_Tumor_23_6.pt
Epoch: 23.6 	 train loss: 0.0923, lr=0.000026
Epoch: 23 	 sub-epoch: 7.0000 
step  % :  0.0  i/I =  0 / 7
Path :  /gpfsscratch/rech/ohv/ueu39kt/CFLOW/weights/TumorSeg_HES_individual_training_TNE0017/Tumor/23/TumorNormal_wide_resnet50_2_freia-cflow_pl3_cb8_inp384_run0_Tumor_23_7.pt
Saving weights to TumorNormal_wide_resnet50_2_freia-cflow_pl3_cb8_inp384_run0_Tumor_23_7.pt
Epoch: 23.7 	 train loss: 0.0923, lr=0.000026

Compute loss and scores on test set:
step  % :  0.0  i/I =  0 / 5
Epoch: 23 	 step: 0.0000 
Epoch: 23 	 test_loss: 6374.7141 and 12.47 fps
Len train loader =  7
Epoch: 24 	 sub-epoch: 0.0000 
step  % :  0.0  i/I =  0 / 7
Path :  /gpfsscratch/rech/ohv/ueu39kt/CFLOW/weights/TumorSeg_HES_individual_training_TNE0017/Tumor/24/TumorNormal_wide_resnet50_2_freia-cflow_pl3_cb8_inp384_run0_Tumor_24_0.pt
Saving weights to TumorNormal_wide_resnet50_2_freia-cflow_pl3_cb8_inp384_run0_Tumor_24_0.pt
Epoch: 24.0 	 train loss: 0.0924, lr=0.000019
Epoch: 24 	 sub-epoch: 1.0000 
step  % :  0.0  i/I =  0 / 7
Path :  /gpfsscratch/rech/ohv/ueu39kt/CFLOW/weights/TumorSeg_HES_individual_training_TNE0017/Tumor/24/TumorNormal_wide_resnet50_2_freia-cflow_pl3_cb8_inp384_run0_Tumor_24_1.pt
Saving weights to TumorNormal_wide_resnet50_2_freia-cflow_pl3_cb8_inp384_run0_Tumor_24_1.pt
Epoch: 24.1 	 train loss: 0.0916, lr=0.000019
Epoch: 24 	 sub-epoch: 2.0000 
step  % :  0.0  i/I =  0 / 7
Path :  /gpfsscratch/rech/ohv/ueu39kt/CFLOW/weights/TumorSeg_HES_individual_training_TNE0017/Tumor/24/TumorNormal_wide_resnet50_2_freia-cflow_pl3_cb8_inp384_run0_Tumor_24_2.pt
Saving weights to TumorNormal_wide_resnet50_2_freia-cflow_pl3_cb8_inp384_run0_Tumor_24_2.pt
Epoch: 24.2 	 train loss: 0.0917, lr=0.000019
Epoch: 24 	 sub-epoch: 3.0000 
step  % :  0.0  i/I =  0 / 7
Path :  /gpfsscratch/rech/ohv/ueu39kt/CFLOW/weights/TumorSeg_HES_individual_training_TNE0017/Tumor/24/TumorNormal_wide_resnet50_2_freia-cflow_pl3_cb8_inp384_run0_Tumor_24_3.pt
Saving weights to TumorNormal_wide_resnet50_2_freia-cflow_pl3_cb8_inp384_run0_Tumor_24_3.pt
Epoch: 24.3 	 train loss: 0.0915, lr=0.000019
Epoch: 24 	 sub-epoch: 4.0000 
step  % :  0.0  i/I =  0 / 7
Path :  /gpfsscratch/rech/ohv/ueu39kt/CFLOW/weights/TumorSeg_HES_individual_training_TNE0017/Tumor/24/TumorNormal_wide_resnet50_2_freia-cflow_pl3_cb8_inp384_run0_Tumor_24_4.pt
Saving weights to TumorNormal_wide_resnet50_2_freia-cflow_pl3_cb8_inp384_run0_Tumor_24_4.pt
Epoch: 24.4 	 train loss: 0.0918, lr=0.000019
Epoch: 24 	 sub-epoch: 5.0000 
step  % :  0.0  i/I =  0 / 7
Path :  /gpfsscratch/rech/ohv/ueu39kt/CFLOW/weights/TumorSeg_HES_individual_training_TNE0017/Tumor/24/TumorNormal_wide_resnet50_2_freia-cflow_pl3_cb8_inp384_run0_Tumor_24_5.pt
Saving weights to TumorNormal_wide_resnet50_2_freia-cflow_pl3_cb8_inp384_run0_Tumor_24_5.pt
Epoch: 24.5 	 train loss: 0.0919, lr=0.000019
Epoch: 24 	 sub-epoch: 6.0000 
step  % :  0.0  i/I =  0 / 7
Path :  /gpfsscratch/rech/ohv/ueu39kt/CFLOW/weights/TumorSeg_HES_individual_training_TNE0017/Tumor/24/TumorNormal_wide_resnet50_2_freia-cflow_pl3_cb8_inp384_run0_Tumor_24_6.pt
Saving weights to TumorNormal_wide_resnet50_2_freia-cflow_pl3_cb8_inp384_run0_Tumor_24_6.pt
Epoch: 24.6 	 train loss: 0.0915, lr=0.000019
Epoch: 24 	 sub-epoch: 7.0000 
step  % :  0.0  i/I =  0 / 7
Path :  /gpfsscratch/rech/ohv/ueu39kt/CFLOW/weights/TumorSeg_HES_individual_training_TNE0017/Tumor/24/TumorNormal_wide_resnet50_2_freia-cflow_pl3_cb8_inp384_run0_Tumor_24_7.pt
Saving weights to TumorNormal_wide_resnet50_2_freia-cflow_pl3_cb8_inp384_run0_Tumor_24_7.pt
Epoch: 24.7 	 train loss: 0.0917, lr=0.000019

Compute loss and scores on test set:
step  % :  0.0  i/I =  0 / 5
Epoch: 24 	 step: 0.0000 
Epoch: 24 	 test_loss: 2084.8107 and 15.11 fps
Len train loader =  7
Epoch: 25 	 sub-epoch: 0.0000 
step  % :  0.0  i/I =  0 / 7
Path :  /gpfsscratch/rech/ohv/ueu39kt/CFLOW/weights/TumorSeg_HES_individual_training_TNE0017/Tumor/25/TumorNormal_wide_resnet50_2_freia-cflow_pl3_cb8_inp384_run0_Tumor_25_0.pt
Saving weights to TumorNormal_wide_resnet50_2_freia-cflow_pl3_cb8_inp384_run0_Tumor_25_0.pt
Epoch: 25.0 	 train loss: 0.0912, lr=0.000014
Epoch: 25 	 sub-epoch: 1.0000 
step  % :  0.0  i/I =  0 / 7
Path :  /gpfsscratch/rech/ohv/ueu39kt/CFLOW/weights/TumorSeg_HES_individual_training_TNE0017/Tumor/25/TumorNormal_wide_resnet50_2_freia-cflow_pl3_cb8_inp384_run0_Tumor_25_1.pt
Saving weights to TumorNormal_wide_resnet50_2_freia-cflow_pl3_cb8_inp384_run0_Tumor_25_1.pt
Epoch: 25.1 	 train loss: 0.0912, lr=0.000014
Epoch: 25 	 sub-epoch: 2.0000 
step  % :  0.0  i/I =  0 / 7
Path :  /gpfsscratch/rech/ohv/ueu39kt/CFLOW/weights/TumorSeg_HES_individual_training_TNE0017/Tumor/25/TumorNormal_wide_resnet50_2_freia-cflow_pl3_cb8_inp384_run0_Tumor_25_2.pt
Saving weights to TumorNormal_wide_resnet50_2_freia-cflow_pl3_cb8_inp384_run0_Tumor_25_2.pt
Epoch: 25.2 	 train loss: 0.0910, lr=0.000014
Epoch: 25 	 sub-epoch: 3.0000 
step  % :  0.0  i/I =  0 / 7
Path :  /gpfsscratch/rech/ohv/ueu39kt/CFLOW/weights/TumorSeg_HES_individual_training_TNE0017/Tumor/25/TumorNormal_wide_resnet50_2_freia-cflow_pl3_cb8_inp384_run0_Tumor_25_3.pt
Saving weights to TumorNormal_wide_resnet50_2_freia-cflow_pl3_cb8_inp384_run0_Tumor_25_3.pt
Epoch: 25.3 	 train loss: 0.0910, lr=0.000014
Epoch: 25 	 sub-epoch: 4.0000 
step  % :  0.0  i/I =  0 / 7
Path :  /gpfsscratch/rech/ohv/ueu39kt/CFLOW/weights/TumorSeg_HES_individual_training_TNE0017/Tumor/25/TumorNormal_wide_resnet50_2_freia-cflow_pl3_cb8_inp384_run0_Tumor_25_4.pt
Saving weights to TumorNormal_wide_resnet50_2_freia-cflow_pl3_cb8_inp384_run0_Tumor_25_4.pt
Epoch: 25.4 	 train loss: 0.0908, lr=0.000014
Epoch: 25 	 sub-epoch: 5.0000 
step  % :  0.0  i/I =  0 / 7
Path :  /gpfsscratch/rech/ohv/ueu39kt/CFLOW/weights/TumorSeg_HES_individual_training_TNE0017/Tumor/25/TumorNormal_wide_resnet50_2_freia-cflow_pl3_cb8_inp384_run0_Tumor_25_5.pt
Saving weights to TumorNormal_wide_resnet50_2_freia-cflow_pl3_cb8_inp384_run0_Tumor_25_5.pt
Epoch: 25.5 	 train loss: 0.0912, lr=0.000014
Epoch: 25 	 sub-epoch: 6.0000 
step  % :  0.0  i/I =  0 / 7
Path :  /gpfsscratch/rech/ohv/ueu39kt/CFLOW/weights/TumorSeg_HES_individual_training_TNE0017/Tumor/25/TumorNormal_wide_resnet50_2_freia-cflow_pl3_cb8_inp384_run0_Tumor_25_6.pt
Saving weights to TumorNormal_wide_resnet50_2_freia-cflow_pl3_cb8_inp384_run0_Tumor_25_6.pt
Epoch: 25.6 	 train loss: 0.0909, lr=0.000014
Epoch: 25 	 sub-epoch: 7.0000 
step  % :  0.0  i/I =  0 / 7
Path :  /gpfsscratch/rech/ohv/ueu39kt/CFLOW/weights/TumorSeg_HES_individual_training_TNE0017/Tumor/25/TumorNormal_wide_resnet50_2_freia-cflow_pl3_cb8_inp384_run0_Tumor_25_7.pt
Saving weights to TumorNormal_wide_resnet50_2_freia-cflow_pl3_cb8_inp384_run0_Tumor_25_7.pt
Epoch: 25.7 	 train loss: 0.0908, lr=0.000014

Compute loss and scores on test set:
step  % :  0.0  i/I =  0 / 5
Epoch: 25 	 step: 0.0000 
Epoch: 25 	 test_loss: 3932.5790 and 15.09 fps
Len train loader =  7
Epoch: 26 	 sub-epoch: 0.0000 
step  % :  0.0  i/I =  0 / 7
Path :  /gpfsscratch/rech/ohv/ueu39kt/CFLOW/weights/TumorSeg_HES_individual_training_TNE0017/Tumor/26/TumorNormal_wide_resnet50_2_freia-cflow_pl3_cb8_inp384_run0_Tumor_26_0.pt
Saving weights to TumorNormal_wide_resnet50_2_freia-cflow_pl3_cb8_inp384_run0_Tumor_26_0.pt
Epoch: 26.0 	 train loss: 0.0907, lr=0.000009
Epoch: 26 	 sub-epoch: 1.0000 
step  % :  0.0  i/I =  0 / 7
Path :  /gpfsscratch/rech/ohv/ueu39kt/CFLOW/weights/TumorSeg_HES_individual_training_TNE0017/Tumor/26/TumorNormal_wide_resnet50_2_freia-cflow_pl3_cb8_inp384_run0_Tumor_26_1.pt
Saving weights to TumorNormal_wide_resnet50_2_freia-cflow_pl3_cb8_inp384_run0_Tumor_26_1.pt
Epoch: 26.1 	 train loss: 0.0907, lr=0.000009
Epoch: 26 	 sub-epoch: 2.0000 
step  % :  0.0  i/I =  0 / 7
Path :  /gpfsscratch/rech/ohv/ueu39kt/CFLOW/weights/TumorSeg_HES_individual_training_TNE0017/Tumor/26/TumorNormal_wide_resnet50_2_freia-cflow_pl3_cb8_inp384_run0_Tumor_26_2.pt
Saving weights to TumorNormal_wide_resnet50_2_freia-cflow_pl3_cb8_inp384_run0_Tumor_26_2.pt
Epoch: 26.2 	 train loss: 0.0909, lr=0.000009
Epoch: 26 	 sub-epoch: 3.0000 
step  % :  0.0  i/I =  0 / 7
Path :  /gpfsscratch/rech/ohv/ueu39kt/CFLOW/weights/TumorSeg_HES_individual_training_TNE0017/Tumor/26/TumorNormal_wide_resnet50_2_freia-cflow_pl3_cb8_inp384_run0_Tumor_26_3.pt
Saving weights to TumorNormal_wide_resnet50_2_freia-cflow_pl3_cb8_inp384_run0_Tumor_26_3.pt
Epoch: 26.3 	 train loss: 0.0903, lr=0.000009
Epoch: 26 	 sub-epoch: 4.0000 
step  % :  0.0  i/I =  0 / 7
Path :  /gpfsscratch/rech/ohv/ueu39kt/CFLOW/weights/TumorSeg_HES_individual_training_TNE0017/Tumor/26/TumorNormal_wide_resnet50_2_freia-cflow_pl3_cb8_inp384_run0_Tumor_26_4.pt
Saving weights to TumorNormal_wide_resnet50_2_freia-cflow_pl3_cb8_inp384_run0_Tumor_26_4.pt
Epoch: 26.4 	 train loss: 0.0904, lr=0.000009
Epoch: 26 	 sub-epoch: 5.0000 
step  % :  0.0  i/I =  0 / 7
Path :  /gpfsscratch/rech/ohv/ueu39kt/CFLOW/weights/TumorSeg_HES_individual_training_TNE0017/Tumor/26/TumorNormal_wide_resnet50_2_freia-cflow_pl3_cb8_inp384_run0_Tumor_26_5.pt
Saving weights to TumorNormal_wide_resnet50_2_freia-cflow_pl3_cb8_inp384_run0_Tumor_26_5.pt
Epoch: 26.5 	 train loss: 0.0904, lr=0.000009
Epoch: 26 	 sub-epoch: 6.0000 
step  % :  0.0  i/I =  0 / 7
Path :  /gpfsscratch/rech/ohv/ueu39kt/CFLOW/weights/TumorSeg_HES_individual_training_TNE0017/Tumor/26/TumorNormal_wide_resnet50_2_freia-cflow_pl3_cb8_inp384_run0_Tumor_26_6.pt
Saving weights to TumorNormal_wide_resnet50_2_freia-cflow_pl3_cb8_inp384_run0_Tumor_26_6.pt
Epoch: 26.6 	 train loss: 0.0902, lr=0.000009
Epoch: 26 	 sub-epoch: 7.0000 
step  % :  0.0  i/I =  0 / 7
Path :  /gpfsscratch/rech/ohv/ueu39kt/CFLOW/weights/TumorSeg_HES_individual_training_TNE0017/Tumor/26/TumorNormal_wide_resnet50_2_freia-cflow_pl3_cb8_inp384_run0_Tumor_26_7.pt
Saving weights to TumorNormal_wide_resnet50_2_freia-cflow_pl3_cb8_inp384_run0_Tumor_26_7.pt
Epoch: 26.7 	 train loss: 0.0904, lr=0.000009

Compute loss and scores on test set:
step  % :  0.0  i/I =  0 / 5
Epoch: 26 	 step: 0.0000 
Epoch: 26 	 test_loss: 6199.0144 and 12.46 fps
Len train loader =  7
Epoch: 27 	 sub-epoch: 0.0000 
step  % :  0.0  i/I =  0 / 7
Path :  /gpfsscratch/rech/ohv/ueu39kt/CFLOW/weights/TumorSeg_HES_individual_training_TNE0017/Tumor/27/TumorNormal_wide_resnet50_2_freia-cflow_pl3_cb8_inp384_run0_Tumor_27_0.pt
Saving weights to TumorNormal_wide_resnet50_2_freia-cflow_pl3_cb8_inp384_run0_Tumor_27_0.pt
Epoch: 27.0 	 train loss: 0.0903, lr=0.000005
Epoch: 27 	 sub-epoch: 1.0000 
step  % :  0.0  i/I =  0 / 7
Path :  /gpfsscratch/rech/ohv/ueu39kt/CFLOW/weights/TumorSeg_HES_individual_training_TNE0017/Tumor/27/TumorNormal_wide_resnet50_2_freia-cflow_pl3_cb8_inp384_run0_Tumor_27_1.pt
Saving weights to TumorNormal_wide_resnet50_2_freia-cflow_pl3_cb8_inp384_run0_Tumor_27_1.pt
Epoch: 27.1 	 train loss: 0.0901, lr=0.000005
Epoch: 27 	 sub-epoch: 2.0000 
step  % :  0.0  i/I =  0 / 7
Path :  /gpfsscratch/rech/ohv/ueu39kt/CFLOW/weights/TumorSeg_HES_individual_training_TNE0017/Tumor/27/TumorNormal_wide_resnet50_2_freia-cflow_pl3_cb8_inp384_run0_Tumor_27_2.pt
Saving weights to TumorNormal_wide_resnet50_2_freia-cflow_pl3_cb8_inp384_run0_Tumor_27_2.pt
Epoch: 27.2 	 train loss: 0.0899, lr=0.000005
Epoch: 27 	 sub-epoch: 3.0000 
step  % :  0.0  i/I =  0 / 7
Path :  /gpfsscratch/rech/ohv/ueu39kt/CFLOW/weights/TumorSeg_HES_individual_training_TNE0017/Tumor/27/TumorNormal_wide_resnet50_2_freia-cflow_pl3_cb8_inp384_run0_Tumor_27_3.pt
Saving weights to TumorNormal_wide_resnet50_2_freia-cflow_pl3_cb8_inp384_run0_Tumor_27_3.pt
Epoch: 27.3 	 train loss: 0.0902, lr=0.000005
Epoch: 27 	 sub-epoch: 4.0000 
step  % :  0.0  i/I =  0 / 7
Path :  /gpfsscratch/rech/ohv/ueu39kt/CFLOW/weights/TumorSeg_HES_individual_training_TNE0017/Tumor/27/TumorNormal_wide_resnet50_2_freia-cflow_pl3_cb8_inp384_run0_Tumor_27_4.pt
Saving weights to TumorNormal_wide_resnet50_2_freia-cflow_pl3_cb8_inp384_run0_Tumor_27_4.pt
Epoch: 27.4 	 train loss: 0.0899, lr=0.000005
Epoch: 27 	 sub-epoch: 5.0000 
step  % :  0.0  i/I =  0 / 7
Path :  /gpfsscratch/rech/ohv/ueu39kt/CFLOW/weights/TumorSeg_HES_individual_training_TNE0017/Tumor/27/TumorNormal_wide_resnet50_2_freia-cflow_pl3_cb8_inp384_run0_Tumor_27_5.pt
Saving weights to TumorNormal_wide_resnet50_2_freia-cflow_pl3_cb8_inp384_run0_Tumor_27_5.pt
Epoch: 27.5 	 train loss: 0.0901, lr=0.000005
Epoch: 27 	 sub-epoch: 6.0000 
step  % :  0.0  i/I =  0 / 7
Path :  /gpfsscratch/rech/ohv/ueu39kt/CFLOW/weights/TumorSeg_HES_individual_training_TNE0017/Tumor/27/TumorNormal_wide_resnet50_2_freia-cflow_pl3_cb8_inp384_run0_Tumor_27_6.pt
Saving weights to TumorNormal_wide_resnet50_2_freia-cflow_pl3_cb8_inp384_run0_Tumor_27_6.pt
Epoch: 27.6 	 train loss: 0.0900, lr=0.000005
Epoch: 27 	 sub-epoch: 7.0000 
step  % :  0.0  i/I =  0 / 7
Path :  /gpfsscratch/rech/ohv/ueu39kt/CFLOW/weights/TumorSeg_HES_individual_training_TNE0017/Tumor/27/TumorNormal_wide_resnet50_2_freia-cflow_pl3_cb8_inp384_run0_Tumor_27_7.pt
Saving weights to TumorNormal_wide_resnet50_2_freia-cflow_pl3_cb8_inp384_run0_Tumor_27_7.pt
Epoch: 27.7 	 train loss: 0.0899, lr=0.000005

Compute loss and scores on test set:
step  % :  0.0  i/I =  0 / 5
Epoch: 27 	 step: 0.0000 
Epoch: 27 	 test_loss: 9151.1299 and 12.46 fps
Len train loader =  7
Epoch: 28 	 sub-epoch: 0.0000 
step  % :  0.0  i/I =  0 / 7
Path :  /gpfsscratch/rech/ohv/ueu39kt/CFLOW/weights/TumorSeg_HES_individual_training_TNE0017/Tumor/28/TumorNormal_wide_resnet50_2_freia-cflow_pl3_cb8_inp384_run0_Tumor_28_0.pt
Saving weights to TumorNormal_wide_resnet50_2_freia-cflow_pl3_cb8_inp384_run0_Tumor_28_0.pt
Epoch: 28.0 	 train loss: 0.0902, lr=0.000002
Epoch: 28 	 sub-epoch: 1.0000 
step  % :  0.0  i/I =  0 / 7
Path :  /gpfsscratch/rech/ohv/ueu39kt/CFLOW/weights/TumorSeg_HES_individual_training_TNE0017/Tumor/28/TumorNormal_wide_resnet50_2_freia-cflow_pl3_cb8_inp384_run0_Tumor_28_1.pt
Saving weights to TumorNormal_wide_resnet50_2_freia-cflow_pl3_cb8_inp384_run0_Tumor_28_1.pt
Epoch: 28.1 	 train loss: 0.0901, lr=0.000002
Epoch: 28 	 sub-epoch: 2.0000 
step  % :  0.0  i/I =  0 / 7
Path :  /gpfsscratch/rech/ohv/ueu39kt/CFLOW/weights/TumorSeg_HES_individual_training_TNE0017/Tumor/28/TumorNormal_wide_resnet50_2_freia-cflow_pl3_cb8_inp384_run0_Tumor_28_2.pt
Saving weights to TumorNormal_wide_resnet50_2_freia-cflow_pl3_cb8_inp384_run0_Tumor_28_2.pt
Epoch: 28.2 	 train loss: 0.0900, lr=0.000002
Epoch: 28 	 sub-epoch: 3.0000 
step  % :  0.0  i/I =  0 / 7
Path :  /gpfsscratch/rech/ohv/ueu39kt/CFLOW/weights/TumorSeg_HES_individual_training_TNE0017/Tumor/28/TumorNormal_wide_resnet50_2_freia-cflow_pl3_cb8_inp384_run0_Tumor_28_3.pt
Saving weights to TumorNormal_wide_resnet50_2_freia-cflow_pl3_cb8_inp384_run0_Tumor_28_3.pt
Epoch: 28.3 	 train loss: 0.0897, lr=0.000002
Epoch: 28 	 sub-epoch: 4.0000 
step  % :  0.0  i/I =  0 / 7
Path :  /gpfsscratch/rech/ohv/ueu39kt/CFLOW/weights/TumorSeg_HES_individual_training_TNE0017/Tumor/28/TumorNormal_wide_resnet50_2_freia-cflow_pl3_cb8_inp384_run0_Tumor_28_4.pt
Saving weights to TumorNormal_wide_resnet50_2_freia-cflow_pl3_cb8_inp384_run0_Tumor_28_4.pt
Epoch: 28.4 	 train loss: 0.0897, lr=0.000002
Epoch: 28 	 sub-epoch: 5.0000 
step  % :  0.0  i/I =  0 / 7
Path :  /gpfsscratch/rech/ohv/ueu39kt/CFLOW/weights/TumorSeg_HES_individual_training_TNE0017/Tumor/28/TumorNormal_wide_resnet50_2_freia-cflow_pl3_cb8_inp384_run0_Tumor_28_5.pt
Saving weights to TumorNormal_wide_resnet50_2_freia-cflow_pl3_cb8_inp384_run0_Tumor_28_5.pt
Epoch: 28.5 	 train loss: 0.0897, lr=0.000002
Epoch: 28 	 sub-epoch: 6.0000 
step  % :  0.0  i/I =  0 / 7
Path :  /gpfsscratch/rech/ohv/ueu39kt/CFLOW/weights/TumorSeg_HES_individual_training_TNE0017/Tumor/28/TumorNormal_wide_resnet50_2_freia-cflow_pl3_cb8_inp384_run0_Tumor_28_6.pt
Saving weights to TumorNormal_wide_resnet50_2_freia-cflow_pl3_cb8_inp384_run0_Tumor_28_6.pt
Epoch: 28.6 	 train loss: 0.0897, lr=0.000002
Epoch: 28 	 sub-epoch: 7.0000 
step  % :  0.0  i/I =  0 / 7
Path :  /gpfsscratch/rech/ohv/ueu39kt/CFLOW/weights/TumorSeg_HES_individual_training_TNE0017/Tumor/28/TumorNormal_wide_resnet50_2_freia-cflow_pl3_cb8_inp384_run0_Tumor_28_7.pt
Saving weights to TumorNormal_wide_resnet50_2_freia-cflow_pl3_cb8_inp384_run0_Tumor_28_7.pt
Epoch: 28.7 	 train loss: 0.0899, lr=0.000002

Compute loss and scores on test set:
step  % :  0.0  i/I =  0 / 5
Epoch: 28 	 step: 0.0000 
Epoch: 28 	 test_loss: 7731.5889 and 15.08 fps
Len train loader =  7
Epoch: 29 	 sub-epoch: 0.0000 
step  % :  0.0  i/I =  0 / 7
Path :  /gpfsscratch/rech/ohv/ueu39kt/CFLOW/weights/TumorSeg_HES_individual_training_TNE0017/Tumor/29/TumorNormal_wide_resnet50_2_freia-cflow_pl3_cb8_inp384_run0_Tumor_29_0.pt
Saving weights to TumorNormal_wide_resnet50_2_freia-cflow_pl3_cb8_inp384_run0_Tumor_29_0.pt
Epoch: 29.0 	 train loss: 0.0897, lr=0.000001
Epoch: 29 	 sub-epoch: 1.0000 
step  % :  0.0  i/I =  0 / 7
Path :  /gpfsscratch/rech/ohv/ueu39kt/CFLOW/weights/TumorSeg_HES_individual_training_TNE0017/Tumor/29/TumorNormal_wide_resnet50_2_freia-cflow_pl3_cb8_inp384_run0_Tumor_29_1.pt
Saving weights to TumorNormal_wide_resnet50_2_freia-cflow_pl3_cb8_inp384_run0_Tumor_29_1.pt
Epoch: 29.1 	 train loss: 0.0899, lr=0.000001
Epoch: 29 	 sub-epoch: 2.0000 
step  % :  0.0  i/I =  0 / 7
Path :  /gpfsscratch/rech/ohv/ueu39kt/CFLOW/weights/TumorSeg_HES_individual_training_TNE0017/Tumor/29/TumorNormal_wide_resnet50_2_freia-cflow_pl3_cb8_inp384_run0_Tumor_29_2.pt
Saving weights to TumorNormal_wide_resnet50_2_freia-cflow_pl3_cb8_inp384_run0_Tumor_29_2.pt
Epoch: 29.2 	 train loss: 0.0898, lr=0.000001
Epoch: 29 	 sub-epoch: 3.0000 
step  % :  0.0  i/I =  0 / 7
Path :  /gpfsscratch/rech/ohv/ueu39kt/CFLOW/weights/TumorSeg_HES_individual_training_TNE0017/Tumor/29/TumorNormal_wide_resnet50_2_freia-cflow_pl3_cb8_inp384_run0_Tumor_29_3.pt
Saving weights to TumorNormal_wide_resnet50_2_freia-cflow_pl3_cb8_inp384_run0_Tumor_29_3.pt
Epoch: 29.3 	 train loss: 0.0898, lr=0.000001
Epoch: 29 	 sub-epoch: 4.0000 
step  % :  0.0  i/I =  0 / 7
Path :  /gpfsscratch/rech/ohv/ueu39kt/CFLOW/weights/TumorSeg_HES_individual_training_TNE0017/Tumor/29/TumorNormal_wide_resnet50_2_freia-cflow_pl3_cb8_inp384_run0_Tumor_29_4.pt
Saving weights to TumorNormal_wide_resnet50_2_freia-cflow_pl3_cb8_inp384_run0_Tumor_29_4.pt
Epoch: 29.4 	 train loss: 0.0900, lr=0.000001
Epoch: 29 	 sub-epoch: 5.0000 
step  % :  0.0  i/I =  0 / 7
Path :  /gpfsscratch/rech/ohv/ueu39kt/CFLOW/weights/TumorSeg_HES_individual_training_TNE0017/Tumor/29/TumorNormal_wide_resnet50_2_freia-cflow_pl3_cb8_inp384_run0_Tumor_29_5.pt
Saving weights to TumorNormal_wide_resnet50_2_freia-cflow_pl3_cb8_inp384_run0_Tumor_29_5.pt
Epoch: 29.5 	 train loss: 0.0900, lr=0.000001
Epoch: 29 	 sub-epoch: 6.0000 
step  % :  0.0  i/I =  0 / 7
Path :  /gpfsscratch/rech/ohv/ueu39kt/CFLOW/weights/TumorSeg_HES_individual_training_TNE0017/Tumor/29/TumorNormal_wide_resnet50_2_freia-cflow_pl3_cb8_inp384_run0_Tumor_29_6.pt
Saving weights to TumorNormal_wide_resnet50_2_freia-cflow_pl3_cb8_inp384_run0_Tumor_29_6.pt
Epoch: 29.6 	 train loss: 0.0900, lr=0.000001
Epoch: 29 	 sub-epoch: 7.0000 
step  % :  0.0  i/I =  0 / 7
Path :  /gpfsscratch/rech/ohv/ueu39kt/CFLOW/weights/TumorSeg_HES_individual_training_TNE0017/Tumor/29/TumorNormal_wide_resnet50_2_freia-cflow_pl3_cb8_inp384_run0_Tumor_29_7.pt
Saving weights to TumorNormal_wide_resnet50_2_freia-cflow_pl3_cb8_inp384_run0_Tumor_29_7.pt
Epoch: 29.7 	 train loss: 0.0897, lr=0.000001

Compute loss and scores on test set:
step  % :  0.0  i/I =  0 / 5
Epoch: 29 	 step: 0.0000 
Epoch: 29 	 test_loss: 9075.1367 and 12.49 fps
