 c.data_path   /gpfsscratch/rech/ohv/ueu39kt/KI67_Normal_Tumoral
LR schedule: [12, 18, 22]
Number of pool layers = 3
CNF coder: 512
CNF coder: 1024
CNF coder: 2048
train/test loader length 10870 9256
train/test loader batches 339 290
Train meta epoch: 0
Len train loader =  339
Epoch: 0 	 sub-epoch: 0.0000 
step  % :  0.0  i/I =  0 / 339
step  % :  5.899705014749262  i/I =  20 / 339
step  % :  11.799410029498524  i/I =  40 / 339
step  % :  17.699115044247787  i/I =  60 / 339
step  % :  23.59882005899705  i/I =  80 / 339
step  % :  29.49852507374631  i/I =  100 / 339
step  % :  35.39823008849557  i/I =  120 / 339
step  % :  41.29793510324484  i/I =  140 / 339
step  % :  47.1976401179941  i/I =  160 / 339
step  % :  53.09734513274337  i/I =  180 / 339
step  % :  58.99705014749262  i/I =  200 / 339
step  % :  64.89675516224189  i/I =  220 / 339
step  % :  70.79646017699115  i/I =  240 / 339
step  % :  76.69616519174042  i/I =  260 / 339
step  % :  82.59587020648968  i/I =  280 / 339
step  % :  88.49557522123894  i/I =  300 / 339
step  % :  94.3952802359882  i/I =  320 / 339
Path :  /gpfsscratch/rech/ohv/ueu39kt/CFLOW/weights/carpet_parallel_2709/Tumor/0/TumorNormal_wide_resnet50_2_freia-cflow_pl3_cb8_inp384_run0_Tumor_0_0.pt
Saving weights to TumorNormal_wide_resnet50_2_freia-cflow_pl3_cb8_inp384_run0_Tumor_0_0.pt
Epoch: 0.0 	 train loss: 0.2281, lr=0.000108

Compute loss and scores on test set:
step  % :  0.0  i/I =  0 / 290
Epoch: 0 	 step: 0.0000 
step  % :  3.4482758620689653  i/I =  10 / 290
step  % :  6.896551724137931  i/I =  20 / 290
step  % :  10.344827586206897  i/I =  30 / 290
step  % :  13.793103448275861  i/I =  40 / 290
step  % :  17.24137931034483  i/I =  50 / 290
step  % :  20.689655172413794  i/I =  60 / 290
step  % :  24.137931034482758  i/I =  70 / 290
step  % :  27.586206896551722  i/I =  80 / 290
step  % :  31.03448275862069  i/I =  90 / 290
step  % :  34.48275862068966  i/I =  100 / 290
step  % :  37.93103448275862  i/I =  110 / 290
step  % :  41.37931034482759  i/I =  120 / 290
step  % :  44.827586206896555  i/I =  130 / 290
step  % :  48.275862068965516  i/I =  140 / 290
step  % :  51.724137931034484  i/I =  150 / 290
step  % :  55.172413793103445  i/I =  160 / 290
step  % :  58.620689655172406  i/I =  170 / 290
step  % :  62.06896551724138  i/I =  180 / 290
step  % :  65.51724137931035  i/I =  190 / 290
step  % :  68.96551724137932  i/I =  200 / 290
step  % :  72.41379310344827  i/I =  210 / 290
step  % :  75.86206896551724  i/I =  220 / 290
step  % :  79.3103448275862  i/I =  230 / 290
step  % :  82.75862068965517  i/I =  240 / 290
step  % :  86.20689655172413  i/I =  250 / 290
step  % :  89.65517241379311  i/I =  260 / 290
step  % :  93.10344827586206  i/I =  270 / 290
step  % :  96.55172413793103  i/I =  280 / 290
Epoch: 0 	 test_loss: 0.3660 and 0.93 fps
Train meta epoch: 1
Len train loader =  339
Epoch: 1 	 sub-epoch: 0.0000 
step  % :  0.0  i/I =  0 / 339
step  % :  5.899705014749262  i/I =  20 / 339
step  % :  11.799410029498524  i/I =  40 / 339
step  % :  17.699115044247787  i/I =  60 / 339
step  % :  23.59882005899705  i/I =  80 / 339
step  % :  29.49852507374631  i/I =  100 / 339
step  % :  35.39823008849557  i/I =  120 / 339
step  % :  41.29793510324484  i/I =  140 / 339
step  % :  47.1976401179941  i/I =  160 / 339
step  % :  53.09734513274337  i/I =  180 / 339
step  % :  58.99705014749262  i/I =  200 / 339
step  % :  64.89675516224189  i/I =  220 / 339
step  % :  70.79646017699115  i/I =  240 / 339
step  % :  76.69616519174042  i/I =  260 / 339
step  % :  82.59587020648968  i/I =  280 / 339
step  % :  88.49557522123894  i/I =  300 / 339
step  % :  94.3952802359882  i/I =  320 / 339
Path :  /gpfsscratch/rech/ohv/ueu39kt/CFLOW/weights/carpet_parallel_2709/Tumor/1/TumorNormal_wide_resnet50_2_freia-cflow_pl3_cb8_inp384_run0_Tumor_1_0.pt
Saving weights to TumorNormal_wide_resnet50_2_freia-cflow_pl3_cb8_inp384_run0_Tumor_1_0.pt
Epoch: 1.0 	 train loss: 0.1592, lr=0.000197

Compute loss and scores on test set:
step  % :  0.0  i/I =  0 / 290
Epoch: 1 	 step: 0.0000 
step  % :  3.4482758620689653  i/I =  10 / 290
step  % :  6.896551724137931  i/I =  20 / 290
step  % :  10.344827586206897  i/I =  30 / 290
step  % :  13.793103448275861  i/I =  40 / 290
step  % :  17.24137931034483  i/I =  50 / 290
step  % :  20.689655172413794  i/I =  60 / 290
step  % :  24.137931034482758  i/I =  70 / 290
step  % :  27.586206896551722  i/I =  80 / 290
step  % :  31.03448275862069  i/I =  90 / 290
step  % :  34.48275862068966  i/I =  100 / 290
step  % :  37.93103448275862  i/I =  110 / 290
step  % :  41.37931034482759  i/I =  120 / 290
step  % :  44.827586206896555  i/I =  130 / 290
step  % :  48.275862068965516  i/I =  140 / 290
step  % :  51.724137931034484  i/I =  150 / 290
step  % :  55.172413793103445  i/I =  160 / 290
step  % :  58.620689655172406  i/I =  170 / 290
step  % :  62.06896551724138  i/I =  180 / 290
step  % :  65.51724137931035  i/I =  190 / 290
step  % :  68.96551724137932  i/I =  200 / 290
step  % :  72.41379310344827  i/I =  210 / 290
step  % :  75.86206896551724  i/I =  220 / 290
step  % :  79.3103448275862  i/I =  230 / 290
step  % :  82.75862068965517  i/I =  240 / 290
step  % :  86.20689655172413  i/I =  250 / 290
step  % :  89.65517241379311  i/I =  260 / 290
step  % :  93.10344827586206  i/I =  270 / 290
step  % :  96.55172413793103  i/I =  280 / 290
Epoch: 1 	 test_loss: 0.8686 and 0.93 fps
Train meta epoch: 2
Len train loader =  339
Epoch: 2 	 sub-epoch: 0.0000 
step  % :  0.0  i/I =  0 / 339
step  % :  5.899705014749262  i/I =  20 / 339
step  % :  11.799410029498524  i/I =  40 / 339
step  % :  17.699115044247787  i/I =  60 / 339
step  % :  23.59882005899705  i/I =  80 / 339
step  % :  29.49852507374631  i/I =  100 / 339
step  % :  35.39823008849557  i/I =  120 / 339
step  % :  41.29793510324484  i/I =  140 / 339
step  % :  47.1976401179941  i/I =  160 / 339
step  % :  53.09734513274337  i/I =  180 / 339
step  % :  58.99705014749262  i/I =  200 / 339
step  % :  64.89675516224189  i/I =  220 / 339
step  % :  70.79646017699115  i/I =  240 / 339
step  % :  76.69616519174042  i/I =  260 / 339
step  % :  82.59587020648968  i/I =  280 / 339
step  % :  88.49557522123894  i/I =  300 / 339
step  % :  94.3952802359882  i/I =  320 / 339
Path :  /gpfsscratch/rech/ohv/ueu39kt/CFLOW/weights/carpet_parallel_2709/Tumor/2/TumorNormal_wide_resnet50_2_freia-cflow_pl3_cb8_inp384_run0_Tumor_2_0.pt
Saving weights to TumorNormal_wide_resnet50_2_freia-cflow_pl3_cb8_inp384_run0_Tumor_2_0.pt
Epoch: 2.0 	 train loss: 0.1187, lr=0.000197

Compute loss and scores on test set:
step  % :  0.0  i/I =  0 / 290
Epoch: 2 	 step: 0.0000 
step  % :  3.4482758620689653  i/I =  10 / 290
step  % :  6.896551724137931  i/I =  20 / 290
step  % :  10.344827586206897  i/I =  30 / 290
step  % :  13.793103448275861  i/I =  40 / 290
step  % :  17.24137931034483  i/I =  50 / 290
step  % :  20.689655172413794  i/I =  60 / 290
step  % :  24.137931034482758  i/I =  70 / 290
step  % :  27.586206896551722  i/I =  80 / 290
step  % :  31.03448275862069  i/I =  90 / 290
step  % :  34.48275862068966  i/I =  100 / 290
step  % :  37.93103448275862  i/I =  110 / 290
step  % :  41.37931034482759  i/I =  120 / 290
step  % :  44.827586206896555  i/I =  130 / 290
step  % :  48.275862068965516  i/I =  140 / 290
step  % :  51.724137931034484  i/I =  150 / 290
step  % :  55.172413793103445  i/I =  160 / 290
step  % :  58.620689655172406  i/I =  170 / 290
step  % :  62.06896551724138  i/I =  180 / 290
step  % :  65.51724137931035  i/I =  190 / 290
step  % :  68.96551724137932  i/I =  200 / 290
step  % :  72.41379310344827  i/I =  210 / 290
step  % :  75.86206896551724  i/I =  220 / 290
step  % :  79.3103448275862  i/I =  230 / 290
step  % :  82.75862068965517  i/I =  240 / 290
step  % :  86.20689655172413  i/I =  250 / 290
step  % :  89.65517241379311  i/I =  260 / 290
step  % :  93.10344827586206  i/I =  270 / 290
step  % :  96.55172413793103  i/I =  280 / 290
Epoch: 2 	 test_loss: 5.2973 and 0.93 fps
Train meta epoch: 3
Len train loader =  339
Epoch: 3 	 sub-epoch: 0.0000 
step  % :  0.0  i/I =  0 / 339
step  % :  5.899705014749262  i/I =  20 / 339
step  % :  11.799410029498524  i/I =  40 / 339
step  % :  17.699115044247787  i/I =  60 / 339
step  % :  23.59882005899705  i/I =  80 / 339
step  % :  29.49852507374631  i/I =  100 / 339
step  % :  35.39823008849557  i/I =  120 / 339
step  % :  41.29793510324484  i/I =  140 / 339
step  % :  47.1976401179941  i/I =  160 / 339
step  % :  53.09734513274337  i/I =  180 / 339
step  % :  58.99705014749262  i/I =  200 / 339
step  % :  64.89675516224189  i/I =  220 / 339
step  % :  70.79646017699115  i/I =  240 / 339
step  % :  76.69616519174042  i/I =  260 / 339
step  % :  82.59587020648968  i/I =  280 / 339
step  % :  88.49557522123894  i/I =  300 / 339
step  % :  94.3952802359882  i/I =  320 / 339
Path :  /gpfsscratch/rech/ohv/ueu39kt/CFLOW/weights/carpet_parallel_2709/Tumor/3/TumorNormal_wide_resnet50_2_freia-cflow_pl3_cb8_inp384_run0_Tumor_3_0.pt
Saving weights to TumorNormal_wide_resnet50_2_freia-cflow_pl3_cb8_inp384_run0_Tumor_3_0.pt
Epoch: 3.0 	 train loss: 0.0995, lr=0.000193

Compute loss and scores on test set:
step  % :  0.0  i/I =  0 / 290
Epoch: 3 	 step: 0.0000 
step  % :  3.4482758620689653  i/I =  10 / 290
step  % :  6.896551724137931  i/I =  20 / 290
step  % :  10.344827586206897  i/I =  30 / 290
step  % :  13.793103448275861  i/I =  40 / 290
step  % :  17.24137931034483  i/I =  50 / 290
step  % :  20.689655172413794  i/I =  60 / 290
step  % :  24.137931034482758  i/I =  70 / 290
step  % :  27.586206896551722  i/I =  80 / 290
step  % :  31.03448275862069  i/I =  90 / 290
step  % :  34.48275862068966  i/I =  100 / 290
step  % :  37.93103448275862  i/I =  110 / 290
step  % :  41.37931034482759  i/I =  120 / 290
step  % :  44.827586206896555  i/I =  130 / 290
step  % :  48.275862068965516  i/I =  140 / 290
step  % :  51.724137931034484  i/I =  150 / 290
step  % :  55.172413793103445  i/I =  160 / 290
step  % :  58.620689655172406  i/I =  170 / 290
step  % :  62.06896551724138  i/I =  180 / 290
step  % :  65.51724137931035  i/I =  190 / 290
step  % :  68.96551724137932  i/I =  200 / 290
step  % :  72.41379310344827  i/I =  210 / 290
step  % :  75.86206896551724  i/I =  220 / 290
step  % :  79.3103448275862  i/I =  230 / 290
step  % :  82.75862068965517  i/I =  240 / 290
step  % :  86.20689655172413  i/I =  250 / 290
step  % :  89.65517241379311  i/I =  260 / 290
step  % :  93.10344827586206  i/I =  270 / 290
step  % :  96.55172413793103  i/I =  280 / 290
Epoch: 3 	 test_loss: 85.7474 and 0.97 fps
Train meta epoch: 4
Len train loader =  339
Epoch: 4 	 sub-epoch: 0.0000 
step  % :  0.0  i/I =  0 / 339
step  % :  5.899705014749262  i/I =  20 / 339
step  % :  11.799410029498524  i/I =  40 / 339
step  % :  17.699115044247787  i/I =  60 / 339
step  % :  23.59882005899705  i/I =  80 / 339
step  % :  29.49852507374631  i/I =  100 / 339
step  % :  35.39823008849557  i/I =  120 / 339
step  % :  41.29793510324484  i/I =  140 / 339
step  % :  47.1976401179941  i/I =  160 / 339
step  % :  53.09734513274337  i/I =  180 / 339
step  % :  58.99705014749262  i/I =  200 / 339
step  % :  64.89675516224189  i/I =  220 / 339
step  % :  70.79646017699115  i/I =  240 / 339
step  % :  76.69616519174042  i/I =  260 / 339
step  % :  82.59587020648968  i/I =  280 / 339
step  % :  88.49557522123894  i/I =  300 / 339
step  % :  94.3952802359882  i/I =  320 / 339
Path :  /gpfsscratch/rech/ohv/ueu39kt/CFLOW/weights/carpet_parallel_2709/Tumor/4/TumorNormal_wide_resnet50_2_freia-cflow_pl3_cb8_inp384_run0_Tumor_4_0.pt
Saving weights to TumorNormal_wide_resnet50_2_freia-cflow_pl3_cb8_inp384_run0_Tumor_4_0.pt
Epoch: 4.0 	 train loss: 0.0904, lr=0.000188

Compute loss and scores on test set:
step  % :  0.0  i/I =  0 / 290
Epoch: 4 	 step: 0.0000 
step  % :  3.4482758620689653  i/I =  10 / 290
step  % :  6.896551724137931  i/I =  20 / 290
step  % :  10.344827586206897  i/I =  30 / 290
step  % :  13.793103448275861  i/I =  40 / 290
step  % :  17.24137931034483  i/I =  50 / 290
step  % :  20.689655172413794  i/I =  60 / 290
step  % :  24.137931034482758  i/I =  70 / 290
step  % :  27.586206896551722  i/I =  80 / 290
step  % :  31.03448275862069  i/I =  90 / 290
step  % :  34.48275862068966  i/I =  100 / 290
step  % :  37.93103448275862  i/I =  110 / 290
step  % :  41.37931034482759  i/I =  120 / 290
step  % :  44.827586206896555  i/I =  130 / 290
step  % :  48.275862068965516  i/I =  140 / 290
step  % :  51.724137931034484  i/I =  150 / 290
step  % :  55.172413793103445  i/I =  160 / 290
step  % :  58.620689655172406  i/I =  170 / 290
step  % :  62.06896551724138  i/I =  180 / 290
step  % :  65.51724137931035  i/I =  190 / 290
step  % :  68.96551724137932  i/I =  200 / 290
step  % :  72.41379310344827  i/I =  210 / 290
step  % :  75.86206896551724  i/I =  220 / 290
step  % :  79.3103448275862  i/I =  230 / 290
step  % :  82.75862068965517  i/I =  240 / 290
step  % :  86.20689655172413  i/I =  250 / 290
step  % :  89.65517241379311  i/I =  260 / 290
step  % :  93.10344827586206  i/I =  270 / 290
step  % :  96.55172413793103  i/I =  280 / 290
Epoch: 4 	 test_loss: 1773.2401 and 0.96 fps
Train meta epoch: 5
Len train loader =  339
Epoch: 5 	 sub-epoch: 0.0000 
step  % :  0.0  i/I =  0 / 339
step  % :  5.899705014749262  i/I =  20 / 339
step  % :  11.799410029498524  i/I =  40 / 339
step  % :  17.699115044247787  i/I =  60 / 339
step  % :  23.59882005899705  i/I =  80 / 339
step  % :  29.49852507374631  i/I =  100 / 339
step  % :  35.39823008849557  i/I =  120 / 339
step  % :  41.29793510324484  i/I =  140 / 339
step  % :  47.1976401179941  i/I =  160 / 339
step  % :  53.09734513274337  i/I =  180 / 339
step  % :  58.99705014749262  i/I =  200 / 339
step  % :  64.89675516224189  i/I =  220 / 339
step  % :  70.79646017699115  i/I =  240 / 339
step  % :  76.69616519174042  i/I =  260 / 339
step  % :  82.59587020648968  i/I =  280 / 339
step  % :  88.49557522123894  i/I =  300 / 339
step  % :  94.3952802359882  i/I =  320 / 339
Path :  /gpfsscratch/rech/ohv/ueu39kt/CFLOW/weights/carpet_parallel_2709/Tumor/5/TumorNormal_wide_resnet50_2_freia-cflow_pl3_cb8_inp384_run0_Tumor_5_0.pt
Saving weights to TumorNormal_wide_resnet50_2_freia-cflow_pl3_cb8_inp384_run0_Tumor_5_0.pt
Epoch: 5.0 	 train loss: 117.2131, lr=0.000181

Compute loss and scores on test set:
step  % :  0.0  i/I =  0 / 290
Epoch: 5 	 step: 0.0000 
step  % :  3.4482758620689653  i/I =  10 / 290
step  % :  6.896551724137931  i/I =  20 / 290
step  % :  10.344827586206897  i/I =  30 / 290
step  % :  13.793103448275861  i/I =  40 / 290
step  % :  17.24137931034483  i/I =  50 / 290
step  % :  20.689655172413794  i/I =  60 / 290
step  % :  24.137931034482758  i/I =  70 / 290
step  % :  27.586206896551722  i/I =  80 / 290
step  % :  31.03448275862069  i/I =  90 / 290
step  % :  34.48275862068966  i/I =  100 / 290
step  % :  37.93103448275862  i/I =  110 / 290
step  % :  41.37931034482759  i/I =  120 / 290
step  % :  44.827586206896555  i/I =  130 / 290
step  % :  48.275862068965516  i/I =  140 / 290
step  % :  51.724137931034484  i/I =  150 / 290
step  % :  55.172413793103445  i/I =  160 / 290
step  % :  58.620689655172406  i/I =  170 / 290
step  % :  62.06896551724138  i/I =  180 / 290
step  % :  65.51724137931035  i/I =  190 / 290
step  % :  68.96551724137932  i/I =  200 / 290
step  % :  72.41379310344827  i/I =  210 / 290
step  % :  75.86206896551724  i/I =  220 / 290
step  % :  79.3103448275862  i/I =  230 / 290
step  % :  82.75862068965517  i/I =  240 / 290
step  % :  86.20689655172413  i/I =  250 / 290
step  % :  89.65517241379311  i/I =  260 / 290
step  % :  93.10344827586206  i/I =  270 / 290
step  % :  96.55172413793103  i/I =  280 / 290
Epoch: 5 	 test_loss: 68.9016 and 0.97 fps
Train meta epoch: 6
Len train loader =  339
Epoch: 6 	 sub-epoch: 0.0000 
step  % :  0.0  i/I =  0 / 339
step  % :  5.899705014749262  i/I =  20 / 339
step  % :  11.799410029498524  i/I =  40 / 339
step  % :  17.699115044247787  i/I =  60 / 339
step  % :  23.59882005899705  i/I =  80 / 339
step  % :  29.49852507374631  i/I =  100 / 339
step  % :  35.39823008849557  i/I =  120 / 339
step  % :  41.29793510324484  i/I =  140 / 339
step  % :  47.1976401179941  i/I =  160 / 339
step  % :  53.09734513274337  i/I =  180 / 339
step  % :  58.99705014749262  i/I =  200 / 339
step  % :  64.89675516224189  i/I =  220 / 339
step  % :  70.79646017699115  i/I =  240 / 339
step  % :  76.69616519174042  i/I =  260 / 339
step  % :  82.59587020648968  i/I =  280 / 339
step  % :  88.49557522123894  i/I =  300 / 339
step  % :  94.3952802359882  i/I =  320 / 339
Path :  /gpfsscratch/rech/ohv/ueu39kt/CFLOW/weights/carpet_parallel_2709/Tumor/6/TumorNormal_wide_resnet50_2_freia-cflow_pl3_cb8_inp384_run0_Tumor_6_0.pt
Saving weights to TumorNormal_wide_resnet50_2_freia-cflow_pl3_cb8_inp384_run0_Tumor_6_0.pt
Epoch: 6.0 	 train loss: 2.1142, lr=0.000173

Compute loss and scores on test set:
step  % :  0.0  i/I =  0 / 290
Epoch: 6 	 step: 0.0000 
step  % :  3.4482758620689653  i/I =  10 / 290
step  % :  6.896551724137931  i/I =  20 / 290
step  % :  10.344827586206897  i/I =  30 / 290
step  % :  13.793103448275861  i/I =  40 / 290
step  % :  17.24137931034483  i/I =  50 / 290
step  % :  20.689655172413794  i/I =  60 / 290
step  % :  24.137931034482758  i/I =  70 / 290
step  % :  27.586206896551722  i/I =  80 / 290
step  % :  31.03448275862069  i/I =  90 / 290
step  % :  34.48275862068966  i/I =  100 / 290
step  % :  37.93103448275862  i/I =  110 / 290
step  % :  41.37931034482759  i/I =  120 / 290
step  % :  44.827586206896555  i/I =  130 / 290
step  % :  48.275862068965516  i/I =  140 / 290
step  % :  51.724137931034484  i/I =  150 / 290
step  % :  55.172413793103445  i/I =  160 / 290
step  % :  58.620689655172406  i/I =  170 / 290
step  % :  62.06896551724138  i/I =  180 / 290
step  % :  65.51724137931035  i/I =  190 / 290
step  % :  68.96551724137932  i/I =  200 / 290
step  % :  72.41379310344827  i/I =  210 / 290
step  % :  75.86206896551724  i/I =  220 / 290
step  % :  79.3103448275862  i/I =  230 / 290
step  % :  82.75862068965517  i/I =  240 / 290
step  % :  86.20689655172413  i/I =  250 / 290
step  % :  89.65517241379311  i/I =  260 / 290
step  % :  93.10344827586206  i/I =  270 / 290
step  % :  96.55172413793103  i/I =  280 / 290
Epoch: 6 	 test_loss: 541.3365 and 0.97 fps
Train meta epoch: 7
Len train loader =  339
Epoch: 7 	 sub-epoch: 0.0000 
step  % :  0.0  i/I =  0 / 339
step  % :  5.899705014749262  i/I =  20 / 339
step  % :  11.799410029498524  i/I =  40 / 339
step  % :  17.699115044247787  i/I =  60 / 339
step  % :  23.59882005899705  i/I =  80 / 339
step  % :  29.49852507374631  i/I =  100 / 339
step  % :  35.39823008849557  i/I =  120 / 339
step  % :  41.29793510324484  i/I =  140 / 339
step  % :  47.1976401179941  i/I =  160 / 339
step  % :  53.09734513274337  i/I =  180 / 339
step  % :  58.99705014749262  i/I =  200 / 339
step  % :  64.89675516224189  i/I =  220 / 339
step  % :  70.79646017699115  i/I =  240 / 339
step  % :  76.69616519174042  i/I =  260 / 339
step  % :  82.59587020648968  i/I =  280 / 339
step  % :  88.49557522123894  i/I =  300 / 339
step  % :  94.3952802359882  i/I =  320 / 339
Path :  /gpfsscratch/rech/ohv/ueu39kt/CFLOW/weights/carpet_parallel_2709/Tumor/7/TumorNormal_wide_resnet50_2_freia-cflow_pl3_cb8_inp384_run0_Tumor_7_0.pt
Saving weights to TumorNormal_wide_resnet50_2_freia-cflow_pl3_cb8_inp384_run0_Tumor_7_0.pt
Epoch: 7.0 	 train loss: 21.0933, lr=0.000164

Compute loss and scores on test set:
step  % :  0.0  i/I =  0 / 290
Epoch: 7 	 step: 0.0000 
step  % :  3.4482758620689653  i/I =  10 / 290
step  % :  6.896551724137931  i/I =  20 / 290
step  % :  10.344827586206897  i/I =  30 / 290
step  % :  13.793103448275861  i/I =  40 / 290
step  % :  17.24137931034483  i/I =  50 / 290
step  % :  20.689655172413794  i/I =  60 / 290
step  % :  24.137931034482758  i/I =  70 / 290
step  % :  27.586206896551722  i/I =  80 / 290
step  % :  31.03448275862069  i/I =  90 / 290
step  % :  34.48275862068966  i/I =  100 / 290
step  % :  37.93103448275862  i/I =  110 / 290
step  % :  41.37931034482759  i/I =  120 / 290
step  % :  44.827586206896555  i/I =  130 / 290
step  % :  48.275862068965516  i/I =  140 / 290
step  % :  51.724137931034484  i/I =  150 / 290
step  % :  55.172413793103445  i/I =  160 / 290
step  % :  58.620689655172406  i/I =  170 / 290
step  % :  62.06896551724138  i/I =  180 / 290
step  % :  65.51724137931035  i/I =  190 / 290
step  % :  68.96551724137932  i/I =  200 / 290
step  % :  72.41379310344827  i/I =  210 / 290
step  % :  75.86206896551724  i/I =  220 / 290
step  % :  79.3103448275862  i/I =  230 / 290
step  % :  82.75862068965517  i/I =  240 / 290
step  % :  86.20689655172413  i/I =  250 / 290
step  % :  89.65517241379311  i/I =  260 / 290
step  % :  93.10344827586206  i/I =  270 / 290
step  % :  96.55172413793103  i/I =  280 / 290
Epoch: 7 	 test_loss: 459.5201 and 0.97 fps
Train meta epoch: 8
Len train loader =  339
Epoch: 8 	 sub-epoch: 0.0000 
step  % :  0.0  i/I =  0 / 339
step  % :  5.899705014749262  i/I =  20 / 339
step  % :  11.799410029498524  i/I =  40 / 339
step  % :  17.699115044247787  i/I =  60 / 339
step  % :  23.59882005899705  i/I =  80 / 339
step  % :  29.49852507374631  i/I =  100 / 339
step  % :  35.39823008849557  i/I =  120 / 339
step  % :  41.29793510324484  i/I =  140 / 339
step  % :  47.1976401179941  i/I =  160 / 339
step  % :  53.09734513274337  i/I =  180 / 339
step  % :  58.99705014749262  i/I =  200 / 339
step  % :  64.89675516224189  i/I =  220 / 339
step  % :  70.79646017699115  i/I =  240 / 339
step  % :  76.69616519174042  i/I =  260 / 339
step  % :  82.59587020648968  i/I =  280 / 339
step  % :  88.49557522123894  i/I =  300 / 339
step  % :  94.3952802359882  i/I =  320 / 339
Path :  /gpfsscratch/rech/ohv/ueu39kt/CFLOW/weights/carpet_parallel_2709/Tumor/8/TumorNormal_wide_resnet50_2_freia-cflow_pl3_cb8_inp384_run0_Tumor_8_0.pt
Saving weights to TumorNormal_wide_resnet50_2_freia-cflow_pl3_cb8_inp384_run0_Tumor_8_0.pt
Epoch: 8.0 	 train loss: 9.7524, lr=0.000154

Compute loss and scores on test set:
step  % :  0.0  i/I =  0 / 290
Epoch: 8 	 step: 0.0000 
step  % :  3.4482758620689653  i/I =  10 / 290
step  % :  6.896551724137931  i/I =  20 / 290
step  % :  10.344827586206897  i/I =  30 / 290
step  % :  13.793103448275861  i/I =  40 / 290
step  % :  17.24137931034483  i/I =  50 / 290
step  % :  20.689655172413794  i/I =  60 / 290
step  % :  24.137931034482758  i/I =  70 / 290
step  % :  27.586206896551722  i/I =  80 / 290
step  % :  31.03448275862069  i/I =  90 / 290
step  % :  34.48275862068966  i/I =  100 / 290
step  % :  37.93103448275862  i/I =  110 / 290
step  % :  41.37931034482759  i/I =  120 / 290
step  % :  44.827586206896555  i/I =  130 / 290
step  % :  48.275862068965516  i/I =  140 / 290
step  % :  51.724137931034484  i/I =  150 / 290
step  % :  55.172413793103445  i/I =  160 / 290
step  % :  58.620689655172406  i/I =  170 / 290
step  % :  62.06896551724138  i/I =  180 / 290
step  % :  65.51724137931035  i/I =  190 / 290
step  % :  68.96551724137932  i/I =  200 / 290
step  % :  72.41379310344827  i/I =  210 / 290
step  % :  75.86206896551724  i/I =  220 / 290
step  % :  79.3103448275862  i/I =  230 / 290
step  % :  82.75862068965517  i/I =  240 / 290
step  % :  86.20689655172413  i/I =  250 / 290
step  % :  89.65517241379311  i/I =  260 / 290
step  % :  93.10344827586206  i/I =  270 / 290
step  % :  96.55172413793103  i/I =  280 / 290
Epoch: 8 	 test_loss: 2146.7887 and 0.98 fps
Train meta epoch: 9
Len train loader =  339
Epoch: 9 	 sub-epoch: 0.0000 
step  % :  0.0  i/I =  0 / 339
step  % :  5.899705014749262  i/I =  20 / 339
step  % :  11.799410029498524  i/I =  40 / 339
step  % :  17.699115044247787  i/I =  60 / 339
step  % :  23.59882005899705  i/I =  80 / 339
step  % :  29.49852507374631  i/I =  100 / 339
step  % :  35.39823008849557  i/I =  120 / 339
step  % :  41.29793510324484  i/I =  140 / 339
step  % :  47.1976401179941  i/I =  160 / 339
step  % :  53.09734513274337  i/I =  180 / 339
step  % :  58.99705014749262  i/I =  200 / 339
step  % :  64.89675516224189  i/I =  220 / 339
step  % :  70.79646017699115  i/I =  240 / 339
step  % :  76.69616519174042  i/I =  260 / 339
step  % :  82.59587020648968  i/I =  280 / 339
step  % :  88.49557522123894  i/I =  300 / 339
step  % :  94.3952802359882  i/I =  320 / 339
Path :  /gpfsscratch/rech/ohv/ueu39kt/CFLOW/weights/carpet_parallel_2709/Tumor/9/TumorNormal_wide_resnet50_2_freia-cflow_pl3_cb8_inp384_run0_Tumor_9_0.pt
Saving weights to TumorNormal_wide_resnet50_2_freia-cflow_pl3_cb8_inp384_run0_Tumor_9_0.pt
Epoch: 9.0 	 train loss: 1.9098, lr=0.000143

Compute loss and scores on test set:
step  % :  0.0  i/I =  0 / 290
Epoch: 9 	 step: 0.0000 
step  % :  3.4482758620689653  i/I =  10 / 290
step  % :  6.896551724137931  i/I =  20 / 290
step  % :  10.344827586206897  i/I =  30 / 290
step  % :  13.793103448275861  i/I =  40 / 290
step  % :  17.24137931034483  i/I =  50 / 290
step  % :  20.689655172413794  i/I =  60 / 290
step  % :  24.137931034482758  i/I =  70 / 290
step  % :  27.586206896551722  i/I =  80 / 290
step  % :  31.03448275862069  i/I =  90 / 290
step  % :  34.48275862068966  i/I =  100 / 290
step  % :  37.93103448275862  i/I =  110 / 290
step  % :  41.37931034482759  i/I =  120 / 290
step  % :  44.827586206896555  i/I =  130 / 290
step  % :  48.275862068965516  i/I =  140 / 290
step  % :  51.724137931034484  i/I =  150 / 290
step  % :  55.172413793103445  i/I =  160 / 290
step  % :  58.620689655172406  i/I =  170 / 290
step  % :  62.06896551724138  i/I =  180 / 290
step  % :  65.51724137931035  i/I =  190 / 290
step  % :  68.96551724137932  i/I =  200 / 290
step  % :  72.41379310344827  i/I =  210 / 290
step  % :  75.86206896551724  i/I =  220 / 290
step  % :  79.3103448275862  i/I =  230 / 290
step  % :  82.75862068965517  i/I =  240 / 290
step  % :  86.20689655172413  i/I =  250 / 290
step  % :  89.65517241379311  i/I =  260 / 290
step  % :  93.10344827586206  i/I =  270 / 290
step  % :  96.55172413793103  i/I =  280 / 290
Epoch: 9 	 test_loss: 1616.4927 and 0.97 fps
Train meta epoch: 10
Len train loader =  339
Epoch: 10 	 sub-epoch: 0.0000 
step  % :  0.0  i/I =  0 / 339
step  % :  5.899705014749262  i/I =  20 / 339
step  % :  11.799410029498524  i/I =  40 / 339
step  % :  17.699115044247787  i/I =  60 / 339
step  % :  23.59882005899705  i/I =  80 / 339
step  % :  29.49852507374631  i/I =  100 / 339
step  % :  35.39823008849557  i/I =  120 / 339
step  % :  41.29793510324484  i/I =  140 / 339
step  % :  47.1976401179941  i/I =  160 / 339
step  % :  53.09734513274337  i/I =  180 / 339
step  % :  58.99705014749262  i/I =  200 / 339
step  % :  64.89675516224189  i/I =  220 / 339
step  % :  70.79646017699115  i/I =  240 / 339
step  % :  76.69616519174042  i/I =  260 / 339
step  % :  82.59587020648968  i/I =  280 / 339
step  % :  88.49557522123894  i/I =  300 / 339
step  % :  94.3952802359882  i/I =  320 / 339
Path :  /gpfsscratch/rech/ohv/ueu39kt/CFLOW/weights/carpet_parallel_2709/Tumor/10/TumorNormal_wide_resnet50_2_freia-cflow_pl3_cb8_inp384_run0_Tumor_10_0.pt
Saving weights to TumorNormal_wide_resnet50_2_freia-cflow_pl3_cb8_inp384_run0_Tumor_10_0.pt
Epoch: 10.0 	 train loss: 54.9754, lr=0.000131

Compute loss and scores on test set:
step  % :  0.0  i/I =  0 / 290
Epoch: 10 	 step: 0.0000 
step  % :  3.4482758620689653  i/I =  10 / 290
step  % :  6.896551724137931  i/I =  20 / 290
step  % :  10.344827586206897  i/I =  30 / 290
step  % :  13.793103448275861  i/I =  40 / 290
step  % :  17.24137931034483  i/I =  50 / 290
step  % :  20.689655172413794  i/I =  60 / 290
step  % :  24.137931034482758  i/I =  70 / 290
step  % :  27.586206896551722  i/I =  80 / 290
step  % :  31.03448275862069  i/I =  90 / 290
step  % :  34.48275862068966  i/I =  100 / 290
step  % :  37.93103448275862  i/I =  110 / 290
step  % :  41.37931034482759  i/I =  120 / 290
step  % :  44.827586206896555  i/I =  130 / 290
step  % :  48.275862068965516  i/I =  140 / 290
step  % :  51.724137931034484  i/I =  150 / 290
step  % :  55.172413793103445  i/I =  160 / 290
step  % :  58.620689655172406  i/I =  170 / 290
step  % :  62.06896551724138  i/I =  180 / 290
step  % :  65.51724137931035  i/I =  190 / 290
step  % :  68.96551724137932  i/I =  200 / 290
step  % :  72.41379310344827  i/I =  210 / 290
step  % :  75.86206896551724  i/I =  220 / 290
step  % :  79.3103448275862  i/I =  230 / 290
step  % :  82.75862068965517  i/I =  240 / 290
step  % :  86.20689655172413  i/I =  250 / 290
step  % :  89.65517241379311  i/I =  260 / 290
step  % :  93.10344827586206  i/I =  270 / 290
step  % :  96.55172413793103  i/I =  280 / 290
Epoch: 10 	 test_loss: 722.2988 and 0.97 fps
Train meta epoch: 11
Len train loader =  339
Epoch: 11 	 sub-epoch: 0.0000 
step  % :  0.0  i/I =  0 / 339
step  % :  5.899705014749262  i/I =  20 / 339
step  % :  11.799410029498524  i/I =  40 / 339
step  % :  17.699115044247787  i/I =  60 / 339
step  % :  23.59882005899705  i/I =  80 / 339
step  % :  29.49852507374631  i/I =  100 / 339
step  % :  35.39823008849557  i/I =  120 / 339
step  % :  41.29793510324484  i/I =  140 / 339
step  % :  47.1976401179941  i/I =  160 / 339
step  % :  53.09734513274337  i/I =  180 / 339
step  % :  58.99705014749262  i/I =  200 / 339
step  % :  64.89675516224189  i/I =  220 / 339
step  % :  70.79646017699115  i/I =  240 / 339
step  % :  76.69616519174042  i/I =  260 / 339
step  % :  82.59587020648968  i/I =  280 / 339
step  % :  88.49557522123894  i/I =  300 / 339
step  % :  94.3952802359882  i/I =  320 / 339
Path :  /gpfsscratch/rech/ohv/ueu39kt/CFLOW/weights/carpet_parallel_2709/Tumor/11/TumorNormal_wide_resnet50_2_freia-cflow_pl3_cb8_inp384_run0_Tumor_11_0.pt
Saving weights to TumorNormal_wide_resnet50_2_freia-cflow_pl3_cb8_inp384_run0_Tumor_11_0.pt
Epoch: 11.0 	 train loss: 6.3886, lr=0.000119

Compute loss and scores on test set:
step  % :  0.0  i/I =  0 / 290
Epoch: 11 	 step: 0.0000 
step  % :  3.4482758620689653  i/I =  10 / 290
step  % :  6.896551724137931  i/I =  20 / 290
step  % :  10.344827586206897  i/I =  30 / 290
step  % :  13.793103448275861  i/I =  40 / 290
step  % :  17.24137931034483  i/I =  50 / 290
step  % :  20.689655172413794  i/I =  60 / 290
step  % :  24.137931034482758  i/I =  70 / 290
step  % :  27.586206896551722  i/I =  80 / 290
step  % :  31.03448275862069  i/I =  90 / 290
step  % :  34.48275862068966  i/I =  100 / 290
step  % :  37.93103448275862  i/I =  110 / 290
step  % :  41.37931034482759  i/I =  120 / 290
step  % :  44.827586206896555  i/I =  130 / 290
step  % :  48.275862068965516  i/I =  140 / 290
step  % :  51.724137931034484  i/I =  150 / 290
step  % :  55.172413793103445  i/I =  160 / 290
step  % :  58.620689655172406  i/I =  170 / 290
step  % :  62.06896551724138  i/I =  180 / 290
step  % :  65.51724137931035  i/I =  190 / 290
step  % :  68.96551724137932  i/I =  200 / 290
step  % :  72.41379310344827  i/I =  210 / 290
step  % :  75.86206896551724  i/I =  220 / 290
step  % :  79.3103448275862  i/I =  230 / 290
step  % :  82.75862068965517  i/I =  240 / 290
step  % :  86.20689655172413  i/I =  250 / 290
step  % :  89.65517241379311  i/I =  260 / 290
step  % :  93.10344827586206  i/I =  270 / 290
step  % :  96.55172413793103  i/I =  280 / 290
Epoch: 11 	 test_loss: 672.4331 and 0.98 fps
Train meta epoch: 12
Len train loader =  339
Epoch: 12 	 sub-epoch: 0.0000 
step  % :  0.0  i/I =  0 / 339
step  % :  5.899705014749262  i/I =  20 / 339
step  % :  11.799410029498524  i/I =  40 / 339
step  % :  17.699115044247787  i/I =  60 / 339
step  % :  23.59882005899705  i/I =  80 / 339
step  % :  29.49852507374631  i/I =  100 / 339
step  % :  35.39823008849557  i/I =  120 / 339
step  % :  41.29793510324484  i/I =  140 / 339
step  % :  47.1976401179941  i/I =  160 / 339
step  % :  53.09734513274337  i/I =  180 / 339
step  % :  58.99705014749262  i/I =  200 / 339
step  % :  64.89675516224189  i/I =  220 / 339
step  % :  70.79646017699115  i/I =  240 / 339
step  % :  76.69616519174042  i/I =  260 / 339
step  % :  82.59587020648968  i/I =  280 / 339
step  % :  88.49557522123894  i/I =  300 / 339
step  % :  94.3952802359882  i/I =  320 / 339
Path :  /gpfsscratch/rech/ohv/ueu39kt/CFLOW/weights/carpet_parallel_2709/Tumor/12/TumorNormal_wide_resnet50_2_freia-cflow_pl3_cb8_inp384_run0_Tumor_12_0.pt
Saving weights to TumorNormal_wide_resnet50_2_freia-cflow_pl3_cb8_inp384_run0_Tumor_12_0.pt
Epoch: 12.0 	 train loss: 11.1949, lr=0.000106

Compute loss and scores on test set:
step  % :  0.0  i/I =  0 / 290
Epoch: 12 	 step: 0.0000 
step  % :  3.4482758620689653  i/I =  10 / 290
step  % :  6.896551724137931  i/I =  20 / 290
step  % :  10.344827586206897  i/I =  30 / 290
step  % :  13.793103448275861  i/I =  40 / 290
step  % :  17.24137931034483  i/I =  50 / 290
step  % :  20.689655172413794  i/I =  60 / 290
step  % :  24.137931034482758  i/I =  70 / 290
step  % :  27.586206896551722  i/I =  80 / 290
step  % :  31.03448275862069  i/I =  90 / 290
step  % :  34.48275862068966  i/I =  100 / 290
step  % :  37.93103448275862  i/I =  110 / 290
step  % :  41.37931034482759  i/I =  120 / 290
step  % :  44.827586206896555  i/I =  130 / 290
step  % :  48.275862068965516  i/I =  140 / 290
step  % :  51.724137931034484  i/I =  150 / 290
step  % :  55.172413793103445  i/I =  160 / 290
step  % :  58.620689655172406  i/I =  170 / 290
step  % :  62.06896551724138  i/I =  180 / 290
step  % :  65.51724137931035  i/I =  190 / 290
step  % :  68.96551724137932  i/I =  200 / 290
step  % :  72.41379310344827  i/I =  210 / 290
step  % :  75.86206896551724  i/I =  220 / 290
step  % :  79.3103448275862  i/I =  230 / 290
step  % :  82.75862068965517  i/I =  240 / 290
step  % :  86.20689655172413  i/I =  250 / 290
step  % :  89.65517241379311  i/I =  260 / 290
step  % :  93.10344827586206  i/I =  270 / 290
step  % :  96.55172413793103  i/I =  280 / 290
Epoch: 12 	 test_loss: 1097.0729 and 0.96 fps
Train meta epoch: 13
Len train loader =  339
Epoch: 13 	 sub-epoch: 0.0000 
step  % :  0.0  i/I =  0 / 339
step  % :  5.899705014749262  i/I =  20 / 339
step  % :  11.799410029498524  i/I =  40 / 339
step  % :  17.699115044247787  i/I =  60 / 339
step  % :  23.59882005899705  i/I =  80 / 339
step  % :  29.49852507374631  i/I =  100 / 339
step  % :  35.39823008849557  i/I =  120 / 339
step  % :  41.29793510324484  i/I =  140 / 339
step  % :  47.1976401179941  i/I =  160 / 339
step  % :  53.09734513274337  i/I =  180 / 339
step  % :  58.99705014749262  i/I =  200 / 339
step  % :  64.89675516224189  i/I =  220 / 339
step  % :  70.79646017699115  i/I =  240 / 339
step  % :  76.69616519174042  i/I =  260 / 339
step  % :  82.59587020648968  i/I =  280 / 339
step  % :  88.49557522123894  i/I =  300 / 339
step  % :  94.3952802359882  i/I =  320 / 339
Path :  /gpfsscratch/rech/ohv/ueu39kt/CFLOW/weights/carpet_parallel_2709/Tumor/13/TumorNormal_wide_resnet50_2_freia-cflow_pl3_cb8_inp384_run0_Tumor_13_0.pt
Saving weights to TumorNormal_wide_resnet50_2_freia-cflow_pl3_cb8_inp384_run0_Tumor_13_0.pt
Epoch: 13.0 	 train loss: 21.9082, lr=0.000094

Compute loss and scores on test set:
step  % :  0.0  i/I =  0 / 290
Epoch: 13 	 step: 0.0000 
step  % :  3.4482758620689653  i/I =  10 / 290
step  % :  6.896551724137931  i/I =  20 / 290
step  % :  10.344827586206897  i/I =  30 / 290
step  % :  13.793103448275861  i/I =  40 / 290
step  % :  17.24137931034483  i/I =  50 / 290
step  % :  20.689655172413794  i/I =  60 / 290
step  % :  24.137931034482758  i/I =  70 / 290
step  % :  27.586206896551722  i/I =  80 / 290
step  % :  31.03448275862069  i/I =  90 / 290
step  % :  34.48275862068966  i/I =  100 / 290
step  % :  37.93103448275862  i/I =  110 / 290
step  % :  41.37931034482759  i/I =  120 / 290
step  % :  44.827586206896555  i/I =  130 / 290
step  % :  48.275862068965516  i/I =  140 / 290
step  % :  51.724137931034484  i/I =  150 / 290
step  % :  55.172413793103445  i/I =  160 / 290
step  % :  58.620689655172406  i/I =  170 / 290
step  % :  62.06896551724138  i/I =  180 / 290
step  % :  65.51724137931035  i/I =  190 / 290
step  % :  68.96551724137932  i/I =  200 / 290
step  % :  72.41379310344827  i/I =  210 / 290
step  % :  75.86206896551724  i/I =  220 / 290
step  % :  79.3103448275862  i/I =  230 / 290
step  % :  82.75862068965517  i/I =  240 / 290
step  % :  86.20689655172413  i/I =  250 / 290
step  % :  89.65517241379311  i/I =  260 / 290
step  % :  93.10344827586206  i/I =  270 / 290
step  % :  96.55172413793103  i/I =  280 / 290
Epoch: 13 	 test_loss: 2680.0368 and 0.96 fps
Train meta epoch: 14
Len train loader =  339
Epoch: 14 	 sub-epoch: 0.0000 
step  % :  0.0  i/I =  0 / 339
step  % :  5.899705014749262  i/I =  20 / 339
step  % :  11.799410029498524  i/I =  40 / 339
step  % :  17.699115044247787  i/I =  60 / 339
step  % :  23.59882005899705  i/I =  80 / 339
step  % :  29.49852507374631  i/I =  100 / 339
step  % :  35.39823008849557  i/I =  120 / 339
step  % :  41.29793510324484  i/I =  140 / 339
step  % :  47.1976401179941  i/I =  160 / 339
step  % :  53.09734513274337  i/I =  180 / 339
step  % :  58.99705014749262  i/I =  200 / 339
step  % :  64.89675516224189  i/I =  220 / 339
step  % :  70.79646017699115  i/I =  240 / 339
step  % :  76.69616519174042  i/I =  260 / 339
step  % :  82.59587020648968  i/I =  280 / 339
step  % :  88.49557522123894  i/I =  300 / 339
step  % :  94.3952802359882  i/I =  320 / 339
Path :  /gpfsscratch/rech/ohv/ueu39kt/CFLOW/weights/carpet_parallel_2709/Tumor/14/TumorNormal_wide_resnet50_2_freia-cflow_pl3_cb8_inp384_run0_Tumor_14_0.pt
Saving weights to TumorNormal_wide_resnet50_2_freia-cflow_pl3_cb8_inp384_run0_Tumor_14_0.pt
Epoch: 14.0 	 train loss: 13.3756, lr=0.000081

Compute loss and scores on test set:
step  % :  0.0  i/I =  0 / 290
Epoch: 14 	 step: 0.0000 
step  % :  3.4482758620689653  i/I =  10 / 290
step  % :  6.896551724137931  i/I =  20 / 290
step  % :  10.344827586206897  i/I =  30 / 290
step  % :  13.793103448275861  i/I =  40 / 290
step  % :  17.24137931034483  i/I =  50 / 290
step  % :  20.689655172413794  i/I =  60 / 290
step  % :  24.137931034482758  i/I =  70 / 290
step  % :  27.586206896551722  i/I =  80 / 290
step  % :  31.03448275862069  i/I =  90 / 290
step  % :  34.48275862068966  i/I =  100 / 290
step  % :  37.93103448275862  i/I =  110 / 290
step  % :  41.37931034482759  i/I =  120 / 290
step  % :  44.827586206896555  i/I =  130 / 290
step  % :  48.275862068965516  i/I =  140 / 290
step  % :  51.724137931034484  i/I =  150 / 290
step  % :  55.172413793103445  i/I =  160 / 290
step  % :  58.620689655172406  i/I =  170 / 290
step  % :  62.06896551724138  i/I =  180 / 290
step  % :  65.51724137931035  i/I =  190 / 290
step  % :  68.96551724137932  i/I =  200 / 290
step  % :  72.41379310344827  i/I =  210 / 290
step  % :  75.86206896551724  i/I =  220 / 290
step  % :  79.3103448275862  i/I =  230 / 290
step  % :  82.75862068965517  i/I =  240 / 290
step  % :  86.20689655172413  i/I =  250 / 290
step  % :  89.65517241379311  i/I =  260 / 290
step  % :  93.10344827586206  i/I =  270 / 290
step  % :  96.55172413793103  i/I =  280 / 290
Epoch: 14 	 test_loss: 1003.3939 and 0.96 fps
Train meta epoch: 15
Len train loader =  339
Epoch: 15 	 sub-epoch: 0.0000 
step  % :  0.0  i/I =  0 / 339
step  % :  5.899705014749262  i/I =  20 / 339
step  % :  11.799410029498524  i/I =  40 / 339
step  % :  17.699115044247787  i/I =  60 / 339
step  % :  23.59882005899705  i/I =  80 / 339
step  % :  29.49852507374631  i/I =  100 / 339
step  % :  35.39823008849557  i/I =  120 / 339
step  % :  41.29793510324484  i/I =  140 / 339
step  % :  47.1976401179941  i/I =  160 / 339
step  % :  53.09734513274337  i/I =  180 / 339
step  % :  58.99705014749262  i/I =  200 / 339
step  % :  64.89675516224189  i/I =  220 / 339
step  % :  70.79646017699115  i/I =  240 / 339
step  % :  76.69616519174042  i/I =  260 / 339
step  % :  82.59587020648968  i/I =  280 / 339
step  % :  88.49557522123894  i/I =  300 / 339
step  % :  94.3952802359882  i/I =  320 / 339
Path :  /gpfsscratch/rech/ohv/ueu39kt/CFLOW/weights/carpet_parallel_2709/Tumor/15/TumorNormal_wide_resnet50_2_freia-cflow_pl3_cb8_inp384_run0_Tumor_15_0.pt
Saving weights to TumorNormal_wide_resnet50_2_freia-cflow_pl3_cb8_inp384_run0_Tumor_15_0.pt
Epoch: 15.0 	 train loss: 1.0255, lr=0.000069

Compute loss and scores on test set:
step  % :  0.0  i/I =  0 / 290
Epoch: 15 	 step: 0.0000 
step  % :  3.4482758620689653  i/I =  10 / 290
step  % :  6.896551724137931  i/I =  20 / 290
step  % :  10.344827586206897  i/I =  30 / 290
step  % :  13.793103448275861  i/I =  40 / 290
step  % :  17.24137931034483  i/I =  50 / 290
step  % :  20.689655172413794  i/I =  60 / 290
step  % :  24.137931034482758  i/I =  70 / 290
step  % :  27.586206896551722  i/I =  80 / 290
step  % :  31.03448275862069  i/I =  90 / 290
step  % :  34.48275862068966  i/I =  100 / 290
step  % :  37.93103448275862  i/I =  110 / 290
step  % :  41.37931034482759  i/I =  120 / 290
step  % :  44.827586206896555  i/I =  130 / 290
step  % :  48.275862068965516  i/I =  140 / 290
step  % :  51.724137931034484  i/I =  150 / 290
step  % :  55.172413793103445  i/I =  160 / 290
step  % :  58.620689655172406  i/I =  170 / 290
step  % :  62.06896551724138  i/I =  180 / 290
step  % :  65.51724137931035  i/I =  190 / 290
step  % :  68.96551724137932  i/I =  200 / 290
step  % :  72.41379310344827  i/I =  210 / 290
step  % :  75.86206896551724  i/I =  220 / 290
step  % :  79.3103448275862  i/I =  230 / 290
step  % :  82.75862068965517  i/I =  240 / 290
step  % :  86.20689655172413  i/I =  250 / 290
step  % :  89.65517241379311  i/I =  260 / 290
step  % :  93.10344827586206  i/I =  270 / 290
step  % :  96.55172413793103  i/I =  280 / 290
Epoch: 15 	 test_loss: 1887.1177 and 0.96 fps
Train meta epoch: 16
Len train loader =  339
Epoch: 16 	 sub-epoch: 0.0000 
step  % :  0.0  i/I =  0 / 339
step  % :  5.899705014749262  i/I =  20 / 339
step  % :  11.799410029498524  i/I =  40 / 339
step  % :  17.699115044247787  i/I =  60 / 339
step  % :  23.59882005899705  i/I =  80 / 339
step  % :  29.49852507374631  i/I =  100 / 339
step  % :  35.39823008849557  i/I =  120 / 339
step  % :  41.29793510324484  i/I =  140 / 339
step  % :  47.1976401179941  i/I =  160 / 339
step  % :  53.09734513274337  i/I =  180 / 339
step  % :  58.99705014749262  i/I =  200 / 339
step  % :  64.89675516224189  i/I =  220 / 339
step  % :  70.79646017699115  i/I =  240 / 339
step  % :  76.69616519174042  i/I =  260 / 339
step  % :  82.59587020648968  i/I =  280 / 339
step  % :  88.49557522123894  i/I =  300 / 339
step  % :  94.3952802359882  i/I =  320 / 339
Path :  /gpfsscratch/rech/ohv/ueu39kt/CFLOW/weights/carpet_parallel_2709/Tumor/16/TumorNormal_wide_resnet50_2_freia-cflow_pl3_cb8_inp384_run0_Tumor_16_0.pt
Saving weights to TumorNormal_wide_resnet50_2_freia-cflow_pl3_cb8_inp384_run0_Tumor_16_0.pt
Epoch: 16.0 	 train loss: 12.5203, lr=0.000058

Compute loss and scores on test set:
step  % :  0.0  i/I =  0 / 290
Epoch: 16 	 step: 0.0000 
step  % :  3.4482758620689653  i/I =  10 / 290
step  % :  6.896551724137931  i/I =  20 / 290
step  % :  10.344827586206897  i/I =  30 / 290
step  % :  13.793103448275861  i/I =  40 / 290
step  % :  17.24137931034483  i/I =  50 / 290
step  % :  20.689655172413794  i/I =  60 / 290
step  % :  24.137931034482758  i/I =  70 / 290
step  % :  27.586206896551722  i/I =  80 / 290
step  % :  31.03448275862069  i/I =  90 / 290
step  % :  34.48275862068966  i/I =  100 / 290
step  % :  37.93103448275862  i/I =  110 / 290
step  % :  41.37931034482759  i/I =  120 / 290
step  % :  44.827586206896555  i/I =  130 / 290
step  % :  48.275862068965516  i/I =  140 / 290
step  % :  51.724137931034484  i/I =  150 / 290
step  % :  55.172413793103445  i/I =  160 / 290
step  % :  58.620689655172406  i/I =  170 / 290
step  % :  62.06896551724138  i/I =  180 / 290
step  % :  65.51724137931035  i/I =  190 / 290
step  % :  68.96551724137932  i/I =  200 / 290
step  % :  72.41379310344827  i/I =  210 / 290
step  % :  75.86206896551724  i/I =  220 / 290
step  % :  79.3103448275862  i/I =  230 / 290
step  % :  82.75862068965517  i/I =  240 / 290
step  % :  86.20689655172413  i/I =  250 / 290
step  % :  89.65517241379311  i/I =  260 / 290
step  % :  93.10344827586206  i/I =  270 / 290
step  % :  96.55172413793103  i/I =  280 / 290
Epoch: 16 	 test_loss: 1872.3623 and 0.96 fps
Train meta epoch: 17
Len train loader =  339
Epoch: 17 	 sub-epoch: 0.0000 
step  % :  0.0  i/I =  0 / 339
step  % :  5.899705014749262  i/I =  20 / 339
step  % :  11.799410029498524  i/I =  40 / 339
step  % :  17.699115044247787  i/I =  60 / 339
step  % :  23.59882005899705  i/I =  80 / 339
step  % :  29.49852507374631  i/I =  100 / 339
step  % :  35.39823008849557  i/I =  120 / 339
step  % :  41.29793510324484  i/I =  140 / 339
step  % :  47.1976401179941  i/I =  160 / 339
step  % :  53.09734513274337  i/I =  180 / 339
step  % :  58.99705014749262  i/I =  200 / 339
step  % :  64.89675516224189  i/I =  220 / 339
step  % :  70.79646017699115  i/I =  240 / 339
step  % :  76.69616519174042  i/I =  260 / 339
step  % :  82.59587020648968  i/I =  280 / 339
step  % :  88.49557522123894  i/I =  300 / 339
step  % :  94.3952802359882  i/I =  320 / 339
Path :  /gpfsscratch/rech/ohv/ueu39kt/CFLOW/weights/carpet_parallel_2709/Tumor/17/TumorNormal_wide_resnet50_2_freia-cflow_pl3_cb8_inp384_run0_Tumor_17_0.pt
Saving weights to TumorNormal_wide_resnet50_2_freia-cflow_pl3_cb8_inp384_run0_Tumor_17_0.pt
Epoch: 17.0 	 train loss: 175.5597, lr=0.000047

Compute loss and scores on test set:
step  % :  0.0  i/I =  0 / 290
Epoch: 17 	 step: 0.0000 
step  % :  3.4482758620689653  i/I =  10 / 290
step  % :  6.896551724137931  i/I =  20 / 290
step  % :  10.344827586206897  i/I =  30 / 290
step  % :  13.793103448275861  i/I =  40 / 290
step  % :  17.24137931034483  i/I =  50 / 290
step  % :  20.689655172413794  i/I =  60 / 290
step  % :  24.137931034482758  i/I =  70 / 290
step  % :  27.586206896551722  i/I =  80 / 290
step  % :  31.03448275862069  i/I =  90 / 290
step  % :  34.48275862068966  i/I =  100 / 290
step  % :  37.93103448275862  i/I =  110 / 290
step  % :  41.37931034482759  i/I =  120 / 290
step  % :  44.827586206896555  i/I =  130 / 290
step  % :  48.275862068965516  i/I =  140 / 290
step  % :  51.724137931034484  i/I =  150 / 290
step  % :  55.172413793103445  i/I =  160 / 290
step  % :  58.620689655172406  i/I =  170 / 290
step  % :  62.06896551724138  i/I =  180 / 290
step  % :  65.51724137931035  i/I =  190 / 290
step  % :  68.96551724137932  i/I =  200 / 290
step  % :  72.41379310344827  i/I =  210 / 290
step  % :  75.86206896551724  i/I =  220 / 290
step  % :  79.3103448275862  i/I =  230 / 290
step  % :  82.75862068965517  i/I =  240 / 290
step  % :  86.20689655172413  i/I =  250 / 290
step  % :  89.65517241379311  i/I =  260 / 290
step  % :  93.10344827586206  i/I =  270 / 290
step  % :  96.55172413793103  i/I =  280 / 290
Epoch: 17 	 test_loss: 469.0514 and 0.96 fps
Train meta epoch: 18
Len train loader =  339
Epoch: 18 	 sub-epoch: 0.0000 
step  % :  0.0  i/I =  0 / 339
step  % :  5.899705014749262  i/I =  20 / 339
step  % :  11.799410029498524  i/I =  40 / 339
step  % :  17.699115044247787  i/I =  60 / 339
step  % :  23.59882005899705  i/I =  80 / 339
step  % :  29.49852507374631  i/I =  100 / 339
step  % :  35.39823008849557  i/I =  120 / 339
step  % :  41.29793510324484  i/I =  140 / 339
step  % :  47.1976401179941  i/I =  160 / 339
step  % :  53.09734513274337  i/I =  180 / 339
step  % :  58.99705014749262  i/I =  200 / 339
step  % :  64.89675516224189  i/I =  220 / 339
step  % :  70.79646017699115  i/I =  240 / 339
step  % :  76.69616519174042  i/I =  260 / 339
step  % :  82.59587020648968  i/I =  280 / 339
step  % :  88.49557522123894  i/I =  300 / 339
step  % :  94.3952802359882  i/I =  320 / 339
Path :  /gpfsscratch/rech/ohv/ueu39kt/CFLOW/weights/carpet_parallel_2709/Tumor/18/TumorNormal_wide_resnet50_2_freia-cflow_pl3_cb8_inp384_run0_Tumor_18_0.pt
Saving weights to TumorNormal_wide_resnet50_2_freia-cflow_pl3_cb8_inp384_run0_Tumor_18_0.pt
Epoch: 18.0 	 train loss: 58.6748, lr=0.000036

Compute loss and scores on test set:
step  % :  0.0  i/I =  0 / 290
Epoch: 18 	 step: 0.0000 
step  % :  3.4482758620689653  i/I =  10 / 290
step  % :  6.896551724137931  i/I =  20 / 290
step  % :  10.344827586206897  i/I =  30 / 290
step  % :  13.793103448275861  i/I =  40 / 290
step  % :  17.24137931034483  i/I =  50 / 290
step  % :  20.689655172413794  i/I =  60 / 290
step  % :  24.137931034482758  i/I =  70 / 290
step  % :  27.586206896551722  i/I =  80 / 290
step  % :  31.03448275862069  i/I =  90 / 290
step  % :  34.48275862068966  i/I =  100 / 290
step  % :  37.93103448275862  i/I =  110 / 290
step  % :  41.37931034482759  i/I =  120 / 290
step  % :  44.827586206896555  i/I =  130 / 290
step  % :  48.275862068965516  i/I =  140 / 290
step  % :  51.724137931034484  i/I =  150 / 290
step  % :  55.172413793103445  i/I =  160 / 290
step  % :  58.620689655172406  i/I =  170 / 290
step  % :  62.06896551724138  i/I =  180 / 290
step  % :  65.51724137931035  i/I =  190 / 290
step  % :  68.96551724137932  i/I =  200 / 290
step  % :  72.41379310344827  i/I =  210 / 290
step  % :  75.86206896551724  i/I =  220 / 290
step  % :  79.3103448275862  i/I =  230 / 290
step  % :  82.75862068965517  i/I =  240 / 290
step  % :  86.20689655172413  i/I =  250 / 290
step  % :  89.65517241379311  i/I =  260 / 290
step  % :  93.10344827586206  i/I =  270 / 290
step  % :  96.55172413793103  i/I =  280 / 290
Epoch: 18 	 test_loss: 2648.6052 and 0.96 fps
Train meta epoch: 19
Len train loader =  339
Epoch: 19 	 sub-epoch: 0.0000 
step  % :  0.0  i/I =  0 / 339
step  % :  5.899705014749262  i/I =  20 / 339
step  % :  11.799410029498524  i/I =  40 / 339
step  % :  17.699115044247787  i/I =  60 / 339
step  % :  23.59882005899705  i/I =  80 / 339
step  % :  29.49852507374631  i/I =  100 / 339
step  % :  35.39823008849557  i/I =  120 / 339
step  % :  41.29793510324484  i/I =  140 / 339
step  % :  47.1976401179941  i/I =  160 / 339
step  % :  53.09734513274337  i/I =  180 / 339
step  % :  58.99705014749262  i/I =  200 / 339
step  % :  64.89675516224189  i/I =  220 / 339
step  % :  70.79646017699115  i/I =  240 / 339
step  % :  76.69616519174042  i/I =  260 / 339
step  % :  82.59587020648968  i/I =  280 / 339
step  % :  88.49557522123894  i/I =  300 / 339
step  % :  94.3952802359882  i/I =  320 / 339
Path :  /gpfsscratch/rech/ohv/ueu39kt/CFLOW/weights/carpet_parallel_2709/Tumor/19/TumorNormal_wide_resnet50_2_freia-cflow_pl3_cb8_inp384_run0_Tumor_19_0.pt
Saving weights to TumorNormal_wide_resnet50_2_freia-cflow_pl3_cb8_inp384_run0_Tumor_19_0.pt
Epoch: 19.0 	 train loss: 71.5013, lr=0.000027

Compute loss and scores on test set:
step  % :  0.0  i/I =  0 / 290
Epoch: 19 	 step: 0.0000 
step  % :  3.4482758620689653  i/I =  10 / 290
step  % :  6.896551724137931  i/I =  20 / 290
step  % :  10.344827586206897  i/I =  30 / 290
step  % :  13.793103448275861  i/I =  40 / 290
step  % :  17.24137931034483  i/I =  50 / 290
step  % :  20.689655172413794  i/I =  60 / 290
step  % :  24.137931034482758  i/I =  70 / 290
step  % :  27.586206896551722  i/I =  80 / 290
step  % :  31.03448275862069  i/I =  90 / 290
step  % :  34.48275862068966  i/I =  100 / 290
step  % :  37.93103448275862  i/I =  110 / 290
step  % :  41.37931034482759  i/I =  120 / 290
step  % :  44.827586206896555  i/I =  130 / 290
step  % :  48.275862068965516  i/I =  140 / 290
step  % :  51.724137931034484  i/I =  150 / 290
step  % :  55.172413793103445  i/I =  160 / 290
step  % :  58.620689655172406  i/I =  170 / 290
step  % :  62.06896551724138  i/I =  180 / 290
step  % :  65.51724137931035  i/I =  190 / 290
step  % :  68.96551724137932  i/I =  200 / 290
step  % :  72.41379310344827  i/I =  210 / 290
step  % :  75.86206896551724  i/I =  220 / 290
step  % :  79.3103448275862  i/I =  230 / 290
step  % :  82.75862068965517  i/I =  240 / 290
step  % :  86.20689655172413  i/I =  250 / 290
step  % :  89.65517241379311  i/I =  260 / 290
step  % :  93.10344827586206  i/I =  270 / 290
step  % :  96.55172413793103  i/I =  280 / 290
Epoch: 19 	 test_loss: 6692.8348 and 0.96 fps
Train meta epoch: 20
Len train loader =  339
Epoch: 20 	 sub-epoch: 0.0000 
step  % :  0.0  i/I =  0 / 339
step  % :  5.899705014749262  i/I =  20 / 339
step  % :  11.799410029498524  i/I =  40 / 339
step  % :  17.699115044247787  i/I =  60 / 339
step  % :  23.59882005899705  i/I =  80 / 339
step  % :  29.49852507374631  i/I =  100 / 339
step  % :  35.39823008849557  i/I =  120 / 339
step  % :  41.29793510324484  i/I =  140 / 339
step  % :  47.1976401179941  i/I =  160 / 339
step  % :  53.09734513274337  i/I =  180 / 339
step  % :  58.99705014749262  i/I =  200 / 339
step  % :  64.89675516224189  i/I =  220 / 339
step  % :  70.79646017699115  i/I =  240 / 339
step  % :  76.69616519174042  i/I =  260 / 339
step  % :  82.59587020648968  i/I =  280 / 339
step  % :  88.49557522123894  i/I =  300 / 339
step  % :  94.3952802359882  i/I =  320 / 339
Path :  /gpfsscratch/rech/ohv/ueu39kt/CFLOW/weights/carpet_parallel_2709/Tumor/20/TumorNormal_wide_resnet50_2_freia-cflow_pl3_cb8_inp384_run0_Tumor_20_0.pt
Saving weights to TumorNormal_wide_resnet50_2_freia-cflow_pl3_cb8_inp384_run0_Tumor_20_0.pt
Epoch: 20.0 	 train loss: 91.2883, lr=0.000019

Compute loss and scores on test set:
step  % :  0.0  i/I =  0 / 290
Epoch: 20 	 step: 0.0000 
step  % :  3.4482758620689653  i/I =  10 / 290
step  % :  6.896551724137931  i/I =  20 / 290
step  % :  10.344827586206897  i/I =  30 / 290
step  % :  13.793103448275861  i/I =  40 / 290
step  % :  17.24137931034483  i/I =  50 / 290
step  % :  20.689655172413794  i/I =  60 / 290
step  % :  24.137931034482758  i/I =  70 / 290
step  % :  27.586206896551722  i/I =  80 / 290
step  % :  31.03448275862069  i/I =  90 / 290
step  % :  34.48275862068966  i/I =  100 / 290
step  % :  37.93103448275862  i/I =  110 / 290
step  % :  41.37931034482759  i/I =  120 / 290
step  % :  44.827586206896555  i/I =  130 / 290
step  % :  48.275862068965516  i/I =  140 / 290
step  % :  51.724137931034484  i/I =  150 / 290
step  % :  55.172413793103445  i/I =  160 / 290
step  % :  58.620689655172406  i/I =  170 / 290
step  % :  62.06896551724138  i/I =  180 / 290
step  % :  65.51724137931035  i/I =  190 / 290
step  % :  68.96551724137932  i/I =  200 / 290
step  % :  72.41379310344827  i/I =  210 / 290
step  % :  75.86206896551724  i/I =  220 / 290
step  % :  79.3103448275862  i/I =  230 / 290
step  % :  82.75862068965517  i/I =  240 / 290
step  % :  86.20689655172413  i/I =  250 / 290
step  % :  89.65517241379311  i/I =  260 / 290
step  % :  93.10344827586206  i/I =  270 / 290
step  % :  96.55172413793103  i/I =  280 / 290
Epoch: 20 	 test_loss: 6524.5480 and 0.96 fps
Train meta epoch: 21
Len train loader =  339
Epoch: 21 	 sub-epoch: 0.0000 
step  % :  0.0  i/I =  0 / 339
step  % :  5.899705014749262  i/I =  20 / 339
step  % :  11.799410029498524  i/I =  40 / 339
step  % :  17.699115044247787  i/I =  60 / 339
step  % :  23.59882005899705  i/I =  80 / 339
step  % :  29.49852507374631  i/I =  100 / 339
step  % :  35.39823008849557  i/I =  120 / 339
step  % :  41.29793510324484  i/I =  140 / 339
step  % :  47.1976401179941  i/I =  160 / 339
step  % :  53.09734513274337  i/I =  180 / 339
step  % :  58.99705014749262  i/I =  200 / 339
step  % :  64.89675516224189  i/I =  220 / 339
step  % :  70.79646017699115  i/I =  240 / 339
step  % :  76.69616519174042  i/I =  260 / 339
step  % :  82.59587020648968  i/I =  280 / 339
step  % :  88.49557522123894  i/I =  300 / 339
step  % :  94.3952802359882  i/I =  320 / 339
Path :  /gpfsscratch/rech/ohv/ueu39kt/CFLOW/weights/carpet_parallel_2709/Tumor/21/TumorNormal_wide_resnet50_2_freia-cflow_pl3_cb8_inp384_run0_Tumor_21_0.pt
Saving weights to TumorNormal_wide_resnet50_2_freia-cflow_pl3_cb8_inp384_run0_Tumor_21_0.pt
Epoch: 21.0 	 train loss: 96.4186, lr=0.000013

Compute loss and scores on test set:
step  % :  0.0  i/I =  0 / 290
Epoch: 21 	 step: 0.0000 
step  % :  3.4482758620689653  i/I =  10 / 290
step  % :  6.896551724137931  i/I =  20 / 290
step  % :  10.344827586206897  i/I =  30 / 290
step  % :  13.793103448275861  i/I =  40 / 290
step  % :  17.24137931034483  i/I =  50 / 290
step  % :  20.689655172413794  i/I =  60 / 290
step  % :  24.137931034482758  i/I =  70 / 290
step  % :  27.586206896551722  i/I =  80 / 290
step  % :  31.03448275862069  i/I =  90 / 290
step  % :  34.48275862068966  i/I =  100 / 290
step  % :  37.93103448275862  i/I =  110 / 290
step  % :  41.37931034482759  i/I =  120 / 290
step  % :  44.827586206896555  i/I =  130 / 290
step  % :  48.275862068965516  i/I =  140 / 290
step  % :  51.724137931034484  i/I =  150 / 290
step  % :  55.172413793103445  i/I =  160 / 290
step  % :  58.620689655172406  i/I =  170 / 290
step  % :  62.06896551724138  i/I =  180 / 290
step  % :  65.51724137931035  i/I =  190 / 290
step  % :  68.96551724137932  i/I =  200 / 290
step  % :  72.41379310344827  i/I =  210 / 290
step  % :  75.86206896551724  i/I =  220 / 290
step  % :  79.3103448275862  i/I =  230 / 290
step  % :  82.75862068965517  i/I =  240 / 290
step  % :  86.20689655172413  i/I =  250 / 290
step  % :  89.65517241379311  i/I =  260 / 290
step  % :  93.10344827586206  i/I =  270 / 290
step  % :  96.55172413793103  i/I =  280 / 290
Epoch: 21 	 test_loss: 19328.0957 and 0.96 fps
Train meta epoch: 22
Len train loader =  339
Epoch: 22 	 sub-epoch: 0.0000 
step  % :  0.0  i/I =  0 / 339
step  % :  5.899705014749262  i/I =  20 / 339
step  % :  11.799410029498524  i/I =  40 / 339
step  % :  17.699115044247787  i/I =  60 / 339
step  % :  23.59882005899705  i/I =  80 / 339
step  % :  29.49852507374631  i/I =  100 / 339
step  % :  35.39823008849557  i/I =  120 / 339
step  % :  41.29793510324484  i/I =  140 / 339
step  % :  47.1976401179941  i/I =  160 / 339
step  % :  53.09734513274337  i/I =  180 / 339
step  % :  58.99705014749262  i/I =  200 / 339
step  % :  64.89675516224189  i/I =  220 / 339
step  % :  70.79646017699115  i/I =  240 / 339
step  % :  76.69616519174042  i/I =  260 / 339
step  % :  82.59587020648968  i/I =  280 / 339
step  % :  88.49557522123894  i/I =  300 / 339
step  % :  94.3952802359882  i/I =  320 / 339
Path :  /gpfsscratch/rech/ohv/ueu39kt/CFLOW/weights/carpet_parallel_2709/Tumor/22/TumorNormal_wide_resnet50_2_freia-cflow_pl3_cb8_inp384_run0_Tumor_22_0.pt
Saving weights to TumorNormal_wide_resnet50_2_freia-cflow_pl3_cb8_inp384_run0_Tumor_22_0.pt
Epoch: 22.0 	 train loss: 369.3789, lr=0.000007

Compute loss and scores on test set:
step  % :  0.0  i/I =  0 / 290
Epoch: 22 	 step: 0.0000 
step  % :  3.4482758620689653  i/I =  10 / 290
step  % :  6.896551724137931  i/I =  20 / 290
step  % :  10.344827586206897  i/I =  30 / 290
step  % :  13.793103448275861  i/I =  40 / 290
step  % :  17.24137931034483  i/I =  50 / 290
step  % :  20.689655172413794  i/I =  60 / 290
step  % :  24.137931034482758  i/I =  70 / 290
step  % :  27.586206896551722  i/I =  80 / 290
step  % :  31.03448275862069  i/I =  90 / 290
step  % :  34.48275862068966  i/I =  100 / 290
step  % :  37.93103448275862  i/I =  110 / 290
step  % :  41.37931034482759  i/I =  120 / 290
step  % :  44.827586206896555  i/I =  130 / 290
step  % :  48.275862068965516  i/I =  140 / 290
step  % :  51.724137931034484  i/I =  150 / 290
step  % :  55.172413793103445  i/I =  160 / 290
step  % :  58.620689655172406  i/I =  170 / 290
step  % :  62.06896551724138  i/I =  180 / 290
step  % :  65.51724137931035  i/I =  190 / 290
step  % :  68.96551724137932  i/I =  200 / 290
step  % :  72.41379310344827  i/I =  210 / 290
step  % :  75.86206896551724  i/I =  220 / 290
step  % :  79.3103448275862  i/I =  230 / 290
step  % :  82.75862068965517  i/I =  240 / 290
step  % :  86.20689655172413  i/I =  250 / 290
step  % :  89.65517241379311  i/I =  260 / 290
step  % :  93.10344827586206  i/I =  270 / 290
step  % :  96.55172413793103  i/I =  280 / 290
Epoch: 22 	 test_loss: 14816.5670 and 0.96 fps
Train meta epoch: 23
Len train loader =  339
Epoch: 23 	 sub-epoch: 0.0000 
step  % :  0.0  i/I =  0 / 339
step  % :  5.899705014749262  i/I =  20 / 339
step  % :  11.799410029498524  i/I =  40 / 339
step  % :  17.699115044247787  i/I =  60 / 339
step  % :  23.59882005899705  i/I =  80 / 339
step  % :  29.49852507374631  i/I =  100 / 339
step  % :  35.39823008849557  i/I =  120 / 339
step  % :  41.29793510324484  i/I =  140 / 339
step  % :  47.1976401179941  i/I =  160 / 339
step  % :  53.09734513274337  i/I =  180 / 339
step  % :  58.99705014749262  i/I =  200 / 339
step  % :  64.89675516224189  i/I =  220 / 339
step  % :  70.79646017699115  i/I =  240 / 339
step  % :  76.69616519174042  i/I =  260 / 339
step  % :  82.59587020648968  i/I =  280 / 339
step  % :  88.49557522123894  i/I =  300 / 339
step  % :  94.3952802359882  i/I =  320 / 339
Path :  /gpfsscratch/rech/ohv/ueu39kt/CFLOW/weights/carpet_parallel_2709/Tumor/23/TumorNormal_wide_resnet50_2_freia-cflow_pl3_cb8_inp384_run0_Tumor_23_0.pt
Saving weights to TumorNormal_wide_resnet50_2_freia-cflow_pl3_cb8_inp384_run0_Tumor_23_0.pt
Epoch: 23.0 	 train loss: 217.5964, lr=0.000003

Compute loss and scores on test set:
step  % :  0.0  i/I =  0 / 290
Epoch: 23 	 step: 0.0000 
step  % :  3.4482758620689653  i/I =  10 / 290
step  % :  6.896551724137931  i/I =  20 / 290
step  % :  10.344827586206897  i/I =  30 / 290
step  % :  13.793103448275861  i/I =  40 / 290
step  % :  17.24137931034483  i/I =  50 / 290
step  % :  20.689655172413794  i/I =  60 / 290
step  % :  24.137931034482758  i/I =  70 / 290
step  % :  27.586206896551722  i/I =  80 / 290
step  % :  31.03448275862069  i/I =  90 / 290
step  % :  34.48275862068966  i/I =  100 / 290
step  % :  37.93103448275862  i/I =  110 / 290
step  % :  41.37931034482759  i/I =  120 / 290
step  % :  44.827586206896555  i/I =  130 / 290
step  % :  48.275862068965516  i/I =  140 / 290
step  % :  51.724137931034484  i/I =  150 / 290
step  % :  55.172413793103445  i/I =  160 / 290
step  % :  58.620689655172406  i/I =  170 / 290
step  % :  62.06896551724138  i/I =  180 / 290
step  % :  65.51724137931035  i/I =  190 / 290
step  % :  68.96551724137932  i/I =  200 / 290
step  % :  72.41379310344827  i/I =  210 / 290
step  % :  75.86206896551724  i/I =  220 / 290
step  % :  79.3103448275862  i/I =  230 / 290
step  % :  82.75862068965517  i/I =  240 / 290
step  % :  86.20689655172413  i/I =  250 / 290
step  % :  89.65517241379311  i/I =  260 / 290
step  % :  93.10344827586206  i/I =  270 / 290
step  % :  96.55172413793103  i/I =  280 / 290
Epoch: 23 	 test_loss: 13505.2571 and 0.96 fps
Train meta epoch: 24
Len train loader =  339
Epoch: 24 	 sub-epoch: 0.0000 
step  % :  0.0  i/I =  0 / 339
step  % :  5.899705014749262  i/I =  20 / 339
step  % :  11.799410029498524  i/I =  40 / 339
step  % :  17.699115044247787  i/I =  60 / 339
step  % :  23.59882005899705  i/I =  80 / 339
step  % :  29.49852507374631  i/I =  100 / 339
step  % :  35.39823008849557  i/I =  120 / 339
step  % :  41.29793510324484  i/I =  140 / 339
step  % :  47.1976401179941  i/I =  160 / 339
step  % :  53.09734513274337  i/I =  180 / 339
step  % :  58.99705014749262  i/I =  200 / 339
step  % :  64.89675516224189  i/I =  220 / 339
step  % :  70.79646017699115  i/I =  240 / 339
step  % :  76.69616519174042  i/I =  260 / 339
step  % :  82.59587020648968  i/I =  280 / 339
step  % :  88.49557522123894  i/I =  300 / 339
step  % :  94.3952802359882  i/I =  320 / 339
Path :  /gpfsscratch/rech/ohv/ueu39kt/CFLOW/weights/carpet_parallel_2709/Tumor/24/TumorNormal_wide_resnet50_2_freia-cflow_pl3_cb8_inp384_run0_Tumor_24_0.pt
Saving weights to TumorNormal_wide_resnet50_2_freia-cflow_pl3_cb8_inp384_run0_Tumor_24_0.pt
Epoch: 24.0 	 train loss: 441.7705, lr=0.000001

Compute loss and scores on test set:
step  % :  0.0  i/I =  0 / 290
Epoch: 24 	 step: 0.0000 
step  % :  3.4482758620689653  i/I =  10 / 290
step  % :  6.896551724137931  i/I =  20 / 290
step  % :  10.344827586206897  i/I =  30 / 290
step  % :  13.793103448275861  i/I =  40 / 290
step  % :  17.24137931034483  i/I =  50 / 290
step  % :  20.689655172413794  i/I =  60 / 290
step  % :  24.137931034482758  i/I =  70 / 290
step  % :  27.586206896551722  i/I =  80 / 290
step  % :  31.03448275862069  i/I =  90 / 290
step  % :  34.48275862068966  i/I =  100 / 290
step  % :  37.93103448275862  i/I =  110 / 290
step  % :  41.37931034482759  i/I =  120 / 290
step  % :  44.827586206896555  i/I =  130 / 290
step  % :  48.275862068965516  i/I =  140 / 290
step  % :  51.724137931034484  i/I =  150 / 290
step  % :  55.172413793103445  i/I =  160 / 290
step  % :  58.620689655172406  i/I =  170 / 290
step  % :  62.06896551724138  i/I =  180 / 290
step  % :  65.51724137931035  i/I =  190 / 290
step  % :  68.96551724137932  i/I =  200 / 290
step  % :  72.41379310344827  i/I =  210 / 290
step  % :  75.86206896551724  i/I =  220 / 290
step  % :  79.3103448275862  i/I =  230 / 290
step  % :  82.75862068965517  i/I =  240 / 290
step  % :  86.20689655172413  i/I =  250 / 290
step  % :  89.65517241379311  i/I =  260 / 290
step  % :  93.10344827586206  i/I =  270 / 290
step  % :  96.55172413793103  i/I =  280 / 290
Epoch: 24 	 test_loss: 13194.9125 and 0.96 fps
