 c.data_path   /gpfsscratch/rech/ohv/ueu39kt/KI67_Tumoral_Normal_V2
LR schedule: [12, 18, 22]
Number of pool layers = 3
CNF coder: 512
CNF coder: 1024
CNF coder: 2048
train/test loader length 900 1158
train/test loader batches 28 37
Len train loader =  28
Epoch: 0 	 sub-epoch: 0.0000 
step  % :  0.0  i/I =  0 / 28
step  % :  71.42857142857143  i/I =  20 / 28
Path :  /gpfsscratch/rech/ohv/ueu39kt/CFLOW/weights/TumorNormalKi67_LCNECLike/Tumor/0/TumorNormal_wide_resnet50_2_freia-cflow_pl3_cb8_inp384_run0_Tumor_0_0.pt
Saving weights to TumorNormal_wide_resnet50_2_freia-cflow_pl3_cb8_inp384_run0_Tumor_0_0.pt
Epoch: 0.0 	 train loss: 0.3982, lr=0.000031
Epoch: 0 	 sub-epoch: 1.0000 
step  % :  0.0  i/I =  0 / 28
step  % :  71.42857142857143  i/I =  20 / 28
Path :  /gpfsscratch/rech/ohv/ueu39kt/CFLOW/weights/TumorNormalKi67_LCNECLike/Tumor/0/TumorNormal_wide_resnet50_2_freia-cflow_pl3_cb8_inp384_run0_Tumor_0_1.pt
Saving weights to TumorNormal_wide_resnet50_2_freia-cflow_pl3_cb8_inp384_run0_Tumor_0_1.pt
Epoch: 0.1 	 train loss: 0.2852, lr=0.000042
Epoch: 0 	 sub-epoch: 2.0000 
step  % :  0.0  i/I =  0 / 28
step  % :  71.42857142857143  i/I =  20 / 28
Path :  /gpfsscratch/rech/ohv/ueu39kt/CFLOW/weights/TumorNormalKi67_LCNECLike/Tumor/0/TumorNormal_wide_resnet50_2_freia-cflow_pl3_cb8_inp384_run0_Tumor_0_2.pt
Saving weights to TumorNormal_wide_resnet50_2_freia-cflow_pl3_cb8_inp384_run0_Tumor_0_2.pt
Epoch: 0.2 	 train loss: 0.2632, lr=0.000053
Epoch: 0 	 sub-epoch: 3.0000 
step  % :  0.0  i/I =  0 / 28
step  % :  71.42857142857143  i/I =  20 / 28
Path :  /gpfsscratch/rech/ohv/ueu39kt/CFLOW/weights/TumorNormalKi67_LCNECLike/Tumor/0/TumorNormal_wide_resnet50_2_freia-cflow_pl3_cb8_inp384_run0_Tumor_0_3.pt
Saving weights to TumorNormal_wide_resnet50_2_freia-cflow_pl3_cb8_inp384_run0_Tumor_0_3.pt
Epoch: 0.3 	 train loss: 0.2453, lr=0.000064
Epoch: 0 	 sub-epoch: 4.0000 
step  % :  0.0  i/I =  0 / 28
step  % :  71.42857142857143  i/I =  20 / 28
Path :  /gpfsscratch/rech/ohv/ueu39kt/CFLOW/weights/TumorNormalKi67_LCNECLike/Tumor/0/TumorNormal_wide_resnet50_2_freia-cflow_pl3_cb8_inp384_run0_Tumor_0_4.pt
Saving weights to TumorNormal_wide_resnet50_2_freia-cflow_pl3_cb8_inp384_run0_Tumor_0_4.pt
Epoch: 0.4 	 train loss: 0.2344, lr=0.000075
Epoch: 0 	 sub-epoch: 5.0000 
step  % :  0.0  i/I =  0 / 28
step  % :  71.42857142857143  i/I =  20 / 28
Path :  /gpfsscratch/rech/ohv/ueu39kt/CFLOW/weights/TumorNormalKi67_LCNECLike/Tumor/0/TumorNormal_wide_resnet50_2_freia-cflow_pl3_cb8_inp384_run0_Tumor_0_5.pt
Saving weights to TumorNormal_wide_resnet50_2_freia-cflow_pl3_cb8_inp384_run0_Tumor_0_5.pt
Epoch: 0.5 	 train loss: 0.2265, lr=0.000086
Epoch: 0 	 sub-epoch: 6.0000 
step  % :  0.0  i/I =  0 / 28
step  % :  71.42857142857143  i/I =  20 / 28
Path :  /gpfsscratch/rech/ohv/ueu39kt/CFLOW/weights/TumorNormalKi67_LCNECLike/Tumor/0/TumorNormal_wide_resnet50_2_freia-cflow_pl3_cb8_inp384_run0_Tumor_0_6.pt
Saving weights to TumorNormal_wide_resnet50_2_freia-cflow_pl3_cb8_inp384_run0_Tumor_0_6.pt
Epoch: 0.6 	 train loss: 0.2183, lr=0.000097
Epoch: 0 	 sub-epoch: 7.0000 
step  % :  0.0  i/I =  0 / 28
step  % :  71.42857142857143  i/I =  20 / 28
Path :  /gpfsscratch/rech/ohv/ueu39kt/CFLOW/weights/TumorNormalKi67_LCNECLike/Tumor/0/TumorNormal_wide_resnet50_2_freia-cflow_pl3_cb8_inp384_run0_Tumor_0_7.pt
Saving weights to TumorNormal_wide_resnet50_2_freia-cflow_pl3_cb8_inp384_run0_Tumor_0_7.pt
Epoch: 0.7 	 train loss: 0.2121, lr=0.000108

Compute loss and scores on test set:
step  % :  0.0  i/I =  0 / 37
Epoch: 0 	 step: 0.0000 
step  % :  27.027027027027028  i/I =  10 / 37
step  % :  54.054054054054056  i/I =  20 / 37
step  % :  81.08108108108108  i/I =  30 / 37
Epoch: 0 	 test_loss: 0.2690 and 6.35 fps
Len train loader =  28
Epoch: 1 	 sub-epoch: 0.0000 
step  % :  0.0  i/I =  0 / 28
step  % :  71.42857142857143  i/I =  20 / 28
Path :  /gpfsscratch/rech/ohv/ueu39kt/CFLOW/weights/TumorNormalKi67_LCNECLike/Tumor/1/TumorNormal_wide_resnet50_2_freia-cflow_pl3_cb8_inp384_run0_Tumor_1_0.pt
Saving weights to TumorNormal_wide_resnet50_2_freia-cflow_pl3_cb8_inp384_run0_Tumor_1_0.pt
Epoch: 1.0 	 train loss: 0.2067, lr=0.000119
Epoch: 1 	 sub-epoch: 1.0000 
step  % :  0.0  i/I =  0 / 28
step  % :  71.42857142857143  i/I =  20 / 28
Path :  /gpfsscratch/rech/ohv/ueu39kt/CFLOW/weights/TumorNormalKi67_LCNECLike/Tumor/1/TumorNormal_wide_resnet50_2_freia-cflow_pl3_cb8_inp384_run0_Tumor_1_1.pt
Saving weights to TumorNormal_wide_resnet50_2_freia-cflow_pl3_cb8_inp384_run0_Tumor_1_1.pt
Epoch: 1.1 	 train loss: 0.2026, lr=0.000130
Epoch: 1 	 sub-epoch: 2.0000 
step  % :  0.0  i/I =  0 / 28
step  % :  71.42857142857143  i/I =  20 / 28
Path :  /gpfsscratch/rech/ohv/ueu39kt/CFLOW/weights/TumorNormalKi67_LCNECLike/Tumor/1/TumorNormal_wide_resnet50_2_freia-cflow_pl3_cb8_inp384_run0_Tumor_1_2.pt
Saving weights to TumorNormal_wide_resnet50_2_freia-cflow_pl3_cb8_inp384_run0_Tumor_1_2.pt
Epoch: 1.2 	 train loss: 0.1976, lr=0.000141
Epoch: 1 	 sub-epoch: 3.0000 
step  % :  0.0  i/I =  0 / 28
step  % :  71.42857142857143  i/I =  20 / 28
Path :  /gpfsscratch/rech/ohv/ueu39kt/CFLOW/weights/TumorNormalKi67_LCNECLike/Tumor/1/TumorNormal_wide_resnet50_2_freia-cflow_pl3_cb8_inp384_run0_Tumor_1_3.pt
Saving weights to TumorNormal_wide_resnet50_2_freia-cflow_pl3_cb8_inp384_run0_Tumor_1_3.pt
Epoch: 1.3 	 train loss: 0.1925, lr=0.000152
Epoch: 1 	 sub-epoch: 4.0000 
step  % :  0.0  i/I =  0 / 28
step  % :  71.42857142857143  i/I =  20 / 28
Path :  /gpfsscratch/rech/ohv/ueu39kt/CFLOW/weights/TumorNormalKi67_LCNECLike/Tumor/1/TumorNormal_wide_resnet50_2_freia-cflow_pl3_cb8_inp384_run0_Tumor_1_4.pt
Saving weights to TumorNormal_wide_resnet50_2_freia-cflow_pl3_cb8_inp384_run0_Tumor_1_4.pt
Epoch: 1.4 	 train loss: 0.1865, lr=0.000163
Epoch: 1 	 sub-epoch: 5.0000 
step  % :  0.0  i/I =  0 / 28
step  % :  71.42857142857143  i/I =  20 / 28
Path :  /gpfsscratch/rech/ohv/ueu39kt/CFLOW/weights/TumorNormalKi67_LCNECLike/Tumor/1/TumorNormal_wide_resnet50_2_freia-cflow_pl3_cb8_inp384_run0_Tumor_1_5.pt
Saving weights to TumorNormal_wide_resnet50_2_freia-cflow_pl3_cb8_inp384_run0_Tumor_1_5.pt
Epoch: 1.5 	 train loss: 0.1809, lr=0.000174
Epoch: 1 	 sub-epoch: 6.0000 
step  % :  0.0  i/I =  0 / 28
step  % :  71.42857142857143  i/I =  20 / 28
Path :  /gpfsscratch/rech/ohv/ueu39kt/CFLOW/weights/TumorNormalKi67_LCNECLike/Tumor/1/TumorNormal_wide_resnet50_2_freia-cflow_pl3_cb8_inp384_run0_Tumor_1_6.pt
Saving weights to TumorNormal_wide_resnet50_2_freia-cflow_pl3_cb8_inp384_run0_Tumor_1_6.pt
Epoch: 1.6 	 train loss: 0.1742, lr=0.000185
Epoch: 1 	 sub-epoch: 7.0000 
step  % :  0.0  i/I =  0 / 28
step  % :  71.42857142857143  i/I =  20 / 28
Path :  /gpfsscratch/rech/ohv/ueu39kt/CFLOW/weights/TumorNormalKi67_LCNECLike/Tumor/1/TumorNormal_wide_resnet50_2_freia-cflow_pl3_cb8_inp384_run0_Tumor_1_7.pt
Saving weights to TumorNormal_wide_resnet50_2_freia-cflow_pl3_cb8_inp384_run0_Tumor_1_7.pt
Epoch: 1.7 	 train loss: 0.1681, lr=0.000196

Compute loss and scores on test set:
step  % :  0.0  i/I =  0 / 37
Epoch: 1 	 step: 0.0000 
step  % :  27.027027027027028  i/I =  10 / 37
step  % :  54.054054054054056  i/I =  20 / 37
step  % :  81.08108108108108  i/I =  30 / 37
Epoch: 1 	 test_loss: 1.6031 and 6.38 fps
Len train loader =  28
Epoch: 2 	 sub-epoch: 0.0000 
step  % :  0.0  i/I =  0 / 28
step  % :  71.42857142857143  i/I =  20 / 28
Path :  /gpfsscratch/rech/ohv/ueu39kt/CFLOW/weights/TumorNormalKi67_LCNECLike/Tumor/2/TumorNormal_wide_resnet50_2_freia-cflow_pl3_cb8_inp384_run0_Tumor_2_0.pt
Saving weights to TumorNormal_wide_resnet50_2_freia-cflow_pl3_cb8_inp384_run0_Tumor_2_0.pt
Epoch: 2.0 	 train loss: 0.1617, lr=0.000197
Epoch: 2 	 sub-epoch: 1.0000 
step  % :  0.0  i/I =  0 / 28
step  % :  71.42857142857143  i/I =  20 / 28
Path :  /gpfsscratch/rech/ohv/ueu39kt/CFLOW/weights/TumorNormalKi67_LCNECLike/Tumor/2/TumorNormal_wide_resnet50_2_freia-cflow_pl3_cb8_inp384_run0_Tumor_2_1.pt
Saving weights to TumorNormal_wide_resnet50_2_freia-cflow_pl3_cb8_inp384_run0_Tumor_2_1.pt
Epoch: 2.1 	 train loss: 0.1549, lr=0.000197
Epoch: 2 	 sub-epoch: 2.0000 
step  % :  0.0  i/I =  0 / 28
step  % :  71.42857142857143  i/I =  20 / 28
Path :  /gpfsscratch/rech/ohv/ueu39kt/CFLOW/weights/TumorNormalKi67_LCNECLike/Tumor/2/TumorNormal_wide_resnet50_2_freia-cflow_pl3_cb8_inp384_run0_Tumor_2_2.pt
Saving weights to TumorNormal_wide_resnet50_2_freia-cflow_pl3_cb8_inp384_run0_Tumor_2_2.pt
Epoch: 2.2 	 train loss: 0.1491, lr=0.000197
Epoch: 2 	 sub-epoch: 3.0000 
step  % :  0.0  i/I =  0 / 28
step  % :  71.42857142857143  i/I =  20 / 28
Path :  /gpfsscratch/rech/ohv/ueu39kt/CFLOW/weights/TumorNormalKi67_LCNECLike/Tumor/2/TumorNormal_wide_resnet50_2_freia-cflow_pl3_cb8_inp384_run0_Tumor_2_3.pt
Saving weights to TumorNormal_wide_resnet50_2_freia-cflow_pl3_cb8_inp384_run0_Tumor_2_3.pt
Epoch: 2.3 	 train loss: 0.1442, lr=0.000197
Epoch: 2 	 sub-epoch: 4.0000 
step  % :  0.0  i/I =  0 / 28
step  % :  71.42857142857143  i/I =  20 / 28
Path :  /gpfsscratch/rech/ohv/ueu39kt/CFLOW/weights/TumorNormalKi67_LCNECLike/Tumor/2/TumorNormal_wide_resnet50_2_freia-cflow_pl3_cb8_inp384_run0_Tumor_2_4.pt
Saving weights to TumorNormal_wide_resnet50_2_freia-cflow_pl3_cb8_inp384_run0_Tumor_2_4.pt
Epoch: 2.4 	 train loss: 0.1408, lr=0.000197
Epoch: 2 	 sub-epoch: 5.0000 
step  % :  0.0  i/I =  0 / 28
step  % :  71.42857142857143  i/I =  20 / 28
Path :  /gpfsscratch/rech/ohv/ueu39kt/CFLOW/weights/TumorNormalKi67_LCNECLike/Tumor/2/TumorNormal_wide_resnet50_2_freia-cflow_pl3_cb8_inp384_run0_Tumor_2_5.pt
Saving weights to TumorNormal_wide_resnet50_2_freia-cflow_pl3_cb8_inp384_run0_Tumor_2_5.pt
Epoch: 2.5 	 train loss: 0.1367, lr=0.000197
Epoch: 2 	 sub-epoch: 6.0000 
step  % :  0.0  i/I =  0 / 28
step  % :  71.42857142857143  i/I =  20 / 28
Path :  /gpfsscratch/rech/ohv/ueu39kt/CFLOW/weights/TumorNormalKi67_LCNECLike/Tumor/2/TumorNormal_wide_resnet50_2_freia-cflow_pl3_cb8_inp384_run0_Tumor_2_6.pt
Saving weights to TumorNormal_wide_resnet50_2_freia-cflow_pl3_cb8_inp384_run0_Tumor_2_6.pt
Epoch: 2.6 	 train loss: 0.1331, lr=0.000197
Epoch: 2 	 sub-epoch: 7.0000 
step  % :  0.0  i/I =  0 / 28
step  % :  71.42857142857143  i/I =  20 / 28
Path :  /gpfsscratch/rech/ohv/ueu39kt/CFLOW/weights/TumorNormalKi67_LCNECLike/Tumor/2/TumorNormal_wide_resnet50_2_freia-cflow_pl3_cb8_inp384_run0_Tumor_2_7.pt
Saving weights to TumorNormal_wide_resnet50_2_freia-cflow_pl3_cb8_inp384_run0_Tumor_2_7.pt
Epoch: 2.7 	 train loss: 0.1302, lr=0.000197

Compute loss and scores on test set:
step  % :  0.0  i/I =  0 / 37
Epoch: 2 	 step: 0.0000 
step  % :  27.027027027027028  i/I =  10 / 37
step  % :  54.054054054054056  i/I =  20 / 37
step  % :  81.08108108108108  i/I =  30 / 37
Epoch: 2 	 test_loss: 1.2444 and 6.31 fps
Len train loader =  28
Epoch: 3 	 sub-epoch: 0.0000 
step  % :  0.0  i/I =  0 / 28
step  % :  71.42857142857143  i/I =  20 / 28
Path :  /gpfsscratch/rech/ohv/ueu39kt/CFLOW/weights/TumorNormalKi67_LCNECLike/Tumor/3/TumorNormal_wide_resnet50_2_freia-cflow_pl3_cb8_inp384_run0_Tumor_3_0.pt
Saving weights to TumorNormal_wide_resnet50_2_freia-cflow_pl3_cb8_inp384_run0_Tumor_3_0.pt
Epoch: 3.0 	 train loss: 0.1270, lr=0.000193
Epoch: 3 	 sub-epoch: 1.0000 
step  % :  0.0  i/I =  0 / 28
step  % :  71.42857142857143  i/I =  20 / 28
Path :  /gpfsscratch/rech/ohv/ueu39kt/CFLOW/weights/TumorNormalKi67_LCNECLike/Tumor/3/TumorNormal_wide_resnet50_2_freia-cflow_pl3_cb8_inp384_run0_Tumor_3_1.pt
Saving weights to TumorNormal_wide_resnet50_2_freia-cflow_pl3_cb8_inp384_run0_Tumor_3_1.pt
Epoch: 3.1 	 train loss: 0.1249, lr=0.000193
Epoch: 3 	 sub-epoch: 2.0000 
step  % :  0.0  i/I =  0 / 28
step  % :  71.42857142857143  i/I =  20 / 28
Path :  /gpfsscratch/rech/ohv/ueu39kt/CFLOW/weights/TumorNormalKi67_LCNECLike/Tumor/3/TumorNormal_wide_resnet50_2_freia-cflow_pl3_cb8_inp384_run0_Tumor_3_2.pt
Saving weights to TumorNormal_wide_resnet50_2_freia-cflow_pl3_cb8_inp384_run0_Tumor_3_2.pt
Epoch: 3.2 	 train loss: 0.1225, lr=0.000193
Epoch: 3 	 sub-epoch: 3.0000 
step  % :  0.0  i/I =  0 / 28
step  % :  71.42857142857143  i/I =  20 / 28
Path :  /gpfsscratch/rech/ohv/ueu39kt/CFLOW/weights/TumorNormalKi67_LCNECLike/Tumor/3/TumorNormal_wide_resnet50_2_freia-cflow_pl3_cb8_inp384_run0_Tumor_3_3.pt
Saving weights to TumorNormal_wide_resnet50_2_freia-cflow_pl3_cb8_inp384_run0_Tumor_3_3.pt
Epoch: 3.3 	 train loss: 0.1205, lr=0.000193
Epoch: 3 	 sub-epoch: 4.0000 
step  % :  0.0  i/I =  0 / 28
step  % :  71.42857142857143  i/I =  20 / 28
Path :  /gpfsscratch/rech/ohv/ueu39kt/CFLOW/weights/TumorNormalKi67_LCNECLike/Tumor/3/TumorNormal_wide_resnet50_2_freia-cflow_pl3_cb8_inp384_run0_Tumor_3_4.pt
Saving weights to TumorNormal_wide_resnet50_2_freia-cflow_pl3_cb8_inp384_run0_Tumor_3_4.pt
Epoch: 3.4 	 train loss: 0.1183, lr=0.000193
Epoch: 3 	 sub-epoch: 5.0000 
step  % :  0.0  i/I =  0 / 28
step  % :  71.42857142857143  i/I =  20 / 28
Path :  /gpfsscratch/rech/ohv/ueu39kt/CFLOW/weights/TumorNormalKi67_LCNECLike/Tumor/3/TumorNormal_wide_resnet50_2_freia-cflow_pl3_cb8_inp384_run0_Tumor_3_5.pt
Saving weights to TumorNormal_wide_resnet50_2_freia-cflow_pl3_cb8_inp384_run0_Tumor_3_5.pt
Epoch: 3.5 	 train loss: 0.1169, lr=0.000193
Epoch: 3 	 sub-epoch: 6.0000 
step  % :  0.0  i/I =  0 / 28
step  % :  71.42857142857143  i/I =  20 / 28
Path :  /gpfsscratch/rech/ohv/ueu39kt/CFLOW/weights/TumorNormalKi67_LCNECLike/Tumor/3/TumorNormal_wide_resnet50_2_freia-cflow_pl3_cb8_inp384_run0_Tumor_3_6.pt
Saving weights to TumorNormal_wide_resnet50_2_freia-cflow_pl3_cb8_inp384_run0_Tumor_3_6.pt
Epoch: 3.6 	 train loss: 0.1150, lr=0.000193
Epoch: 3 	 sub-epoch: 7.0000 
step  % :  0.0  i/I =  0 / 28
step  % :  71.42857142857143  i/I =  20 / 28
Path :  /gpfsscratch/rech/ohv/ueu39kt/CFLOW/weights/TumorNormalKi67_LCNECLike/Tumor/3/TumorNormal_wide_resnet50_2_freia-cflow_pl3_cb8_inp384_run0_Tumor_3_7.pt
Saving weights to TumorNormal_wide_resnet50_2_freia-cflow_pl3_cb8_inp384_run0_Tumor_3_7.pt
Epoch: 3.7 	 train loss: 0.1136, lr=0.000193

Compute loss and scores on test set:
step  % :  0.0  i/I =  0 / 37
Epoch: 3 	 step: 0.0000 
step  % :  27.027027027027028  i/I =  10 / 37
step  % :  54.054054054054056  i/I =  20 / 37
step  % :  81.08108108108108  i/I =  30 / 37
Epoch: 3 	 test_loss: 0.5187 and 6.38 fps
Len train loader =  28
Epoch: 4 	 sub-epoch: 0.0000 
step  % :  0.0  i/I =  0 / 28
step  % :  71.42857142857143  i/I =  20 / 28
Path :  /gpfsscratch/rech/ohv/ueu39kt/CFLOW/weights/TumorNormalKi67_LCNECLike/Tumor/4/TumorNormal_wide_resnet50_2_freia-cflow_pl3_cb8_inp384_run0_Tumor_4_0.pt
Saving weights to TumorNormal_wide_resnet50_2_freia-cflow_pl3_cb8_inp384_run0_Tumor_4_0.pt
Epoch: 4.0 	 train loss: 0.1120, lr=0.000188
Epoch: 4 	 sub-epoch: 1.0000 
step  % :  0.0  i/I =  0 / 28
step  % :  71.42857142857143  i/I =  20 / 28
Path :  /gpfsscratch/rech/ohv/ueu39kt/CFLOW/weights/TumorNormalKi67_LCNECLike/Tumor/4/TumorNormal_wide_resnet50_2_freia-cflow_pl3_cb8_inp384_run0_Tumor_4_1.pt
Saving weights to TumorNormal_wide_resnet50_2_freia-cflow_pl3_cb8_inp384_run0_Tumor_4_1.pt
Epoch: 4.1 	 train loss: 0.1102, lr=0.000188
Epoch: 4 	 sub-epoch: 2.0000 
step  % :  0.0  i/I =  0 / 28
step  % :  71.42857142857143  i/I =  20 / 28
Path :  /gpfsscratch/rech/ohv/ueu39kt/CFLOW/weights/TumorNormalKi67_LCNECLike/Tumor/4/TumorNormal_wide_resnet50_2_freia-cflow_pl3_cb8_inp384_run0_Tumor_4_2.pt
Saving weights to TumorNormal_wide_resnet50_2_freia-cflow_pl3_cb8_inp384_run0_Tumor_4_2.pt
Epoch: 4.2 	 train loss: 0.1096, lr=0.000188
Epoch: 4 	 sub-epoch: 3.0000 
step  % :  0.0  i/I =  0 / 28
step  % :  71.42857142857143  i/I =  20 / 28
Path :  /gpfsscratch/rech/ohv/ueu39kt/CFLOW/weights/TumorNormalKi67_LCNECLike/Tumor/4/TumorNormal_wide_resnet50_2_freia-cflow_pl3_cb8_inp384_run0_Tumor_4_3.pt
Saving weights to TumorNormal_wide_resnet50_2_freia-cflow_pl3_cb8_inp384_run0_Tumor_4_3.pt
Epoch: 4.3 	 train loss: 0.1088, lr=0.000188
Epoch: 4 	 sub-epoch: 4.0000 
step  % :  0.0  i/I =  0 / 28
step  % :  71.42857142857143  i/I =  20 / 28
Path :  /gpfsscratch/rech/ohv/ueu39kt/CFLOW/weights/TumorNormalKi67_LCNECLike/Tumor/4/TumorNormal_wide_resnet50_2_freia-cflow_pl3_cb8_inp384_run0_Tumor_4_4.pt
Saving weights to TumorNormal_wide_resnet50_2_freia-cflow_pl3_cb8_inp384_run0_Tumor_4_4.pt
Epoch: 4.4 	 train loss: 0.1073, lr=0.000188
Epoch: 4 	 sub-epoch: 5.0000 
step  % :  0.0  i/I =  0 / 28
step  % :  71.42857142857143  i/I =  20 / 28
Path :  /gpfsscratch/rech/ohv/ueu39kt/CFLOW/weights/TumorNormalKi67_LCNECLike/Tumor/4/TumorNormal_wide_resnet50_2_freia-cflow_pl3_cb8_inp384_run0_Tumor_4_5.pt
Saving weights to TumorNormal_wide_resnet50_2_freia-cflow_pl3_cb8_inp384_run0_Tumor_4_5.pt
Epoch: 4.5 	 train loss: 0.1078, lr=0.000188
Epoch: 4 	 sub-epoch: 6.0000 
step  % :  0.0  i/I =  0 / 28
step  % :  71.42857142857143  i/I =  20 / 28
Path :  /gpfsscratch/rech/ohv/ueu39kt/CFLOW/weights/TumorNormalKi67_LCNECLike/Tumor/4/TumorNormal_wide_resnet50_2_freia-cflow_pl3_cb8_inp384_run0_Tumor_4_6.pt
Saving weights to TumorNormal_wide_resnet50_2_freia-cflow_pl3_cb8_inp384_run0_Tumor_4_6.pt
Epoch: 4.6 	 train loss: 2.4749, lr=0.000188
Epoch: 4 	 sub-epoch: 7.0000 
step  % :  0.0  i/I =  0 / 28
step  % :  71.42857142857143  i/I =  20 / 28
Path :  /gpfsscratch/rech/ohv/ueu39kt/CFLOW/weights/TumorNormalKi67_LCNECLike/Tumor/4/TumorNormal_wide_resnet50_2_freia-cflow_pl3_cb8_inp384_run0_Tumor_4_7.pt
Saving weights to TumorNormal_wide_resnet50_2_freia-cflow_pl3_cb8_inp384_run0_Tumor_4_7.pt
Epoch: 4.7 	 train loss: 0.1046, lr=0.000188

Compute loss and scores on test set:
step  % :  0.0  i/I =  0 / 37
Epoch: 4 	 step: 0.0000 
step  % :  27.027027027027028  i/I =  10 / 37
step  % :  54.054054054054056  i/I =  20 / 37
step  % :  81.08108108108108  i/I =  30 / 37
Epoch: 4 	 test_loss: 6.9105 and 6.34 fps
Len train loader =  28
Epoch: 5 	 sub-epoch: 0.0000 
step  % :  0.0  i/I =  0 / 28
step  % :  71.42857142857143  i/I =  20 / 28
Path :  /gpfsscratch/rech/ohv/ueu39kt/CFLOW/weights/TumorNormalKi67_LCNECLike/Tumor/5/TumorNormal_wide_resnet50_2_freia-cflow_pl3_cb8_inp384_run0_Tumor_5_0.pt
Saving weights to TumorNormal_wide_resnet50_2_freia-cflow_pl3_cb8_inp384_run0_Tumor_5_0.pt
Epoch: 5.0 	 train loss: 0.1035, lr=0.000181
Epoch: 5 	 sub-epoch: 1.0000 
step  % :  0.0  i/I =  0 / 28
step  % :  71.42857142857143  i/I =  20 / 28
Path :  /gpfsscratch/rech/ohv/ueu39kt/CFLOW/weights/TumorNormalKi67_LCNECLike/Tumor/5/TumorNormal_wide_resnet50_2_freia-cflow_pl3_cb8_inp384_run0_Tumor_5_1.pt
Saving weights to TumorNormal_wide_resnet50_2_freia-cflow_pl3_cb8_inp384_run0_Tumor_5_1.pt
Epoch: 5.1 	 train loss: 0.1029, lr=0.000181
Epoch: 5 	 sub-epoch: 2.0000 
step  % :  0.0  i/I =  0 / 28
step  % :  71.42857142857143  i/I =  20 / 28
Path :  /gpfsscratch/rech/ohv/ueu39kt/CFLOW/weights/TumorNormalKi67_LCNECLike/Tumor/5/TumorNormal_wide_resnet50_2_freia-cflow_pl3_cb8_inp384_run0_Tumor_5_2.pt
Saving weights to TumorNormal_wide_resnet50_2_freia-cflow_pl3_cb8_inp384_run0_Tumor_5_2.pt
Epoch: 5.2 	 train loss: 0.1021, lr=0.000181
Epoch: 5 	 sub-epoch: 3.0000 
step  % :  0.0  i/I =  0 / 28
step  % :  71.42857142857143  i/I =  20 / 28
Path :  /gpfsscratch/rech/ohv/ueu39kt/CFLOW/weights/TumorNormalKi67_LCNECLike/Tumor/5/TumorNormal_wide_resnet50_2_freia-cflow_pl3_cb8_inp384_run0_Tumor_5_3.pt
Saving weights to TumorNormal_wide_resnet50_2_freia-cflow_pl3_cb8_inp384_run0_Tumor_5_3.pt
Epoch: 5.3 	 train loss: 0.1014, lr=0.000181
Epoch: 5 	 sub-epoch: 4.0000 
step  % :  0.0  i/I =  0 / 28
step  % :  71.42857142857143  i/I =  20 / 28
Path :  /gpfsscratch/rech/ohv/ueu39kt/CFLOW/weights/TumorNormalKi67_LCNECLike/Tumor/5/TumorNormal_wide_resnet50_2_freia-cflow_pl3_cb8_inp384_run0_Tumor_5_4.pt
Saving weights to TumorNormal_wide_resnet50_2_freia-cflow_pl3_cb8_inp384_run0_Tumor_5_4.pt
Epoch: 5.4 	 train loss: 0.1009, lr=0.000181
Epoch: 5 	 sub-epoch: 5.0000 
step  % :  0.0  i/I =  0 / 28
step  % :  71.42857142857143  i/I =  20 / 28
Path :  /gpfsscratch/rech/ohv/ueu39kt/CFLOW/weights/TumorNormalKi67_LCNECLike/Tumor/5/TumorNormal_wide_resnet50_2_freia-cflow_pl3_cb8_inp384_run0_Tumor_5_5.pt
Saving weights to TumorNormal_wide_resnet50_2_freia-cflow_pl3_cb8_inp384_run0_Tumor_5_5.pt
Epoch: 5.5 	 train loss: 0.1000, lr=0.000181
Epoch: 5 	 sub-epoch: 6.0000 
step  % :  0.0  i/I =  0 / 28
step  % :  71.42857142857143  i/I =  20 / 28
Path :  /gpfsscratch/rech/ohv/ueu39kt/CFLOW/weights/TumorNormalKi67_LCNECLike/Tumor/5/TumorNormal_wide_resnet50_2_freia-cflow_pl3_cb8_inp384_run0_Tumor_5_6.pt
Saving weights to TumorNormal_wide_resnet50_2_freia-cflow_pl3_cb8_inp384_run0_Tumor_5_6.pt
Epoch: 5.6 	 train loss: 0.0996, lr=0.000181
Epoch: 5 	 sub-epoch: 7.0000 
step  % :  0.0  i/I =  0 / 28
step  % :  71.42857142857143  i/I =  20 / 28
Path :  /gpfsscratch/rech/ohv/ueu39kt/CFLOW/weights/TumorNormalKi67_LCNECLike/Tumor/5/TumorNormal_wide_resnet50_2_freia-cflow_pl3_cb8_inp384_run0_Tumor_5_7.pt
Saving weights to TumorNormal_wide_resnet50_2_freia-cflow_pl3_cb8_inp384_run0_Tumor_5_7.pt
Epoch: 5.7 	 train loss: 0.0989, lr=0.000181

Compute loss and scores on test set:
step  % :  0.0  i/I =  0 / 37
Epoch: 5 	 step: 0.0000 
step  % :  27.027027027027028  i/I =  10 / 37
step  % :  54.054054054054056  i/I =  20 / 37
step  % :  81.08108108108108  i/I =  30 / 37
Epoch: 5 	 test_loss: 18.7100 and 6.42 fps
Len train loader =  28
Epoch: 6 	 sub-epoch: 0.0000 
step  % :  0.0  i/I =  0 / 28
step  % :  71.42857142857143  i/I =  20 / 28
Path :  /gpfsscratch/rech/ohv/ueu39kt/CFLOW/weights/TumorNormalKi67_LCNECLike/Tumor/6/TumorNormal_wide_resnet50_2_freia-cflow_pl3_cb8_inp384_run0_Tumor_6_0.pt
Saving weights to TumorNormal_wide_resnet50_2_freia-cflow_pl3_cb8_inp384_run0_Tumor_6_0.pt
Epoch: 6.0 	 train loss: 0.0979, lr=0.000173
Epoch: 6 	 sub-epoch: 1.0000 
step  % :  0.0  i/I =  0 / 28
step  % :  71.42857142857143  i/I =  20 / 28
Path :  /gpfsscratch/rech/ohv/ueu39kt/CFLOW/weights/TumorNormalKi67_LCNECLike/Tumor/6/TumorNormal_wide_resnet50_2_freia-cflow_pl3_cb8_inp384_run0_Tumor_6_1.pt
Saving weights to TumorNormal_wide_resnet50_2_freia-cflow_pl3_cb8_inp384_run0_Tumor_6_1.pt
Epoch: 6.1 	 train loss: 0.0976, lr=0.000173
Epoch: 6 	 sub-epoch: 2.0000 
step  % :  0.0  i/I =  0 / 28
step  % :  71.42857142857143  i/I =  20 / 28
Path :  /gpfsscratch/rech/ohv/ueu39kt/CFLOW/weights/TumorNormalKi67_LCNECLike/Tumor/6/TumorNormal_wide_resnet50_2_freia-cflow_pl3_cb8_inp384_run0_Tumor_6_2.pt
Saving weights to TumorNormal_wide_resnet50_2_freia-cflow_pl3_cb8_inp384_run0_Tumor_6_2.pt
Epoch: 6.2 	 train loss: 13.6243, lr=0.000173
Epoch: 6 	 sub-epoch: 3.0000 
step  % :  0.0  i/I =  0 / 28
step  % :  71.42857142857143  i/I =  20 / 28
Path :  /gpfsscratch/rech/ohv/ueu39kt/CFLOW/weights/TumorNormalKi67_LCNECLike/Tumor/6/TumorNormal_wide_resnet50_2_freia-cflow_pl3_cb8_inp384_run0_Tumor_6_3.pt
Saving weights to TumorNormal_wide_resnet50_2_freia-cflow_pl3_cb8_inp384_run0_Tumor_6_3.pt
Epoch: 6.3 	 train loss: 0.0957, lr=0.000173
Epoch: 6 	 sub-epoch: 4.0000 
step  % :  0.0  i/I =  0 / 28
step  % :  71.42857142857143  i/I =  20 / 28
Path :  /gpfsscratch/rech/ohv/ueu39kt/CFLOW/weights/TumorNormalKi67_LCNECLike/Tumor/6/TumorNormal_wide_resnet50_2_freia-cflow_pl3_cb8_inp384_run0_Tumor_6_4.pt
Saving weights to TumorNormal_wide_resnet50_2_freia-cflow_pl3_cb8_inp384_run0_Tumor_6_4.pt
Epoch: 6.4 	 train loss: 0.0963, lr=0.000173
Epoch: 6 	 sub-epoch: 5.0000 
step  % :  0.0  i/I =  0 / 28
step  % :  71.42857142857143  i/I =  20 / 28
Path :  /gpfsscratch/rech/ohv/ueu39kt/CFLOW/weights/TumorNormalKi67_LCNECLike/Tumor/6/TumorNormal_wide_resnet50_2_freia-cflow_pl3_cb8_inp384_run0_Tumor_6_5.pt
Saving weights to TumorNormal_wide_resnet50_2_freia-cflow_pl3_cb8_inp384_run0_Tumor_6_5.pt
Epoch: 6.5 	 train loss: 0.0957, lr=0.000173
Epoch: 6 	 sub-epoch: 6.0000 
step  % :  0.0  i/I =  0 / 28
step  % :  71.42857142857143  i/I =  20 / 28
Path :  /gpfsscratch/rech/ohv/ueu39kt/CFLOW/weights/TumorNormalKi67_LCNECLike/Tumor/6/TumorNormal_wide_resnet50_2_freia-cflow_pl3_cb8_inp384_run0_Tumor_6_6.pt
Saving weights to TumorNormal_wide_resnet50_2_freia-cflow_pl3_cb8_inp384_run0_Tumor_6_6.pt
Epoch: 6.6 	 train loss: 0.0955, lr=0.000173
Epoch: 6 	 sub-epoch: 7.0000 
step  % :  0.0  i/I =  0 / 28
step  % :  71.42857142857143  i/I =  20 / 28
Path :  /gpfsscratch/rech/ohv/ueu39kt/CFLOW/weights/TumorNormalKi67_LCNECLike/Tumor/6/TumorNormal_wide_resnet50_2_freia-cflow_pl3_cb8_inp384_run0_Tumor_6_7.pt
Saving weights to TumorNormal_wide_resnet50_2_freia-cflow_pl3_cb8_inp384_run0_Tumor_6_7.pt
Epoch: 6.7 	 train loss: 0.0947, lr=0.000173

Compute loss and scores on test set:
step  % :  0.0  i/I =  0 / 37
Epoch: 6 	 step: 0.0000 
step  % :  27.027027027027028  i/I =  10 / 37
step  % :  54.054054054054056  i/I =  20 / 37
step  % :  81.08108108108108  i/I =  30 / 37
Epoch: 6 	 test_loss: 159.3734 and 6.42 fps
Len train loader =  28
Epoch: 7 	 sub-epoch: 0.0000 
step  % :  0.0  i/I =  0 / 28
step  % :  71.42857142857143  i/I =  20 / 28
Path :  /gpfsscratch/rech/ohv/ueu39kt/CFLOW/weights/TumorNormalKi67_LCNECLike/Tumor/7/TumorNormal_wide_resnet50_2_freia-cflow_pl3_cb8_inp384_run0_Tumor_7_0.pt
Saving weights to TumorNormal_wide_resnet50_2_freia-cflow_pl3_cb8_inp384_run0_Tumor_7_0.pt
Epoch: 7.0 	 train loss: 0.0935, lr=0.000164
Epoch: 7 	 sub-epoch: 1.0000 
step  % :  0.0  i/I =  0 / 28
step  % :  71.42857142857143  i/I =  20 / 28
Path :  /gpfsscratch/rech/ohv/ueu39kt/CFLOW/weights/TumorNormalKi67_LCNECLike/Tumor/7/TumorNormal_wide_resnet50_2_freia-cflow_pl3_cb8_inp384_run0_Tumor_7_1.pt
Saving weights to TumorNormal_wide_resnet50_2_freia-cflow_pl3_cb8_inp384_run0_Tumor_7_1.pt
Epoch: 7.1 	 train loss: 0.0934, lr=0.000164
Epoch: 7 	 sub-epoch: 2.0000 
step  % :  0.0  i/I =  0 / 28
step  % :  71.42857142857143  i/I =  20 / 28
Path :  /gpfsscratch/rech/ohv/ueu39kt/CFLOW/weights/TumorNormalKi67_LCNECLike/Tumor/7/TumorNormal_wide_resnet50_2_freia-cflow_pl3_cb8_inp384_run0_Tumor_7_2.pt
Saving weights to TumorNormal_wide_resnet50_2_freia-cflow_pl3_cb8_inp384_run0_Tumor_7_2.pt
Epoch: 7.2 	 train loss: 0.0931, lr=0.000164
Epoch: 7 	 sub-epoch: 3.0000 
step  % :  0.0  i/I =  0 / 28
step  % :  71.42857142857143  i/I =  20 / 28
Path :  /gpfsscratch/rech/ohv/ueu39kt/CFLOW/weights/TumorNormalKi67_LCNECLike/Tumor/7/TumorNormal_wide_resnet50_2_freia-cflow_pl3_cb8_inp384_run0_Tumor_7_3.pt
Saving weights to TumorNormal_wide_resnet50_2_freia-cflow_pl3_cb8_inp384_run0_Tumor_7_3.pt
Epoch: 7.3 	 train loss: 0.0936, lr=0.000164
Epoch: 7 	 sub-epoch: 4.0000 
step  % :  0.0  i/I =  0 / 28
step  % :  71.42857142857143  i/I =  20 / 28
Path :  /gpfsscratch/rech/ohv/ueu39kt/CFLOW/weights/TumorNormalKi67_LCNECLike/Tumor/7/TumorNormal_wide_resnet50_2_freia-cflow_pl3_cb8_inp384_run0_Tumor_7_4.pt
Saving weights to TumorNormal_wide_resnet50_2_freia-cflow_pl3_cb8_inp384_run0_Tumor_7_4.pt
Epoch: 7.4 	 train loss: 0.0922, lr=0.000164
Epoch: 7 	 sub-epoch: 5.0000 
step  % :  0.0  i/I =  0 / 28
step  % :  71.42857142857143  i/I =  20 / 28
Path :  /gpfsscratch/rech/ohv/ueu39kt/CFLOW/weights/TumorNormalKi67_LCNECLike/Tumor/7/TumorNormal_wide_resnet50_2_freia-cflow_pl3_cb8_inp384_run0_Tumor_7_5.pt
Saving weights to TumorNormal_wide_resnet50_2_freia-cflow_pl3_cb8_inp384_run0_Tumor_7_5.pt
Epoch: 7.5 	 train loss: 0.0922, lr=0.000164
Epoch: 7 	 sub-epoch: 6.0000 
step  % :  0.0  i/I =  0 / 28
step  % :  71.42857142857143  i/I =  20 / 28
Path :  /gpfsscratch/rech/ohv/ueu39kt/CFLOW/weights/TumorNormalKi67_LCNECLike/Tumor/7/TumorNormal_wide_resnet50_2_freia-cflow_pl3_cb8_inp384_run0_Tumor_7_6.pt
Saving weights to TumorNormal_wide_resnet50_2_freia-cflow_pl3_cb8_inp384_run0_Tumor_7_6.pt
Epoch: 7.6 	 train loss: 0.0917, lr=0.000164
Epoch: 7 	 sub-epoch: 7.0000 
step  % :  0.0  i/I =  0 / 28
step  % :  71.42857142857143  i/I =  20 / 28
Path :  /gpfsscratch/rech/ohv/ueu39kt/CFLOW/weights/TumorNormalKi67_LCNECLike/Tumor/7/TumorNormal_wide_resnet50_2_freia-cflow_pl3_cb8_inp384_run0_Tumor_7_7.pt
Saving weights to TumorNormal_wide_resnet50_2_freia-cflow_pl3_cb8_inp384_run0_Tumor_7_7.pt
Epoch: 7.7 	 train loss: 0.0920, lr=0.000164

Compute loss and scores on test set:
step  % :  0.0  i/I =  0 / 37
Epoch: 7 	 step: 0.0000 
step  % :  27.027027027027028  i/I =  10 / 37
step  % :  54.054054054054056  i/I =  20 / 37
step  % :  81.08108108108108  i/I =  30 / 37
Epoch: 7 	 test_loss: 3052.6667 and 6.16 fps
Len train loader =  28
Epoch: 8 	 sub-epoch: 0.0000 
step  % :  0.0  i/I =  0 / 28
step  % :  71.42857142857143  i/I =  20 / 28
Path :  /gpfsscratch/rech/ohv/ueu39kt/CFLOW/weights/TumorNormalKi67_LCNECLike/Tumor/8/TumorNormal_wide_resnet50_2_freia-cflow_pl3_cb8_inp384_run0_Tumor_8_0.pt
Saving weights to TumorNormal_wide_resnet50_2_freia-cflow_pl3_cb8_inp384_run0_Tumor_8_0.pt
Epoch: 8.0 	 train loss: 0.0904, lr=0.000154
Epoch: 8 	 sub-epoch: 1.0000 
step  % :  0.0  i/I =  0 / 28
step  % :  71.42857142857143  i/I =  20 / 28
Path :  /gpfsscratch/rech/ohv/ueu39kt/CFLOW/weights/TumorNormalKi67_LCNECLike/Tumor/8/TumorNormal_wide_resnet50_2_freia-cflow_pl3_cb8_inp384_run0_Tumor_8_1.pt
Saving weights to TumorNormal_wide_resnet50_2_freia-cflow_pl3_cb8_inp384_run0_Tumor_8_1.pt
Epoch: 8.1 	 train loss: 0.0905, lr=0.000154
Epoch: 8 	 sub-epoch: 2.0000 
step  % :  0.0  i/I =  0 / 28
step  % :  71.42857142857143  i/I =  20 / 28
Path :  /gpfsscratch/rech/ohv/ueu39kt/CFLOW/weights/TumorNormalKi67_LCNECLike/Tumor/8/TumorNormal_wide_resnet50_2_freia-cflow_pl3_cb8_inp384_run0_Tumor_8_2.pt
Saving weights to TumorNormal_wide_resnet50_2_freia-cflow_pl3_cb8_inp384_run0_Tumor_8_2.pt
Epoch: 8.2 	 train loss: 0.0897, lr=0.000154
Epoch: 8 	 sub-epoch: 3.0000 
step  % :  0.0  i/I =  0 / 28
step  % :  71.42857142857143  i/I =  20 / 28
Path :  /gpfsscratch/rech/ohv/ueu39kt/CFLOW/weights/TumorNormalKi67_LCNECLike/Tumor/8/TumorNormal_wide_resnet50_2_freia-cflow_pl3_cb8_inp384_run0_Tumor_8_3.pt
Saving weights to TumorNormal_wide_resnet50_2_freia-cflow_pl3_cb8_inp384_run0_Tumor_8_3.pt
Epoch: 8.3 	 train loss: 0.0898, lr=0.000154
Epoch: 8 	 sub-epoch: 4.0000 
step  % :  0.0  i/I =  0 / 28
step  % :  71.42857142857143  i/I =  20 / 28
Path :  /gpfsscratch/rech/ohv/ueu39kt/CFLOW/weights/TumorNormalKi67_LCNECLike/Tumor/8/TumorNormal_wide_resnet50_2_freia-cflow_pl3_cb8_inp384_run0_Tumor_8_4.pt
Saving weights to TumorNormal_wide_resnet50_2_freia-cflow_pl3_cb8_inp384_run0_Tumor_8_4.pt
Epoch: 8.4 	 train loss: 0.0896, lr=0.000154
Epoch: 8 	 sub-epoch: 5.0000 
step  % :  0.0  i/I =  0 / 28
step  % :  71.42857142857143  i/I =  20 / 28
Path :  /gpfsscratch/rech/ohv/ueu39kt/CFLOW/weights/TumorNormalKi67_LCNECLike/Tumor/8/TumorNormal_wide_resnet50_2_freia-cflow_pl3_cb8_inp384_run0_Tumor_8_5.pt
Saving weights to TumorNormal_wide_resnet50_2_freia-cflow_pl3_cb8_inp384_run0_Tumor_8_5.pt
Epoch: 8.5 	 train loss: 0.0896, lr=0.000154
Epoch: 8 	 sub-epoch: 6.0000 
step  % :  0.0  i/I =  0 / 28
step  % :  71.42857142857143  i/I =  20 / 28
Path :  /gpfsscratch/rech/ohv/ueu39kt/CFLOW/weights/TumorNormalKi67_LCNECLike/Tumor/8/TumorNormal_wide_resnet50_2_freia-cflow_pl3_cb8_inp384_run0_Tumor_8_6.pt
Saving weights to TumorNormal_wide_resnet50_2_freia-cflow_pl3_cb8_inp384_run0_Tumor_8_6.pt
Epoch: 8.6 	 train loss: 0.0888, lr=0.000154
Epoch: 8 	 sub-epoch: 7.0000 
step  % :  0.0  i/I =  0 / 28
step  % :  71.42857142857143  i/I =  20 / 28
Path :  /gpfsscratch/rech/ohv/ueu39kt/CFLOW/weights/TumorNormalKi67_LCNECLike/Tumor/8/TumorNormal_wide_resnet50_2_freia-cflow_pl3_cb8_inp384_run0_Tumor_8_7.pt
Saving weights to TumorNormal_wide_resnet50_2_freia-cflow_pl3_cb8_inp384_run0_Tumor_8_7.pt
Epoch: 8.7 	 train loss: 0.0885, lr=0.000154

Compute loss and scores on test set:
step  % :  0.0  i/I =  0 / 37
Epoch: 8 	 step: 0.0000 
step  % :  27.027027027027028  i/I =  10 / 37
step  % :  54.054054054054056  i/I =  20 / 37
step  % :  81.08108108108108  i/I =  30 / 37
Epoch: 8 	 test_loss: 7566.8087 and 6.23 fps
Len train loader =  28
Epoch: 9 	 sub-epoch: 0.0000 
step  % :  0.0  i/I =  0 / 28
step  % :  71.42857142857143  i/I =  20 / 28
Path :  /gpfsscratch/rech/ohv/ueu39kt/CFLOW/weights/TumorNormalKi67_LCNECLike/Tumor/9/TumorNormal_wide_resnet50_2_freia-cflow_pl3_cb8_inp384_run0_Tumor_9_0.pt
Saving weights to TumorNormal_wide_resnet50_2_freia-cflow_pl3_cb8_inp384_run0_Tumor_9_0.pt
Epoch: 9.0 	 train loss: 0.0873, lr=0.000143
Epoch: 9 	 sub-epoch: 1.0000 
step  % :  0.0  i/I =  0 / 28
step  % :  71.42857142857143  i/I =  20 / 28
Path :  /gpfsscratch/rech/ohv/ueu39kt/CFLOW/weights/TumorNormalKi67_LCNECLike/Tumor/9/TumorNormal_wide_resnet50_2_freia-cflow_pl3_cb8_inp384_run0_Tumor_9_1.pt
Saving weights to TumorNormal_wide_resnet50_2_freia-cflow_pl3_cb8_inp384_run0_Tumor_9_1.pt
Epoch: 9.1 	 train loss: 0.0868, lr=0.000143
Epoch: 9 	 sub-epoch: 2.0000 
step  % :  0.0  i/I =  0 / 28
step  % :  71.42857142857143  i/I =  20 / 28
Path :  /gpfsscratch/rech/ohv/ueu39kt/CFLOW/weights/TumorNormalKi67_LCNECLike/Tumor/9/TumorNormal_wide_resnet50_2_freia-cflow_pl3_cb8_inp384_run0_Tumor_9_2.pt
Saving weights to TumorNormal_wide_resnet50_2_freia-cflow_pl3_cb8_inp384_run0_Tumor_9_2.pt
Epoch: 9.2 	 train loss: 0.0872, lr=0.000143
Epoch: 9 	 sub-epoch: 3.0000 
step  % :  0.0  i/I =  0 / 28
step  % :  71.42857142857143  i/I =  20 / 28
Path :  /gpfsscratch/rech/ohv/ueu39kt/CFLOW/weights/TumorNormalKi67_LCNECLike/Tumor/9/TumorNormal_wide_resnet50_2_freia-cflow_pl3_cb8_inp384_run0_Tumor_9_3.pt
Saving weights to TumorNormal_wide_resnet50_2_freia-cflow_pl3_cb8_inp384_run0_Tumor_9_3.pt
Epoch: 9.3 	 train loss: 0.0870, lr=0.000143
Epoch: 9 	 sub-epoch: 4.0000 
step  % :  0.0  i/I =  0 / 28
step  % :  71.42857142857143  i/I =  20 / 28
Path :  /gpfsscratch/rech/ohv/ueu39kt/CFLOW/weights/TumorNormalKi67_LCNECLike/Tumor/9/TumorNormal_wide_resnet50_2_freia-cflow_pl3_cb8_inp384_run0_Tumor_9_4.pt
Saving weights to TumorNormal_wide_resnet50_2_freia-cflow_pl3_cb8_inp384_run0_Tumor_9_4.pt
Epoch: 9.4 	 train loss: 0.0872, lr=0.000143
Epoch: 9 	 sub-epoch: 5.0000 
step  % :  0.0  i/I =  0 / 28
step  % :  71.42857142857143  i/I =  20 / 28
Path :  /gpfsscratch/rech/ohv/ueu39kt/CFLOW/weights/TumorNormalKi67_LCNECLike/Tumor/9/TumorNormal_wide_resnet50_2_freia-cflow_pl3_cb8_inp384_run0_Tumor_9_5.pt
Saving weights to TumorNormal_wide_resnet50_2_freia-cflow_pl3_cb8_inp384_run0_Tumor_9_5.pt
Epoch: 9.5 	 train loss: 0.0867, lr=0.000143
Epoch: 9 	 sub-epoch: 6.0000 
step  % :  0.0  i/I =  0 / 28
step  % :  71.42857142857143  i/I =  20 / 28
Path :  /gpfsscratch/rech/ohv/ueu39kt/CFLOW/weights/TumorNormalKi67_LCNECLike/Tumor/9/TumorNormal_wide_resnet50_2_freia-cflow_pl3_cb8_inp384_run0_Tumor_9_6.pt
Saving weights to TumorNormal_wide_resnet50_2_freia-cflow_pl3_cb8_inp384_run0_Tumor_9_6.pt
Epoch: 9.6 	 train loss: 0.0868, lr=0.000143
Epoch: 9 	 sub-epoch: 7.0000 
step  % :  0.0  i/I =  0 / 28
step  % :  71.42857142857143  i/I =  20 / 28
Path :  /gpfsscratch/rech/ohv/ueu39kt/CFLOW/weights/TumorNormalKi67_LCNECLike/Tumor/9/TumorNormal_wide_resnet50_2_freia-cflow_pl3_cb8_inp384_run0_Tumor_9_7.pt
Saving weights to TumorNormal_wide_resnet50_2_freia-cflow_pl3_cb8_inp384_run0_Tumor_9_7.pt
Epoch: 9.7 	 train loss: 0.0863, lr=0.000143

Compute loss and scores on test set:
step  % :  0.0  i/I =  0 / 37
Epoch: 9 	 step: 0.0000 
step  % :  27.027027027027028  i/I =  10 / 37
step  % :  54.054054054054056  i/I =  20 / 37
step  % :  81.08108108108108  i/I =  30 / 37
Epoch: 9 	 test_loss: 9192.5003 and 6.20 fps
Len train loader =  28
Epoch: 10 	 sub-epoch: 0.0000 
step  % :  0.0  i/I =  0 / 28
step  % :  71.42857142857143  i/I =  20 / 28
Path :  /gpfsscratch/rech/ohv/ueu39kt/CFLOW/weights/TumorNormalKi67_LCNECLike/Tumor/10/TumorNormal_wide_resnet50_2_freia-cflow_pl3_cb8_inp384_run0_Tumor_10_0.pt
Saving weights to TumorNormal_wide_resnet50_2_freia-cflow_pl3_cb8_inp384_run0_Tumor_10_0.pt
Epoch: 10.0 	 train loss: 0.0849, lr=0.000131
Epoch: 10 	 sub-epoch: 1.0000 
step  % :  0.0  i/I =  0 / 28
step  % :  71.42857142857143  i/I =  20 / 28
Path :  /gpfsscratch/rech/ohv/ueu39kt/CFLOW/weights/TumorNormalKi67_LCNECLike/Tumor/10/TumorNormal_wide_resnet50_2_freia-cflow_pl3_cb8_inp384_run0_Tumor_10_1.pt
Saving weights to TumorNormal_wide_resnet50_2_freia-cflow_pl3_cb8_inp384_run0_Tumor_10_1.pt
Epoch: 10.1 	 train loss: 0.0853, lr=0.000131
Epoch: 10 	 sub-epoch: 2.0000 
step  % :  0.0  i/I =  0 / 28
step  % :  71.42857142857143  i/I =  20 / 28
Path :  /gpfsscratch/rech/ohv/ueu39kt/CFLOW/weights/TumorNormalKi67_LCNECLike/Tumor/10/TumorNormal_wide_resnet50_2_freia-cflow_pl3_cb8_inp384_run0_Tumor_10_2.pt
Saving weights to TumorNormal_wide_resnet50_2_freia-cflow_pl3_cb8_inp384_run0_Tumor_10_2.pt
Epoch: 10.2 	 train loss: 0.0854, lr=0.000131
Epoch: 10 	 sub-epoch: 3.0000 
step  % :  0.0  i/I =  0 / 28
step  % :  71.42857142857143  i/I =  20 / 28
Path :  /gpfsscratch/rech/ohv/ueu39kt/CFLOW/weights/TumorNormalKi67_LCNECLike/Tumor/10/TumorNormal_wide_resnet50_2_freia-cflow_pl3_cb8_inp384_run0_Tumor_10_3.pt
Saving weights to TumorNormal_wide_resnet50_2_freia-cflow_pl3_cb8_inp384_run0_Tumor_10_3.pt
Epoch: 10.3 	 train loss: 89.3944, lr=0.000131
Epoch: 10 	 sub-epoch: 4.0000 
step  % :  0.0  i/I =  0 / 28
step  % :  71.42857142857143  i/I =  20 / 28
Path :  /gpfsscratch/rech/ohv/ueu39kt/CFLOW/weights/TumorNormalKi67_LCNECLike/Tumor/10/TumorNormal_wide_resnet50_2_freia-cflow_pl3_cb8_inp384_run0_Tumor_10_4.pt
Saving weights to TumorNormal_wide_resnet50_2_freia-cflow_pl3_cb8_inp384_run0_Tumor_10_4.pt
Epoch: 10.4 	 train loss: 692.4602, lr=0.000131
Epoch: 10 	 sub-epoch: 5.0000 
step  % :  0.0  i/I =  0 / 28
step  % :  71.42857142857143  i/I =  20 / 28
Path :  /gpfsscratch/rech/ohv/ueu39kt/CFLOW/weights/TumorNormalKi67_LCNECLike/Tumor/10/TumorNormal_wide_resnet50_2_freia-cflow_pl3_cb8_inp384_run0_Tumor_10_5.pt
Saving weights to TumorNormal_wide_resnet50_2_freia-cflow_pl3_cb8_inp384_run0_Tumor_10_5.pt
Epoch: 10.5 	 train loss: 0.0839, lr=0.000131
Epoch: 10 	 sub-epoch: 6.0000 
step  % :  0.0  i/I =  0 / 28
step  % :  71.42857142857143  i/I =  20 / 28
Path :  /gpfsscratch/rech/ohv/ueu39kt/CFLOW/weights/TumorNormalKi67_LCNECLike/Tumor/10/TumorNormal_wide_resnet50_2_freia-cflow_pl3_cb8_inp384_run0_Tumor_10_6.pt
Saving weights to TumorNormal_wide_resnet50_2_freia-cflow_pl3_cb8_inp384_run0_Tumor_10_6.pt
Epoch: 10.6 	 train loss: 0.0839, lr=0.000131
Epoch: 10 	 sub-epoch: 7.0000 
step  % :  0.0  i/I =  0 / 28
step  % :  71.42857142857143  i/I =  20 / 28
Path :  /gpfsscratch/rech/ohv/ueu39kt/CFLOW/weights/TumorNormalKi67_LCNECLike/Tumor/10/TumorNormal_wide_resnet50_2_freia-cflow_pl3_cb8_inp384_run0_Tumor_10_7.pt
Saving weights to TumorNormal_wide_resnet50_2_freia-cflow_pl3_cb8_inp384_run0_Tumor_10_7.pt
Epoch: 10.7 	 train loss: 0.0835, lr=0.000131

Compute loss and scores on test set:
step  % :  0.0  i/I =  0 / 37
Epoch: 10 	 step: 0.0000 
step  % :  27.027027027027028  i/I =  10 / 37
step  % :  54.054054054054056  i/I =  20 / 37
step  % :  81.08108108108108  i/I =  30 / 37
Epoch: 10 	 test_loss: 7269.8236 and 6.17 fps
Len train loader =  28
Epoch: 11 	 sub-epoch: 0.0000 
step  % :  0.0  i/I =  0 / 28
step  % :  71.42857142857143  i/I =  20 / 28
Path :  /gpfsscratch/rech/ohv/ueu39kt/CFLOW/weights/TumorNormalKi67_LCNECLike/Tumor/11/TumorNormal_wide_resnet50_2_freia-cflow_pl3_cb8_inp384_run0_Tumor_11_0.pt
Saving weights to TumorNormal_wide_resnet50_2_freia-cflow_pl3_cb8_inp384_run0_Tumor_11_0.pt
Epoch: 11.0 	 train loss: 0.0830, lr=0.000119
Epoch: 11 	 sub-epoch: 1.0000 
step  % :  0.0  i/I =  0 / 28
step  % :  71.42857142857143  i/I =  20 / 28
Path :  /gpfsscratch/rech/ohv/ueu39kt/CFLOW/weights/TumorNormalKi67_LCNECLike/Tumor/11/TumorNormal_wide_resnet50_2_freia-cflow_pl3_cb8_inp384_run0_Tumor_11_1.pt
Saving weights to TumorNormal_wide_resnet50_2_freia-cflow_pl3_cb8_inp384_run0_Tumor_11_1.pt
Epoch: 11.1 	 train loss: 0.0827, lr=0.000119
Epoch: 11 	 sub-epoch: 2.0000 
step  % :  0.0  i/I =  0 / 28
step  % :  71.42857142857143  i/I =  20 / 28
Path :  /gpfsscratch/rech/ohv/ueu39kt/CFLOW/weights/TumorNormalKi67_LCNECLike/Tumor/11/TumorNormal_wide_resnet50_2_freia-cflow_pl3_cb8_inp384_run0_Tumor_11_2.pt
Saving weights to TumorNormal_wide_resnet50_2_freia-cflow_pl3_cb8_inp384_run0_Tumor_11_2.pt
Epoch: 11.2 	 train loss: 0.0830, lr=0.000119
Epoch: 11 	 sub-epoch: 3.0000 
step  % :  0.0  i/I =  0 / 28
step  % :  71.42857142857143  i/I =  20 / 28
Path :  /gpfsscratch/rech/ohv/ueu39kt/CFLOW/weights/TumorNormalKi67_LCNECLike/Tumor/11/TumorNormal_wide_resnet50_2_freia-cflow_pl3_cb8_inp384_run0_Tumor_11_3.pt
Saving weights to TumorNormal_wide_resnet50_2_freia-cflow_pl3_cb8_inp384_run0_Tumor_11_3.pt
Epoch: 11.3 	 train loss: 0.0827, lr=0.000119
Epoch: 11 	 sub-epoch: 4.0000 
step  % :  0.0  i/I =  0 / 28
step  % :  71.42857142857143  i/I =  20 / 28
Path :  /gpfsscratch/rech/ohv/ueu39kt/CFLOW/weights/TumorNormalKi67_LCNECLike/Tumor/11/TumorNormal_wide_resnet50_2_freia-cflow_pl3_cb8_inp384_run0_Tumor_11_4.pt
Saving weights to TumorNormal_wide_resnet50_2_freia-cflow_pl3_cb8_inp384_run0_Tumor_11_4.pt
Epoch: 11.4 	 train loss: 0.0824, lr=0.000119
Epoch: 11 	 sub-epoch: 5.0000 
step  % :  0.0  i/I =  0 / 28
step  % :  71.42857142857143  i/I =  20 / 28
Path :  /gpfsscratch/rech/ohv/ueu39kt/CFLOW/weights/TumorNormalKi67_LCNECLike/Tumor/11/TumorNormal_wide_resnet50_2_freia-cflow_pl3_cb8_inp384_run0_Tumor_11_5.pt
Saving weights to TumorNormal_wide_resnet50_2_freia-cflow_pl3_cb8_inp384_run0_Tumor_11_5.pt
Epoch: 11.5 	 train loss: 0.0822, lr=0.000119
Epoch: 11 	 sub-epoch: 6.0000 
step  % :  0.0  i/I =  0 / 28
step  % :  71.42857142857143  i/I =  20 / 28
Path :  /gpfsscratch/rech/ohv/ueu39kt/CFLOW/weights/TumorNormalKi67_LCNECLike/Tumor/11/TumorNormal_wide_resnet50_2_freia-cflow_pl3_cb8_inp384_run0_Tumor_11_6.pt
Saving weights to TumorNormal_wide_resnet50_2_freia-cflow_pl3_cb8_inp384_run0_Tumor_11_6.pt
Epoch: 11.6 	 train loss: 0.0821, lr=0.000119
Epoch: 11 	 sub-epoch: 7.0000 
step  % :  0.0  i/I =  0 / 28
step  % :  71.42857142857143  i/I =  20 / 28
Path :  /gpfsscratch/rech/ohv/ueu39kt/CFLOW/weights/TumorNormalKi67_LCNECLike/Tumor/11/TumorNormal_wide_resnet50_2_freia-cflow_pl3_cb8_inp384_run0_Tumor_11_7.pt
Saving weights to TumorNormal_wide_resnet50_2_freia-cflow_pl3_cb8_inp384_run0_Tumor_11_7.pt
Epoch: 11.7 	 train loss: 105.8796, lr=0.000119

Compute loss and scores on test set:
step  % :  0.0  i/I =  0 / 37
Epoch: 11 	 step: 0.0000 
step  % :  27.027027027027028  i/I =  10 / 37
step  % :  54.054054054054056  i/I =  20 / 37
step  % :  81.08108108108108  i/I =  30 / 37
Epoch: 11 	 test_loss: 1715.6043 and 6.19 fps
Len train loader =  28
Epoch: 12 	 sub-epoch: 0.0000 
step  % :  0.0  i/I =  0 / 28
step  % :  71.42857142857143  i/I =  20 / 28
Path :  /gpfsscratch/rech/ohv/ueu39kt/CFLOW/weights/TumorNormalKi67_LCNECLike/Tumor/12/TumorNormal_wide_resnet50_2_freia-cflow_pl3_cb8_inp384_run0_Tumor_12_0.pt
Saving weights to TumorNormal_wide_resnet50_2_freia-cflow_pl3_cb8_inp384_run0_Tumor_12_0.pt
Epoch: 12.0 	 train loss: 0.0805, lr=0.000106
Epoch: 12 	 sub-epoch: 1.0000 
step  % :  0.0  i/I =  0 / 28
step  % :  71.42857142857143  i/I =  20 / 28
Path :  /gpfsscratch/rech/ohv/ueu39kt/CFLOW/weights/TumorNormalKi67_LCNECLike/Tumor/12/TumorNormal_wide_resnet50_2_freia-cflow_pl3_cb8_inp384_run0_Tumor_12_1.pt
Saving weights to TumorNormal_wide_resnet50_2_freia-cflow_pl3_cb8_inp384_run0_Tumor_12_1.pt
Epoch: 12.1 	 train loss: 0.0806, lr=0.000106
Epoch: 12 	 sub-epoch: 2.0000 
step  % :  0.0  i/I =  0 / 28
step  % :  71.42857142857143  i/I =  20 / 28
Path :  /gpfsscratch/rech/ohv/ueu39kt/CFLOW/weights/TumorNormalKi67_LCNECLike/Tumor/12/TumorNormal_wide_resnet50_2_freia-cflow_pl3_cb8_inp384_run0_Tumor_12_2.pt
Saving weights to TumorNormal_wide_resnet50_2_freia-cflow_pl3_cb8_inp384_run0_Tumor_12_2.pt
Epoch: 12.2 	 train loss: 0.0807, lr=0.000106
Epoch: 12 	 sub-epoch: 3.0000 
step  % :  0.0  i/I =  0 / 28
step  % :  71.42857142857143  i/I =  20 / 28
Path :  /gpfsscratch/rech/ohv/ueu39kt/CFLOW/weights/TumorNormalKi67_LCNECLike/Tumor/12/TumorNormal_wide_resnet50_2_freia-cflow_pl3_cb8_inp384_run0_Tumor_12_3.pt
Saving weights to TumorNormal_wide_resnet50_2_freia-cflow_pl3_cb8_inp384_run0_Tumor_12_3.pt
Epoch: 12.3 	 train loss: 0.1127, lr=0.000106
Epoch: 12 	 sub-epoch: 4.0000 
step  % :  0.0  i/I =  0 / 28
step  % :  71.42857142857143  i/I =  20 / 28
Path :  /gpfsscratch/rech/ohv/ueu39kt/CFLOW/weights/TumorNormalKi67_LCNECLike/Tumor/12/TumorNormal_wide_resnet50_2_freia-cflow_pl3_cb8_inp384_run0_Tumor_12_4.pt
Saving weights to TumorNormal_wide_resnet50_2_freia-cflow_pl3_cb8_inp384_run0_Tumor_12_4.pt
Epoch: 12.4 	 train loss: 0.0801, lr=0.000106
Epoch: 12 	 sub-epoch: 5.0000 
step  % :  0.0  i/I =  0 / 28
step  % :  71.42857142857143  i/I =  20 / 28
Path :  /gpfsscratch/rech/ohv/ueu39kt/CFLOW/weights/TumorNormalKi67_LCNECLike/Tumor/12/TumorNormal_wide_resnet50_2_freia-cflow_pl3_cb8_inp384_run0_Tumor_12_5.pt
Saving weights to TumorNormal_wide_resnet50_2_freia-cflow_pl3_cb8_inp384_run0_Tumor_12_5.pt
Epoch: 12.5 	 train loss: 0.0805, lr=0.000106
Epoch: 12 	 sub-epoch: 6.0000 
step  % :  0.0  i/I =  0 / 28
step  % :  71.42857142857143  i/I =  20 / 28
Path :  /gpfsscratch/rech/ohv/ueu39kt/CFLOW/weights/TumorNormalKi67_LCNECLike/Tumor/12/TumorNormal_wide_resnet50_2_freia-cflow_pl3_cb8_inp384_run0_Tumor_12_6.pt
Saving weights to TumorNormal_wide_resnet50_2_freia-cflow_pl3_cb8_inp384_run0_Tumor_12_6.pt
Epoch: 12.6 	 train loss: 4.1020, lr=0.000106
Epoch: 12 	 sub-epoch: 7.0000 
step  % :  0.0  i/I =  0 / 28
step  % :  71.42857142857143  i/I =  20 / 28
Path :  /gpfsscratch/rech/ohv/ueu39kt/CFLOW/weights/TumorNormalKi67_LCNECLike/Tumor/12/TumorNormal_wide_resnet50_2_freia-cflow_pl3_cb8_inp384_run0_Tumor_12_7.pt
Saving weights to TumorNormal_wide_resnet50_2_freia-cflow_pl3_cb8_inp384_run0_Tumor_12_7.pt
Epoch: 12.7 	 train loss: 457.9269, lr=0.000106

Compute loss and scores on test set:
step  % :  0.0  i/I =  0 / 37
Epoch: 12 	 step: 0.0000 
step  % :  27.027027027027028  i/I =  10 / 37
step  % :  54.054054054054056  i/I =  20 / 37
step  % :  81.08108108108108  i/I =  30 / 37
Epoch: 12 	 test_loss: 8919.9989 and 6.17 fps
Len train loader =  28
Epoch: 13 	 sub-epoch: 0.0000 
step  % :  0.0  i/I =  0 / 28
step  % :  71.42857142857143  i/I =  20 / 28
Path :  /gpfsscratch/rech/ohv/ueu39kt/CFLOW/weights/TumorNormalKi67_LCNECLike/Tumor/13/TumorNormal_wide_resnet50_2_freia-cflow_pl3_cb8_inp384_run0_Tumor_13_0.pt
Saving weights to TumorNormal_wide_resnet50_2_freia-cflow_pl3_cb8_inp384_run0_Tumor_13_0.pt
Epoch: 13.0 	 train loss: 0.0786, lr=0.000094
Epoch: 13 	 sub-epoch: 1.0000 
step  % :  0.0  i/I =  0 / 28
step  % :  71.42857142857143  i/I =  20 / 28
Path :  /gpfsscratch/rech/ohv/ueu39kt/CFLOW/weights/TumorNormalKi67_LCNECLike/Tumor/13/TumorNormal_wide_resnet50_2_freia-cflow_pl3_cb8_inp384_run0_Tumor_13_1.pt
Saving weights to TumorNormal_wide_resnet50_2_freia-cflow_pl3_cb8_inp384_run0_Tumor_13_1.pt
Epoch: 13.1 	 train loss: 0.0786, lr=0.000094
Epoch: 13 	 sub-epoch: 2.0000 
step  % :  0.0  i/I =  0 / 28
step  % :  71.42857142857143  i/I =  20 / 28
Path :  /gpfsscratch/rech/ohv/ueu39kt/CFLOW/weights/TumorNormalKi67_LCNECLike/Tumor/13/TumorNormal_wide_resnet50_2_freia-cflow_pl3_cb8_inp384_run0_Tumor_13_2.pt
Saving weights to TumorNormal_wide_resnet50_2_freia-cflow_pl3_cb8_inp384_run0_Tumor_13_2.pt
Epoch: 13.2 	 train loss: 34.8250, lr=0.000094
Epoch: 13 	 sub-epoch: 3.0000 
step  % :  0.0  i/I =  0 / 28
step  % :  71.42857142857143  i/I =  20 / 28
Path :  /gpfsscratch/rech/ohv/ueu39kt/CFLOW/weights/TumorNormalKi67_LCNECLike/Tumor/13/TumorNormal_wide_resnet50_2_freia-cflow_pl3_cb8_inp384_run0_Tumor_13_3.pt
Saving weights to TumorNormal_wide_resnet50_2_freia-cflow_pl3_cb8_inp384_run0_Tumor_13_3.pt
Epoch: 13.3 	 train loss: 0.0785, lr=0.000094
Epoch: 13 	 sub-epoch: 4.0000 
step  % :  0.0  i/I =  0 / 28
step  % :  71.42857142857143  i/I =  20 / 28
Path :  /gpfsscratch/rech/ohv/ueu39kt/CFLOW/weights/TumorNormalKi67_LCNECLike/Tumor/13/TumorNormal_wide_resnet50_2_freia-cflow_pl3_cb8_inp384_run0_Tumor_13_4.pt
Saving weights to TumorNormal_wide_resnet50_2_freia-cflow_pl3_cb8_inp384_run0_Tumor_13_4.pt
Epoch: 13.4 	 train loss: 62.0410, lr=0.000094
Epoch: 13 	 sub-epoch: 5.0000 
step  % :  0.0  i/I =  0 / 28
step  % :  71.42857142857143  i/I =  20 / 28
Path :  /gpfsscratch/rech/ohv/ueu39kt/CFLOW/weights/TumorNormalKi67_LCNECLike/Tumor/13/TumorNormal_wide_resnet50_2_freia-cflow_pl3_cb8_inp384_run0_Tumor_13_5.pt
Saving weights to TumorNormal_wide_resnet50_2_freia-cflow_pl3_cb8_inp384_run0_Tumor_13_5.pt
Epoch: 13.5 	 train loss: 0.0784, lr=0.000094
Epoch: 13 	 sub-epoch: 6.0000 
step  % :  0.0  i/I =  0 / 28
step  % :  71.42857142857143  i/I =  20 / 28
Path :  /gpfsscratch/rech/ohv/ueu39kt/CFLOW/weights/TumorNormalKi67_LCNECLike/Tumor/13/TumorNormal_wide_resnet50_2_freia-cflow_pl3_cb8_inp384_run0_Tumor_13_6.pt
Saving weights to TumorNormal_wide_resnet50_2_freia-cflow_pl3_cb8_inp384_run0_Tumor_13_6.pt
Epoch: 13.6 	 train loss: 0.0780, lr=0.000094
Epoch: 13 	 sub-epoch: 7.0000 
step  % :  0.0  i/I =  0 / 28
step  % :  71.42857142857143  i/I =  20 / 28
Path :  /gpfsscratch/rech/ohv/ueu39kt/CFLOW/weights/TumorNormalKi67_LCNECLike/Tumor/13/TumorNormal_wide_resnet50_2_freia-cflow_pl3_cb8_inp384_run0_Tumor_13_7.pt
Saving weights to TumorNormal_wide_resnet50_2_freia-cflow_pl3_cb8_inp384_run0_Tumor_13_7.pt
Epoch: 13.7 	 train loss: 0.0783, lr=0.000094

Compute loss and scores on test set:
step  % :  0.0  i/I =  0 / 37
Epoch: 13 	 step: 0.0000 
step  % :  27.027027027027028  i/I =  10 / 37
step  % :  54.054054054054056  i/I =  20 / 37
step  % :  81.08108108108108  i/I =  30 / 37
Epoch: 13 	 test_loss: 8000.7843 and 6.17 fps
Len train loader =  28
Epoch: 14 	 sub-epoch: 0.0000 
step  % :  0.0  i/I =  0 / 28
step  % :  71.42857142857143  i/I =  20 / 28
Path :  /gpfsscratch/rech/ohv/ueu39kt/CFLOW/weights/TumorNormalKi67_LCNECLike/Tumor/14/TumorNormal_wide_resnet50_2_freia-cflow_pl3_cb8_inp384_run0_Tumor_14_0.pt
Saving weights to TumorNormal_wide_resnet50_2_freia-cflow_pl3_cb8_inp384_run0_Tumor_14_0.pt
Epoch: 14.0 	 train loss: 1.7723, lr=0.000081
Epoch: 14 	 sub-epoch: 1.0000 
step  % :  0.0  i/I =  0 / 28
step  % :  71.42857142857143  i/I =  20 / 28
Path :  /gpfsscratch/rech/ohv/ueu39kt/CFLOW/weights/TumorNormalKi67_LCNECLike/Tumor/14/TumorNormal_wide_resnet50_2_freia-cflow_pl3_cb8_inp384_run0_Tumor_14_1.pt
Saving weights to TumorNormal_wide_resnet50_2_freia-cflow_pl3_cb8_inp384_run0_Tumor_14_1.pt
Epoch: 14.1 	 train loss: 3011.9564, lr=0.000081
Epoch: 14 	 sub-epoch: 2.0000 
step  % :  0.0  i/I =  0 / 28
step  % :  71.42857142857143  i/I =  20 / 28
Path :  /gpfsscratch/rech/ohv/ueu39kt/CFLOW/weights/TumorNormalKi67_LCNECLike/Tumor/14/TumorNormal_wide_resnet50_2_freia-cflow_pl3_cb8_inp384_run0_Tumor_14_2.pt
Saving weights to TumorNormal_wide_resnet50_2_freia-cflow_pl3_cb8_inp384_run0_Tumor_14_2.pt
Epoch: 14.2 	 train loss: 0.0765, lr=0.000081
Epoch: 14 	 sub-epoch: 3.0000 
step  % :  0.0  i/I =  0 / 28
step  % :  71.42857142857143  i/I =  20 / 28
Path :  /gpfsscratch/rech/ohv/ueu39kt/CFLOW/weights/TumorNormalKi67_LCNECLike/Tumor/14/TumorNormal_wide_resnet50_2_freia-cflow_pl3_cb8_inp384_run0_Tumor_14_3.pt
Saving weights to TumorNormal_wide_resnet50_2_freia-cflow_pl3_cb8_inp384_run0_Tumor_14_3.pt
Epoch: 14.3 	 train loss: 0.0766, lr=0.000081
Epoch: 14 	 sub-epoch: 4.0000 
step  % :  0.0  i/I =  0 / 28
step  % :  71.42857142857143  i/I =  20 / 28
Path :  /gpfsscratch/rech/ohv/ueu39kt/CFLOW/weights/TumorNormalKi67_LCNECLike/Tumor/14/TumorNormal_wide_resnet50_2_freia-cflow_pl3_cb8_inp384_run0_Tumor_14_4.pt
Saving weights to TumorNormal_wide_resnet50_2_freia-cflow_pl3_cb8_inp384_run0_Tumor_14_4.pt
Epoch: 14.4 	 train loss: 2.0880, lr=0.000081
Epoch: 14 	 sub-epoch: 5.0000 
step  % :  0.0  i/I =  0 / 28
step  % :  71.42857142857143  i/I =  20 / 28
Path :  /gpfsscratch/rech/ohv/ueu39kt/CFLOW/weights/TumorNormalKi67_LCNECLike/Tumor/14/TumorNormal_wide_resnet50_2_freia-cflow_pl3_cb8_inp384_run0_Tumor_14_5.pt
Saving weights to TumorNormal_wide_resnet50_2_freia-cflow_pl3_cb8_inp384_run0_Tumor_14_5.pt
Epoch: 14.5 	 train loss: 564.5873, lr=0.000081
Epoch: 14 	 sub-epoch: 6.0000 
step  % :  0.0  i/I =  0 / 28
step  % :  71.42857142857143  i/I =  20 / 28
Path :  /gpfsscratch/rech/ohv/ueu39kt/CFLOW/weights/TumorNormalKi67_LCNECLike/Tumor/14/TumorNormal_wide_resnet50_2_freia-cflow_pl3_cb8_inp384_run0_Tumor_14_6.pt
Saving weights to TumorNormal_wide_resnet50_2_freia-cflow_pl3_cb8_inp384_run0_Tumor_14_6.pt
Epoch: 14.6 	 train loss: 0.0767, lr=0.000081
Epoch: 14 	 sub-epoch: 7.0000 
step  % :  0.0  i/I =  0 / 28
step  % :  71.42857142857143  i/I =  20 / 28
Path :  /gpfsscratch/rech/ohv/ueu39kt/CFLOW/weights/TumorNormalKi67_LCNECLike/Tumor/14/TumorNormal_wide_resnet50_2_freia-cflow_pl3_cb8_inp384_run0_Tumor_14_7.pt
Saving weights to TumorNormal_wide_resnet50_2_freia-cflow_pl3_cb8_inp384_run0_Tumor_14_7.pt
Epoch: 14.7 	 train loss: 62.9489, lr=0.000081

Compute loss and scores on test set:
step  % :  0.0  i/I =  0 / 37
Epoch: 14 	 step: 0.0000 
step  % :  27.027027027027028  i/I =  10 / 37
step  % :  54.054054054054056  i/I =  20 / 37
step  % :  81.08108108108108  i/I =  30 / 37
Epoch: 14 	 test_loss: 15154.2254 and 6.18 fps
Len train loader =  28
Epoch: 15 	 sub-epoch: 0.0000 
step  % :  0.0  i/I =  0 / 28
step  % :  71.42857142857143  i/I =  20 / 28
Path :  /gpfsscratch/rech/ohv/ueu39kt/CFLOW/weights/TumorNormalKi67_LCNECLike/Tumor/15/TumorNormal_wide_resnet50_2_freia-cflow_pl3_cb8_inp384_run0_Tumor_15_0.pt
Saving weights to TumorNormal_wide_resnet50_2_freia-cflow_pl3_cb8_inp384_run0_Tumor_15_0.pt
Epoch: 15.0 	 train loss: 623.6655, lr=0.000069
Epoch: 15 	 sub-epoch: 1.0000 
step  % :  0.0  i/I =  0 / 28
step  % :  71.42857142857143  i/I =  20 / 28
Path :  /gpfsscratch/rech/ohv/ueu39kt/CFLOW/weights/TumorNormalKi67_LCNECLike/Tumor/15/TumorNormal_wide_resnet50_2_freia-cflow_pl3_cb8_inp384_run0_Tumor_15_1.pt
Saving weights to TumorNormal_wide_resnet50_2_freia-cflow_pl3_cb8_inp384_run0_Tumor_15_1.pt
Epoch: 15.1 	 train loss: 0.2455, lr=0.000069
Epoch: 15 	 sub-epoch: 2.0000 
step  % :  0.0  i/I =  0 / 28
step  % :  71.42857142857143  i/I =  20 / 28
Path :  /gpfsscratch/rech/ohv/ueu39kt/CFLOW/weights/TumorNormalKi67_LCNECLike/Tumor/15/TumorNormal_wide_resnet50_2_freia-cflow_pl3_cb8_inp384_run0_Tumor_15_2.pt
Saving weights to TumorNormal_wide_resnet50_2_freia-cflow_pl3_cb8_inp384_run0_Tumor_15_2.pt
Epoch: 15.2 	 train loss: 0.1119, lr=0.000069
Epoch: 15 	 sub-epoch: 3.0000 
step  % :  0.0  i/I =  0 / 28
step  % :  71.42857142857143  i/I =  20 / 28
Path :  /gpfsscratch/rech/ohv/ueu39kt/CFLOW/weights/TumorNormalKi67_LCNECLike/Tumor/15/TumorNormal_wide_resnet50_2_freia-cflow_pl3_cb8_inp384_run0_Tumor_15_3.pt
Saving weights to TumorNormal_wide_resnet50_2_freia-cflow_pl3_cb8_inp384_run0_Tumor_15_3.pt
Epoch: 15.3 	 train loss: 51.7113, lr=0.000069
Epoch: 15 	 sub-epoch: 4.0000 
step  % :  0.0  i/I =  0 / 28
step  % :  71.42857142857143  i/I =  20 / 28
Path :  /gpfsscratch/rech/ohv/ueu39kt/CFLOW/weights/TumorNormalKi67_LCNECLike/Tumor/15/TumorNormal_wide_resnet50_2_freia-cflow_pl3_cb8_inp384_run0_Tumor_15_4.pt
Saving weights to TumorNormal_wide_resnet50_2_freia-cflow_pl3_cb8_inp384_run0_Tumor_15_4.pt
Epoch: 15.4 	 train loss: 75.1060, lr=0.000069
Epoch: 15 	 sub-epoch: 5.0000 
step  % :  0.0  i/I =  0 / 28
step  % :  71.42857142857143  i/I =  20 / 28
Path :  /gpfsscratch/rech/ohv/ueu39kt/CFLOW/weights/TumorNormalKi67_LCNECLike/Tumor/15/TumorNormal_wide_resnet50_2_freia-cflow_pl3_cb8_inp384_run0_Tumor_15_5.pt
Saving weights to TumorNormal_wide_resnet50_2_freia-cflow_pl3_cb8_inp384_run0_Tumor_15_5.pt
Epoch: 15.5 	 train loss: 196.0036, lr=0.000069
Epoch: 15 	 sub-epoch: 6.0000 
step  % :  0.0  i/I =  0 / 28
step  % :  71.42857142857143  i/I =  20 / 28
Path :  /gpfsscratch/rech/ohv/ueu39kt/CFLOW/weights/TumorNormalKi67_LCNECLike/Tumor/15/TumorNormal_wide_resnet50_2_freia-cflow_pl3_cb8_inp384_run0_Tumor_15_6.pt
Saving weights to TumorNormal_wide_resnet50_2_freia-cflow_pl3_cb8_inp384_run0_Tumor_15_6.pt
Epoch: 15.6 	 train loss: 39.1553, lr=0.000069
Epoch: 15 	 sub-epoch: 7.0000 
step  % :  0.0  i/I =  0 / 28
step  % :  71.42857142857143  i/I =  20 / 28
Path :  /gpfsscratch/rech/ohv/ueu39kt/CFLOW/weights/TumorNormalKi67_LCNECLike/Tumor/15/TumorNormal_wide_resnet50_2_freia-cflow_pl3_cb8_inp384_run0_Tumor_15_7.pt
Saving weights to TumorNormal_wide_resnet50_2_freia-cflow_pl3_cb8_inp384_run0_Tumor_15_7.pt
Epoch: 15.7 	 train loss: 90.1748, lr=0.000069

Compute loss and scores on test set:
step  % :  0.0  i/I =  0 / 37
Epoch: 15 	 step: 0.0000 
step  % :  27.027027027027028  i/I =  10 / 37
step  % :  54.054054054054056  i/I =  20 / 37
step  % :  81.08108108108108  i/I =  30 / 37
Epoch: 15 	 test_loss: 257.5274 and 6.16 fps
Len train loader =  28
Epoch: 16 	 sub-epoch: 0.0000 
step  % :  0.0  i/I =  0 / 28
step  % :  71.42857142857143  i/I =  20 / 28
Path :  /gpfsscratch/rech/ohv/ueu39kt/CFLOW/weights/TumorNormalKi67_LCNECLike/Tumor/16/TumorNormal_wide_resnet50_2_freia-cflow_pl3_cb8_inp384_run0_Tumor_16_0.pt
Saving weights to TumorNormal_wide_resnet50_2_freia-cflow_pl3_cb8_inp384_run0_Tumor_16_0.pt
Epoch: 16.0 	 train loss: 0.2736, lr=0.000058
Epoch: 16 	 sub-epoch: 1.0000 
step  % :  0.0  i/I =  0 / 28
step  % :  71.42857142857143  i/I =  20 / 28
Path :  /gpfsscratch/rech/ohv/ueu39kt/CFLOW/weights/TumorNormalKi67_LCNECLike/Tumor/16/TumorNormal_wide_resnet50_2_freia-cflow_pl3_cb8_inp384_run0_Tumor_16_1.pt
Saving weights to TumorNormal_wide_resnet50_2_freia-cflow_pl3_cb8_inp384_run0_Tumor_16_1.pt
Epoch: 16.1 	 train loss: 0.0791, lr=0.000058
Epoch: 16 	 sub-epoch: 2.0000 
step  % :  0.0  i/I =  0 / 28
step  % :  71.42857142857143  i/I =  20 / 28
Path :  /gpfsscratch/rech/ohv/ueu39kt/CFLOW/weights/TumorNormalKi67_LCNECLike/Tumor/16/TumorNormal_wide_resnet50_2_freia-cflow_pl3_cb8_inp384_run0_Tumor_16_2.pt
Saving weights to TumorNormal_wide_resnet50_2_freia-cflow_pl3_cb8_inp384_run0_Tumor_16_2.pt
Epoch: 16.2 	 train loss: 0.1327, lr=0.000058
Epoch: 16 	 sub-epoch: 3.0000 
step  % :  0.0  i/I =  0 / 28
step  % :  71.42857142857143  i/I =  20 / 28
Path :  /gpfsscratch/rech/ohv/ueu39kt/CFLOW/weights/TumorNormalKi67_LCNECLike/Tumor/16/TumorNormal_wide_resnet50_2_freia-cflow_pl3_cb8_inp384_run0_Tumor_16_3.pt
Saving weights to TumorNormal_wide_resnet50_2_freia-cflow_pl3_cb8_inp384_run0_Tumor_16_3.pt
Epoch: 16.3 	 train loss: 195.8258, lr=0.000058
Epoch: 16 	 sub-epoch: 4.0000 
step  % :  0.0  i/I =  0 / 28
step  % :  71.42857142857143  i/I =  20 / 28
Path :  /gpfsscratch/rech/ohv/ueu39kt/CFLOW/weights/TumorNormalKi67_LCNECLike/Tumor/16/TumorNormal_wide_resnet50_2_freia-cflow_pl3_cb8_inp384_run0_Tumor_16_4.pt
Saving weights to TumorNormal_wide_resnet50_2_freia-cflow_pl3_cb8_inp384_run0_Tumor_16_4.pt
Epoch: 16.4 	 train loss: 0.0767, lr=0.000058
Epoch: 16 	 sub-epoch: 5.0000 
step  % :  0.0  i/I =  0 / 28
step  % :  71.42857142857143  i/I =  20 / 28
Path :  /gpfsscratch/rech/ohv/ueu39kt/CFLOW/weights/TumorNormalKi67_LCNECLike/Tumor/16/TumorNormal_wide_resnet50_2_freia-cflow_pl3_cb8_inp384_run0_Tumor_16_5.pt
Saving weights to TumorNormal_wide_resnet50_2_freia-cflow_pl3_cb8_inp384_run0_Tumor_16_5.pt
Epoch: 16.5 	 train loss: 25.2701, lr=0.000058
Epoch: 16 	 sub-epoch: 6.0000 
step  % :  0.0  i/I =  0 / 28
step  % :  71.42857142857143  i/I =  20 / 28
Path :  /gpfsscratch/rech/ohv/ueu39kt/CFLOW/weights/TumorNormalKi67_LCNECLike/Tumor/16/TumorNormal_wide_resnet50_2_freia-cflow_pl3_cb8_inp384_run0_Tumor_16_6.pt
Saving weights to TumorNormal_wide_resnet50_2_freia-cflow_pl3_cb8_inp384_run0_Tumor_16_6.pt
Epoch: 16.6 	 train loss: 0.0745, lr=0.000058
Epoch: 16 	 sub-epoch: 7.0000 
step  % :  0.0  i/I =  0 / 28
step  % :  71.42857142857143  i/I =  20 / 28
Path :  /gpfsscratch/rech/ohv/ueu39kt/CFLOW/weights/TumorNormalKi67_LCNECLike/Tumor/16/TumorNormal_wide_resnet50_2_freia-cflow_pl3_cb8_inp384_run0_Tumor_16_7.pt
Saving weights to TumorNormal_wide_resnet50_2_freia-cflow_pl3_cb8_inp384_run0_Tumor_16_7.pt
Epoch: 16.7 	 train loss: 172.0470, lr=0.000058

Compute loss and scores on test set:
step  % :  0.0  i/I =  0 / 37
Epoch: 16 	 step: 0.0000 
step  % :  27.027027027027028  i/I =  10 / 37
step  % :  54.054054054054056  i/I =  20 / 37
step  % :  81.08108108108108  i/I =  30 / 37
Epoch: 16 	 test_loss: 711.6791 and 6.35 fps
Len train loader =  28
Epoch: 17 	 sub-epoch: 0.0000 
step  % :  0.0  i/I =  0 / 28
step  % :  71.42857142857143  i/I =  20 / 28
Path :  /gpfsscratch/rech/ohv/ueu39kt/CFLOW/weights/TumorNormalKi67_LCNECLike/Tumor/17/TumorNormal_wide_resnet50_2_freia-cflow_pl3_cb8_inp384_run0_Tumor_17_0.pt
Saving weights to TumorNormal_wide_resnet50_2_freia-cflow_pl3_cb8_inp384_run0_Tumor_17_0.pt
Epoch: 17.0 	 train loss: 17.0787, lr=0.000047
Epoch: 17 	 sub-epoch: 1.0000 
step  % :  0.0  i/I =  0 / 28
step  % :  71.42857142857143  i/I =  20 / 28
Path :  /gpfsscratch/rech/ohv/ueu39kt/CFLOW/weights/TumorNormalKi67_LCNECLike/Tumor/17/TumorNormal_wide_resnet50_2_freia-cflow_pl3_cb8_inp384_run0_Tumor_17_1.pt
Saving weights to TumorNormal_wide_resnet50_2_freia-cflow_pl3_cb8_inp384_run0_Tumor_17_1.pt
Epoch: 17.1 	 train loss: 11.9455, lr=0.000047
Epoch: 17 	 sub-epoch: 2.0000 
step  % :  0.0  i/I =  0 / 28
step  % :  71.42857142857143  i/I =  20 / 28
Path :  /gpfsscratch/rech/ohv/ueu39kt/CFLOW/weights/TumorNormalKi67_LCNECLike/Tumor/17/TumorNormal_wide_resnet50_2_freia-cflow_pl3_cb8_inp384_run0_Tumor_17_2.pt
Saving weights to TumorNormal_wide_resnet50_2_freia-cflow_pl3_cb8_inp384_run0_Tumor_17_2.pt
Epoch: 17.2 	 train loss: 0.0733, lr=0.000047
Epoch: 17 	 sub-epoch: 3.0000 
step  % :  0.0  i/I =  0 / 28
step  % :  71.42857142857143  i/I =  20 / 28
Path :  /gpfsscratch/rech/ohv/ueu39kt/CFLOW/weights/TumorNormalKi67_LCNECLike/Tumor/17/TumorNormal_wide_resnet50_2_freia-cflow_pl3_cb8_inp384_run0_Tumor_17_3.pt
Saving weights to TumorNormal_wide_resnet50_2_freia-cflow_pl3_cb8_inp384_run0_Tumor_17_3.pt
Epoch: 17.3 	 train loss: 8.4884, lr=0.000047
Epoch: 17 	 sub-epoch: 4.0000 
step  % :  0.0  i/I =  0 / 28
step  % :  71.42857142857143  i/I =  20 / 28
Path :  /gpfsscratch/rech/ohv/ueu39kt/CFLOW/weights/TumorNormalKi67_LCNECLike/Tumor/17/TumorNormal_wide_resnet50_2_freia-cflow_pl3_cb8_inp384_run0_Tumor_17_4.pt
Saving weights to TumorNormal_wide_resnet50_2_freia-cflow_pl3_cb8_inp384_run0_Tumor_17_4.pt
Epoch: 17.4 	 train loss: 5.2018, lr=0.000047
Epoch: 17 	 sub-epoch: 5.0000 
step  % :  0.0  i/I =  0 / 28
step  % :  71.42857142857143  i/I =  20 / 28
Path :  /gpfsscratch/rech/ohv/ueu39kt/CFLOW/weights/TumorNormalKi67_LCNECLike/Tumor/17/TumorNormal_wide_resnet50_2_freia-cflow_pl3_cb8_inp384_run0_Tumor_17_5.pt
Saving weights to TumorNormal_wide_resnet50_2_freia-cflow_pl3_cb8_inp384_run0_Tumor_17_5.pt
Epoch: 17.5 	 train loss: 3.7636, lr=0.000047
Epoch: 17 	 sub-epoch: 6.0000 
step  % :  0.0  i/I =  0 / 28
step  % :  71.42857142857143  i/I =  20 / 28
Path :  /gpfsscratch/rech/ohv/ueu39kt/CFLOW/weights/TumorNormalKi67_LCNECLike/Tumor/17/TumorNormal_wide_resnet50_2_freia-cflow_pl3_cb8_inp384_run0_Tumor_17_6.pt
Saving weights to TumorNormal_wide_resnet50_2_freia-cflow_pl3_cb8_inp384_run0_Tumor_17_6.pt
Epoch: 17.6 	 train loss: 0.0732, lr=0.000047
Epoch: 17 	 sub-epoch: 7.0000 
step  % :  0.0  i/I =  0 / 28
step  % :  71.42857142857143  i/I =  20 / 28
Path :  /gpfsscratch/rech/ohv/ueu39kt/CFLOW/weights/TumorNormalKi67_LCNECLike/Tumor/17/TumorNormal_wide_resnet50_2_freia-cflow_pl3_cb8_inp384_run0_Tumor_17_7.pt
Saving weights to TumorNormal_wide_resnet50_2_freia-cflow_pl3_cb8_inp384_run0_Tumor_17_7.pt
Epoch: 17.7 	 train loss: 9.2706, lr=0.000047

Compute loss and scores on test set:
step  % :  0.0  i/I =  0 / 37
Epoch: 17 	 step: 0.0000 
step  % :  27.027027027027028  i/I =  10 / 37
step  % :  54.054054054054056  i/I =  20 / 37
step  % :  81.08108108108108  i/I =  30 / 37
Epoch: 17 	 test_loss: 2578.8129 and 6.40 fps
Len train loader =  28
Epoch: 18 	 sub-epoch: 0.0000 
step  % :  0.0  i/I =  0 / 28
step  % :  71.42857142857143  i/I =  20 / 28
Path :  /gpfsscratch/rech/ohv/ueu39kt/CFLOW/weights/TumorNormalKi67_LCNECLike/Tumor/18/TumorNormal_wide_resnet50_2_freia-cflow_pl3_cb8_inp384_run0_Tumor_18_0.pt
Saving weights to TumorNormal_wide_resnet50_2_freia-cflow_pl3_cb8_inp384_run0_Tumor_18_0.pt
Epoch: 18.0 	 train loss: 125.7376, lr=0.000036
Epoch: 18 	 sub-epoch: 1.0000 
step  % :  0.0  i/I =  0 / 28
step  % :  71.42857142857143  i/I =  20 / 28
Path :  /gpfsscratch/rech/ohv/ueu39kt/CFLOW/weights/TumorNormalKi67_LCNECLike/Tumor/18/TumorNormal_wide_resnet50_2_freia-cflow_pl3_cb8_inp384_run0_Tumor_18_1.pt
Saving weights to TumorNormal_wide_resnet50_2_freia-cflow_pl3_cb8_inp384_run0_Tumor_18_1.pt
Epoch: 18.1 	 train loss: 52.4761, lr=0.000036
Epoch: 18 	 sub-epoch: 2.0000 
step  % :  0.0  i/I =  0 / 28
step  % :  71.42857142857143  i/I =  20 / 28
Path :  /gpfsscratch/rech/ohv/ueu39kt/CFLOW/weights/TumorNormalKi67_LCNECLike/Tumor/18/TumorNormal_wide_resnet50_2_freia-cflow_pl3_cb8_inp384_run0_Tumor_18_2.pt
Saving weights to TumorNormal_wide_resnet50_2_freia-cflow_pl3_cb8_inp384_run0_Tumor_18_2.pt
Epoch: 18.2 	 train loss: 98.4474, lr=0.000036
Epoch: 18 	 sub-epoch: 3.0000 
step  % :  0.0  i/I =  0 / 28
step  % :  71.42857142857143  i/I =  20 / 28
Path :  /gpfsscratch/rech/ohv/ueu39kt/CFLOW/weights/TumorNormalKi67_LCNECLike/Tumor/18/TumorNormal_wide_resnet50_2_freia-cflow_pl3_cb8_inp384_run0_Tumor_18_3.pt
Saving weights to TumorNormal_wide_resnet50_2_freia-cflow_pl3_cb8_inp384_run0_Tumor_18_3.pt
Epoch: 18.3 	 train loss: 231.9358, lr=0.000036
Epoch: 18 	 sub-epoch: 4.0000 
step  % :  0.0  i/I =  0 / 28
step  % :  71.42857142857143  i/I =  20 / 28
Path :  /gpfsscratch/rech/ohv/ueu39kt/CFLOW/weights/TumorNormalKi67_LCNECLike/Tumor/18/TumorNormal_wide_resnet50_2_freia-cflow_pl3_cb8_inp384_run0_Tumor_18_4.pt
Saving weights to TumorNormal_wide_resnet50_2_freia-cflow_pl3_cb8_inp384_run0_Tumor_18_4.pt
Epoch: 18.4 	 train loss: 0.1306, lr=0.000036
Epoch: 18 	 sub-epoch: 5.0000 
step  % :  0.0  i/I =  0 / 28
step  % :  71.42857142857143  i/I =  20 / 28
Path :  /gpfsscratch/rech/ohv/ueu39kt/CFLOW/weights/TumorNormalKi67_LCNECLike/Tumor/18/TumorNormal_wide_resnet50_2_freia-cflow_pl3_cb8_inp384_run0_Tumor_18_5.pt
Saving weights to TumorNormal_wide_resnet50_2_freia-cflow_pl3_cb8_inp384_run0_Tumor_18_5.pt
Epoch: 18.5 	 train loss: 0.0781, lr=0.000036
Epoch: 18 	 sub-epoch: 6.0000 
step  % :  0.0  i/I =  0 / 28
step  % :  71.42857142857143  i/I =  20 / 28
Path :  /gpfsscratch/rech/ohv/ueu39kt/CFLOW/weights/TumorNormalKi67_LCNECLike/Tumor/18/TumorNormal_wide_resnet50_2_freia-cflow_pl3_cb8_inp384_run0_Tumor_18_6.pt
Saving weights to TumorNormal_wide_resnet50_2_freia-cflow_pl3_cb8_inp384_run0_Tumor_18_6.pt
Epoch: 18.6 	 train loss: 91.2887, lr=0.000036
Epoch: 18 	 sub-epoch: 7.0000 
step  % :  0.0  i/I =  0 / 28
step  % :  71.42857142857143  i/I =  20 / 28
Path :  /gpfsscratch/rech/ohv/ueu39kt/CFLOW/weights/TumorNormalKi67_LCNECLike/Tumor/18/TumorNormal_wide_resnet50_2_freia-cflow_pl3_cb8_inp384_run0_Tumor_18_7.pt
Saving weights to TumorNormal_wide_resnet50_2_freia-cflow_pl3_cb8_inp384_run0_Tumor_18_7.pt
Epoch: 18.7 	 train loss: 135.2500, lr=0.000036

Compute loss and scores on test set:
step  % :  0.0  i/I =  0 / 37
Epoch: 18 	 step: 0.0000 
step  % :  27.027027027027028  i/I =  10 / 37
step  % :  54.054054054054056  i/I =  20 / 37
step  % :  81.08108108108108  i/I =  30 / 37
Epoch: 18 	 test_loss: 11710.0041 and 6.36 fps
Len train loader =  28
Epoch: 19 	 sub-epoch: 0.0000 
step  % :  0.0  i/I =  0 / 28
step  % :  71.42857142857143  i/I =  20 / 28
Path :  /gpfsscratch/rech/ohv/ueu39kt/CFLOW/weights/TumorNormalKi67_LCNECLike/Tumor/19/TumorNormal_wide_resnet50_2_freia-cflow_pl3_cb8_inp384_run0_Tumor_19_0.pt
Saving weights to TumorNormal_wide_resnet50_2_freia-cflow_pl3_cb8_inp384_run0_Tumor_19_0.pt
Epoch: 19.0 	 train loss: 0.6636, lr=0.000027
Epoch: 19 	 sub-epoch: 1.0000 
step  % :  0.0  i/I =  0 / 28
step  % :  71.42857142857143  i/I =  20 / 28
Path :  /gpfsscratch/rech/ohv/ueu39kt/CFLOW/weights/TumorNormalKi67_LCNECLike/Tumor/19/TumorNormal_wide_resnet50_2_freia-cflow_pl3_cb8_inp384_run0_Tumor_19_1.pt
Saving weights to TumorNormal_wide_resnet50_2_freia-cflow_pl3_cb8_inp384_run0_Tumor_19_1.pt
Epoch: 19.1 	 train loss: 0.0726, lr=0.000027
Epoch: 19 	 sub-epoch: 2.0000 
step  % :  0.0  i/I =  0 / 28
step  % :  71.42857142857143  i/I =  20 / 28
Path :  /gpfsscratch/rech/ohv/ueu39kt/CFLOW/weights/TumorNormalKi67_LCNECLike/Tumor/19/TumorNormal_wide_resnet50_2_freia-cflow_pl3_cb8_inp384_run0_Tumor_19_2.pt
Saving weights to TumorNormal_wide_resnet50_2_freia-cflow_pl3_cb8_inp384_run0_Tumor_19_2.pt
Epoch: 19.2 	 train loss: 1045.5029, lr=0.000027
Epoch: 19 	 sub-epoch: 3.0000 
step  % :  0.0  i/I =  0 / 28
step  % :  71.42857142857143  i/I =  20 / 28
Path :  /gpfsscratch/rech/ohv/ueu39kt/CFLOW/weights/TumorNormalKi67_LCNECLike/Tumor/19/TumorNormal_wide_resnet50_2_freia-cflow_pl3_cb8_inp384_run0_Tumor_19_3.pt
Saving weights to TumorNormal_wide_resnet50_2_freia-cflow_pl3_cb8_inp384_run0_Tumor_19_3.pt
Epoch: 19.3 	 train loss: 20.5856, lr=0.000027
Epoch: 19 	 sub-epoch: 4.0000 
step  % :  0.0  i/I =  0 / 28
step  % :  71.42857142857143  i/I =  20 / 28
Path :  /gpfsscratch/rech/ohv/ueu39kt/CFLOW/weights/TumorNormalKi67_LCNECLike/Tumor/19/TumorNormal_wide_resnet50_2_freia-cflow_pl3_cb8_inp384_run0_Tumor_19_4.pt
Saving weights to TumorNormal_wide_resnet50_2_freia-cflow_pl3_cb8_inp384_run0_Tumor_19_4.pt
Epoch: 19.4 	 train loss: 63.4051, lr=0.000027
Epoch: 19 	 sub-epoch: 5.0000 
step  % :  0.0  i/I =  0 / 28
step  % :  71.42857142857143  i/I =  20 / 28
Path :  /gpfsscratch/rech/ohv/ueu39kt/CFLOW/weights/TumorNormalKi67_LCNECLike/Tumor/19/TumorNormal_wide_resnet50_2_freia-cflow_pl3_cb8_inp384_run0_Tumor_19_5.pt
Saving weights to TumorNormal_wide_resnet50_2_freia-cflow_pl3_cb8_inp384_run0_Tumor_19_5.pt
Epoch: 19.5 	 train loss: 210.5918, lr=0.000027
Epoch: 19 	 sub-epoch: 6.0000 
step  % :  0.0  i/I =  0 / 28
step  % :  71.42857142857143  i/I =  20 / 28
Path :  /gpfsscratch/rech/ohv/ueu39kt/CFLOW/weights/TumorNormalKi67_LCNECLike/Tumor/19/TumorNormal_wide_resnet50_2_freia-cflow_pl3_cb8_inp384_run0_Tumor_19_6.pt
Saving weights to TumorNormal_wide_resnet50_2_freia-cflow_pl3_cb8_inp384_run0_Tumor_19_6.pt
Epoch: 19.6 	 train loss: 0.0707, lr=0.000027
Epoch: 19 	 sub-epoch: 7.0000 
step  % :  0.0  i/I =  0 / 28
step  % :  71.42857142857143  i/I =  20 / 28
Path :  /gpfsscratch/rech/ohv/ueu39kt/CFLOW/weights/TumorNormalKi67_LCNECLike/Tumor/19/TumorNormal_wide_resnet50_2_freia-cflow_pl3_cb8_inp384_run0_Tumor_19_7.pt
Saving weights to TumorNormal_wide_resnet50_2_freia-cflow_pl3_cb8_inp384_run0_Tumor_19_7.pt
Epoch: 19.7 	 train loss: 37.7395, lr=0.000027

Compute loss and scores on test set:
step  % :  0.0  i/I =  0 / 37
Epoch: 19 	 step: 0.0000 
step  % :  27.027027027027028  i/I =  10 / 37
step  % :  54.054054054054056  i/I =  20 / 37
step  % :  81.08108108108108  i/I =  30 / 37
Epoch: 19 	 test_loss: 2733.5363 and 6.07 fps
Len train loader =  28
Epoch: 20 	 sub-epoch: 0.0000 
step  % :  0.0  i/I =  0 / 28
step  % :  71.42857142857143  i/I =  20 / 28
Path :  /gpfsscratch/rech/ohv/ueu39kt/CFLOW/weights/TumorNormalKi67_LCNECLike/Tumor/20/TumorNormal_wide_resnet50_2_freia-cflow_pl3_cb8_inp384_run0_Tumor_20_0.pt
Saving weights to TumorNormal_wide_resnet50_2_freia-cflow_pl3_cb8_inp384_run0_Tumor_20_0.pt
Epoch: 20.0 	 train loss: 9.5231, lr=0.000019
Epoch: 20 	 sub-epoch: 1.0000 
step  % :  0.0  i/I =  0 / 28
step  % :  71.42857142857143  i/I =  20 / 28
Path :  /gpfsscratch/rech/ohv/ueu39kt/CFLOW/weights/TumorNormalKi67_LCNECLike/Tumor/20/TumorNormal_wide_resnet50_2_freia-cflow_pl3_cb8_inp384_run0_Tumor_20_1.pt
Saving weights to TumorNormal_wide_resnet50_2_freia-cflow_pl3_cb8_inp384_run0_Tumor_20_1.pt
Epoch: 20.1 	 train loss: 1.0962, lr=0.000019
Epoch: 20 	 sub-epoch: 2.0000 
step  % :  0.0  i/I =  0 / 28
step  % :  71.42857142857143  i/I =  20 / 28
Path :  /gpfsscratch/rech/ohv/ueu39kt/CFLOW/weights/TumorNormalKi67_LCNECLike/Tumor/20/TumorNormal_wide_resnet50_2_freia-cflow_pl3_cb8_inp384_run0_Tumor_20_2.pt
Saving weights to TumorNormal_wide_resnet50_2_freia-cflow_pl3_cb8_inp384_run0_Tumor_20_2.pt
Epoch: 20.2 	 train loss: 51.5094, lr=0.000019
Epoch: 20 	 sub-epoch: 3.0000 
step  % :  0.0  i/I =  0 / 28
step  % :  71.42857142857143  i/I =  20 / 28
Path :  /gpfsscratch/rech/ohv/ueu39kt/CFLOW/weights/TumorNormalKi67_LCNECLike/Tumor/20/TumorNormal_wide_resnet50_2_freia-cflow_pl3_cb8_inp384_run0_Tumor_20_3.pt
Saving weights to TumorNormal_wide_resnet50_2_freia-cflow_pl3_cb8_inp384_run0_Tumor_20_3.pt
Epoch: 20.3 	 train loss: 176.1745, lr=0.000019
Epoch: 20 	 sub-epoch: 4.0000 
step  % :  0.0  i/I =  0 / 28
step  % :  71.42857142857143  i/I =  20 / 28
Path :  /gpfsscratch/rech/ohv/ueu39kt/CFLOW/weights/TumorNormalKi67_LCNECLike/Tumor/20/TumorNormal_wide_resnet50_2_freia-cflow_pl3_cb8_inp384_run0_Tumor_20_4.pt
Saving weights to TumorNormal_wide_resnet50_2_freia-cflow_pl3_cb8_inp384_run0_Tumor_20_4.pt
Epoch: 20.4 	 train loss: 14.6968, lr=0.000019
Epoch: 20 	 sub-epoch: 5.0000 
step  % :  0.0  i/I =  0 / 28
step  % :  71.42857142857143  i/I =  20 / 28
Path :  /gpfsscratch/rech/ohv/ueu39kt/CFLOW/weights/TumorNormalKi67_LCNECLike/Tumor/20/TumorNormal_wide_resnet50_2_freia-cflow_pl3_cb8_inp384_run0_Tumor_20_5.pt
Saving weights to TumorNormal_wide_resnet50_2_freia-cflow_pl3_cb8_inp384_run0_Tumor_20_5.pt
Epoch: 20.5 	 train loss: 0.0703, lr=0.000019
Epoch: 20 	 sub-epoch: 6.0000 
step  % :  0.0  i/I =  0 / 28
step  % :  71.42857142857143  i/I =  20 / 28
Path :  /gpfsscratch/rech/ohv/ueu39kt/CFLOW/weights/TumorNormalKi67_LCNECLike/Tumor/20/TumorNormal_wide_resnet50_2_freia-cflow_pl3_cb8_inp384_run0_Tumor_20_6.pt
Saving weights to TumorNormal_wide_resnet50_2_freia-cflow_pl3_cb8_inp384_run0_Tumor_20_6.pt
Epoch: 20.6 	 train loss: 43.1737, lr=0.000019
Epoch: 20 	 sub-epoch: 7.0000 
step  % :  0.0  i/I =  0 / 28
step  % :  71.42857142857143  i/I =  20 / 28
Path :  /gpfsscratch/rech/ohv/ueu39kt/CFLOW/weights/TumorNormalKi67_LCNECLike/Tumor/20/TumorNormal_wide_resnet50_2_freia-cflow_pl3_cb8_inp384_run0_Tumor_20_7.pt
Saving weights to TumorNormal_wide_resnet50_2_freia-cflow_pl3_cb8_inp384_run0_Tumor_20_7.pt
Epoch: 20.7 	 train loss: 88.0291, lr=0.000019

Compute loss and scores on test set:
step  % :  0.0  i/I =  0 / 37
Epoch: 20 	 step: 0.0000 
step  % :  27.027027027027028  i/I =  10 / 37
step  % :  54.054054054054056  i/I =  20 / 37
step  % :  81.08108108108108  i/I =  30 / 37
Epoch: 20 	 test_loss: 6824.1664 and 6.12 fps
Len train loader =  28
Epoch: 21 	 sub-epoch: 0.0000 
step  % :  0.0  i/I =  0 / 28
step  % :  71.42857142857143  i/I =  20 / 28
Path :  /gpfsscratch/rech/ohv/ueu39kt/CFLOW/weights/TumorNormalKi67_LCNECLike/Tumor/21/TumorNormal_wide_resnet50_2_freia-cflow_pl3_cb8_inp384_run0_Tumor_21_0.pt
Saving weights to TumorNormal_wide_resnet50_2_freia-cflow_pl3_cb8_inp384_run0_Tumor_21_0.pt
Epoch: 21.0 	 train loss: 23.0799, lr=0.000013
Epoch: 21 	 sub-epoch: 1.0000 
step  % :  0.0  i/I =  0 / 28
step  % :  71.42857142857143  i/I =  20 / 28
Path :  /gpfsscratch/rech/ohv/ueu39kt/CFLOW/weights/TumorNormalKi67_LCNECLike/Tumor/21/TumorNormal_wide_resnet50_2_freia-cflow_pl3_cb8_inp384_run0_Tumor_21_1.pt
Saving weights to TumorNormal_wide_resnet50_2_freia-cflow_pl3_cb8_inp384_run0_Tumor_21_1.pt
Epoch: 21.1 	 train loss: 0.0688, lr=0.000013
Epoch: 21 	 sub-epoch: 2.0000 
step  % :  0.0  i/I =  0 / 28
step  % :  71.42857142857143  i/I =  20 / 28
Path :  /gpfsscratch/rech/ohv/ueu39kt/CFLOW/weights/TumorNormalKi67_LCNECLike/Tumor/21/TumorNormal_wide_resnet50_2_freia-cflow_pl3_cb8_inp384_run0_Tumor_21_2.pt
Saving weights to TumorNormal_wide_resnet50_2_freia-cflow_pl3_cb8_inp384_run0_Tumor_21_2.pt
Epoch: 21.2 	 train loss: 0.0689, lr=0.000013
Epoch: 21 	 sub-epoch: 3.0000 
step  % :  0.0  i/I =  0 / 28
step  % :  71.42857142857143  i/I =  20 / 28
Path :  /gpfsscratch/rech/ohv/ueu39kt/CFLOW/weights/TumorNormalKi67_LCNECLike/Tumor/21/TumorNormal_wide_resnet50_2_freia-cflow_pl3_cb8_inp384_run0_Tumor_21_3.pt
Saving weights to TumorNormal_wide_resnet50_2_freia-cflow_pl3_cb8_inp384_run0_Tumor_21_3.pt
Epoch: 21.3 	 train loss: 275.0068, lr=0.000013
Epoch: 21 	 sub-epoch: 4.0000 
step  % :  0.0  i/I =  0 / 28
step  % :  71.42857142857143  i/I =  20 / 28
Path :  /gpfsscratch/rech/ohv/ueu39kt/CFLOW/weights/TumorNormalKi67_LCNECLike/Tumor/21/TumorNormal_wide_resnet50_2_freia-cflow_pl3_cb8_inp384_run0_Tumor_21_4.pt
Saving weights to TumorNormal_wide_resnet50_2_freia-cflow_pl3_cb8_inp384_run0_Tumor_21_4.pt
Epoch: 21.4 	 train loss: 0.0685, lr=0.000013
Epoch: 21 	 sub-epoch: 5.0000 
step  % :  0.0  i/I =  0 / 28
step  % :  71.42857142857143  i/I =  20 / 28
Path :  /gpfsscratch/rech/ohv/ueu39kt/CFLOW/weights/TumorNormalKi67_LCNECLike/Tumor/21/TumorNormal_wide_resnet50_2_freia-cflow_pl3_cb8_inp384_run0_Tumor_21_5.pt
Saving weights to TumorNormal_wide_resnet50_2_freia-cflow_pl3_cb8_inp384_run0_Tumor_21_5.pt
Epoch: 21.5 	 train loss: 58.1738, lr=0.000013
Epoch: 21 	 sub-epoch: 6.0000 
step  % :  0.0  i/I =  0 / 28
step  % :  71.42857142857143  i/I =  20 / 28
Path :  /gpfsscratch/rech/ohv/ueu39kt/CFLOW/weights/TumorNormalKi67_LCNECLike/Tumor/21/TumorNormal_wide_resnet50_2_freia-cflow_pl3_cb8_inp384_run0_Tumor_21_6.pt
Saving weights to TumorNormal_wide_resnet50_2_freia-cflow_pl3_cb8_inp384_run0_Tumor_21_6.pt
Epoch: 21.6 	 train loss: 36.3491, lr=0.000013
Epoch: 21 	 sub-epoch: 7.0000 
step  % :  0.0  i/I =  0 / 28
step  % :  71.42857142857143  i/I =  20 / 28
Path :  /gpfsscratch/rech/ohv/ueu39kt/CFLOW/weights/TumorNormalKi67_LCNECLike/Tumor/21/TumorNormal_wide_resnet50_2_freia-cflow_pl3_cb8_inp384_run0_Tumor_21_7.pt
Saving weights to TumorNormal_wide_resnet50_2_freia-cflow_pl3_cb8_inp384_run0_Tumor_21_7.pt
Epoch: 21.7 	 train loss: 1.6662, lr=0.000013

Compute loss and scores on test set:
step  % :  0.0  i/I =  0 / 37
Epoch: 21 	 step: 0.0000 
step  % :  27.027027027027028  i/I =  10 / 37
step  % :  54.054054054054056  i/I =  20 / 37
step  % :  81.08108108108108  i/I =  30 / 37
Epoch: 21 	 test_loss: 29218.8441 and 6.10 fps
Len train loader =  28
Epoch: 22 	 sub-epoch: 0.0000 
step  % :  0.0  i/I =  0 / 28
step  % :  71.42857142857143  i/I =  20 / 28
Path :  /gpfsscratch/rech/ohv/ueu39kt/CFLOW/weights/TumorNormalKi67_LCNECLike/Tumor/22/TumorNormal_wide_resnet50_2_freia-cflow_pl3_cb8_inp384_run0_Tumor_22_0.pt
Saving weights to TumorNormal_wide_resnet50_2_freia-cflow_pl3_cb8_inp384_run0_Tumor_22_0.pt
Epoch: 22.0 	 train loss: 8.0444, lr=0.000007
Epoch: 22 	 sub-epoch: 1.0000 
step  % :  0.0  i/I =  0 / 28
step  % :  71.42857142857143  i/I =  20 / 28
Path :  /gpfsscratch/rech/ohv/ueu39kt/CFLOW/weights/TumorNormalKi67_LCNECLike/Tumor/22/TumorNormal_wide_resnet50_2_freia-cflow_pl3_cb8_inp384_run0_Tumor_22_1.pt
Saving weights to TumorNormal_wide_resnet50_2_freia-cflow_pl3_cb8_inp384_run0_Tumor_22_1.pt
Epoch: 22.1 	 train loss: 0.6696, lr=0.000007
Epoch: 22 	 sub-epoch: 2.0000 
step  % :  0.0  i/I =  0 / 28
step  % :  71.42857142857143  i/I =  20 / 28
Path :  /gpfsscratch/rech/ohv/ueu39kt/CFLOW/weights/TumorNormalKi67_LCNECLike/Tumor/22/TumorNormal_wide_resnet50_2_freia-cflow_pl3_cb8_inp384_run0_Tumor_22_2.pt
Saving weights to TumorNormal_wide_resnet50_2_freia-cflow_pl3_cb8_inp384_run0_Tumor_22_2.pt
Epoch: 22.2 	 train loss: 0.0681, lr=0.000007
Epoch: 22 	 sub-epoch: 3.0000 
step  % :  0.0  i/I =  0 / 28
step  % :  71.42857142857143  i/I =  20 / 28
Path :  /gpfsscratch/rech/ohv/ueu39kt/CFLOW/weights/TumorNormalKi67_LCNECLike/Tumor/22/TumorNormal_wide_resnet50_2_freia-cflow_pl3_cb8_inp384_run0_Tumor_22_3.pt
Saving weights to TumorNormal_wide_resnet50_2_freia-cflow_pl3_cb8_inp384_run0_Tumor_22_3.pt
Epoch: 22.3 	 train loss: 1.2433, lr=0.000007
Epoch: 22 	 sub-epoch: 4.0000 
step  % :  0.0  i/I =  0 / 28
step  % :  71.42857142857143  i/I =  20 / 28
Path :  /gpfsscratch/rech/ohv/ueu39kt/CFLOW/weights/TumorNormalKi67_LCNECLike/Tumor/22/TumorNormal_wide_resnet50_2_freia-cflow_pl3_cb8_inp384_run0_Tumor_22_4.pt
Saving weights to TumorNormal_wide_resnet50_2_freia-cflow_pl3_cb8_inp384_run0_Tumor_22_4.pt
Epoch: 22.4 	 train loss: 0.7458, lr=0.000007
Epoch: 22 	 sub-epoch: 5.0000 
step  % :  0.0  i/I =  0 / 28
step  % :  71.42857142857143  i/I =  20 / 28
Path :  /gpfsscratch/rech/ohv/ueu39kt/CFLOW/weights/TumorNormalKi67_LCNECLike/Tumor/22/TumorNormal_wide_resnet50_2_freia-cflow_pl3_cb8_inp384_run0_Tumor_22_5.pt
Saving weights to TumorNormal_wide_resnet50_2_freia-cflow_pl3_cb8_inp384_run0_Tumor_22_5.pt
Epoch: 22.5 	 train loss: 3.6484, lr=0.000007
Epoch: 22 	 sub-epoch: 6.0000 
step  % :  0.0  i/I =  0 / 28
step  % :  71.42857142857143  i/I =  20 / 28
Path :  /gpfsscratch/rech/ohv/ueu39kt/CFLOW/weights/TumorNormalKi67_LCNECLike/Tumor/22/TumorNormal_wide_resnet50_2_freia-cflow_pl3_cb8_inp384_run0_Tumor_22_6.pt
Saving weights to TumorNormal_wide_resnet50_2_freia-cflow_pl3_cb8_inp384_run0_Tumor_22_6.pt
Epoch: 22.6 	 train loss: 153.4149, lr=0.000007
Epoch: 22 	 sub-epoch: 7.0000 
step  % :  0.0  i/I =  0 / 28
step  % :  71.42857142857143  i/I =  20 / 28
Path :  /gpfsscratch/rech/ohv/ueu39kt/CFLOW/weights/TumorNormalKi67_LCNECLike/Tumor/22/TumorNormal_wide_resnet50_2_freia-cflow_pl3_cb8_inp384_run0_Tumor_22_7.pt
Saving weights to TumorNormal_wide_resnet50_2_freia-cflow_pl3_cb8_inp384_run0_Tumor_22_7.pt
Epoch: 22.7 	 train loss: 4.6271, lr=0.000007

Compute loss and scores on test set:
step  % :  0.0  i/I =  0 / 37
Epoch: 22 	 step: 0.0000 
step  % :  27.027027027027028  i/I =  10 / 37
step  % :  54.054054054054056  i/I =  20 / 37
step  % :  81.08108108108108  i/I =  30 / 37
Epoch: 22 	 test_loss: 30491.5628 and 6.14 fps
Len train loader =  28
Epoch: 23 	 sub-epoch: 0.0000 
step  % :  0.0  i/I =  0 / 28
step  % :  71.42857142857143  i/I =  20 / 28
Path :  /gpfsscratch/rech/ohv/ueu39kt/CFLOW/weights/TumorNormalKi67_LCNECLike/Tumor/23/TumorNormal_wide_resnet50_2_freia-cflow_pl3_cb8_inp384_run0_Tumor_23_0.pt
Saving weights to TumorNormal_wide_resnet50_2_freia-cflow_pl3_cb8_inp384_run0_Tumor_23_0.pt
Epoch: 23.0 	 train loss: 0.0675, lr=0.000003
Epoch: 23 	 sub-epoch: 1.0000 
step  % :  0.0  i/I =  0 / 28
step  % :  71.42857142857143  i/I =  20 / 28
Path :  /gpfsscratch/rech/ohv/ueu39kt/CFLOW/weights/TumorNormalKi67_LCNECLike/Tumor/23/TumorNormal_wide_resnet50_2_freia-cflow_pl3_cb8_inp384_run0_Tumor_23_1.pt
Saving weights to TumorNormal_wide_resnet50_2_freia-cflow_pl3_cb8_inp384_run0_Tumor_23_1.pt
Epoch: 23.1 	 train loss: 0.0674, lr=0.000003
Epoch: 23 	 sub-epoch: 2.0000 
step  % :  0.0  i/I =  0 / 28
step  % :  71.42857142857143  i/I =  20 / 28
Path :  /gpfsscratch/rech/ohv/ueu39kt/CFLOW/weights/TumorNormalKi67_LCNECLike/Tumor/23/TumorNormal_wide_resnet50_2_freia-cflow_pl3_cb8_inp384_run0_Tumor_23_2.pt
Saving weights to TumorNormal_wide_resnet50_2_freia-cflow_pl3_cb8_inp384_run0_Tumor_23_2.pt
Epoch: 23.2 	 train loss: 6.7454, lr=0.000003
Epoch: 23 	 sub-epoch: 3.0000 
step  % :  0.0  i/I =  0 / 28
step  % :  71.42857142857143  i/I =  20 / 28
Path :  /gpfsscratch/rech/ohv/ueu39kt/CFLOW/weights/TumorNormalKi67_LCNECLike/Tumor/23/TumorNormal_wide_resnet50_2_freia-cflow_pl3_cb8_inp384_run0_Tumor_23_3.pt
Saving weights to TumorNormal_wide_resnet50_2_freia-cflow_pl3_cb8_inp384_run0_Tumor_23_3.pt
Epoch: 23.3 	 train loss: 0.0681, lr=0.000003
Epoch: 23 	 sub-epoch: 4.0000 
step  % :  0.0  i/I =  0 / 28
step  % :  71.42857142857143  i/I =  20 / 28
Path :  /gpfsscratch/rech/ohv/ueu39kt/CFLOW/weights/TumorNormalKi67_LCNECLike/Tumor/23/TumorNormal_wide_resnet50_2_freia-cflow_pl3_cb8_inp384_run0_Tumor_23_4.pt
Saving weights to TumorNormal_wide_resnet50_2_freia-cflow_pl3_cb8_inp384_run0_Tumor_23_4.pt
Epoch: 23.4 	 train loss: 103.6262, lr=0.000003
Epoch: 23 	 sub-epoch: 5.0000 
step  % :  0.0  i/I =  0 / 28
step  % :  71.42857142857143  i/I =  20 / 28
Path :  /gpfsscratch/rech/ohv/ueu39kt/CFLOW/weights/TumorNormalKi67_LCNECLike/Tumor/23/TumorNormal_wide_resnet50_2_freia-cflow_pl3_cb8_inp384_run0_Tumor_23_5.pt
Saving weights to TumorNormal_wide_resnet50_2_freia-cflow_pl3_cb8_inp384_run0_Tumor_23_5.pt
Epoch: 23.5 	 train loss: 2.0988, lr=0.000003
Epoch: 23 	 sub-epoch: 6.0000 
step  % :  0.0  i/I =  0 / 28
step  % :  71.42857142857143  i/I =  20 / 28
Path :  /gpfsscratch/rech/ohv/ueu39kt/CFLOW/weights/TumorNormalKi67_LCNECLike/Tumor/23/TumorNormal_wide_resnet50_2_freia-cflow_pl3_cb8_inp384_run0_Tumor_23_6.pt
Saving weights to TumorNormal_wide_resnet50_2_freia-cflow_pl3_cb8_inp384_run0_Tumor_23_6.pt
Epoch: 23.6 	 train loss: 0.0671, lr=0.000003
Epoch: 23 	 sub-epoch: 7.0000 
step  % :  0.0  i/I =  0 / 28
step  % :  71.42857142857143  i/I =  20 / 28
Path :  /gpfsscratch/rech/ohv/ueu39kt/CFLOW/weights/TumorNormalKi67_LCNECLike/Tumor/23/TumorNormal_wide_resnet50_2_freia-cflow_pl3_cb8_inp384_run0_Tumor_23_7.pt
Saving weights to TumorNormal_wide_resnet50_2_freia-cflow_pl3_cb8_inp384_run0_Tumor_23_7.pt
Epoch: 23.7 	 train loss: 140.1375, lr=0.000003

Compute loss and scores on test set:
step  % :  0.0  i/I =  0 / 37
Epoch: 23 	 step: 0.0000 
step  % :  27.027027027027028  i/I =  10 / 37
step  % :  54.054054054054056  i/I =  20 / 37
step  % :  81.08108108108108  i/I =  30 / 37
Epoch: 23 	 test_loss: 24507.7547 and 6.12 fps
Len train loader =  28
Epoch: 24 	 sub-epoch: 0.0000 
step  % :  0.0  i/I =  0 / 28
step  % :  71.42857142857143  i/I =  20 / 28
Path :  /gpfsscratch/rech/ohv/ueu39kt/CFLOW/weights/TumorNormalKi67_LCNECLike/Tumor/24/TumorNormal_wide_resnet50_2_freia-cflow_pl3_cb8_inp384_run0_Tumor_24_0.pt
Saving weights to TumorNormal_wide_resnet50_2_freia-cflow_pl3_cb8_inp384_run0_Tumor_24_0.pt
Epoch: 24.0 	 train loss: 0.0669, lr=0.000001
Epoch: 24 	 sub-epoch: 1.0000 
step  % :  0.0  i/I =  0 / 28
step  % :  71.42857142857143  i/I =  20 / 28
Path :  /gpfsscratch/rech/ohv/ueu39kt/CFLOW/weights/TumorNormalKi67_LCNECLike/Tumor/24/TumorNormal_wide_resnet50_2_freia-cflow_pl3_cb8_inp384_run0_Tumor_24_1.pt
Saving weights to TumorNormal_wide_resnet50_2_freia-cflow_pl3_cb8_inp384_run0_Tumor_24_1.pt
Epoch: 24.1 	 train loss: 474.8198, lr=0.000001
Epoch: 24 	 sub-epoch: 2.0000 
step  % :  0.0  i/I =  0 / 28
step  % :  71.42857142857143  i/I =  20 / 28
Path :  /gpfsscratch/rech/ohv/ueu39kt/CFLOW/weights/TumorNormalKi67_LCNECLike/Tumor/24/TumorNormal_wide_resnet50_2_freia-cflow_pl3_cb8_inp384_run0_Tumor_24_2.pt
Saving weights to TumorNormal_wide_resnet50_2_freia-cflow_pl3_cb8_inp384_run0_Tumor_24_2.pt
Epoch: 24.2 	 train loss: 10.4880, lr=0.000001
Epoch: 24 	 sub-epoch: 3.0000 
step  % :  0.0  i/I =  0 / 28
step  % :  71.42857142857143  i/I =  20 / 28
Path :  /gpfsscratch/rech/ohv/ueu39kt/CFLOW/weights/TumorNormalKi67_LCNECLike/Tumor/24/TumorNormal_wide_resnet50_2_freia-cflow_pl3_cb8_inp384_run0_Tumor_24_3.pt
Saving weights to TumorNormal_wide_resnet50_2_freia-cflow_pl3_cb8_inp384_run0_Tumor_24_3.pt
Epoch: 24.3 	 train loss: 0.0679, lr=0.000001
Epoch: 24 	 sub-epoch: 4.0000 
step  % :  0.0  i/I =  0 / 28
step  % :  71.42857142857143  i/I =  20 / 28
Path :  /gpfsscratch/rech/ohv/ueu39kt/CFLOW/weights/TumorNormalKi67_LCNECLike/Tumor/24/TumorNormal_wide_resnet50_2_freia-cflow_pl3_cb8_inp384_run0_Tumor_24_4.pt
Saving weights to TumorNormal_wide_resnet50_2_freia-cflow_pl3_cb8_inp384_run0_Tumor_24_4.pt
Epoch: 24.4 	 train loss: 10.0732, lr=0.000001
Epoch: 24 	 sub-epoch: 5.0000 
step  % :  0.0  i/I =  0 / 28
step  % :  71.42857142857143  i/I =  20 / 28
Path :  /gpfsscratch/rech/ohv/ueu39kt/CFLOW/weights/TumorNormalKi67_LCNECLike/Tumor/24/TumorNormal_wide_resnet50_2_freia-cflow_pl3_cb8_inp384_run0_Tumor_24_5.pt
Saving weights to TumorNormal_wide_resnet50_2_freia-cflow_pl3_cb8_inp384_run0_Tumor_24_5.pt
Epoch: 24.5 	 train loss: 0.0681, lr=0.000001
Epoch: 24 	 sub-epoch: 6.0000 
step  % :  0.0  i/I =  0 / 28
step  % :  71.42857142857143  i/I =  20 / 28
Path :  /gpfsscratch/rech/ohv/ueu39kt/CFLOW/weights/TumorNormalKi67_LCNECLike/Tumor/24/TumorNormal_wide_resnet50_2_freia-cflow_pl3_cb8_inp384_run0_Tumor_24_6.pt
Saving weights to TumorNormal_wide_resnet50_2_freia-cflow_pl3_cb8_inp384_run0_Tumor_24_6.pt
Epoch: 24.6 	 train loss: 0.0698, lr=0.000001
Epoch: 24 	 sub-epoch: 7.0000 
step  % :  0.0  i/I =  0 / 28
step  % :  71.42857142857143  i/I =  20 / 28
Path :  /gpfsscratch/rech/ohv/ueu39kt/CFLOW/weights/TumorNormalKi67_LCNECLike/Tumor/24/TumorNormal_wide_resnet50_2_freia-cflow_pl3_cb8_inp384_run0_Tumor_24_7.pt
Saving weights to TumorNormal_wide_resnet50_2_freia-cflow_pl3_cb8_inp384_run0_Tumor_24_7.pt
Epoch: 24.7 	 train loss: 0.0669, lr=0.000001

Compute loss and scores on test set:
step  % :  0.0  i/I =  0 / 37
Epoch: 24 	 step: 0.0000 
step  % :  27.027027027027028  i/I =  10 / 37
step  % :  54.054054054054056  i/I =  20 / 37
step  % :  81.08108108108108  i/I =  30 / 37
Epoch: 24 	 test_loss: 26688.1884 and 6.12 fps
